[0.247s] Invoking command in '/home/daniel/dev_ws/build/ur5_ros2_gazebo': CMAKE_PREFIX_PATH=${CMAKE_PREFIX_PATH}:/home/daniel/dev_ws/install/robot_description:/home/daniel/dev_ws/install/my_doosan_pkg:/home/daniel/dev_ws/install/bulldog_description:/opt/ros/foxy /usr/bin/cmake /home/daniel/dev_ws/src/ur5_ros2_gazebo -DAMENT_CMAKE_SYMLINK_INSTALL=1 -DCMAKE_INSTALL_PREFIX=/home/daniel/dev_ws/install/ur5_ros2_gazebo
[0.300s] -- Found ament_cmake: 0.9.12 (/opt/ros/foxy/share/ament_cmake/cmake)
[0.347s] -- Using PYTHON_EXECUTABLE: /usr/bin/python3
[0.534s] -- Override CMake install command with custom implementation using symlinks instead of copying resources
[0.542s] -- Found ament_lint_auto: 0.9.8 (/opt/ros/foxy/share/ament_lint_auto/cmake)
[0.608s] -- Added test 'copyright' to check source files copyright and LICENSE
[0.612s] -- Added test 'flake8' to check Python code syntax and style conventions
[0.612s] -- Added test 'lint_cmake' to check CMake code style
[0.613s] -- Added test 'pep257' to check Python code against some of the style conventions in PEP 257
[0.615s] -- Added test 'xmllint' to check XML markup files
[0.618s] -- Configuring done
[0.621s] -- Generating done
[0.622s] -- Build files have been written to: /home/daniel/dev_ws/build/ur5_ros2_gazebo
[0.625s] Invoked command in '/home/daniel/dev_ws/build/ur5_ros2_gazebo' returned '0': CMAKE_PREFIX_PATH=${CMAKE_PREFIX_PATH}:/home/daniel/dev_ws/install/robot_description:/home/daniel/dev_ws/install/my_doosan_pkg:/home/daniel/dev_ws/install/bulldog_description:/opt/ros/foxy /usr/bin/cmake /home/daniel/dev_ws/src/ur5_ros2_gazebo -DAMENT_CMAKE_SYMLINK_INSTALL=1 -DCMAKE_INSTALL_PREFIX=/home/daniel/dev_ws/install/ur5_ros2_gazebo
[0.628s] Invoking command in '/home/daniel/dev_ws/build/ur5_ros2_gazebo': CMAKE_PREFIX_PATH=${CMAKE_PREFIX_PATH}:/home/daniel/dev_ws/install/robot_description:/home/daniel/dev_ws/install/my_doosan_pkg:/home/daniel/dev_ws/install/bulldog_description:/opt/ros/foxy /usr/bin/cmake --build /home/daniel/dev_ws/build/ur5_ros2_gazebo -- -j8 -l8
[0.669s] Invoked command in '/home/daniel/dev_ws/build/ur5_ros2_gazebo' returned '0': CMAKE_PREFIX_PATH=${CMAKE_PREFIX_PATH}:/home/daniel/dev_ws/install/robot_description:/home/daniel/dev_ws/install/my_doosan_pkg:/home/daniel/dev_ws/install/bulldog_description:/opt/ros/foxy /usr/bin/cmake --build /home/daniel/dev_ws/build/ur5_ros2_gazebo -- -j8 -l8
[0.702s] Invoking command in '/home/daniel/dev_ws/build/ur5_ros2_gazebo': CMAKE_PREFIX_PATH=${CMAKE_PREFIX_PATH}:/home/daniel/dev_ws/install/robot_description:/home/daniel/dev_ws/install/my_doosan_pkg:/home/daniel/dev_ws/install/bulldog_description:/opt/ros/foxy /usr/bin/cmake --install /home/daniel/dev_ws/build/ur5_ros2_gazebo
[0.710s] -- Install configuration: ""
[0.711s] -- Execute custom install script
[0.711s] -- Symlinking: /home/daniel/dev_ws/install/ur5_ros2_gazebo/share/ur5_ros2_gazebo/config/default_kinematics.yaml
[0.721s] -- Symlinking: /home/daniel/dev_ws/install/ur5_ros2_gazebo/share/ur5_ros2_gazebo/config/initial_positions.yaml
[0.730s] -- Symlinking: /home/daniel/dev_ws/install/ur5_ros2_gazebo/share/ur5_ros2_gazebo/config/joint_limits.yaml
[0.739s] -- Symlinking: /home/daniel/dev_ws/install/ur5_ros2_gazebo/share/ur5_ros2_gazebo/config/physical_parameters.yaml
[0.748s] -- Symlinking: /home/daniel/dev_ws/install/ur5_ros2_gazebo/share/ur5_ros2_gazebo/config/ur5_controller.yaml
[0.758s] -- Symlinking: /home/daniel/dev_ws/install/ur5_ros2_gazebo/share/ur5_ros2_gazebo/config/visual_parameters.yaml
[0.767s] -- Symlinking: /home/daniel/dev_ws/install/ur5_ros2_gazebo/share/ur5_ros2_gazebo/launch/ur5_simulation.launch.py
[0.776s] -- Symlinking: /home/daniel/dev_ws/install/ur5_ros2_gazebo/share/ur5_ros2_gazebo/urdf/ur5.urdf.xacro
[0.785s] -- Symlinking: /home/daniel/dev_ws/install/ur5_ros2_gazebo/share/ur5_ros2_gazebo/urdf/ur5_common.xacro
[0.794s] -- Symlinking: /home/daniel/dev_ws/install/ur5_ros2_gazebo/share/ur5_ros2_gazebo/urdf/ur5_macro.urdf.xacro
[0.803s] -- Symlinking: /home/daniel/dev_ws/install/ur5_ros2_gazebo/share/ur5_ros2_gazebo/urdf/ur5_ros2control.xacro
[0.812s] -- Symlinking: /home/daniel/dev_ws/install/ur5_ros2_gazebo/share/ur5_ros2_gazebo/urdf/ur5_transmission.xacro
[0.821s] -- Symlinking: /home/daniel/dev_ws/install/ur5_ros2_gazebo/share/ur5_ros2_gazebo/worlds/ur5.world
[0.830s] -- Symlinking: /home/daniel/dev_ws/install/ur5_ros2_gazebo/share/ur5_ros2_gazebo/meshes/collision/base.stl
[0.840s] -- Symlinking: /home/daniel/dev_ws/install/ur5_ros2_gazebo/share/ur5_ros2_gazebo/meshes/collision/forearm.stl
[0.849s] -- Symlinking: /home/daniel/dev_ws/install/ur5_ros2_gazebo/share/ur5_ros2_gazebo/meshes/collision/shoulder.stl
[0.858s] -- Symlinking: /home/daniel/dev_ws/install/ur5_ros2_gazebo/share/ur5_ros2_gazebo/meshes/collision/upperarm.stl
[0.868s] -- Symlinking: /home/daniel/dev_ws/install/ur5_ros2_gazebo/share/ur5_ros2_gazebo/meshes/collision/wrist1.stl
[0.877s] -- Symlinking: /home/daniel/dev_ws/install/ur5_ros2_gazebo/share/ur5_ros2_gazebo/meshes/collision/wrist2.stl
[0.886s] -- Symlinking: /home/daniel/dev_ws/install/ur5_ros2_gazebo/share/ur5_ros2_gazebo/meshes/collision/wrist3.stl
[0.895s] -- Symlinking: /home/daniel/dev_ws/install/ur5_ros2_gazebo/share/ur5_ros2_gazebo/meshes/visual/base.dae
[0.904s] -- Symlinking: /home/daniel/dev_ws/install/ur5_ros2_gazebo/share/ur5_ros2_gazebo/meshes/visual/forearm.dae
[0.914s] -- Symlinking: /home/daniel/dev_ws/install/ur5_ros2_gazebo/share/ur5_ros2_gazebo/meshes/visual/shoulder.dae
[0.923s] -- Symlinking: /home/daniel/dev_ws/install/ur5_ros2_gazebo/share/ur5_ros2_gazebo/meshes/visual/upperarm.dae
[0.932s] -- Symlinking: /home/daniel/dev_ws/install/ur5_ros2_gazebo/share/ur5_ros2_gazebo/meshes/visual/wrist1.dae
[0.941s] -- Symlinking: /home/daniel/dev_ws/install/ur5_ros2_gazebo/share/ur5_ros2_gazebo/meshes/visual/wrist2.dae
[0.951s] -- Symlinking: /home/daniel/dev_ws/install/ur5_ros2_gazebo/share/ur5_ros2_gazebo/meshes/visual/wrist3.dae
[0.960s] -- Symlinking: /home/daniel/dev_ws/install/ur5_ros2_gazebo/share/ament_index/resource_index/package_run_dependencies/ur5_ros2_gazebo
[0.969s] -- Symlinking: /home/daniel/dev_ws/install/ur5_ros2_gazebo/share/ament_index/resource_index/parent_prefix_path/ur5_ros2_gazebo
[0.979s] -- Symlinking: /home/daniel/dev_ws/install/ur5_ros2_gazebo/share/ur5_ros2_gazebo/environment/ament_prefix_path.sh
[0.988s] -- Symlinking: /home/daniel/dev_ws/install/ur5_ros2_gazebo/share/ur5_ros2_gazebo/environment/ament_prefix_path.dsv
[0.997s] -- Symlinking: /home/daniel/dev_ws/install/ur5_ros2_gazebo/share/ur5_ros2_gazebo/environment/path.sh
[1.007s] -- Symlinking: /home/daniel/dev_ws/install/ur5_ros2_gazebo/share/ur5_ros2_gazebo/environment/path.dsv
[1.016s] -- Symlinking: /home/daniel/dev_ws/install/ur5_ros2_gazebo/share/ur5_ros2_gazebo/local_setup.bash
[1.025s] -- Symlinking: /home/daniel/dev_ws/install/ur5_ros2_gazebo/share/ur5_ros2_gazebo/local_setup.sh
[1.036s] -- Symlinking: /home/daniel/dev_ws/install/ur5_ros2_gazebo/share/ur5_ros2_gazebo/local_setup.zsh
[1.046s] -- Symlinking: /home/daniel/dev_ws/install/ur5_ros2_gazebo/share/ur5_ros2_gazebo/local_setup.dsv
[1.056s] -- Symlinking: /home/daniel/dev_ws/install/ur5_ros2_gazebo/share/ur5_ros2_gazebo/package.dsv
[1.066s] -- Symlinking: /home/daniel/dev_ws/install/ur5_ros2_gazebo/share/ament_index/resource_index/packages/ur5_ros2_gazebo
[1.075s] -- Symlinking: /home/daniel/dev_ws/install/ur5_ros2_gazebo/share/ur5_ros2_gazebo/cmake/ur5_ros2_gazeboConfig.cmake
[1.084s] -- Symlinking: /home/daniel/dev_ws/install/ur5_ros2_gazebo/share/ur5_ros2_gazebo/cmake/ur5_ros2_gazeboConfig-version.cmake
[1.093s] -- Symlinking: /home/daniel/dev_ws/install/ur5_ros2_gazebo/share/ur5_ros2_gazebo/package.xml
[1.105s] Invoked command in '/home/daniel/dev_ws/build/ur5_ros2_gazebo' returned '0': CMAKE_PREFIX_PATH=${CMAKE_PREFIX_PATH}:/home/daniel/dev_ws/install/robot_description:/home/daniel/dev_ws/install/my_doosan_pkg:/home/daniel/dev_ws/install/bulldog_description:/opt/ros/foxy /usr/bin/cmake --install /home/daniel/dev_ws/build/ur5_ros2_gazebo
