[2.920s] Invoking command in '/home/daniel/dev_ws/build/mobile_manipulator': PYTHONPATH=/home/daniel/dev_ws/build/mobile_manipulator/prefix_override:/home/daniel/dev_ws/install/mobile_manipulator/lib/python3.8/site-packages:${PYTHONPATH} /usr/bin/python3 setup.py develop --editable --build-directory /home/daniel/dev_ws/build/mobile_manipulator/build --no-deps install_data
[3.202s] running develop
[3.387s] running egg_info
[3.387s] writing mobile_manipulator.egg-info/PKG-INFO
[3.387s] writing dependency_links to mobile_manipulator.egg-info/dependency_links.txt
[3.387s] writing entry points to mobile_manipulator.egg-info/entry_points.txt
[3.388s] writing requirements to mobile_manipulator.egg-info/requires.txt
[3.388s] writing top-level names to mobile_manipulator.egg-info/top_level.txt
[3.503s] reading manifest file 'mobile_manipulator.egg-info/SOURCES.txt'
[3.515s] writing manifest file 'mobile_manipulator.egg-info/SOURCES.txt'
[3.551s] running build_ext
[3.564s] Creating /home/daniel/dev_ws/install/mobile_manipulator/lib/python3.8/site-packages/mobile-manipulator.egg-link (link to .)
[3.565s] Installing get_path_action script to /home/daniel/dev_ws/install/mobile_manipulator/lib/mobile_manipulator
[3.565s] Installing reach_goal_action script to /home/daniel/dev_ws/install/mobile_manipulator/lib/mobile_manipulator
[3.565s] Installing send_goal_pose_action script to /home/daniel/dev_ws/install/mobile_manipulator/lib/mobile_manipulator
[3.565s] Installing tf_listener script to /home/daniel/dev_ws/install/mobile_manipulator/lib/mobile_manipulator
[3.566s] Installing trajectory_points_act_server script to /home/daniel/dev_ws/install/mobile_manipulator/lib/mobile_manipulator
[3.566s] Installing trajectory_points_from_ik_act_server script to /home/daniel/dev_ws/install/mobile_manipulator/lib/mobile_manipulator
[3.566s] 
[3.566s] Installed /home/daniel/dev_ws/build/mobile_manipulator
[3.566s] running install_data
[3.592s] Invoked command in '/home/daniel/dev_ws/build/mobile_manipulator' returned '0': PYTHONPATH=/home/daniel/dev_ws/build/mobile_manipulator/prefix_override:/home/daniel/dev_ws/install/mobile_manipulator/lib/python3.8/site-packages:${PYTHONPATH} /usr/bin/python3 setup.py develop --editable --build-directory /home/daniel/dev_ws/build/mobile_manipulator/build --no-deps install_data
