[2.569s] Invoking command in '/home/daniel/dev_ws/src/doosan_description': PYTHONPATH=/home/daniel/dev_ws/build/doosan_description/prefix_override:/home/daniel/dev_ws/install/doosan_description/lib/python3.8/site-packages:${PYTHONPATH} /usr/bin/python3 setup.py egg_info --egg-base ../../build/doosan_description build --build-base /home/daniel/dev_ws/build/doosan_description/build install --record /home/daniel/dev_ws/build/doosan_description/install.log --install-scripts $base/lib/doosan_description --single-version-externally-managed
[2.816s] running egg_info
[2.817s] writing ../../build/doosan_description/doosan_description.egg-info/PKG-INFO
[2.817s] writing dependency_links to ../../build/doosan_description/doosan_description.egg-info/dependency_links.txt
[2.818s] writing entry points to ../../build/doosan_description/doosan_description.egg-info/entry_points.txt
[2.818s] writing requirements to ../../build/doosan_description/doosan_description.egg-info/requires.txt
[2.818s] writing top-level names to ../../build/doosan_description/doosan_description.egg-info/top_level.txt
[2.855s] reading manifest file '../../build/doosan_description/doosan_description.egg-info/SOURCES.txt'
[2.856s] writing manifest file '../../build/doosan_description/doosan_description.egg-info/SOURCES.txt'
[2.856s] running build
[2.857s] running build_py
[2.857s] running install
[2.858s] running install_lib
[2.859s] running install_data
[2.861s] running install_egg_info
[2.864s] removing '/home/daniel/dev_ws/install/doosan_description/lib/python3.8/site-packages/doosan_description-0.0.0-py3.8.egg-info' (and everything under it)
[2.865s] Copying ../../build/doosan_description/doosan_description.egg-info to /home/daniel/dev_ws/install/doosan_description/lib/python3.8/site-packages/doosan_description-0.0.0-py3.8.egg-info
[2.866s] running install_scripts
[2.884s] Installing trajectory_points_act_server script to /home/daniel/dev_ws/install/doosan_description/lib/doosan_description
[2.885s] Installing trajectory_points_topic script to /home/daniel/dev_ws/install/doosan_description/lib/doosan_description
[2.885s] writing list of installed files to '/home/daniel/dev_ws/build/doosan_description/install.log'
[2.914s] Invoked command in '/home/daniel/dev_ws/src/doosan_description' returned '0': PYTHONPATH=/home/daniel/dev_ws/build/doosan_description/prefix_override:/home/daniel/dev_ws/install/doosan_description/lib/python3.8/site-packages:${PYTHONPATH} /usr/bin/python3 setup.py egg_info --egg-base ../../build/doosan_description build --build-base /home/daniel/dev_ws/build/doosan_description/build install --record /home/daniel/dev_ws/build/doosan_description/install.log --install-scripts $base/lib/doosan_description --single-version-externally-managed
