[0.937s] Invoking command in '/home/daniel/dev_ws/build/robot_description': PYTHONPATH=/home/daniel/dev_ws/build/robot_description/prefix_override:/home/daniel/dev_ws/install/robot_description/lib/python3.8/site-packages:${PYTHONPATH} /usr/bin/python3 setup.py develop --uninstall --editable --build-directory /home/daniel/dev_ws/build/robot_description/build
[1.149s] running develop
[1.290s] Removing /home/daniel/dev_ws/install/robot_description/lib/python3.8/site-packages/robot-description.egg-link (link to .)
[1.308s] Invoked command in '/home/daniel/dev_ws/build/robot_description' returned '0': PYTHONPATH=/home/daniel/dev_ws/build/robot_description/prefix_override:/home/daniel/dev_ws/install/robot_description/lib/python3.8/site-packages:${PYTHONPATH} /usr/bin/python3 setup.py develop --uninstall --editable --build-directory /home/daniel/dev_ws/build/robot_description/build
[1.311s] Invoking command in '/home/daniel/dev_ws/src/robot_description': PYTHONPATH=/home/daniel/dev_ws/build/robot_description/prefix_override:/home/daniel/dev_ws/install/robot_description/lib/python3.8/site-packages:${PYTHONPATH} /usr/bin/python3 setup.py egg_info --egg-base ../../build/robot_description build --build-base /home/daniel/dev_ws/build/robot_description/build install --record /home/daniel/dev_ws/build/robot_description/install.log --install-scripts $base/lib/robot_description --single-version-externally-managed
[1.508s] running egg_info
[1.509s] writing ../../build/robot_description/robot_description.egg-info/PKG-INFO
[1.509s] writing dependency_links to ../../build/robot_description/robot_description.egg-info/dependency_links.txt
[1.509s] writing entry points to ../../build/robot_description/robot_description.egg-info/entry_points.txt
[1.509s] writing requirements to ../../build/robot_description/robot_description.egg-info/requires.txt
[1.509s] writing top-level names to ../../build/robot_description/robot_description.egg-info/top_level.txt
[1.540s] reading manifest file '../../build/robot_description/robot_description.egg-info/SOURCES.txt'
[1.541s] writing manifest file '../../build/robot_description/robot_description.egg-info/SOURCES.txt'
[1.541s] running build
[1.541s] running build_py
[1.541s] running install
[1.542s] running install_lib
[1.543s] creating /home/daniel/dev_ws/install/robot_description/lib/python3.8/site-packages/robot_description
[1.543s] copying /home/daniel/dev_ws/build/robot_description/build/lib/robot_description/__init__.py -> /home/daniel/dev_ws/install/robot_description/lib/python3.8/site-packages/robot_description
[1.543s] byte-compiling /home/daniel/dev_ws/install/robot_description/lib/python3.8/site-packages/robot_description/__init__.py to __init__.cpython-38.pyc
[1.544s] running install_data
[1.545s] running install_egg_info
[1.547s] Copying ../../build/robot_description/robot_description.egg-info to /home/daniel/dev_ws/install/robot_description/lib/python3.8/site-packages/robot_description-0.0.0-py3.8.egg-info
[1.548s] running install_scripts
[1.562s] writing list of installed files to '/home/daniel/dev_ws/build/robot_description/install.log'
[1.580s] Invoked command in '/home/daniel/dev_ws/src/robot_description' returned '0': PYTHONPATH=/home/daniel/dev_ws/build/robot_description/prefix_override:/home/daniel/dev_ws/install/robot_description/lib/python3.8/site-packages:${PYTHONPATH} /usr/bin/python3 setup.py egg_info --egg-base ../../build/robot_description build --build-base /home/daniel/dev_ws/build/robot_description/build install --record /home/daniel/dev_ws/build/robot_description/install.log --install-scripts $base/lib/robot_description --single-version-externally-managed
