[1.319s] Invoking command in '/home/daniel/dev_ws/build/my_doosan_pkg': PYTHONPATH=/home/daniel/dev_ws/build/my_doosan_pkg/prefix_override:/home/daniel/dev_ws/install/my_doosan_pkg/lib/python3.8/site-packages:${PYTHONPATH} /usr/bin/python3 setup.py develop --editable --build-directory /home/daniel/dev_ws/build/my_doosan_pkg/build --no-deps install_data
[1.554s] running develop
[1.705s] running egg_info
[1.705s] writing my_doosan_pkg.egg-info/PKG-INFO
[1.705s] writing dependency_links to my_doosan_pkg.egg-info/dependency_links.txt
[1.706s] writing entry points to my_doosan_pkg.egg-info/entry_points.txt
[1.706s] writing requirements to my_doosan_pkg.egg-info/requires.txt
[1.706s] writing top-level names to my_doosan_pkg.egg-info/top_level.txt
[1.773s] reading manifest file 'my_doosan_pkg.egg-info/SOURCES.txt'
[1.774s] writing manifest file 'my_doosan_pkg.egg-info/SOURCES.txt'
[1.808s] running build_ext
[1.832s] Creating /home/daniel/dev_ws/install/my_doosan_pkg/lib/python3.8/site-packages/site.py
[1.834s] Creating /home/daniel/dev_ws/install/my_doosan_pkg/lib/python3.8/site-packages/my-doosan-pkg.egg-link (link to .)
[1.835s] Installing trajectory_points_act_server script to /home/daniel/dev_ws/install/my_doosan_pkg/lib/my_doosan_pkg
[1.835s] Installing trajectory_points_topic script to /home/daniel/dev_ws/install/my_doosan_pkg/lib/my_doosan_pkg
[1.835s] 
[1.835s] Installed /home/daniel/dev_ws/build/my_doosan_pkg
[1.835s] running install_data
[1.835s] copying launch/my_doosan_gazebo.launch.py -> /home/daniel/dev_ws/install/my_doosan_pkg/share/my_doosan_pkg/launch
[1.862s] Invoked command in '/home/daniel/dev_ws/build/my_doosan_pkg' returned '0': PYTHONPATH=/home/daniel/dev_ws/build/my_doosan_pkg/prefix_override:/home/daniel/dev_ws/install/my_doosan_pkg/lib/python3.8/site-packages:${PYTHONPATH} /usr/bin/python3 setup.py develop --editable --build-directory /home/daniel/dev_ws/build/my_doosan_pkg/build --no-deps install_data
