[1.200s] Invoking command in '/home/daniel/dev_ws/src/robot_description': PYTHONPATH=/home/daniel/dev_ws/build/robot_description/prefix_override:/home/daniel/dev_ws/install/robot_description/lib/python3.8/site-packages:${PYTHONPATH} /usr/bin/python3 setup.py egg_info --egg-base ../../build/robot_description build --build-base /home/daniel/dev_ws/build/robot_description/build install --record /home/daniel/dev_ws/build/robot_description/install.log --install-scripts $base/lib/robot_description --single-version-externally-managed
[1.434s] running egg_info
[1.434s] writing ../../build/robot_description/robot_description.egg-info/PKG-INFO
[1.435s] writing dependency_links to ../../build/robot_description/robot_description.egg-info/dependency_links.txt
[1.435s] writing entry points to ../../build/robot_description/robot_description.egg-info/entry_points.txt
[1.435s] writing requirements to ../../build/robot_description/robot_description.egg-info/requires.txt
[1.435s] writing top-level names to ../../build/robot_description/robot_description.egg-info/top_level.txt
[1.468s] reading manifest file '../../build/robot_description/robot_description.egg-info/SOURCES.txt'
[1.469s] writing manifest file '../../build/robot_description/robot_description.egg-info/SOURCES.txt'
[1.469s] running build
[1.469s] running build_py
[1.469s] running install
[1.470s] running install_lib
[1.471s] running install_data
[1.472s] running install_egg_info
[1.474s] removing '/home/daniel/dev_ws/install/robot_description/lib/python3.8/site-packages/robot_description-0.0.0-py3.8.egg-info' (and everything under it)
[1.474s] Copying ../../build/robot_description/robot_description.egg-info to /home/daniel/dev_ws/install/robot_description/lib/python3.8/site-packages/robot_description-0.0.0-py3.8.egg-info
[1.475s] running install_scripts
[1.492s] writing list of installed files to '/home/daniel/dev_ws/build/robot_description/install.log'
[1.512s] Invoked command in '/home/daniel/dev_ws/src/robot_description' returned '0': PYTHONPATH=/home/daniel/dev_ws/build/robot_description/prefix_override:/home/daniel/dev_ws/install/robot_description/lib/python3.8/site-packages:${PYTHONPATH} /usr/bin/python3 setup.py egg_info --egg-base ../../build/robot_description build --build-base /home/daniel/dev_ws/build/robot_description/build install --record /home/daniel/dev_ws/build/robot_description/install.log --install-scripts $base/lib/robot_description --single-version-externally-managed
