[0.216s] Invoking command in '/home/daniel/dev_ws/build/ur5_ros2_moveit2': CMAKE_PREFIX_PATH=/home/daniel/dev_ws/install/ros2_data:/home/daniel/dev_ws/install/ros2_actions:/home/daniel/dev_ws/install/ur5_ros2_moveit2:/home/daniel/dev_ws/install/ur5_ros2_gazebo:/home/daniel/dev_ws/install/robot_description:/home/daniel/dev_ws/install/my_doosan_pkg:/home/daniel/dev_ws/install/mobile_manipulator:/home/daniel/dev_ws/install/doosan_description:/home/daniel/dev_ws/install/bulldog_description:/opt/ros/foxy /usr/bin/cmake --build /home/daniel/dev_ws/build/ur5_ros2_moveit2 -- -j8 -l8
[0.254s] Invoked command in '/home/daniel/dev_ws/build/ur5_ros2_moveit2' returned '0': CMAKE_PREFIX_PATH=/home/daniel/dev_ws/install/ros2_data:/home/daniel/dev_ws/install/ros2_actions:/home/daniel/dev_ws/install/ur5_ros2_moveit2:/home/daniel/dev_ws/install/ur5_ros2_gazebo:/home/daniel/dev_ws/install/robot_description:/home/daniel/dev_ws/install/my_doosan_pkg:/home/daniel/dev_ws/install/mobile_manipulator:/home/daniel/dev_ws/install/doosan_description:/home/daniel/dev_ws/install/bulldog_description:/opt/ros/foxy /usr/bin/cmake --build /home/daniel/dev_ws/build/ur5_ros2_moveit2 -- -j8 -l8
[0.278s] Invoking command in '/home/daniel/dev_ws/build/ur5_ros2_moveit2': CMAKE_PREFIX_PATH=/home/daniel/dev_ws/install/ros2_data:/home/daniel/dev_ws/install/ros2_actions:/home/daniel/dev_ws/install/ur5_ros2_moveit2:/home/daniel/dev_ws/install/ur5_ros2_gazebo:/home/daniel/dev_ws/install/robot_description:/home/daniel/dev_ws/install/my_doosan_pkg:/home/daniel/dev_ws/install/mobile_manipulator:/home/daniel/dev_ws/install/doosan_description:/home/daniel/dev_ws/install/bulldog_description:/opt/ros/foxy /usr/bin/cmake --install /home/daniel/dev_ws/build/ur5_ros2_moveit2
[0.287s] -- Install configuration: ""
[0.287s] -- Up-to-date: /home/daniel/dev_ws/install/ur5_ros2_moveit2/share/ur5_ros2_moveit2/config
[0.287s] -- Up-to-date: /home/daniel/dev_ws/install/ur5_ros2_moveit2/share/ur5_ros2_moveit2/config/chomp_planning.yaml
[0.288s] -- Up-to-date: /home/daniel/dev_ws/install/ur5_ros2_moveit2/share/ur5_ros2_moveit2/config/ur5.srdf
[0.288s] -- Up-to-date: /home/daniel/dev_ws/install/ur5_ros2_moveit2/share/ur5_ros2_moveit2/config/ur5_moveit2.rviz
[0.288s] -- Up-to-date: /home/daniel/dev_ws/install/ur5_ros2_moveit2/share/ur5_ros2_moveit2/config/ur5_controllers.yaml
[0.288s] -- Up-to-date: /home/daniel/dev_ws/install/ur5_ros2_moveit2/share/ur5_ros2_moveit2/config/ompl_planning.yaml
[0.288s] -- Up-to-date: /home/daniel/dev_ws/install/ur5_ros2_moveit2/share/ur5_ros2_moveit2/config/kinematics.yaml
[0.288s] -- Up-to-date: /home/daniel/dev_ws/install/ur5_ros2_moveit2/share/ur5_ros2_moveit2/launch
[0.289s] -- Installing: /home/daniel/dev_ws/install/ur5_ros2_moveit2/share/ur5_ros2_moveit2/launch/ur5_interface.launch.py
[0.289s] -- Up-to-date: /home/daniel/dev_ws/install/ur5_ros2_moveit2/share/ur5_ros2_moveit2/launch/ur5.launch.py
[0.289s] -- Up-to-date: /home/daniel/dev_ws/install/ur5_ros2_moveit2/share/ament_index/resource_index/package_run_dependencies/ur5_ros2_moveit2
[0.289s] -- Up-to-date: /home/daniel/dev_ws/install/ur5_ros2_moveit2/share/ament_index/resource_index/parent_prefix_path/ur5_ros2_moveit2
[0.289s] -- Up-to-date: /home/daniel/dev_ws/install/ur5_ros2_moveit2/share/ur5_ros2_moveit2/environment/ament_prefix_path.sh
[0.289s] -- Up-to-date: /home/daniel/dev_ws/install/ur5_ros2_moveit2/share/ur5_ros2_moveit2/environment/ament_prefix_path.dsv
[0.290s] -- Up-to-date: /home/daniel/dev_ws/install/ur5_ros2_moveit2/share/ur5_ros2_moveit2/environment/path.sh
[0.290s] -- Up-to-date: /home/daniel/dev_ws/install/ur5_ros2_moveit2/share/ur5_ros2_moveit2/environment/path.dsv
[0.290s] -- Up-to-date: /home/daniel/dev_ws/install/ur5_ros2_moveit2/share/ur5_ros2_moveit2/local_setup.bash
[0.290s] -- Up-to-date: /home/daniel/dev_ws/install/ur5_ros2_moveit2/share/ur5_ros2_moveit2/local_setup.sh
[0.290s] -- Up-to-date: /home/daniel/dev_ws/install/ur5_ros2_moveit2/share/ur5_ros2_moveit2/local_setup.zsh
[0.290s] -- Up-to-date: /home/daniel/dev_ws/install/ur5_ros2_moveit2/share/ur5_ros2_moveit2/local_setup.dsv
[0.291s] -- Installing: /home/daniel/dev_ws/install/ur5_ros2_moveit2/share/ur5_ros2_moveit2/package.dsv
[0.291s] -- Up-to-date: /home/daniel/dev_ws/install/ur5_ros2_moveit2/share/ament_index/resource_index/packages/ur5_ros2_moveit2
[0.292s] -- Up-to-date: /home/daniel/dev_ws/install/ur5_ros2_moveit2/share/ur5_ros2_moveit2/cmake/ur5_ros2_moveit2Config.cmake
[0.292s] -- Up-to-date: /home/daniel/dev_ws/install/ur5_ros2_moveit2/share/ur5_ros2_moveit2/cmake/ur5_ros2_moveit2Config-version.cmake
[0.292s] -- Up-to-date: /home/daniel/dev_ws/install/ur5_ros2_moveit2/share/ur5_ros2_moveit2/package.xml
[0.292s] Invoked command in '/home/daniel/dev_ws/build/ur5_ros2_moveit2' returned '0': CMAKE_PREFIX_PATH=/home/daniel/dev_ws/install/ros2_data:/home/daniel/dev_ws/install/ros2_actions:/home/daniel/dev_ws/install/ur5_ros2_moveit2:/home/daniel/dev_ws/install/ur5_ros2_gazebo:/home/daniel/dev_ws/install/robot_description:/home/daniel/dev_ws/install/my_doosan_pkg:/home/daniel/dev_ws/install/mobile_manipulator:/home/daniel/dev_ws/install/doosan_description:/home/daniel/dev_ws/install/bulldog_description:/opt/ros/foxy /usr/bin/cmake --install /home/daniel/dev_ws/build/ur5_ros2_moveit2
