[4.652s] Invoking command in '/home/daniel/dev_ws/src/doosan_description': PYTHONPATH=/home/daniel/dev_ws/build/doosan_description/prefix_override:/home/daniel/dev_ws/install/doosan_description/lib/python3.8/site-packages:${PYTHONPATH} /usr/bin/python3 setup.py egg_info --egg-base ../../build/doosan_description build --build-base /home/daniel/dev_ws/build/doosan_description/build install --record /home/daniel/dev_ws/build/doosan_description/install.log --install-scripts $base/lib/doosan_description --single-version-externally-managed
[4.956s] running egg_info
[4.957s] writing ../../build/doosan_description/doosan_description.egg-info/PKG-INFO
[4.957s] writing dependency_links to ../../build/doosan_description/doosan_description.egg-info/dependency_links.txt
[4.958s] writing entry points to ../../build/doosan_description/doosan_description.egg-info/entry_points.txt
[4.958s] writing requirements to ../../build/doosan_description/doosan_description.egg-info/requires.txt
[4.958s] writing top-level names to ../../build/doosan_description/doosan_description.egg-info/top_level.txt
[5.088s] reading manifest file '../../build/doosan_description/doosan_description.egg-info/SOURCES.txt'
[5.104s] writing manifest file '../../build/doosan_description/doosan_description.egg-info/SOURCES.txt'
[5.105s] running build
[5.105s] running build_py
[5.105s] running install
[5.107s] running install_lib
[5.109s] running install_data
[5.111s] running install_egg_info
[5.114s] removing '/home/daniel/dev_ws/install/doosan_description/lib/python3.8/site-packages/doosan_description-0.0.0-py3.8.egg-info' (and everything under it)
[5.114s] Copying ../../build/doosan_description/doosan_description.egg-info to /home/daniel/dev_ws/install/doosan_description/lib/python3.8/site-packages/doosan_description-0.0.0-py3.8.egg-info
[5.136s] running install_scripts
[5.159s] Installing trajectory_points_act_server script to /home/daniel/dev_ws/install/doosan_description/lib/doosan_description
[5.159s] Installing trajectory_points_topic script to /home/daniel/dev_ws/install/doosan_description/lib/doosan_description
[5.160s] writing list of installed files to '/home/daniel/dev_ws/build/doosan_description/install.log'
[5.193s] Invoked command in '/home/daniel/dev_ws/src/doosan_description' returned '0': PYTHONPATH=/home/daniel/dev_ws/build/doosan_description/prefix_override:/home/daniel/dev_ws/install/doosan_description/lib/python3.8/site-packages:${PYTHONPATH} /usr/bin/python3 setup.py egg_info --egg-base ../../build/doosan_description build --build-base /home/daniel/dev_ws/build/doosan_description/build install --record /home/daniel/dev_ws/build/doosan_description/install.log --install-scripts $base/lib/doosan_description --single-version-externally-managed
