[2.478s] DEBUG:colcon:Command line arguments: ['/usr/bin/colcon', 'build']
[2.478s] DEBUG:colcon:Parsed command line arguments: Namespace(allow_overriding=[], ament_cmake_args=None, base_paths=['.'], build_base='build', catkin_cmake_args=None, catkin_skip_building_tests=False, cmake_args=None, cmake_clean_cache=False, cmake_clean_first=False, cmake_force_configure=False, cmake_target=None, cmake_target_skip_unavailable=False, continue_on_error=False, event_handlers=None, executor='parallel', ignore_user_meta=False, install_base='install', log_base=None, log_level=None, main=<bound method BuildVerb.main of <colcon_core.verb.build.BuildVerb object at 0x7f98a35f41c0>>, merge_install=False, metas=['./colcon.meta'], packages_above=None, packages_above_and_dependencies=None, packages_above_depth=None, packages_end=None, packages_ignore=None, packages_ignore_regex=None, packages_select=None, packages_select_build_failed=False, packages_select_by_dep=None, packages_select_regex=None, packages_select_test_failures=False, packages_skip=None, packages_skip_build_finished=False, packages_skip_by_dep=None, packages_skip_regex=None, packages_skip_test_passed=False, packages_skip_up_to=None, packages_start=None, packages_up_to=None, packages_up_to_regex=None, parallel_workers=8, paths=None, symlink_install=False, test_result_base=None, verb_extension=<colcon_core.verb.build.BuildVerb object at 0x7f98a35f41c0>, verb_name='build', verb_parser=<colcon_defaults.argument_parser.defaults.DefaultArgumentsDecorator object at 0x7f98a35f46d0>)
[2.586s] Level 1:colcon.colcon_core.package_discovery:discover_packages(colcon_meta) check parameters
[2.586s] Level 1:colcon.colcon_core.package_discovery:discover_packages(recursive) check parameters
[2.586s] Level 1:colcon.colcon_core.package_discovery:discover_packages(ignore) check parameters
[2.586s] Level 1:colcon.colcon_core.package_discovery:discover_packages(path) check parameters
[2.587s] Level 1:colcon.colcon_core.package_discovery:discover_packages(colcon_meta) discover
[2.587s] Level 1:colcon.colcon_core.package_discovery:discover_packages(recursive) discover
[2.587s] INFO:colcon.colcon_core.package_discovery:Crawling recursively for packages in '/home/daniel/dev_ws'
[2.587s] Level 1:colcon.colcon_core.package_identification:_identify(.) by extensions ['ignore', 'ignore_ament_install']
[2.587s] Level 1:colcon.colcon_core.package_identification:_identify(.) by extension 'ignore'
[2.587s] Level 1:colcon.colcon_core.package_identification:_identify(.) by extension 'ignore_ament_install'
[2.587s] Level 1:colcon.colcon_core.package_identification:_identify(.) by extensions ['colcon_pkg']
[2.587s] Level 1:colcon.colcon_core.package_identification:_identify(.) by extension 'colcon_pkg'
[2.587s] Level 1:colcon.colcon_core.package_identification:_identify(.) by extensions ['colcon_meta']
[2.587s] Level 1:colcon.colcon_core.package_identification:_identify(.) by extension 'colcon_meta'
[2.587s] Level 1:colcon.colcon_core.package_identification:_identify(.) by extensions ['ros']
[2.587s] Level 1:colcon.colcon_core.package_identification:_identify(.) by extension 'ros'
[2.597s] Level 1:colcon.colcon_core.package_identification:_identify(.) by extensions ['cmake', 'python']
[2.597s] Level 1:colcon.colcon_core.package_identification:_identify(.) by extension 'cmake'
[2.597s] Level 1:colcon.colcon_core.package_identification:_identify(.) by extension 'python'
[2.597s] Level 1:colcon.colcon_core.package_identification:_identify(.) by extensions ['python_setup_py']
[2.597s] Level 1:colcon.colcon_core.package_identification:_identify(.) by extension 'python_setup_py'
[2.597s] Level 1:colcon.colcon_core.package_identification:_identify(build) by extensions ['ignore', 'ignore_ament_install']
[2.597s] Level 1:colcon.colcon_core.package_identification:_identify(build) by extension 'ignore'
[2.597s] Level 1:colcon.colcon_core.package_identification:_identify(build) ignored
[2.598s] Level 1:colcon.colcon_core.package_identification:_identify(install) by extensions ['ignore', 'ignore_ament_install']
[2.598s] Level 1:colcon.colcon_core.package_identification:_identify(install) by extension 'ignore'
[2.598s] Level 1:colcon.colcon_core.package_identification:_identify(install) ignored
[2.598s] Level 1:colcon.colcon_core.package_identification:_identify(log) by extensions ['ignore', 'ignore_ament_install']
[2.598s] Level 1:colcon.colcon_core.package_identification:_identify(log) by extension 'ignore'
[2.598s] Level 1:colcon.colcon_core.package_identification:_identify(log) ignored
[2.598s] Level 1:colcon.colcon_core.package_identification:_identify(src) by extensions ['ignore', 'ignore_ament_install']
[2.598s] Level 1:colcon.colcon_core.package_identification:_identify(src) by extension 'ignore'
[2.598s] Level 1:colcon.colcon_core.package_identification:_identify(src) by extension 'ignore_ament_install'
[2.598s] Level 1:colcon.colcon_core.package_identification:_identify(src) by extensions ['colcon_pkg']
[2.598s] Level 1:colcon.colcon_core.package_identification:_identify(src) by extension 'colcon_pkg'
[2.598s] Level 1:colcon.colcon_core.package_identification:_identify(src) by extensions ['colcon_meta']
[2.598s] Level 1:colcon.colcon_core.package_identification:_identify(src) by extension 'colcon_meta'
[2.599s] Level 1:colcon.colcon_core.package_identification:_identify(src) by extensions ['ros']
[2.599s] Level 1:colcon.colcon_core.package_identification:_identify(src) by extension 'ros'
[2.599s] Level 1:colcon.colcon_core.package_identification:_identify(src) by extensions ['cmake', 'python']
[2.599s] Level 1:colcon.colcon_core.package_identification:_identify(src) by extension 'cmake'
[2.599s] Level 1:colcon.colcon_core.package_identification:_identify(src) by extension 'python'
[2.599s] Level 1:colcon.colcon_core.package_identification:_identify(src) by extensions ['python_setup_py']
[2.599s] Level 1:colcon.colcon_core.package_identification:_identify(src) by extension 'python_setup_py'
[2.599s] Level 1:colcon.colcon_core.package_identification:_identify(src/robot_description) by extensions ['ignore', 'ignore_ament_install']
[2.599s] Level 1:colcon.colcon_core.package_identification:_identify(src/robot_description) by extension 'ignore'
[2.599s] Level 1:colcon.colcon_core.package_identification:_identify(src/robot_description) by extension 'ignore_ament_install'
[2.599s] Level 1:colcon.colcon_core.package_identification:_identify(src/robot_description) by extensions ['colcon_pkg']
[2.599s] Level 1:colcon.colcon_core.package_identification:_identify(src/robot_description) by extension 'colcon_pkg'
[2.599s] Level 1:colcon.colcon_core.package_identification:_identify(src/robot_description) by extensions ['colcon_meta']
[2.599s] Level 1:colcon.colcon_core.package_identification:_identify(src/robot_description) by extension 'colcon_meta'
[2.599s] Level 1:colcon.colcon_core.package_identification:_identify(src/robot_description) by extensions ['ros']
[2.599s] Level 1:colcon.colcon_core.package_identification:_identify(src/robot_description) by extension 'ros'
[2.601s] DEBUG:colcon.colcon_core.package_identification:Package 'src/robot_description' with type 'ros.ament_python' and name 'robot_description'
[2.602s] Level 1:colcon.colcon_core.package_discovery:discover_packages(recursive) using defaults
[2.602s] Level 1:colcon.colcon_core.package_discovery:discover_packages(ignore) discover
[2.602s] Level 1:colcon.colcon_core.package_discovery:discover_packages(ignore) using defaults
[2.602s] Level 1:colcon.colcon_core.package_discovery:discover_packages(path) discover
[2.602s] Level 1:colcon.colcon_core.package_discovery:discover_packages(path) using defaults
[2.830s] Level 1:colcon.colcon_core.package_discovery:discover_packages(prefix_path) check parameters
[2.831s] Level 1:colcon.colcon_core.package_discovery:discover_packages(prefix_path) discover
[2.921s] DEBUG:colcon.colcon_installed_package_information.package_discovery:Found 286 installed packages in /opt/ros/foxy
[2.923s] Level 1:colcon.colcon_core.package_discovery:discover_packages(prefix_path) using defaults
[3.090s] Level 5:colcon.colcon_core.verb:set package 'robot_description' build argument 'cmake_args' from command line to 'None'
[3.090s] Level 5:colcon.colcon_core.verb:set package 'robot_description' build argument 'cmake_target' from command line to 'None'
[3.090s] Level 5:colcon.colcon_core.verb:set package 'robot_description' build argument 'cmake_target_skip_unavailable' from command line to 'False'
[3.090s] Level 5:colcon.colcon_core.verb:set package 'robot_description' build argument 'cmake_clean_cache' from command line to 'False'
[3.090s] Level 5:colcon.colcon_core.verb:set package 'robot_description' build argument 'cmake_clean_first' from command line to 'False'
[3.091s] Level 5:colcon.colcon_core.verb:set package 'robot_description' build argument 'cmake_force_configure' from command line to 'False'
[3.091s] Level 5:colcon.colcon_core.verb:set package 'robot_description' build argument 'ament_cmake_args' from command line to 'None'
[3.091s] Level 5:colcon.colcon_core.verb:set package 'robot_description' build argument 'catkin_cmake_args' from command line to 'None'
[3.091s] Level 5:colcon.colcon_core.verb:set package 'robot_description' build argument 'catkin_skip_building_tests' from command line to 'False'
[3.091s] DEBUG:colcon.colcon_core.verb:Building package 'robot_description' with the following arguments: {'ament_cmake_args': None, 'build_base': '/home/daniel/dev_ws/build/robot_description', 'catkin_cmake_args': None, 'catkin_skip_building_tests': False, 'cmake_args': None, 'cmake_clean_cache': False, 'cmake_clean_first': False, 'cmake_force_configure': False, 'cmake_target': None, 'cmake_target_skip_unavailable': False, 'install_base': '/home/daniel/dev_ws/install/robot_description', 'merge_install': False, 'path': '/home/daniel/dev_ws/src/robot_description', 'symlink_install': False, 'test_result_base': None}
[3.139s] INFO:colcon.colcon_core.executor:Executing jobs using 'parallel' executor
[3.187s] DEBUG:colcon.colcon_parallel_executor.executor.parallel:run_until_complete
[3.188s] INFO:colcon.colcon_ros.task.ament_python.build:Building ROS package in '/home/daniel/dev_ws/src/robot_description' with build type 'ament_python'
[3.188s] Level 1:colcon.colcon_core.shell:create_environment_hook('robot_description', 'ament_prefix_path')
[3.237s] INFO:colcon.colcon_core.plugin_system:Skipping extension 'colcon_core.shell.bat': Not used on non-Windows systems
[3.237s] INFO:colcon.colcon_core.shell:Creating environment hook '/home/daniel/dev_ws/install/robot_description/share/robot_description/hook/ament_prefix_path.ps1'
[3.238s] INFO:colcon.colcon_core.shell:Creating environment descriptor '/home/daniel/dev_ws/install/robot_description/share/robot_description/hook/ament_prefix_path.dsv'
[3.238s] INFO:colcon.colcon_core.shell:Creating environment hook '/home/daniel/dev_ws/install/robot_description/share/robot_description/hook/ament_prefix_path.sh'
[3.282s] INFO:colcon.colcon_core.shell:Skip shell extension 'powershell' for command environment: Not usable outside of PowerShell
[3.282s] DEBUG:colcon.colcon_core.shell:Skip shell extension 'dsv' for command environment
[3.592s] INFO:colcon.colcon_core.task.python.build:Building Python package in '/home/daniel/dev_ws/src/robot_description'
[3.637s] INFO:colcon.colcon_core.shell:Skip shell extension 'powershell' for command environment: Not usable outside of PowerShell
[3.637s] DEBUG:colcon.colcon_core.shell:Skip shell extension 'dsv' for command environment
[4.130s] DEBUG:colcon.colcon_core.event_handler.log_command:Invoking command in '/home/daniel/dev_ws/src/robot_description': PYTHONPATH=/home/daniel/dev_ws/build/robot_description/prefix_override:/home/daniel/dev_ws/install/robot_description/lib/python3.8/site-packages:${PYTHONPATH} /usr/bin/python3 setup.py egg_info --egg-base ../../build/robot_description build --build-base /home/daniel/dev_ws/build/robot_description/build install --record /home/daniel/dev_ws/build/robot_description/install.log --install-scripts $base/lib/robot_description --single-version-externally-managed
[4.406s] DEBUG:colcon.colcon_core.event_handler.log_command:Invoked command in '/home/daniel/dev_ws/src/robot_description' returned '0': PYTHONPATH=/home/daniel/dev_ws/build/robot_description/prefix_override:/home/daniel/dev_ws/install/robot_description/lib/python3.8/site-packages:${PYTHONPATH} /usr/bin/python3 setup.py egg_info --egg-base ../../build/robot_description build --build-base /home/daniel/dev_ws/build/robot_description/build install --record /home/daniel/dev_ws/build/robot_description/install.log --install-scripts $base/lib/robot_description --single-version-externally-managed
[4.453s] Level 1:colcon.colcon_core.environment:checking '/home/daniel/dev_ws/install/robot_description' for CMake module files
[4.454s] Level 1:colcon.colcon_core.environment:checking '/home/daniel/dev_ws/install/robot_description' for CMake config files
[4.454s] Level 1:colcon.colcon_core.environment:checking '/home/daniel/dev_ws/install/robot_description/lib'
[4.455s] Level 1:colcon.colcon_core.environment:checking '/home/daniel/dev_ws/install/robot_description/bin'
[4.455s] Level 1:colcon.colcon_core.environment:checking '/home/daniel/dev_ws/install/robot_description/lib/pkgconfig/robot_description.pc'
[4.455s] Level 1:colcon.colcon_core.environment:checking '/home/daniel/dev_ws/install/robot_description/lib/python3.8/site-packages'
[4.455s] Level 1:colcon.colcon_core.shell:create_environment_hook('robot_description', 'pythonpath')
[4.499s] INFO:colcon.colcon_core.shell:Creating environment hook '/home/daniel/dev_ws/install/robot_description/share/robot_description/hook/pythonpath.ps1'
[4.499s] INFO:colcon.colcon_core.shell:Creating environment descriptor '/home/daniel/dev_ws/install/robot_description/share/robot_description/hook/pythonpath.dsv'
[4.500s] INFO:colcon.colcon_core.shell:Creating environment hook '/home/daniel/dev_ws/install/robot_description/share/robot_description/hook/pythonpath.sh'
[4.500s] Level 1:colcon.colcon_core.environment:checking '/home/daniel/dev_ws/install/robot_description/bin'
[4.500s] Level 1:colcon.colcon_core.environment:create_environment_scripts_only(robot_description)
[4.545s] INFO:colcon.colcon_core.shell:Creating package script '/home/daniel/dev_ws/install/robot_description/share/robot_description/package.ps1'
[4.546s] INFO:colcon.colcon_core.shell:Creating package descriptor '/home/daniel/dev_ws/install/robot_description/share/robot_description/package.dsv'
[4.547s] INFO:colcon.colcon_core.shell:Creating package script '/home/daniel/dev_ws/install/robot_description/share/robot_description/package.sh'
[4.547s] INFO:colcon.colcon_core.shell:Creating package script '/home/daniel/dev_ws/install/robot_description/share/robot_description/package.bash'
[4.548s] INFO:colcon.colcon_core.shell:Creating package script '/home/daniel/dev_ws/install/robot_description/share/robot_description/package.zsh'
[4.549s] Level 1:colcon.colcon_core.environment:create_file_with_runtime_dependencies(/home/daniel/dev_ws/install/robot_description/share/colcon-core/packages/robot_description)
[4.549s] DEBUG:colcon.colcon_parallel_executor.executor.parallel:closing loop
[4.549s] DEBUG:colcon.colcon_parallel_executor.executor.parallel:loop closed
[4.550s] DEBUG:colcon.colcon_parallel_executor.executor.parallel:run_until_complete finished with '0'
[4.550s] DEBUG:colcon.colcon_core.event_reactor:joining thread
[4.600s] INFO:colcon.colcon_core.plugin_system:Skipping extension 'colcon_notification.desktop_notification.terminal_notifier': Not used on non-Darwin systems
[4.600s] INFO:colcon.colcon_core.plugin_system:Skipping extension 'colcon_notification.desktop_notification.win32': Not used on non-Windows systems
[4.600s] INFO:colcon.colcon_notification.desktop_notification:Sending desktop notification using 'notify2'
[4.613s] DEBUG:colcon.colcon_core.event_reactor:joined thread
[4.660s] INFO:colcon.colcon_core.shell:Creating prefix script '/home/daniel/dev_ws/install/local_setup.ps1'
[4.661s] INFO:colcon.colcon_core.shell:Creating prefix util module '/home/daniel/dev_ws/install/_local_setup_util_ps1.py'
[4.662s] INFO:colcon.colcon_core.shell:Creating prefix chain script '/home/daniel/dev_ws/install/setup.ps1'
[4.713s] INFO:colcon.colcon_core.shell:Creating prefix script '/home/daniel/dev_ws/install/local_setup.sh'
[4.714s] INFO:colcon.colcon_core.shell:Creating prefix util module '/home/daniel/dev_ws/install/_local_setup_util_sh.py'
[4.714s] INFO:colcon.colcon_core.shell:Creating prefix chain script '/home/daniel/dev_ws/install/setup.sh'
[4.761s] INFO:colcon.colcon_core.shell:Creating prefix script '/home/daniel/dev_ws/install/local_setup.bash'
[4.761s] INFO:colcon.colcon_core.shell:Creating prefix chain script '/home/daniel/dev_ws/install/setup.bash'
[4.808s] INFO:colcon.colcon_core.shell:Creating prefix script '/home/daniel/dev_ws/install/local_setup.zsh'
[4.808s] INFO:colcon.colcon_core.shell:Creating prefix chain script '/home/daniel/dev_ws/install/setup.zsh'
