[1.320s] Invoking command in '/home/daniel/dev_ws/build/mobile_manipulator': PYTHONPATH=/home/daniel/dev_ws/build/mobile_manipulator/prefix_override:/home/daniel/dev_ws/install/mobile_manipulator/lib/python3.8/site-packages:${PYTHONPATH} /usr/bin/python3 setup.py develop --editable --build-directory /home/daniel/dev_ws/build/mobile_manipulator/build --no-deps install_data
[1.574s] running develop
[1.740s] running egg_info
[1.740s] writing mobile_manipulator.egg-info/PKG-INFO
[1.741s] writing dependency_links to mobile_manipulator.egg-info/dependency_links.txt
[1.741s] writing entry points to mobile_manipulator.egg-info/entry_points.txt
[1.741s] writing requirements to mobile_manipulator.egg-info/requires.txt
[1.741s] writing top-level names to mobile_manipulator.egg-info/top_level.txt
[1.773s] reading manifest file 'mobile_manipulator.egg-info/SOURCES.txt'
[1.774s] writing manifest file 'mobile_manipulator.egg-info/SOURCES.txt'
[1.809s] running build_ext
[1.809s] Creating /home/daniel/dev_ws/install/mobile_manipulator/lib/python3.8/site-packages/mobile-manipulator.egg-link (link to .)
[1.810s] 
[1.810s] Installed /home/daniel/dev_ws/build/mobile_manipulator
[1.811s] running install_data
[1.811s] copying launch/launch_sim.launch.py -> /home/daniel/dev_ws/install/mobile_manipulator/share/mobile_manipulator/launch
[1.811s] copying launch/view_rviz.launch.py -> /home/daniel/dev_ws/install/mobile_manipulator/share/mobile_manipulator/launch
[1.811s] copying launch/rsp.launch.py -> /home/daniel/dev_ws/install/mobile_manipulator/share/mobile_manipulator/launch
[1.811s] copying urdf/mm.urdf.xacro -> /home/daniel/dev_ws/install/mobile_manipulator/share/mobile_manipulator/urdf
[1.836s] Invoked command in '/home/daniel/dev_ws/build/mobile_manipulator' returned '0': PYTHONPATH=/home/daniel/dev_ws/build/mobile_manipulator/prefix_override:/home/daniel/dev_ws/install/mobile_manipulator/lib/python3.8/site-packages:${PYTHONPATH} /usr/bin/python3 setup.py develop --editable --build-directory /home/daniel/dev_ws/build/mobile_manipulator/build --no-deps install_data
