[0.421s] Invoking command in '/home/daniel/dev_ws/build/ros2_data': CMAKE_PREFIX_PATH=${CMAKE_PREFIX_PATH}:/home/daniel/dev_ws/install/robot_description:/home/daniel/dev_ws/install/my_doosan_pkg:/home/daniel/dev_ws/install/mobile_manipulator:/home/daniel/dev_ws/install/doosan_description:/home/daniel/dev_ws/install/bulldog_description:/opt/ros/foxy /usr/bin/cmake --build /home/daniel/dev_ws/build/ros2_data -- -j8 -l8
[0.484s] [  0%] Built target ros2_data__cpp
[0.489s] [ 12%] Built target ros2_data__rosidl_generator_c
[0.522s] [ 24%] Built target ros2_data__rosidl_typesupport_cpp
[0.526s] [ 36%] Built target ros2_data__rosidl_typesupport_introspection_cpp
[0.529s] [ 48%] Built target ros2_data__rosidl_typesupport_c
[0.533s] [ 59%] Built target ros2_data__rosidl_typesupport_fastrtps_cpp
[0.534s] [ 71%] Built target ros2_data__rosidl_typesupport_introspection_c
[0.570s] [ 83%] Built target ros2_data__rosidl_typesupport_fastrtps_c
[0.593s] [ 83%] Built target ros2_data
[0.616s] [ 84%] Built target ros2_data__py
[0.652s] [ 95%] Built target ros2_data__python
[0.682s] [100%] Built target ros2_data__rosidl_typesupport_fastrtps_c__pyext
[0.682s] [100%] Built target ros2_data__rosidl_typesupport_c__pyext
[0.682s] [100%] Built target ros2_data__rosidl_typesupport_introspection_c__pyext
[0.728s] Invoked command in '/home/daniel/dev_ws/build/ros2_data' returned '0': CMAKE_PREFIX_PATH=${CMAKE_PREFIX_PATH}:/home/daniel/dev_ws/install/robot_description:/home/daniel/dev_ws/install/my_doosan_pkg:/home/daniel/dev_ws/install/mobile_manipulator:/home/daniel/dev_ws/install/doosan_description:/home/daniel/dev_ws/install/bulldog_description:/opt/ros/foxy /usr/bin/cmake --build /home/daniel/dev_ws/build/ros2_data -- -j8 -l8
[0.987s] Invoking command in '/home/daniel/dev_ws/build/ros2_data': CMAKE_PREFIX_PATH=${CMAKE_PREFIX_PATH}:/home/daniel/dev_ws/install/robot_description:/home/daniel/dev_ws/install/my_doosan_pkg:/home/daniel/dev_ws/install/mobile_manipulator:/home/daniel/dev_ws/install/doosan_description:/home/daniel/dev_ws/install/bulldog_description:/opt/ros/foxy /usr/bin/cmake --install /home/daniel/dev_ws/build/ros2_data
[0.995s] -- Install configuration: ""
[0.995s] -- Up-to-date: /home/daniel/dev_ws/install/ros2_data/share/ament_index/resource_index/rosidl_interfaces/ros2_data
[0.995s] -- Up-to-date: /home/daniel/dev_ws/install/ros2_data/include/ros2_data
[0.996s] -- Up-to-date: /home/daniel/dev_ws/install/ros2_data/include/ros2_data/msg
[0.996s] -- Up-to-date: /home/daniel/dev_ws/install/ros2_data/include/ros2_data/msg/rosidl_generator_c__visibility_control.h
[0.996s] -- Up-to-date: /home/daniel/dev_ws/install/ros2_data/include/ros2_data/msg/joint_pose_s.h
[0.996s] -- Up-to-date: /home/daniel/dev_ws/install/ros2_data/include/ros2_data/msg/joint_pose.h
[0.996s] -- Up-to-date: /home/daniel/dev_ws/install/ros2_data/include/ros2_data/msg/detail
[0.997s] -- Up-to-date: /home/daniel/dev_ws/install/ros2_data/include/ros2_data/msg/detail/joint_pose__type_support.h
[0.997s] -- Up-to-date: /home/daniel/dev_ws/install/ros2_data/include/ros2_data/msg/detail/joint_pose__functions.h
[0.997s] -- Up-to-date: /home/daniel/dev_ws/install/ros2_data/include/ros2_data/msg/detail/joint_pose_s__functions.h
[0.997s] -- Up-to-date: /home/daniel/dev_ws/install/ros2_data/include/ros2_data/msg/detail/joint_pose__functions.c
[0.997s] -- Up-to-date: /home/daniel/dev_ws/install/ros2_data/include/ros2_data/msg/detail/joint_pose__struct.h
[0.997s] -- Up-to-date: /home/daniel/dev_ws/install/ros2_data/include/ros2_data/msg/detail/joint_pose_s__struct.h
[0.997s] -- Up-to-date: /home/daniel/dev_ws/install/ros2_data/include/ros2_data/msg/detail/joint_pose_s__type_support.h
[0.998s] -- Up-to-date: /home/daniel/dev_ws/install/ros2_data/include/ros2_data/msg/detail/joint_pose_s__functions.c
[0.998s] -- Up-to-date: /home/daniel/dev_ws/install/ros2_data/include/ros2_data/action
[0.998s] -- Up-to-date: /home/daniel/dev_ws/install/ros2_data/include/ros2_data/action/move_js.h
[0.998s] -- Up-to-date: /home/daniel/dev_ws/install/ros2_data/include/ros2_data/action/move_xyz.h
[0.998s] -- Up-to-date: /home/daniel/dev_ws/install/ros2_data/include/ros2_data/action/move_j.h
[0.998s] -- Up-to-date: /home/daniel/dev_ws/install/ros2_data/include/ros2_data/action/move_xyzw.h
[0.999s] -- Up-to-date: /home/daniel/dev_ws/install/ros2_data/include/ros2_data/action/move_rot.h
[0.999s] -- Up-to-date: /home/daniel/dev_ws/install/ros2_data/include/ros2_data/action/move_g.h
[0.999s] -- Up-to-date: /home/daniel/dev_ws/install/ros2_data/include/ros2_data/action/move_rp.h
[0.999s] -- Up-to-date: /home/daniel/dev_ws/install/ros2_data/include/ros2_data/action/move_r.h
[0.999s] -- Up-to-date: /home/daniel/dev_ws/install/ros2_data/include/ros2_data/action/move_l.h
[1.000s] -- Up-to-date: /home/daniel/dev_ws/install/ros2_data/include/ros2_data/action/detail
[1.000s] -- Up-to-date: /home/daniel/dev_ws/install/ros2_data/include/ros2_data/action/detail/move_g__functions.h
[1.000s] -- Up-to-date: /home/daniel/dev_ws/install/ros2_data/include/ros2_data/action/detail/move_rp__functions.c
[1.000s] -- Up-to-date: /home/daniel/dev_ws/install/ros2_data/include/ros2_data/action/detail/move_r__functions.c
[1.000s] -- Up-to-date: /home/daniel/dev_ws/install/ros2_data/include/ros2_data/action/detail/move_r__functions.h
[1.000s] -- Up-to-date: /home/daniel/dev_ws/install/ros2_data/include/ros2_data/action/detail/move_ypr__functions.c
[1.000s] -- Up-to-date: /home/daniel/dev_ws/install/ros2_data/include/ros2_data/action/detail/move_rp__type_support.h
[1.000s] -- Up-to-date: /home/daniel/dev_ws/install/ros2_data/include/ros2_data/action/detail/move_rot__functions.c
[1.001s] -- Up-to-date: /home/daniel/dev_ws/install/ros2_data/include/ros2_data/action/detail/move_rot__type_support.h
[1.001s] -- Up-to-date: /home/daniel/dev_ws/install/ros2_data/include/ros2_data/action/detail/move_xyz__functions.c
[1.001s] -- Up-to-date: /home/daniel/dev_ws/install/ros2_data/include/ros2_data/action/detail/move_rp__functions.h
[1.001s] -- Up-to-date: /home/daniel/dev_ws/install/ros2_data/include/ros2_data/action/detail/move_xyz__struct.h
[1.002s] -- Up-to-date: /home/daniel/dev_ws/install/ros2_data/include/ros2_data/action/detail/move_js__functions.c
[1.002s] -- Up-to-date: /home/daniel/dev_ws/install/ros2_data/include/ros2_data/action/detail/move_j__type_support.h
[1.003s] -- Up-to-date: /home/daniel/dev_ws/install/ros2_data/include/ros2_data/action/detail/move_j__functions.c
[1.003s] -- Up-to-date: /home/daniel/dev_ws/install/ros2_data/include/ros2_data/action/detail/move_g__type_support.h
[1.003s] -- Up-to-date: /home/daniel/dev_ws/install/ros2_data/include/ros2_data/action/detail/move_ypr__functions.h
[1.003s] -- Up-to-date: /home/daniel/dev_ws/install/ros2_data/include/ros2_data/action/detail/move_js__functions.h
[1.003s] -- Up-to-date: /home/daniel/dev_ws/install/ros2_data/include/ros2_data/action/detail/move_l__type_support.h
[1.003s] -- Up-to-date: /home/daniel/dev_ws/install/ros2_data/include/ros2_data/action/detail/move_l__struct.h
[1.003s] -- Up-to-date: /home/daniel/dev_ws/install/ros2_data/include/ros2_data/action/detail/move_xyzw__functions.h
[1.003s] -- Up-to-date: /home/daniel/dev_ws/install/ros2_data/include/ros2_data/action/detail/move_xyz__functions.h
[1.003s] -- Up-to-date: /home/daniel/dev_ws/install/ros2_data/include/ros2_data/action/detail/move_g__struct.h
[1.003s] -- Up-to-date: /home/daniel/dev_ws/install/ros2_data/include/ros2_data/action/detail/move_l__functions.h
[1.003s] -- Up-to-date: /home/daniel/dev_ws/install/ros2_data/include/ros2_data/action/detail/move_ypr__type_support.h
[1.004s] -- Up-to-date: /home/daniel/dev_ws/install/ros2_data/include/ros2_data/action/detail/move_j__struct.h
[1.004s] -- Up-to-date: /home/daniel/dev_ws/install/ros2_data/include/ros2_data/action/detail/move_xyzw__struct.h
[1.004s] -- Up-to-date: /home/daniel/dev_ws/install/ros2_data/include/ros2_data/action/detail/move_xyzw__functions.c
[1.004s] -- Up-to-date: /home/daniel/dev_ws/install/ros2_data/include/ros2_data/action/detail/move_rot__functions.h
[1.004s] -- Up-to-date: /home/daniel/dev_ws/install/ros2_data/include/ros2_data/action/detail/move_r__type_support.h
[1.004s] -- Up-to-date: /home/daniel/dev_ws/install/ros2_data/include/ros2_data/action/detail/move_r__struct.h
[1.004s] -- Up-to-date: /home/daniel/dev_ws/install/ros2_data/include/ros2_data/action/detail/move_ypr__struct.h
[1.004s] -- Up-to-date: /home/daniel/dev_ws/install/ros2_data/include/ros2_data/action/detail/move_g__functions.c
[1.004s] -- Up-to-date: /home/daniel/dev_ws/install/ros2_data/include/ros2_data/action/detail/move_rot__struct.h
[1.004s] -- Up-to-date: /home/daniel/dev_ws/install/ros2_data/include/ros2_data/action/detail/move_xyzw__type_support.h
[1.004s] -- Up-to-date: /home/daniel/dev_ws/install/ros2_data/include/ros2_data/action/detail/move_xyz__type_support.h
[1.004s] -- Up-to-date: /home/daniel/dev_ws/install/ros2_data/include/ros2_data/action/detail/move_rp__struct.h
[1.004s] -- Up-to-date: /home/daniel/dev_ws/install/ros2_data/include/ros2_data/action/detail/move_j__functions.h
[1.005s] -- Up-to-date: /home/daniel/dev_ws/install/ros2_data/include/ros2_data/action/detail/move_l__functions.c
[1.005s] -- Up-to-date: /home/daniel/dev_ws/install/ros2_data/include/ros2_data/action/detail/move_js__type_support.h
[1.005s] -- Up-to-date: /home/daniel/dev_ws/install/ros2_data/include/ros2_data/action/detail/move_js__struct.h
[1.005s] -- Up-to-date: /home/daniel/dev_ws/install/ros2_data/include/ros2_data/action/move_ypr.h
[1.005s] -- Up-to-date: /home/daniel/dev_ws/install/ros2_data/share/ros2_data/environment/library_path.sh
[1.005s] -- Up-to-date: /home/daniel/dev_ws/install/ros2_data/share/ros2_data/environment/library_path.dsv
[1.005s] -- Up-to-date: /home/daniel/dev_ws/install/ros2_data/lib/libros2_data__rosidl_generator_c.so
[1.005s] -- Up-to-date: /home/daniel/dev_ws/install/ros2_data/include/ros2_data
[1.005s] -- Up-to-date: /home/daniel/dev_ws/install/ros2_data/include/ros2_data/msg
[1.005s] -- Up-to-date: /home/daniel/dev_ws/install/ros2_data/include/ros2_data/msg/rosidl_typesupport_fastrtps_c__visibility_control.h
[1.005s] -- Up-to-date: /home/daniel/dev_ws/install/ros2_data/include/ros2_data/msg/detail
[1.005s] -- Up-to-date: /home/daniel/dev_ws/install/ros2_data/include/ros2_data/msg/detail/joint_pose__rosidl_typesupport_fastrtps_c.h
[1.005s] -- Up-to-date: /home/daniel/dev_ws/install/ros2_data/include/ros2_data/msg/detail/joint_pose_s__rosidl_typesupport_fastrtps_c.h
[1.005s] -- Up-to-date: /home/daniel/dev_ws/install/ros2_data/include/ros2_data/action
[1.005s] -- Up-to-date: /home/daniel/dev_ws/install/ros2_data/include/ros2_data/action/detail
[1.006s] -- Up-to-date: /home/daniel/dev_ws/install/ros2_data/include/ros2_data/action/detail/move_xyz__rosidl_typesupport_fastrtps_c.h
[1.006s] -- Up-to-date: /home/daniel/dev_ws/install/ros2_data/include/ros2_data/action/detail/move_ypr__rosidl_typesupport_fastrtps_c.h
[1.006s] -- Up-to-date: /home/daniel/dev_ws/install/ros2_data/include/ros2_data/action/detail/move_r__rosidl_typesupport_fastrtps_c.h
[1.006s] -- Up-to-date: /home/daniel/dev_ws/install/ros2_data/include/ros2_data/action/detail/move_j__rosidl_typesupport_fastrtps_c.h
[1.006s] -- Up-to-date: /home/daniel/dev_ws/install/ros2_data/include/ros2_data/action/detail/move_g__rosidl_typesupport_fastrtps_c.h
[1.006s] -- Up-to-date: /home/daniel/dev_ws/install/ros2_data/include/ros2_data/action/detail/move_xyzw__rosidl_typesupport_fastrtps_c.h
[1.006s] -- Up-to-date: /home/daniel/dev_ws/install/ros2_data/include/ros2_data/action/detail/move_js__rosidl_typesupport_fastrtps_c.h
[1.006s] -- Up-to-date: /home/daniel/dev_ws/install/ros2_data/include/ros2_data/action/detail/move_l__rosidl_typesupport_fastrtps_c.h
[1.006s] -- Up-to-date: /home/daniel/dev_ws/install/ros2_data/include/ros2_data/action/detail/move_rot__rosidl_typesupport_fastrtps_c.h
[1.006s] -- Up-to-date: /home/daniel/dev_ws/install/ros2_data/include/ros2_data/action/detail/move_rp__rosidl_typesupport_fastrtps_c.h
[1.006s] -- Up-to-date: /home/daniel/dev_ws/install/ros2_data/lib/libros2_data__rosidl_typesupport_fastrtps_c.so
[1.006s] -- Up-to-date: /home/daniel/dev_ws/install/ros2_data/include/ros2_data
[1.006s] -- Up-to-date: /home/daniel/dev_ws/install/ros2_data/include/ros2_data/msg
[1.006s] -- Up-to-date: /home/daniel/dev_ws/install/ros2_data/include/ros2_data/msg/rosidl_typesupport_fastrtps_cpp__visibility_control.h
[1.006s] -- Up-to-date: /home/daniel/dev_ws/install/ros2_data/include/ros2_data/msg/detail
[1.006s] -- Up-to-date: /home/daniel/dev_ws/install/ros2_data/include/ros2_data/msg/detail/joint_pose_s__rosidl_typesupport_fastrtps_cpp.hpp
[1.007s] -- Up-to-date: /home/daniel/dev_ws/install/ros2_data/include/ros2_data/msg/detail/dds_fastrtps
[1.007s] -- Up-to-date: /home/daniel/dev_ws/install/ros2_data/include/ros2_data/msg/detail/joint_pose__rosidl_typesupport_fastrtps_cpp.hpp
[1.007s] -- Up-to-date: /home/daniel/dev_ws/install/ros2_data/include/ros2_data/action
[1.007s] -- Up-to-date: /home/daniel/dev_ws/install/ros2_data/include/ros2_data/action/detail
[1.007s] -- Up-to-date: /home/daniel/dev_ws/install/ros2_data/include/ros2_data/action/detail/move_rot__rosidl_typesupport_fastrtps_cpp.hpp
[1.007s] -- Up-to-date: /home/daniel/dev_ws/install/ros2_data/include/ros2_data/action/detail/move_rp__rosidl_typesupport_fastrtps_cpp.hpp
[1.007s] -- Up-to-date: /home/daniel/dev_ws/install/ros2_data/include/ros2_data/action/detail/move_j__rosidl_typesupport_fastrtps_cpp.hpp
[1.007s] -- Up-to-date: /home/daniel/dev_ws/install/ros2_data/include/ros2_data/action/detail/move_ypr__rosidl_typesupport_fastrtps_cpp.hpp
[1.007s] -- Up-to-date: /home/daniel/dev_ws/install/ros2_data/include/ros2_data/action/detail/move_g__rosidl_typesupport_fastrtps_cpp.hpp
[1.007s] -- Up-to-date: /home/daniel/dev_ws/install/ros2_data/include/ros2_data/action/detail/move_js__rosidl_typesupport_fastrtps_cpp.hpp
[1.007s] -- Up-to-date: /home/daniel/dev_ws/install/ros2_data/include/ros2_data/action/detail/move_xyzw__rosidl_typesupport_fastrtps_cpp.hpp
[1.007s] -- Up-to-date: /home/daniel/dev_ws/install/ros2_data/include/ros2_data/action/detail/move_l__rosidl_typesupport_fastrtps_cpp.hpp
[1.007s] -- Up-to-date: /home/daniel/dev_ws/install/ros2_data/include/ros2_data/action/detail/move_xyz__rosidl_typesupport_fastrtps_cpp.hpp
[1.007s] -- Up-to-date: /home/daniel/dev_ws/install/ros2_data/include/ros2_data/action/detail/dds_fastrtps
[1.007s] -- Up-to-date: /home/daniel/dev_ws/install/ros2_data/include/ros2_data/action/detail/move_r__rosidl_typesupport_fastrtps_cpp.hpp
[1.008s] -- Up-to-date: /home/daniel/dev_ws/install/ros2_data/lib/libros2_data__rosidl_typesupport_fastrtps_cpp.so
[1.008s] -- Up-to-date: /home/daniel/dev_ws/install/ros2_data/include/ros2_data
[1.008s] -- Up-to-date: /home/daniel/dev_ws/install/ros2_data/include/ros2_data/msg
[1.008s] -- Up-to-date: /home/daniel/dev_ws/install/ros2_data/include/ros2_data/msg/rosidl_typesupport_introspection_c__visibility_control.h
[1.008s] -- Up-to-date: /home/daniel/dev_ws/install/ros2_data/include/ros2_data/msg/detail
[1.008s] -- Up-to-date: /home/daniel/dev_ws/install/ros2_data/include/ros2_data/msg/detail/joint_pose__rosidl_typesupport_introspection_c.h
[1.008s] -- Up-to-date: /home/daniel/dev_ws/install/ros2_data/include/ros2_data/msg/detail/joint_pose__type_support.c
[1.008s] -- Up-to-date: /home/daniel/dev_ws/install/ros2_data/include/ros2_data/msg/detail/joint_pose_s__type_support.c
[1.008s] -- Up-to-date: /home/daniel/dev_ws/install/ros2_data/include/ros2_data/msg/detail/joint_pose_s__rosidl_typesupport_introspection_c.h
[1.008s] -- Up-to-date: /home/daniel/dev_ws/install/ros2_data/include/ros2_data/action
[1.008s] -- Up-to-date: /home/daniel/dev_ws/install/ros2_data/include/ros2_data/action/detail
[1.008s] -- Up-to-date: /home/daniel/dev_ws/install/ros2_data/include/ros2_data/action/detail/move_js__type_support.c
[1.008s] -- Up-to-date: /home/daniel/dev_ws/install/ros2_data/include/ros2_data/action/detail/move_j__type_support.c
[1.008s] -- Up-to-date: /home/daniel/dev_ws/install/ros2_data/include/ros2_data/action/detail/move_g__type_support.c
[1.008s] -- Up-to-date: /home/daniel/dev_ws/install/ros2_data/include/ros2_data/action/detail/move_l__rosidl_typesupport_introspection_c.h
[1.009s] -- Up-to-date: /home/daniel/dev_ws/install/ros2_data/include/ros2_data/action/detail/move_xyz__type_support.c
[1.009s] -- Up-to-date: /home/daniel/dev_ws/install/ros2_data/include/ros2_data/action/detail/move_j__rosidl_typesupport_introspection_c.h
[1.009s] -- Up-to-date: /home/daniel/dev_ws/install/ros2_data/include/ros2_data/action/detail/move_rot__rosidl_typesupport_introspection_c.h
[1.009s] -- Up-to-date: /home/daniel/dev_ws/install/ros2_data/include/ros2_data/action/detail/move_xyzw__rosidl_typesupport_introspection_c.h
[1.009s] -- Up-to-date: /home/daniel/dev_ws/install/ros2_data/include/ros2_data/action/detail/move_js__rosidl_typesupport_introspection_c.h
[1.009s] -- Up-to-date: /home/daniel/dev_ws/install/ros2_data/include/ros2_data/action/detail/move_xyz__rosidl_typesupport_introspection_c.h
[1.009s] -- Up-to-date: /home/daniel/dev_ws/install/ros2_data/include/ros2_data/action/detail/move_l__type_support.c
[1.009s] -- Up-to-date: /home/daniel/dev_ws/install/ros2_data/include/ros2_data/action/detail/move_r__type_support.c
[1.009s] -- Up-to-date: /home/daniel/dev_ws/install/ros2_data/include/ros2_data/action/detail/move_g__rosidl_typesupport_introspection_c.h
[1.009s] -- Up-to-date: /home/daniel/dev_ws/install/ros2_data/include/ros2_data/action/detail/move_xyzw__type_support.c
[1.009s] -- Up-to-date: /home/daniel/dev_ws/install/ros2_data/include/ros2_data/action/detail/move_r__rosidl_typesupport_introspection_c.h
[1.009s] -- Up-to-date: /home/daniel/dev_ws/install/ros2_data/include/ros2_data/action/detail/move_rp__rosidl_typesupport_introspection_c.h
[1.009s] -- Up-to-date: /home/daniel/dev_ws/install/ros2_data/include/ros2_data/action/detail/move_ypr__type_support.c
[1.009s] -- Up-to-date: /home/daniel/dev_ws/install/ros2_data/include/ros2_data/action/detail/move_ypr__rosidl_typesupport_introspection_c.h
[1.010s] -- Up-to-date: /home/daniel/dev_ws/install/ros2_data/include/ros2_data/action/detail/move_rp__type_support.c
[1.010s] -- Up-to-date: /home/daniel/dev_ws/install/ros2_data/include/ros2_data/action/detail/move_rot__type_support.c
[1.010s] -- Up-to-date: /home/daniel/dev_ws/install/ros2_data/lib/libros2_data__rosidl_typesupport_introspection_c.so
[1.010s] -- Up-to-date: /home/daniel/dev_ws/install/ros2_data/lib/libros2_data__rosidl_typesupport_c.so
[1.010s] -- Up-to-date: /home/daniel/dev_ws/install/ros2_data/include/ros2_data
[1.010s] -- Up-to-date: /home/daniel/dev_ws/install/ros2_data/include/ros2_data/msg
[1.010s] -- Up-to-date: /home/daniel/dev_ws/install/ros2_data/include/ros2_data/msg/joint_pose.hpp
[1.010s] -- Up-to-date: /home/daniel/dev_ws/install/ros2_data/include/ros2_data/msg/joint_pose_s.hpp
[1.010s] -- Up-to-date: /home/daniel/dev_ws/install/ros2_data/include/ros2_data/msg/detail
[1.011s] -- Up-to-date: /home/daniel/dev_ws/install/ros2_data/include/ros2_data/msg/detail/joint_pose_s__struct.hpp
[1.011s] -- Up-to-date: /home/daniel/dev_ws/install/ros2_data/include/ros2_data/msg/detail/joint_pose__builder.hpp
[1.011s] -- Up-to-date: /home/daniel/dev_ws/install/ros2_data/include/ros2_data/msg/detail/joint_pose__traits.hpp
[1.011s] -- Up-to-date: /home/daniel/dev_ws/install/ros2_data/include/ros2_data/msg/detail/joint_pose__struct.hpp
[1.011s] -- Up-to-date: /home/daniel/dev_ws/install/ros2_data/include/ros2_data/msg/detail/joint_pose_s__builder.hpp
[1.011s] -- Up-to-date: /home/daniel/dev_ws/install/ros2_data/include/ros2_data/msg/detail/joint_pose__type_support.hpp
[1.011s] -- Up-to-date: /home/daniel/dev_ws/install/ros2_data/include/ros2_data/msg/detail/joint_pose_s__traits.hpp
[1.011s] -- Up-to-date: /home/daniel/dev_ws/install/ros2_data/include/ros2_data/msg/detail/joint_pose_s__type_support.hpp
[1.012s] -- Up-to-date: /home/daniel/dev_ws/install/ros2_data/include/ros2_data/msg/rosidl_generator_cpp__visibility_control.hpp
[1.012s] -- Up-to-date: /home/daniel/dev_ws/install/ros2_data/include/ros2_data/action
[1.012s] -- Up-to-date: /home/daniel/dev_ws/install/ros2_data/include/ros2_data/action/move_g.hpp
[1.012s] -- Up-to-date: /home/daniel/dev_ws/install/ros2_data/include/ros2_data/action/move_r.hpp
[1.012s] -- Up-to-date: /home/daniel/dev_ws/install/ros2_data/include/ros2_data/action/move_l.hpp
[1.012s] -- Up-to-date: /home/daniel/dev_ws/install/ros2_data/include/ros2_data/action/move_js.hpp
[1.012s] -- Up-to-date: /home/daniel/dev_ws/install/ros2_data/include/ros2_data/action/move_ypr.hpp
[1.012s] -- Up-to-date: /home/daniel/dev_ws/install/ros2_data/include/ros2_data/action/move_xyzw.hpp
[1.012s] -- Up-to-date: /home/daniel/dev_ws/install/ros2_data/include/ros2_data/action/move_rot.hpp
[1.012s] -- Up-to-date: /home/daniel/dev_ws/install/ros2_data/include/ros2_data/action/move_j.hpp
[1.013s] -- Up-to-date: /home/daniel/dev_ws/install/ros2_data/include/ros2_data/action/move_xyz.hpp
[1.013s] -- Up-to-date: /home/daniel/dev_ws/install/ros2_data/include/ros2_data/action/detail
[1.013s] -- Up-to-date: /home/daniel/dev_ws/install/ros2_data/include/ros2_data/action/detail/move_ypr__struct.hpp
[1.013s] -- Up-to-date: /home/daniel/dev_ws/install/ros2_data/include/ros2_data/action/detail/move_r__traits.hpp
[1.013s] -- Up-to-date: /home/daniel/dev_ws/install/ros2_data/include/ros2_data/action/detail/move_l__traits.hpp
[1.013s] -- Up-to-date: /home/daniel/dev_ws/install/ros2_data/include/ros2_data/action/detail/move_ypr__type_support.hpp
[1.013s] -- Up-to-date: /home/daniel/dev_ws/install/ros2_data/include/ros2_data/action/detail/move_js__struct.hpp
[1.013s] -- Up-to-date: /home/daniel/dev_ws/install/ros2_data/include/ros2_data/action/detail/move_l__type_support.hpp
[1.013s] -- Up-to-date: /home/daniel/dev_ws/install/ros2_data/include/ros2_data/action/detail/move_xyzw__builder.hpp
[1.013s] -- Up-to-date: /home/daniel/dev_ws/install/ros2_data/include/ros2_data/action/detail/move_r__builder.hpp
[1.013s] -- Up-to-date: /home/daniel/dev_ws/install/ros2_data/include/ros2_data/action/detail/move_js__traits.hpp
[1.013s] -- Up-to-date: /home/daniel/dev_ws/install/ros2_data/include/ros2_data/action/detail/move_j__traits.hpp
[1.013s] -- Up-to-date: /home/daniel/dev_ws/install/ros2_data/include/ros2_data/action/detail/move_g__struct.hpp
[1.013s] -- Up-to-date: /home/daniel/dev_ws/install/ros2_data/include/ros2_data/action/detail/move_l__builder.hpp
[1.013s] -- Up-to-date: /home/daniel/dev_ws/install/ros2_data/include/ros2_data/action/detail/move_rot__type_support.hpp
[1.014s] -- Up-to-date: /home/daniel/dev_ws/install/ros2_data/include/ros2_data/action/detail/move_rp__type_support.hpp
[1.014s] -- Up-to-date: /home/daniel/dev_ws/install/ros2_data/include/ros2_data/action/detail/move_rot__traits.hpp
[1.014s] -- Up-to-date: /home/daniel/dev_ws/install/ros2_data/include/ros2_data/action/detail/move_xyzw__type_support.hpp
[1.014s] -- Up-to-date: /home/daniel/dev_ws/install/ros2_data/include/ros2_data/action/detail/move_l__struct.hpp
[1.014s] -- Up-to-date: /home/daniel/dev_ws/install/ros2_data/include/ros2_data/action/detail/move_xyzw__struct.hpp
[1.014s] -- Up-to-date: /home/daniel/dev_ws/install/ros2_data/include/ros2_data/action/detail/move_xyz__builder.hpp
[1.014s] -- Up-to-date: /home/daniel/dev_ws/install/ros2_data/include/ros2_data/action/detail/move_xyz__struct.hpp
[1.014s] -- Up-to-date: /home/daniel/dev_ws/install/ros2_data/include/ros2_data/action/detail/move_rp__builder.hpp
[1.014s] -- Up-to-date: /home/daniel/dev_ws/install/ros2_data/include/ros2_data/action/detail/move_j__builder.hpp
[1.014s] -- Up-to-date: /home/daniel/dev_ws/install/ros2_data/include/ros2_data/action/detail/move_rot__builder.hpp
[1.014s] -- Up-to-date: /home/daniel/dev_ws/install/ros2_data/include/ros2_data/action/detail/move_js__builder.hpp
[1.014s] -- Up-to-date: /home/daniel/dev_ws/install/ros2_data/include/ros2_data/action/detail/move_r__type_support.hpp
[1.014s] -- Up-to-date: /home/daniel/dev_ws/install/ros2_data/include/ros2_data/action/detail/move_xyzw__traits.hpp
[1.014s] -- Up-to-date: /home/daniel/dev_ws/install/ros2_data/include/ros2_data/action/detail/move_rp__struct.hpp
[1.014s] -- Up-to-date: /home/daniel/dev_ws/install/ros2_data/include/ros2_data/action/detail/move_js__type_support.hpp
[1.015s] -- Up-to-date: /home/daniel/dev_ws/install/ros2_data/include/ros2_data/action/detail/move_rp__traits.hpp
[1.015s] -- Up-to-date: /home/daniel/dev_ws/install/ros2_data/include/ros2_data/action/detail/move_g__builder.hpp
[1.015s] -- Up-to-date: /home/daniel/dev_ws/install/ros2_data/include/ros2_data/action/detail/move_xyz__traits.hpp
[1.015s] -- Up-to-date: /home/daniel/dev_ws/install/ros2_data/include/ros2_data/action/detail/move_j__struct.hpp
[1.015s] -- Up-to-date: /home/daniel/dev_ws/install/ros2_data/include/ros2_data/action/detail/move_j__type_support.hpp
[1.015s] -- Up-to-date: /home/daniel/dev_ws/install/ros2_data/include/ros2_data/action/detail/move_r__struct.hpp
[1.015s] -- Up-to-date: /home/daniel/dev_ws/install/ros2_data/include/ros2_data/action/detail/move_rot__struct.hpp
[1.015s] -- Up-to-date: /home/daniel/dev_ws/install/ros2_data/include/ros2_data/action/detail/move_g__type_support.hpp
[1.015s] -- Up-to-date: /home/daniel/dev_ws/install/ros2_data/include/ros2_data/action/detail/move_ypr__traits.hpp
[1.015s] -- Up-to-date: /home/daniel/dev_ws/install/ros2_data/include/ros2_data/action/detail/move_g__traits.hpp
[1.015s] -- Up-to-date: /home/daniel/dev_ws/install/ros2_data/include/ros2_data/action/detail/move_ypr__builder.hpp
[1.015s] -- Up-to-date: /home/daniel/dev_ws/install/ros2_data/include/ros2_data/action/detail/move_xyz__type_support.hpp
[1.015s] -- Up-to-date: /home/daniel/dev_ws/install/ros2_data/include/ros2_data/action/move_rp.hpp
[1.015s] -- Up-to-date: /home/daniel/dev_ws/install/ros2_data/include/ros2_data
[1.015s] -- Up-to-date: /home/daniel/dev_ws/install/ros2_data/include/ros2_data/msg
[1.015s] -- Up-to-date: /home/daniel/dev_ws/install/ros2_data/include/ros2_data/msg/detail
[1.016s] -- Up-to-date: /home/daniel/dev_ws/install/ros2_data/include/ros2_data/msg/detail/joint_pose__type_support.cpp
[1.016s] -- Up-to-date: /home/daniel/dev_ws/install/ros2_data/include/ros2_data/msg/detail/joint_pose_s__type_support.cpp
[1.016s] -- Up-to-date: /home/daniel/dev_ws/install/ros2_data/include/ros2_data/msg/detail/joint_pose_s__rosidl_typesupport_introspection_cpp.hpp
[1.016s] -- Up-to-date: /home/daniel/dev_ws/install/ros2_data/include/ros2_data/msg/detail/joint_pose__rosidl_typesupport_introspection_cpp.hpp
[1.016s] -- Up-to-date: /home/daniel/dev_ws/install/ros2_data/include/ros2_data/action
[1.016s] -- Up-to-date: /home/daniel/dev_ws/install/ros2_data/include/ros2_data/action/detail
[1.016s] -- Up-to-date: /home/daniel/dev_ws/install/ros2_data/include/ros2_data/action/detail/move_ypr__type_support.cpp
[1.016s] -- Up-to-date: /home/daniel/dev_ws/install/ros2_data/include/ros2_data/action/detail/move_l__rosidl_typesupport_introspection_cpp.hpp
[1.016s] -- Up-to-date: /home/daniel/dev_ws/install/ros2_data/include/ros2_data/action/detail/move_j__rosidl_typesupport_introspection_cpp.hpp
[1.016s] -- Up-to-date: /home/daniel/dev_ws/install/ros2_data/include/ros2_data/action/detail/move_rot__type_support.cpp
[1.016s] -- Up-to-date: /home/daniel/dev_ws/install/ros2_data/include/ros2_data/action/detail/move_g__rosidl_typesupport_introspection_cpp.hpp
[1.016s] -- Up-to-date: /home/daniel/dev_ws/install/ros2_data/include/ros2_data/action/detail/move_rp__rosidl_typesupport_introspection_cpp.hpp
[1.016s] -- Up-to-date: /home/daniel/dev_ws/install/ros2_data/include/ros2_data/action/detail/move_js__rosidl_typesupport_introspection_cpp.hpp
[1.016s] -- Up-to-date: /home/daniel/dev_ws/install/ros2_data/include/ros2_data/action/detail/move_rot__rosidl_typesupport_introspection_cpp.hpp
[1.017s] -- Up-to-date: /home/daniel/dev_ws/install/ros2_data/include/ros2_data/action/detail/move_r__rosidl_typesupport_introspection_cpp.hpp
[1.017s] -- Up-to-date: /home/daniel/dev_ws/install/ros2_data/include/ros2_data/action/detail/move_js__type_support.cpp
[1.017s] -- Up-to-date: /home/daniel/dev_ws/install/ros2_data/include/ros2_data/action/detail/move_xyzw__type_support.cpp
[1.017s] -- Up-to-date: /home/daniel/dev_ws/install/ros2_data/include/ros2_data/action/detail/move_xyzw__rosidl_typesupport_introspection_cpp.hpp
[1.017s] -- Up-to-date: /home/daniel/dev_ws/install/ros2_data/include/ros2_data/action/detail/move_l__type_support.cpp
[1.017s] -- Up-to-date: /home/daniel/dev_ws/install/ros2_data/include/ros2_data/action/detail/move_r__type_support.cpp
[1.017s] -- Up-to-date: /home/daniel/dev_ws/install/ros2_data/include/ros2_data/action/detail/move_g__type_support.cpp
[1.017s] -- Up-to-date: /home/daniel/dev_ws/install/ros2_data/include/ros2_data/action/detail/move_xyz__type_support.cpp
[1.017s] -- Up-to-date: /home/daniel/dev_ws/install/ros2_data/include/ros2_data/action/detail/move_rp__type_support.cpp
[1.017s] -- Up-to-date: /home/daniel/dev_ws/install/ros2_data/include/ros2_data/action/detail/move_ypr__rosidl_typesupport_introspection_cpp.hpp
[1.017s] -- Up-to-date: /home/daniel/dev_ws/install/ros2_data/include/ros2_data/action/detail/move_j__type_support.cpp
[1.017s] -- Up-to-date: /home/daniel/dev_ws/install/ros2_data/include/ros2_data/action/detail/move_xyz__rosidl_typesupport_introspection_cpp.hpp
[1.017s] -- Up-to-date: /home/daniel/dev_ws/install/ros2_data/lib/libros2_data__rosidl_typesupport_introspection_cpp.so
[1.017s] -- Up-to-date: /home/daniel/dev_ws/install/ros2_data/lib/libros2_data__rosidl_typesupport_cpp.so
[1.017s] -- Up-to-date: /home/daniel/dev_ws/install/ros2_data/share/ros2_data/environment/pythonpath.sh
[1.017s] -- Up-to-date: /home/daniel/dev_ws/install/ros2_data/share/ros2_data/environment/pythonpath.dsv
[1.018s] -- Up-to-date: /home/daniel/dev_ws/install/ros2_data/lib/python3.8/site-packages/ros2_data/__init__.py
[1.045s] -- Up-to-date: /home/daniel/dev_ws/install/ros2_data/lib/python3.8/site-packages/ros2_data/msg
[1.045s] -- Up-to-date: /home/daniel/dev_ws/install/ros2_data/lib/python3.8/site-packages/ros2_data/msg/__init__.py
[1.045s] -- Up-to-date: /home/daniel/dev_ws/install/ros2_data/lib/python3.8/site-packages/ros2_data/msg/_joint_pose_s.c
[1.046s] -- Up-to-date: /home/daniel/dev_ws/install/ros2_data/lib/python3.8/site-packages/ros2_data/msg/_joint_pose.py
[1.046s] -- Up-to-date: /home/daniel/dev_ws/install/ros2_data/lib/python3.8/site-packages/ros2_data/msg/_joint_pose_s_s.c
[1.046s] -- Up-to-date: /home/daniel/dev_ws/install/ros2_data/lib/python3.8/site-packages/ros2_data/msg/_joint_pose_s.py
[1.046s] -- Up-to-date: /home/daniel/dev_ws/install/ros2_data/lib/python3.8/site-packages/ros2_data/action
[1.046s] -- Up-to-date: /home/daniel/dev_ws/install/ros2_data/lib/python3.8/site-packages/ros2_data/action/_move_ypr.py
[1.046s] -- Up-to-date: /home/daniel/dev_ws/install/ros2_data/lib/python3.8/site-packages/ros2_data/action/_move_xyzw_s.c
[1.046s] -- Up-to-date: /home/daniel/dev_ws/install/ros2_data/lib/python3.8/site-packages/ros2_data/action/_move_g_s.c
[1.046s] -- Up-to-date: /home/daniel/dev_ws/install/ros2_data/lib/python3.8/site-packages/ros2_data/action/_move_rp.py
[1.046s] -- Up-to-date: /home/daniel/dev_ws/install/ros2_data/lib/python3.8/site-packages/ros2_data/action/_move_js.py
[1.046s] -- Up-to-date: /home/daniel/dev_ws/install/ros2_data/lib/python3.8/site-packages/ros2_data/action/_move_r_s.c
[1.046s] -- Up-to-date: /home/daniel/dev_ws/install/ros2_data/lib/python3.8/site-packages/ros2_data/action/_move_xyz_s.c
[1.046s] -- Up-to-date: /home/daniel/dev_ws/install/ros2_data/lib/python3.8/site-packages/ros2_data/action/_move_rot_s.c
[1.046s] -- Up-to-date: /home/daniel/dev_ws/install/ros2_data/lib/python3.8/site-packages/ros2_data/action/_move_xyzw.py
[1.046s] -- Up-to-date: /home/daniel/dev_ws/install/ros2_data/lib/python3.8/site-packages/ros2_data/action/__init__.py
[1.046s] -- Up-to-date: /home/daniel/dev_ws/install/ros2_data/lib/python3.8/site-packages/ros2_data/action/_move_js_s.c
[1.047s] -- Up-to-date: /home/daniel/dev_ws/install/ros2_data/lib/python3.8/site-packages/ros2_data/action/_move_rot.py
[1.047s] -- Up-to-date: /home/daniel/dev_ws/install/ros2_data/lib/python3.8/site-packages/ros2_data/action/_move_r.py
[1.047s] -- Up-to-date: /home/daniel/dev_ws/install/ros2_data/lib/python3.8/site-packages/ros2_data/action/_move_g.py
[1.047s] -- Up-to-date: /home/daniel/dev_ws/install/ros2_data/lib/python3.8/site-packages/ros2_data/action/_move_rp_s.c
[1.047s] -- Up-to-date: /home/daniel/dev_ws/install/ros2_data/lib/python3.8/site-packages/ros2_data/action/_move_j.py
[1.047s] -- Up-to-date: /home/daniel/dev_ws/install/ros2_data/lib/python3.8/site-packages/ros2_data/action/_move_j_s.c
[1.047s] -- Up-to-date: /home/daniel/dev_ws/install/ros2_data/lib/python3.8/site-packages/ros2_data/action/_move_l_s.c
[1.047s] -- Up-to-date: /home/daniel/dev_ws/install/ros2_data/lib/python3.8/site-packages/ros2_data/action/_move_l.py
[1.047s] -- Up-to-date: /home/daniel/dev_ws/install/ros2_data/lib/python3.8/site-packages/ros2_data/action/_move_xyz.py
[1.047s] -- Up-to-date: /home/daniel/dev_ws/install/ros2_data/lib/python3.8/site-packages/ros2_data/action/_move_ypr_s.c
[1.047s] -- Up-to-date: /home/daniel/dev_ws/install/ros2_data/lib/python3.8/site-packages/ros2_data/ros2_data_s__rosidl_typesupport_fastrtps_c.cpython-38-x86_64-linux-gnu.so
[1.047s] -- Up-to-date: /home/daniel/dev_ws/install/ros2_data/lib/python3.8/site-packages/ros2_data/ros2_data_s__rosidl_typesupport_introspection_c.cpython-38-x86_64-linux-gnu.so
[1.047s] -- Up-to-date: /home/daniel/dev_ws/install/ros2_data/lib/python3.8/site-packages/ros2_data/ros2_data_s__rosidl_typesupport_c.cpython-38-x86_64-linux-gnu.so
[1.048s] -- Up-to-date: /home/daniel/dev_ws/install/ros2_data/lib/libros2_data__python.so
[1.048s] -- Up-to-date: /home/daniel/dev_ws/install/ros2_data/share/ros2_data/msg/JointPose.idl
[1.048s] -- Up-to-date: /home/daniel/dev_ws/install/ros2_data/share/ros2_data/msg/JointPoseS.idl
[1.048s] -- Up-to-date: /home/daniel/dev_ws/install/ros2_data/share/ros2_data/action/MoveJ.idl
[1.048s] -- Up-to-date: /home/daniel/dev_ws/install/ros2_data/share/ros2_data/action/MoveJs.idl
[1.049s] -- Up-to-date: /home/daniel/dev_ws/install/ros2_data/share/ros2_data/action/MoveG.idl
[1.049s] -- Up-to-date: /home/daniel/dev_ws/install/ros2_data/share/ros2_data/action/MoveXYZW.idl
[1.049s] -- Up-to-date: /home/daniel/dev_ws/install/ros2_data/share/ros2_data/action/MoveL.idl
[1.049s] -- Up-to-date: /home/daniel/dev_ws/install/ros2_data/share/ros2_data/action/MoveR.idl
[1.049s] -- Up-to-date: /home/daniel/dev_ws/install/ros2_data/share/ros2_data/action/MoveXYZ.idl
[1.049s] -- Up-to-date: /home/daniel/dev_ws/install/ros2_data/share/ros2_data/action/MoveYPR.idl
[1.049s] -- Up-to-date: /home/daniel/dev_ws/install/ros2_data/share/ros2_data/action/MoveROT.idl
[1.049s] -- Up-to-date: /home/daniel/dev_ws/install/ros2_data/share/ros2_data/action/MoveRP.idl
[1.049s] -- Up-to-date: /home/daniel/dev_ws/install/ros2_data/share/ros2_data/msg/JointPose.msg
[1.049s] -- Up-to-date: /home/daniel/dev_ws/install/ros2_data/share/ros2_data/msg/JointPoseS.msg
[1.050s] -- Up-to-date: /home/daniel/dev_ws/install/ros2_data/share/ros2_data/action/MoveJ.action
[1.050s] -- Up-to-date: /home/daniel/dev_ws/install/ros2_data/share/ros2_data/action/MoveJs.action
[1.050s] -- Up-to-date: /home/daniel/dev_ws/install/ros2_data/share/ros2_data/action/MoveG.action
[1.050s] -- Up-to-date: /home/daniel/dev_ws/install/ros2_data/share/ros2_data/action/MoveXYZW.action
[1.050s] -- Up-to-date: /home/daniel/dev_ws/install/ros2_data/share/ros2_data/action/MoveL.action
[1.050s] -- Up-to-date: /home/daniel/dev_ws/install/ros2_data/share/ros2_data/action/MoveR.action
[1.050s] -- Up-to-date: /home/daniel/dev_ws/install/ros2_data/share/ros2_data/action/MoveXYZ.action
[1.050s] -- Up-to-date: /home/daniel/dev_ws/install/ros2_data/share/ros2_data/action/MoveYPR.action
[1.050s] -- Up-to-date: /home/daniel/dev_ws/install/ros2_data/share/ros2_data/action/MoveROT.action
[1.050s] -- Up-to-date: /home/daniel/dev_ws/install/ros2_data/share/ros2_data/action/MoveRP.action
[1.050s] -- Up-to-date: /home/daniel/dev_ws/install/ros2_data/share/ament_index/resource_index/package_run_dependencies/ros2_data
[1.050s] -- Up-to-date: /home/daniel/dev_ws/install/ros2_data/share/ament_index/resource_index/parent_prefix_path/ros2_data
[1.051s] -- Up-to-date: /home/daniel/dev_ws/install/ros2_data/share/ros2_data/environment/ament_prefix_path.sh
[1.051s] -- Up-to-date: /home/daniel/dev_ws/install/ros2_data/share/ros2_data/environment/ament_prefix_path.dsv
[1.051s] -- Up-to-date: /home/daniel/dev_ws/install/ros2_data/share/ros2_data/environment/path.sh
[1.051s] -- Up-to-date: /home/daniel/dev_ws/install/ros2_data/share/ros2_data/environment/path.dsv
[1.051s] -- Up-to-date: /home/daniel/dev_ws/install/ros2_data/share/ros2_data/local_setup.bash
[1.051s] -- Up-to-date: /home/daniel/dev_ws/install/ros2_data/share/ros2_data/local_setup.sh
[1.051s] -- Up-to-date: /home/daniel/dev_ws/install/ros2_data/share/ros2_data/local_setup.zsh
[1.051s] -- Up-to-date: /home/daniel/dev_ws/install/ros2_data/share/ros2_data/local_setup.dsv
[1.051s] -- Installing: /home/daniel/dev_ws/install/ros2_data/share/ros2_data/package.dsv
[1.051s] -- Up-to-date: /home/daniel/dev_ws/install/ros2_data/share/ament_index/resource_index/packages/ros2_data
[1.052s] -- Up-to-date: /home/daniel/dev_ws/install/ros2_data/share/ros2_data/cmake/ros2_data__rosidl_generator_cExport.cmake
[1.052s] -- Up-to-date: /home/daniel/dev_ws/install/ros2_data/share/ros2_data/cmake/ros2_data__rosidl_generator_cExport-noconfig.cmake
[1.052s] -- Up-to-date: /home/daniel/dev_ws/install/ros2_data/share/ros2_data/cmake/ros2_data__rosidl_typesupport_introspection_cExport.cmake
[1.052s] -- Up-to-date: /home/daniel/dev_ws/install/ros2_data/share/ros2_data/cmake/ros2_data__rosidl_typesupport_introspection_cExport-noconfig.cmake
[1.052s] -- Up-to-date: /home/daniel/dev_ws/install/ros2_data/share/ros2_data/cmake/ros2_data__rosidl_typesupport_cExport.cmake
[1.052s] -- Up-to-date: /home/daniel/dev_ws/install/ros2_data/share/ros2_data/cmake/ros2_data__rosidl_typesupport_cExport-noconfig.cmake
[1.053s] -- Up-to-date: /home/daniel/dev_ws/install/ros2_data/share/ros2_data/cmake/ros2_data__rosidl_generator_cppExport.cmake
[1.053s] -- Up-to-date: /home/daniel/dev_ws/install/ros2_data/share/ros2_data/cmake/ros2_data__rosidl_typesupport_introspection_cppExport.cmake
[1.053s] -- Up-to-date: /home/daniel/dev_ws/install/ros2_data/share/ros2_data/cmake/ros2_data__rosidl_typesupport_introspection_cppExport-noconfig.cmake
[1.053s] -- Up-to-date: /home/daniel/dev_ws/install/ros2_data/share/ros2_data/cmake/ros2_data__rosidl_typesupport_cppExport.cmake
[1.053s] -- Up-to-date: /home/daniel/dev_ws/install/ros2_data/share/ros2_data/cmake/ros2_data__rosidl_typesupport_cppExport-noconfig.cmake
[1.053s] -- Up-to-date: /home/daniel/dev_ws/install/ros2_data/share/ros2_data/cmake/rosidl_cmake-extras.cmake
[1.053s] -- Up-to-date: /home/daniel/dev_ws/install/ros2_data/share/ros2_data/cmake/ament_cmake_export_dependencies-extras.cmake
[1.053s] -- Up-to-date: /home/daniel/dev_ws/install/ros2_data/share/ros2_data/cmake/ament_cmake_export_libraries-extras.cmake
[1.054s] -- Up-to-date: /home/daniel/dev_ws/install/ros2_data/share/ros2_data/cmake/ament_cmake_export_targets-extras.cmake
[1.054s] -- Up-to-date: /home/daniel/dev_ws/install/ros2_data/share/ros2_data/cmake/ament_cmake_export_include_directories-extras.cmake
[1.054s] -- Up-to-date: /home/daniel/dev_ws/install/ros2_data/share/ros2_data/cmake/rosidl_cmake_export_typesupport_libraries-extras.cmake
[1.054s] -- Up-to-date: /home/daniel/dev_ws/install/ros2_data/share/ros2_data/cmake/rosidl_cmake_export_typesupport_targets-extras.cmake
[1.054s] -- Up-to-date: /home/daniel/dev_ws/install/ros2_data/share/ros2_data/cmake/ros2_dataConfig.cmake
[1.055s] -- Up-to-date: /home/daniel/dev_ws/install/ros2_data/share/ros2_data/cmake/ros2_dataConfig-version.cmake
[1.055s] -- Up-to-date: /home/daniel/dev_ws/install/ros2_data/share/ros2_data/package.xml
[1.056s] Invoked command in '/home/daniel/dev_ws/build/ros2_data' returned '0': CMAKE_PREFIX_PATH=${CMAKE_PREFIX_PATH}:/home/daniel/dev_ws/install/robot_description:/home/daniel/dev_ws/install/my_doosan_pkg:/home/daniel/dev_ws/install/mobile_manipulator:/home/daniel/dev_ws/install/doosan_description:/home/daniel/dev_ws/install/bulldog_description:/opt/ros/foxy /usr/bin/cmake --install /home/daniel/dev_ws/build/ros2_data
