[1.377s] Invoking command in '/home/daniel/dev_ws/build/ur5_ros2_gazebo': CMAKE_PREFIX_PATH=/opt/ros/foxy /usr/bin/cmake --build /home/daniel/dev_ws/build/ur5_ros2_gazebo -- -j8 -l8
[1.826s] Invoked command in '/home/daniel/dev_ws/build/ur5_ros2_gazebo' returned '0': CMAKE_PREFIX_PATH=/opt/ros/foxy /usr/bin/cmake --build /home/daniel/dev_ws/build/ur5_ros2_gazebo -- -j8 -l8
[1.862s] Invoking command in '/home/daniel/dev_ws/build/ur5_ros2_gazebo': CMAKE_PREFIX_PATH=/opt/ros/foxy /usr/bin/cmake --install /home/daniel/dev_ws/build/ur5_ros2_gazebo
[1.892s] -- Install configuration: ""
[1.893s] -- Execute custom install script
[1.908s] -- Up-to-date symlink: /home/daniel/dev_ws/install/ur5_ros2_gazebo/share/ur5_ros2_gazebo/config/default_kinematics.yaml
[1.908s] -- Up-to-date symlink: /home/daniel/dev_ws/install/ur5_ros2_gazebo/share/ur5_ros2_gazebo/config/initial_positions.yaml
[1.909s] -- Up-to-date symlink: /home/daniel/dev_ws/install/ur5_ros2_gazebo/share/ur5_ros2_gazebo/config/joint_limits.yaml
[1.909s] -- Up-to-date symlink: /home/daniel/dev_ws/install/ur5_ros2_gazebo/share/ur5_ros2_gazebo/config/physical_parameters.yaml
[1.909s] -- Up-to-date symlink: /home/daniel/dev_ws/install/ur5_ros2_gazebo/share/ur5_ros2_gazebo/config/ur5_controller.yaml
[1.910s] -- Up-to-date symlink: /home/daniel/dev_ws/install/ur5_ros2_gazebo/share/ur5_ros2_gazebo/config/visual_parameters.yaml
[1.910s] -- Up-to-date symlink: /home/daniel/dev_ws/install/ur5_ros2_gazebo/share/ur5_ros2_gazebo/launch/rsp.launch.py
[1.910s] -- Up-to-date symlink: /home/daniel/dev_ws/install/ur5_ros2_gazebo/share/ur5_ros2_gazebo/launch/ur5_simulation.launch.py
[1.911s] -- Up-to-date symlink: /home/daniel/dev_ws/install/ur5_ros2_gazebo/share/ur5_ros2_gazebo/urdf/ur5.urdf.xacro
[1.911s] -- Up-to-date symlink: /home/daniel/dev_ws/install/ur5_ros2_gazebo/share/ur5_ros2_gazebo/urdf/ur5_common.xacro
[1.911s] -- Up-to-date symlink: /home/daniel/dev_ws/install/ur5_ros2_gazebo/share/ur5_ros2_gazebo/urdf/ur5_macro.urdf.xacro
[1.911s] -- Up-to-date symlink: /home/daniel/dev_ws/install/ur5_ros2_gazebo/share/ur5_ros2_gazebo/urdf/ur5_ros2control.xacro
[1.912s] -- Up-to-date symlink: /home/daniel/dev_ws/install/ur5_ros2_gazebo/share/ur5_ros2_gazebo/urdf/ur5_transmission.xacro
[1.912s] -- Up-to-date symlink: /home/daniel/dev_ws/install/ur5_ros2_gazebo/share/ur5_ros2_gazebo/worlds/ur5.world
[1.913s] -- Up-to-date symlink: /home/daniel/dev_ws/install/ur5_ros2_gazebo/share/ur5_ros2_gazebo/meshes/collision/base.stl
[1.913s] -- Up-to-date symlink: /home/daniel/dev_ws/install/ur5_ros2_gazebo/share/ur5_ros2_gazebo/meshes/collision/forearm.stl
[1.914s] -- Up-to-date symlink: /home/daniel/dev_ws/install/ur5_ros2_gazebo/share/ur5_ros2_gazebo/meshes/collision/shoulder.stl
[1.914s] -- Up-to-date symlink: /home/daniel/dev_ws/install/ur5_ros2_gazebo/share/ur5_ros2_gazebo/meshes/collision/upperarm.stl
[1.914s] -- Up-to-date symlink: /home/daniel/dev_ws/install/ur5_ros2_gazebo/share/ur5_ros2_gazebo/meshes/collision/wrist1.stl
[1.914s] -- Up-to-date symlink: /home/daniel/dev_ws/install/ur5_ros2_gazebo/share/ur5_ros2_gazebo/meshes/collision/wrist2.stl
[1.915s] -- Up-to-date symlink: /home/daniel/dev_ws/install/ur5_ros2_gazebo/share/ur5_ros2_gazebo/meshes/collision/wrist3.stl
[1.915s] -- Up-to-date symlink: /home/daniel/dev_ws/install/ur5_ros2_gazebo/share/ur5_ros2_gazebo/meshes/visual/base.dae
[1.915s] -- Up-to-date symlink: /home/daniel/dev_ws/install/ur5_ros2_gazebo/share/ur5_ros2_gazebo/meshes/visual/forearm.dae
[1.916s] -- Up-to-date symlink: /home/daniel/dev_ws/install/ur5_ros2_gazebo/share/ur5_ros2_gazebo/meshes/visual/shoulder.dae
[1.916s] -- Up-to-date symlink: /home/daniel/dev_ws/install/ur5_ros2_gazebo/share/ur5_ros2_gazebo/meshes/visual/upperarm.dae
[1.916s] -- Up-to-date symlink: /home/daniel/dev_ws/install/ur5_ros2_gazebo/share/ur5_ros2_gazebo/meshes/visual/wrist1.dae
[1.917s] -- Up-to-date symlink: /home/daniel/dev_ws/install/ur5_ros2_gazebo/share/ur5_ros2_gazebo/meshes/visual/wrist2.dae
[1.917s] -- Up-to-date symlink: /home/daniel/dev_ws/install/ur5_ros2_gazebo/share/ur5_ros2_gazebo/meshes/visual/wrist3.dae
[1.917s] -- Up-to-date symlink: /home/daniel/dev_ws/install/ur5_ros2_gazebo/share/ament_index/resource_index/package_run_dependencies/ur5_ros2_gazebo
[1.918s] -- Up-to-date symlink: /home/daniel/dev_ws/install/ur5_ros2_gazebo/share/ament_index/resource_index/parent_prefix_path/ur5_ros2_gazebo
[1.918s] -- Up-to-date symlink: /home/daniel/dev_ws/install/ur5_ros2_gazebo/share/ur5_ros2_gazebo/environment/ament_prefix_path.sh
[1.918s] -- Up-to-date symlink: /home/daniel/dev_ws/install/ur5_ros2_gazebo/share/ur5_ros2_gazebo/environment/ament_prefix_path.dsv
[1.919s] -- Up-to-date symlink: /home/daniel/dev_ws/install/ur5_ros2_gazebo/share/ur5_ros2_gazebo/environment/path.sh
[1.919s] -- Up-to-date symlink: /home/daniel/dev_ws/install/ur5_ros2_gazebo/share/ur5_ros2_gazebo/environment/path.dsv
[1.920s] -- Up-to-date symlink: /home/daniel/dev_ws/install/ur5_ros2_gazebo/share/ur5_ros2_gazebo/local_setup.bash
[1.920s] -- Up-to-date symlink: /home/daniel/dev_ws/install/ur5_ros2_gazebo/share/ur5_ros2_gazebo/local_setup.sh
[1.921s] -- Up-to-date symlink: /home/daniel/dev_ws/install/ur5_ros2_gazebo/share/ur5_ros2_gazebo/local_setup.zsh
[1.921s] -- Up-to-date symlink: /home/daniel/dev_ws/install/ur5_ros2_gazebo/share/ur5_ros2_gazebo/local_setup.dsv
[1.921s] -- Symlinking: /home/daniel/dev_ws/install/ur5_ros2_gazebo/share/ur5_ros2_gazebo/package.dsv
[1.934s] -- Up-to-date symlink: /home/daniel/dev_ws/install/ur5_ros2_gazebo/share/ament_index/resource_index/packages/ur5_ros2_gazebo
[1.935s] -- Up-to-date symlink: /home/daniel/dev_ws/install/ur5_ros2_gazebo/share/ur5_ros2_gazebo/cmake/ur5_ros2_gazeboConfig.cmake
[1.935s] -- Up-to-date symlink: /home/daniel/dev_ws/install/ur5_ros2_gazebo/share/ur5_ros2_gazebo/cmake/ur5_ros2_gazeboConfig-version.cmake
[1.936s] -- Up-to-date symlink: /home/daniel/dev_ws/install/ur5_ros2_gazebo/share/ur5_ros2_gazebo/package.xml
[1.939s] Invoked command in '/home/daniel/dev_ws/build/ur5_ros2_gazebo' returned '0': CMAKE_PREFIX_PATH=/opt/ros/foxy /usr/bin/cmake --install /home/daniel/dev_ws/build/ur5_ros2_gazebo
