[2.855s] DEBUG:colcon:Command line arguments: ['/usr/bin/colcon', 'build', '--symlink-install']
[2.856s] DEBUG:colcon:Parsed command line arguments: Namespace(allow_overriding=[], ament_cmake_args=None, base_paths=['.'], build_base='build', catkin_cmake_args=None, catkin_skip_building_tests=False, cmake_args=None, cmake_clean_cache=False, cmake_clean_first=False, cmake_force_configure=False, cmake_target=None, cmake_target_skip_unavailable=False, continue_on_error=False, event_handlers=None, executor='parallel', ignore_user_meta=False, install_base='install', log_base=None, log_level=None, main=<bound method BuildVerb.main of <colcon_core.verb.build.BuildVerb object at 0x7f5f97251fa0>>, merge_install=False, metas=['./colcon.meta'], packages_above=None, packages_above_and_dependencies=None, packages_above_depth=None, packages_end=None, packages_ignore=None, packages_ignore_regex=None, packages_select=None, packages_select_build_failed=False, packages_select_by_dep=None, packages_select_regex=None, packages_select_test_failures=False, packages_skip=None, packages_skip_build_finished=False, packages_skip_by_dep=None, packages_skip_regex=None, packages_skip_test_passed=False, packages_skip_up_to=None, packages_start=None, packages_up_to=None, packages_up_to_regex=None, parallel_workers=8, paths=None, symlink_install=True, test_result_base=None, verb_extension=<colcon_core.verb.build.BuildVerb object at 0x7f5f97251fa0>, verb_name='build', verb_parser=<colcon_defaults.argument_parser.defaults.DefaultArgumentsDecorator object at 0x7f5f972594f0>)
[2.984s] Level 1:colcon.colcon_core.package_discovery:discover_packages(colcon_meta) check parameters
[2.984s] Level 1:colcon.colcon_core.package_discovery:discover_packages(recursive) check parameters
[2.984s] Level 1:colcon.colcon_core.package_discovery:discover_packages(ignore) check parameters
[2.984s] Level 1:colcon.colcon_core.package_discovery:discover_packages(path) check parameters
[2.984s] Level 1:colcon.colcon_core.package_discovery:discover_packages(colcon_meta) discover
[2.984s] Level 1:colcon.colcon_core.package_discovery:discover_packages(recursive) discover
[2.984s] INFO:colcon.colcon_core.package_discovery:Crawling recursively for packages in '/home/daniel/dev_ws'
[2.984s] Level 1:colcon.colcon_core.package_identification:_identify(.) by extensions ['ignore', 'ignore_ament_install']
[2.985s] Level 1:colcon.colcon_core.package_identification:_identify(.) by extension 'ignore'
[2.985s] Level 1:colcon.colcon_core.package_identification:_identify(.) by extension 'ignore_ament_install'
[2.985s] Level 1:colcon.colcon_core.package_identification:_identify(.) by extensions ['colcon_pkg']
[2.985s] Level 1:colcon.colcon_core.package_identification:_identify(.) by extension 'colcon_pkg'
[2.985s] Level 1:colcon.colcon_core.package_identification:_identify(.) by extensions ['colcon_meta']
[2.985s] Level 1:colcon.colcon_core.package_identification:_identify(.) by extension 'colcon_meta'
[2.985s] Level 1:colcon.colcon_core.package_identification:_identify(.) by extensions ['ros']
[2.985s] Level 1:colcon.colcon_core.package_identification:_identify(.) by extension 'ros'
[2.995s] Level 1:colcon.colcon_core.package_identification:_identify(.) by extensions ['cmake', 'python']
[2.995s] Level 1:colcon.colcon_core.package_identification:_identify(.) by extension 'cmake'
[2.995s] Level 1:colcon.colcon_core.package_identification:_identify(.) by extension 'python'
[2.995s] Level 1:colcon.colcon_core.package_identification:_identify(.) by extensions ['python_setup_py']
[2.995s] Level 1:colcon.colcon_core.package_identification:_identify(.) by extension 'python_setup_py'
[2.995s] Level 1:colcon.colcon_core.package_identification:_identify(build) by extensions ['ignore', 'ignore_ament_install']
[2.995s] Level 1:colcon.colcon_core.package_identification:_identify(build) by extension 'ignore'
[2.996s] Level 1:colcon.colcon_core.package_identification:_identify(build) ignored
[2.996s] Level 1:colcon.colcon_core.package_identification:_identify(install) by extensions ['ignore', 'ignore_ament_install']
[2.996s] Level 1:colcon.colcon_core.package_identification:_identify(install) by extension 'ignore'
[2.996s] Level 1:colcon.colcon_core.package_identification:_identify(install) ignored
[2.996s] Level 1:colcon.colcon_core.package_identification:_identify(log) by extensions ['ignore', 'ignore_ament_install']
[2.996s] Level 1:colcon.colcon_core.package_identification:_identify(log) by extension 'ignore'
[2.996s] Level 1:colcon.colcon_core.package_identification:_identify(log) ignored
[2.996s] Level 1:colcon.colcon_core.package_identification:_identify(src) by extensions ['ignore', 'ignore_ament_install']
[2.996s] Level 1:colcon.colcon_core.package_identification:_identify(src) by extension 'ignore'
[2.997s] Level 1:colcon.colcon_core.package_identification:_identify(src) by extension 'ignore_ament_install'
[2.997s] Level 1:colcon.colcon_core.package_identification:_identify(src) by extensions ['colcon_pkg']
[2.997s] Level 1:colcon.colcon_core.package_identification:_identify(src) by extension 'colcon_pkg'
[2.997s] Level 1:colcon.colcon_core.package_identification:_identify(src) by extensions ['colcon_meta']
[2.997s] Level 1:colcon.colcon_core.package_identification:_identify(src) by extension 'colcon_meta'
[2.997s] Level 1:colcon.colcon_core.package_identification:_identify(src) by extensions ['ros']
[2.997s] Level 1:colcon.colcon_core.package_identification:_identify(src) by extension 'ros'
[2.997s] Level 1:colcon.colcon_core.package_identification:_identify(src) by extensions ['cmake', 'python']
[2.997s] Level 1:colcon.colcon_core.package_identification:_identify(src) by extension 'cmake'
[2.997s] Level 1:colcon.colcon_core.package_identification:_identify(src) by extension 'python'
[2.997s] Level 1:colcon.colcon_core.package_identification:_identify(src) by extensions ['python_setup_py']
[2.997s] Level 1:colcon.colcon_core.package_identification:_identify(src) by extension 'python_setup_py'
[2.997s] Level 1:colcon.colcon_core.package_identification:_identify(src/bulldog_description) by extensions ['ignore', 'ignore_ament_install']
[2.997s] Level 1:colcon.colcon_core.package_identification:_identify(src/bulldog_description) by extension 'ignore'
[2.997s] Level 1:colcon.colcon_core.package_identification:_identify(src/bulldog_description) by extension 'ignore_ament_install'
[2.997s] Level 1:colcon.colcon_core.package_identification:_identify(src/bulldog_description) by extensions ['colcon_pkg']
[2.997s] Level 1:colcon.colcon_core.package_identification:_identify(src/bulldog_description) by extension 'colcon_pkg'
[2.997s] Level 1:colcon.colcon_core.package_identification:_identify(src/bulldog_description) by extensions ['colcon_meta']
[2.997s] Level 1:colcon.colcon_core.package_identification:_identify(src/bulldog_description) by extension 'colcon_meta'
[2.997s] Level 1:colcon.colcon_core.package_identification:_identify(src/bulldog_description) by extensions ['ros']
[2.998s] Level 1:colcon.colcon_core.package_identification:_identify(src/bulldog_description) by extension 'ros'
[3.000s] DEBUG:colcon.colcon_core.package_identification:Package 'src/bulldog_description' with type 'ros.ament_python' and name 'bulldog_description'
[3.000s] Level 1:colcon.colcon_core.package_identification:_identify(src/doosan_description) by extensions ['ignore', 'ignore_ament_install']
[3.000s] Level 1:colcon.colcon_core.package_identification:_identify(src/doosan_description) by extension 'ignore'
[3.000s] Level 1:colcon.colcon_core.package_identification:_identify(src/doosan_description) by extension 'ignore_ament_install'
[3.000s] Level 1:colcon.colcon_core.package_identification:_identify(src/doosan_description) by extensions ['colcon_pkg']
[3.000s] Level 1:colcon.colcon_core.package_identification:_identify(src/doosan_description) by extension 'colcon_pkg'
[3.000s] Level 1:colcon.colcon_core.package_identification:_identify(src/doosan_description) by extensions ['colcon_meta']
[3.000s] Level 1:colcon.colcon_core.package_identification:_identify(src/doosan_description) by extension 'colcon_meta'
[3.000s] Level 1:colcon.colcon_core.package_identification:_identify(src/doosan_description) by extensions ['ros']
[3.000s] Level 1:colcon.colcon_core.package_identification:_identify(src/doosan_description) by extension 'ros'
[3.001s] DEBUG:colcon.colcon_core.package_identification:Package 'src/doosan_description' with type 'ros.ament_python' and name 'doosan_description'
[3.001s] Level 1:colcon.colcon_core.package_identification:_identify(src/mobile_manipulator) by extensions ['ignore', 'ignore_ament_install']
[3.001s] Level 1:colcon.colcon_core.package_identification:_identify(src/mobile_manipulator) by extension 'ignore'
[3.001s] Level 1:colcon.colcon_core.package_identification:_identify(src/mobile_manipulator) by extension 'ignore_ament_install'
[3.001s] Level 1:colcon.colcon_core.package_identification:_identify(src/mobile_manipulator) by extensions ['colcon_pkg']
[3.001s] Level 1:colcon.colcon_core.package_identification:_identify(src/mobile_manipulator) by extension 'colcon_pkg'
[3.001s] Level 1:colcon.colcon_core.package_identification:_identify(src/mobile_manipulator) by extensions ['colcon_meta']
[3.001s] Level 1:colcon.colcon_core.package_identification:_identify(src/mobile_manipulator) by extension 'colcon_meta'
[3.002s] Level 1:colcon.colcon_core.package_identification:_identify(src/mobile_manipulator) by extensions ['ros']
[3.002s] Level 1:colcon.colcon_core.package_identification:_identify(src/mobile_manipulator) by extension 'ros'
[3.002s] DEBUG:colcon.colcon_core.package_identification:Package 'src/mobile_manipulator' with type 'ros.ament_python' and name 'mobile_manipulator'
[3.002s] Level 1:colcon.colcon_core.package_identification:_identify(src/ur5_ros2_gazebo) by extensions ['ignore', 'ignore_ament_install']
[3.002s] Level 1:colcon.colcon_core.package_identification:_identify(src/ur5_ros2_gazebo) by extension 'ignore'
[3.002s] Level 1:colcon.colcon_core.package_identification:_identify(src/ur5_ros2_gazebo) by extension 'ignore_ament_install'
[3.002s] Level 1:colcon.colcon_core.package_identification:_identify(src/ur5_ros2_gazebo) by extensions ['colcon_pkg']
[3.003s] Level 1:colcon.colcon_core.package_identification:_identify(src/ur5_ros2_gazebo) by extension 'colcon_pkg'
[3.003s] Level 1:colcon.colcon_core.package_identification:_identify(src/ur5_ros2_gazebo) by extensions ['colcon_meta']
[3.003s] Level 1:colcon.colcon_core.package_identification:_identify(src/ur5_ros2_gazebo) by extension 'colcon_meta'
[3.003s] Level 1:colcon.colcon_core.package_identification:_identify(src/ur5_ros2_gazebo) by extensions ['ros']
[3.003s] Level 1:colcon.colcon_core.package_identification:_identify(src/ur5_ros2_gazebo) by extension 'ros'
[3.003s] DEBUG:colcon.colcon_core.package_identification:Package 'src/ur5_ros2_gazebo' with type 'ros.ament_cmake' and name 'ur5_ros2_gazebo'
[3.003s] Level 1:colcon.colcon_core.package_discovery:discover_packages(recursive) using defaults
[3.003s] Level 1:colcon.colcon_core.package_discovery:discover_packages(ignore) discover
[3.003s] Level 1:colcon.colcon_core.package_discovery:discover_packages(ignore) using defaults
[3.003s] Level 1:colcon.colcon_core.package_discovery:discover_packages(path) discover
[3.003s] Level 1:colcon.colcon_core.package_discovery:discover_packages(path) using defaults
[3.268s] Level 1:colcon.colcon_core.package_discovery:discover_packages(prefix_path) check parameters
[3.268s] Level 1:colcon.colcon_core.package_discovery:discover_packages(prefix_path) discover
[3.370s] DEBUG:colcon.colcon_installed_package_information.package_discovery:Found 8 installed packages in /home/daniel/dev_ws/install
[3.421s] DEBUG:colcon.colcon_installed_package_information.package_discovery:Found 9 installed packages in /home/daniel/workspaces/tfm_ws/install
[3.478s] DEBUG:colcon.colcon_installed_package_information.package_discovery:Found 318 installed packages in /opt/ros/foxy
[3.480s] Level 1:colcon.colcon_core.package_discovery:discover_packages(prefix_path) using defaults
[3.666s] Level 5:colcon.colcon_core.verb:set package 'bulldog_description' build argument 'cmake_args' from command line to 'None'
[3.666s] Level 5:colcon.colcon_core.verb:set package 'bulldog_description' build argument 'cmake_target' from command line to 'None'
[3.666s] Level 5:colcon.colcon_core.verb:set package 'bulldog_description' build argument 'cmake_target_skip_unavailable' from command line to 'False'
[3.666s] Level 5:colcon.colcon_core.verb:set package 'bulldog_description' build argument 'cmake_clean_cache' from command line to 'False'
[3.666s] Level 5:colcon.colcon_core.verb:set package 'bulldog_description' build argument 'cmake_clean_first' from command line to 'False'
[3.666s] Level 5:colcon.colcon_core.verb:set package 'bulldog_description' build argument 'cmake_force_configure' from command line to 'False'
[3.666s] Level 5:colcon.colcon_core.verb:set package 'bulldog_description' build argument 'ament_cmake_args' from command line to 'None'
[3.666s] Level 5:colcon.colcon_core.verb:set package 'bulldog_description' build argument 'catkin_cmake_args' from command line to 'None'
[3.666s] Level 5:colcon.colcon_core.verb:set package 'bulldog_description' build argument 'catkin_skip_building_tests' from command line to 'False'
[3.666s] DEBUG:colcon.colcon_core.verb:Building package 'bulldog_description' with the following arguments: {'ament_cmake_args': None, 'build_base': '/home/daniel/dev_ws/build/bulldog_description', 'catkin_cmake_args': None, 'catkin_skip_building_tests': False, 'cmake_args': None, 'cmake_clean_cache': False, 'cmake_clean_first': False, 'cmake_force_configure': False, 'cmake_target': None, 'cmake_target_skip_unavailable': False, 'install_base': '/home/daniel/dev_ws/install/bulldog_description', 'merge_install': False, 'path': '/home/daniel/dev_ws/src/bulldog_description', 'symlink_install': True, 'test_result_base': None}
[3.714s] Level 5:colcon.colcon_core.verb:set package 'doosan_description' build argument 'cmake_args' from command line to 'None'
[3.714s] Level 5:colcon.colcon_core.verb:set package 'doosan_description' build argument 'cmake_target' from command line to 'None'
[3.714s] Level 5:colcon.colcon_core.verb:set package 'doosan_description' build argument 'cmake_target_skip_unavailable' from command line to 'False'
[3.714s] Level 5:colcon.colcon_core.verb:set package 'doosan_description' build argument 'cmake_clean_cache' from command line to 'False'
[3.715s] Level 5:colcon.colcon_core.verb:set package 'doosan_description' build argument 'cmake_clean_first' from command line to 'False'
[3.715s] Level 5:colcon.colcon_core.verb:set package 'doosan_description' build argument 'cmake_force_configure' from command line to 'False'
[3.715s] Level 5:colcon.colcon_core.verb:set package 'doosan_description' build argument 'ament_cmake_args' from command line to 'None'
[3.715s] Level 5:colcon.colcon_core.verb:set package 'doosan_description' build argument 'catkin_cmake_args' from command line to 'None'
[3.715s] Level 5:colcon.colcon_core.verb:set package 'doosan_description' build argument 'catkin_skip_building_tests' from command line to 'False'
[3.715s] DEBUG:colcon.colcon_core.verb:Building package 'doosan_description' with the following arguments: {'ament_cmake_args': None, 'build_base': '/home/daniel/dev_ws/build/doosan_description', 'catkin_cmake_args': None, 'catkin_skip_building_tests': False, 'cmake_args': None, 'cmake_clean_cache': False, 'cmake_clean_first': False, 'cmake_force_configure': False, 'cmake_target': None, 'cmake_target_skip_unavailable': False, 'install_base': '/home/daniel/dev_ws/install/doosan_description', 'merge_install': False, 'path': '/home/daniel/dev_ws/src/doosan_description', 'symlink_install': True, 'test_result_base': None}
[3.764s] Level 5:colcon.colcon_core.verb:set package 'mobile_manipulator' build argument 'cmake_args' from command line to 'None'
[3.764s] Level 5:colcon.colcon_core.verb:set package 'mobile_manipulator' build argument 'cmake_target' from command line to 'None'
[3.764s] Level 5:colcon.colcon_core.verb:set package 'mobile_manipulator' build argument 'cmake_target_skip_unavailable' from command line to 'False'
[3.764s] Level 5:colcon.colcon_core.verb:set package 'mobile_manipulator' build argument 'cmake_clean_cache' from command line to 'False'
[3.764s] Level 5:colcon.colcon_core.verb:set package 'mobile_manipulator' build argument 'cmake_clean_first' from command line to 'False'
[3.764s] Level 5:colcon.colcon_core.verb:set package 'mobile_manipulator' build argument 'cmake_force_configure' from command line to 'False'
[3.764s] Level 5:colcon.colcon_core.verb:set package 'mobile_manipulator' build argument 'ament_cmake_args' from command line to 'None'
[3.764s] Level 5:colcon.colcon_core.verb:set package 'mobile_manipulator' build argument 'catkin_cmake_args' from command line to 'None'
[3.764s] Level 5:colcon.colcon_core.verb:set package 'mobile_manipulator' build argument 'catkin_skip_building_tests' from command line to 'False'
[3.764s] DEBUG:colcon.colcon_core.verb:Building package 'mobile_manipulator' with the following arguments: {'ament_cmake_args': None, 'build_base': '/home/daniel/dev_ws/build/mobile_manipulator', 'catkin_cmake_args': None, 'catkin_skip_building_tests': False, 'cmake_args': None, 'cmake_clean_cache': False, 'cmake_clean_first': False, 'cmake_force_configure': False, 'cmake_target': None, 'cmake_target_skip_unavailable': False, 'install_base': '/home/daniel/dev_ws/install/mobile_manipulator', 'merge_install': False, 'path': '/home/daniel/dev_ws/src/mobile_manipulator', 'symlink_install': True, 'test_result_base': None}
[3.813s] Level 5:colcon.colcon_core.verb:set package 'ur5_ros2_gazebo' build argument 'cmake_args' from command line to 'None'
[3.813s] Level 5:colcon.colcon_core.verb:set package 'ur5_ros2_gazebo' build argument 'cmake_target' from command line to 'None'
[3.813s] Level 5:colcon.colcon_core.verb:set package 'ur5_ros2_gazebo' build argument 'cmake_target_skip_unavailable' from command line to 'False'
[3.813s] Level 5:colcon.colcon_core.verb:set package 'ur5_ros2_gazebo' build argument 'cmake_clean_cache' from command line to 'False'
[3.813s] Level 5:colcon.colcon_core.verb:set package 'ur5_ros2_gazebo' build argument 'cmake_clean_first' from command line to 'False'
[3.813s] Level 5:colcon.colcon_core.verb:set package 'ur5_ros2_gazebo' build argument 'cmake_force_configure' from command line to 'False'
[3.813s] Level 5:colcon.colcon_core.verb:set package 'ur5_ros2_gazebo' build argument 'ament_cmake_args' from command line to 'None'
[3.813s] Level 5:colcon.colcon_core.verb:set package 'ur5_ros2_gazebo' build argument 'catkin_cmake_args' from command line to 'None'
[3.813s] Level 5:colcon.colcon_core.verb:set package 'ur5_ros2_gazebo' build argument 'catkin_skip_building_tests' from command line to 'False'
[3.813s] DEBUG:colcon.colcon_core.verb:Building package 'ur5_ros2_gazebo' with the following arguments: {'ament_cmake_args': None, 'build_base': '/home/daniel/dev_ws/build/ur5_ros2_gazebo', 'catkin_cmake_args': None, 'catkin_skip_building_tests': False, 'cmake_args': None, 'cmake_clean_cache': False, 'cmake_clean_first': False, 'cmake_force_configure': False, 'cmake_target': None, 'cmake_target_skip_unavailable': False, 'install_base': '/home/daniel/dev_ws/install/ur5_ros2_gazebo', 'merge_install': False, 'path': '/home/daniel/dev_ws/src/ur5_ros2_gazebo', 'symlink_install': True, 'test_result_base': None}
[3.876s] INFO:colcon.colcon_core.executor:Executing jobs using 'parallel' executor
[3.928s] DEBUG:colcon.colcon_parallel_executor.executor.parallel:run_until_complete
[3.928s] INFO:colcon.colcon_ros.task.ament_python.build:Building ROS package in '/home/daniel/dev_ws/src/bulldog_description' with build type 'ament_python'
[3.928s] Level 1:colcon.colcon_core.shell:create_environment_hook('bulldog_description', 'ament_prefix_path')
[3.983s] INFO:colcon.colcon_core.plugin_system:Skipping extension 'colcon_core.shell.bat': Not used on non-Windows systems
[3.984s] INFO:colcon.colcon_core.shell:Creating environment hook '/home/daniel/dev_ws/install/bulldog_description/share/bulldog_description/hook/ament_prefix_path.ps1'
[3.984s] INFO:colcon.colcon_core.shell:Creating environment descriptor '/home/daniel/dev_ws/install/bulldog_description/share/bulldog_description/hook/ament_prefix_path.dsv'
[3.985s] INFO:colcon.colcon_core.shell:Creating environment hook '/home/daniel/dev_ws/install/bulldog_description/share/bulldog_description/hook/ament_prefix_path.sh'
[4.035s] INFO:colcon.colcon_core.shell:Skip shell extension 'powershell' for command environment: Not usable outside of PowerShell
[4.035s] DEBUG:colcon.colcon_core.shell:Skip shell extension 'dsv' for command environment
[4.258s] INFO:colcon.colcon_ros.task.ament_python.build:Building ROS package in '/home/daniel/dev_ws/src/doosan_description' with build type 'ament_python'
[4.259s] Level 1:colcon.colcon_core.shell:create_environment_hook('doosan_description', 'ament_prefix_path')
[4.310s] INFO:colcon.colcon_core.shell:Creating environment hook '/home/daniel/dev_ws/install/doosan_description/share/doosan_description/hook/ament_prefix_path.ps1'
[4.311s] INFO:colcon.colcon_core.shell:Creating environment descriptor '/home/daniel/dev_ws/install/doosan_description/share/doosan_description/hook/ament_prefix_path.dsv'
[4.311s] INFO:colcon.colcon_core.shell:Creating environment hook '/home/daniel/dev_ws/install/doosan_description/share/doosan_description/hook/ament_prefix_path.sh'
[4.363s] INFO:colcon.colcon_core.shell:Skip shell extension 'powershell' for command environment: Not usable outside of PowerShell
[4.363s] DEBUG:colcon.colcon_core.shell:Skip shell extension 'dsv' for command environment
[4.574s] INFO:colcon.colcon_ros.task.ament_python.build:Building ROS package in '/home/daniel/dev_ws/src/mobile_manipulator' with build type 'ament_python'
[4.575s] Level 1:colcon.colcon_core.shell:create_environment_hook('mobile_manipulator', 'ament_prefix_path')
[4.629s] INFO:colcon.colcon_core.shell:Creating environment hook '/home/daniel/dev_ws/install/mobile_manipulator/share/mobile_manipulator/hook/ament_prefix_path.ps1'
[4.630s] INFO:colcon.colcon_core.shell:Creating environment descriptor '/home/daniel/dev_ws/install/mobile_manipulator/share/mobile_manipulator/hook/ament_prefix_path.dsv'
[4.630s] INFO:colcon.colcon_core.shell:Creating environment hook '/home/daniel/dev_ws/install/mobile_manipulator/share/mobile_manipulator/hook/ament_prefix_path.sh'
[4.682s] INFO:colcon.colcon_core.shell:Skip shell extension 'powershell' for command environment: Not usable outside of PowerShell
[4.683s] DEBUG:colcon.colcon_core.shell:Skip shell extension 'dsv' for command environment
[4.897s] INFO:colcon.colcon_ros.task.ament_cmake.build:Building ROS package in '/home/daniel/dev_ws/src/ur5_ros2_gazebo' with build type 'ament_cmake'
[4.898s] INFO:colcon.colcon_cmake.task.cmake.build:Building CMake package in '/home/daniel/dev_ws/src/ur5_ros2_gazebo'
[4.952s] INFO:colcon.colcon_core.shell:Skip shell extension 'powershell' for command environment: Not usable outside of PowerShell
[4.952s] DEBUG:colcon.colcon_core.shell:Skip shell extension 'dsv' for command environment
[5.421s] INFO:colcon.colcon_core.task.python.build:Building Python package in '/home/daniel/dev_ws/src/bulldog_description'
[5.473s] INFO:colcon.colcon_core.shell:Skip shell extension 'powershell' for command environment: Not usable outside of PowerShell
[5.473s] DEBUG:colcon.colcon_core.shell:Skip shell extension 'dsv' for command environment
[6.005s] INFO:colcon.colcon_core.task.python.build:Building Python package in '/home/daniel/dev_ws/src/doosan_description'
[6.080s] INFO:colcon.colcon_core.shell:Skip shell extension 'powershell' for command environment: Not usable outside of PowerShell
[6.080s] DEBUG:colcon.colcon_core.shell:Skip shell extension 'dsv' for command environment
[6.563s] INFO:colcon.colcon_core.task.python.build:Building Python package in '/home/daniel/dev_ws/src/mobile_manipulator'
[6.620s] INFO:colcon.colcon_core.shell:Skip shell extension 'powershell' for command environment: Not usable outside of PowerShell
[6.620s] DEBUG:colcon.colcon_core.shell:Skip shell extension 'dsv' for command environment
[6.834s] DEBUG:colcon.colcon_core.event_handler.log_command:Invoking command in '/home/daniel/dev_ws/build/ur5_ros2_gazebo': CMAKE_PREFIX_PATH=${CMAKE_PREFIX_PATH}:/home/daniel/dev_ws/install/mobile_manipulator:/home/daniel/dev_ws/install/doosan_description:/home/daniel/workspaces/tfm_ws/install/robot_motion:/home/daniel/workspaces/tfm_ws/install/robot_description:/home/daniel/workspaces/tfm_ws/install/mir_description_2:/home/daniel/workspaces/tfm_ws/install/mir_description:/home/daniel/dev_ws/install/robot_description:/home/daniel/dev_ws/install/my_doosan_pkg:/home/daniel/dev_ws/install/bulldog_description:/opt/ros/foxy /usr/bin/cmake --build /home/daniel/dev_ws/build/ur5_ros2_gazebo -- -j8 -l8
[6.879s] DEBUG:colcon.colcon_core.event_handler.log_command:Invoked command in '/home/daniel/dev_ws/build/ur5_ros2_gazebo' returned '0': CMAKE_PREFIX_PATH=${CMAKE_PREFIX_PATH}:/home/daniel/dev_ws/install/mobile_manipulator:/home/daniel/dev_ws/install/doosan_description:/home/daniel/workspaces/tfm_ws/install/robot_motion:/home/daniel/workspaces/tfm_ws/install/robot_description:/home/daniel/workspaces/tfm_ws/install/mir_description_2:/home/daniel/workspaces/tfm_ws/install/mir_description:/home/daniel/dev_ws/install/robot_description:/home/daniel/dev_ws/install/my_doosan_pkg:/home/daniel/dev_ws/install/bulldog_description:/opt/ros/foxy /usr/bin/cmake --build /home/daniel/dev_ws/build/ur5_ros2_gazebo -- -j8 -l8
[6.920s] DEBUG:colcon.colcon_core.event_handler.log_command:Invoking command in '/home/daniel/dev_ws/build/ur5_ros2_gazebo': CMAKE_PREFIX_PATH=${CMAKE_PREFIX_PATH}:/home/daniel/dev_ws/install/mobile_manipulator:/home/daniel/dev_ws/install/doosan_description:/home/daniel/workspaces/tfm_ws/install/robot_motion:/home/daniel/workspaces/tfm_ws/install/robot_description:/home/daniel/workspaces/tfm_ws/install/mir_description_2:/home/daniel/workspaces/tfm_ws/install/mir_description:/home/daniel/dev_ws/install/robot_description:/home/daniel/dev_ws/install/my_doosan_pkg:/home/daniel/dev_ws/install/bulldog_description:/opt/ros/foxy /usr/bin/cmake --install /home/daniel/dev_ws/build/ur5_ros2_gazebo
[6.954s] Level 1:colcon.colcon_core.environment:create_environment_scripts_only(ur5_ros2_gazebo)
[6.955s] DEBUG:colcon.colcon_core.event_handler.log_command:Invoked command in '/home/daniel/dev_ws/build/ur5_ros2_gazebo' returned '0': CMAKE_PREFIX_PATH=${CMAKE_PREFIX_PATH}:/home/daniel/dev_ws/install/mobile_manipulator:/home/daniel/dev_ws/install/doosan_description:/home/daniel/workspaces/tfm_ws/install/robot_motion:/home/daniel/workspaces/tfm_ws/install/robot_description:/home/daniel/workspaces/tfm_ws/install/mir_description_2:/home/daniel/workspaces/tfm_ws/install/mir_description:/home/daniel/dev_ws/install/robot_description:/home/daniel/dev_ws/install/my_doosan_pkg:/home/daniel/dev_ws/install/bulldog_description:/opt/ros/foxy /usr/bin/cmake --install /home/daniel/dev_ws/build/ur5_ros2_gazebo
[7.034s] Level 1:colcon.colcon_core.environment:checking '/home/daniel/dev_ws/install/ur5_ros2_gazebo' for CMake module files
[7.034s] Level 1:colcon.colcon_core.environment:checking '/home/daniel/dev_ws/install/ur5_ros2_gazebo' for CMake config files
[7.035s] Level 1:colcon.colcon_core.shell:create_environment_hook('ur5_ros2_gazebo', 'cmake_prefix_path')
[7.096s] INFO:colcon.colcon_core.shell:Creating environment hook '/home/daniel/dev_ws/install/ur5_ros2_gazebo/share/ur5_ros2_gazebo/hook/cmake_prefix_path.ps1'
[7.097s] INFO:colcon.colcon_core.shell:Creating environment descriptor '/home/daniel/dev_ws/install/ur5_ros2_gazebo/share/ur5_ros2_gazebo/hook/cmake_prefix_path.dsv'
[7.097s] INFO:colcon.colcon_core.shell:Creating environment hook '/home/daniel/dev_ws/install/ur5_ros2_gazebo/share/ur5_ros2_gazebo/hook/cmake_prefix_path.sh'
[7.099s] Level 1:colcon.colcon_core.environment:checking '/home/daniel/dev_ws/install/ur5_ros2_gazebo/bin'
[7.099s] Level 1:colcon.colcon_core.environment:checking '/home/daniel/dev_ws/install/ur5_ros2_gazebo/lib/pkgconfig/ur5_ros2_gazebo.pc'
[7.099s] Level 1:colcon.colcon_core.environment:checking '/home/daniel/dev_ws/install/ur5_ros2_gazebo/lib/python3.8/site-packages'
[7.100s] Level 1:colcon.colcon_core.environment:checking '/home/daniel/dev_ws/install/ur5_ros2_gazebo/bin'
[7.162s] INFO:colcon.colcon_core.shell:Creating package script '/home/daniel/dev_ws/install/ur5_ros2_gazebo/share/ur5_ros2_gazebo/package.ps1'
[7.163s] INFO:colcon.colcon_core.shell:Creating package descriptor '/home/daniel/dev_ws/install/ur5_ros2_gazebo/share/ur5_ros2_gazebo/package.dsv'
[7.164s] INFO:colcon.colcon_core.shell:Creating package script '/home/daniel/dev_ws/install/ur5_ros2_gazebo/share/ur5_ros2_gazebo/package.sh'
[7.165s] INFO:colcon.colcon_core.shell:Creating package script '/home/daniel/dev_ws/install/ur5_ros2_gazebo/share/ur5_ros2_gazebo/package.bash'
[7.166s] INFO:colcon.colcon_core.shell:Creating package script '/home/daniel/dev_ws/install/ur5_ros2_gazebo/share/ur5_ros2_gazebo/package.zsh'
[7.166s] Level 1:colcon.colcon_core.environment:create_file_with_runtime_dependencies(/home/daniel/dev_ws/install/ur5_ros2_gazebo/share/colcon-core/packages/ur5_ros2_gazebo)
[7.250s] Level 1:colcon.colcon_core.environment:create_environment_scripts_only(ur5_ros2_gazebo)
[7.307s] Level 1:colcon.colcon_core.environment:checking '/home/daniel/dev_ws/install/ur5_ros2_gazebo' for CMake module files
[7.307s] Level 1:colcon.colcon_core.environment:checking '/home/daniel/dev_ws/install/ur5_ros2_gazebo' for CMake config files
[7.308s] Level 1:colcon.colcon_core.shell:create_environment_hook('ur5_ros2_gazebo', 'cmake_prefix_path')
[7.364s] INFO:colcon.colcon_core.shell:Creating environment hook '/home/daniel/dev_ws/install/ur5_ros2_gazebo/share/ur5_ros2_gazebo/hook/cmake_prefix_path.ps1'
[7.365s] INFO:colcon.colcon_core.shell:Creating environment descriptor '/home/daniel/dev_ws/install/ur5_ros2_gazebo/share/ur5_ros2_gazebo/hook/cmake_prefix_path.dsv'
[7.365s] INFO:colcon.colcon_core.shell:Creating environment hook '/home/daniel/dev_ws/install/ur5_ros2_gazebo/share/ur5_ros2_gazebo/hook/cmake_prefix_path.sh'
[7.366s] Level 1:colcon.colcon_core.environment:checking '/home/daniel/dev_ws/install/ur5_ros2_gazebo/bin'
[7.366s] Level 1:colcon.colcon_core.environment:checking '/home/daniel/dev_ws/install/ur5_ros2_gazebo/lib/pkgconfig/ur5_ros2_gazebo.pc'
[7.367s] Level 1:colcon.colcon_core.environment:checking '/home/daniel/dev_ws/install/ur5_ros2_gazebo/lib/python3.8/site-packages'
[7.367s] Level 1:colcon.colcon_core.environment:checking '/home/daniel/dev_ws/install/ur5_ros2_gazebo/bin'
[7.427s] INFO:colcon.colcon_core.shell:Creating package script '/home/daniel/dev_ws/install/ur5_ros2_gazebo/share/ur5_ros2_gazebo/package.ps1'
[7.427s] INFO:colcon.colcon_core.shell:Creating package descriptor '/home/daniel/dev_ws/install/ur5_ros2_gazebo/share/ur5_ros2_gazebo/package.dsv'
[7.428s] INFO:colcon.colcon_core.shell:Creating package script '/home/daniel/dev_ws/install/ur5_ros2_gazebo/share/ur5_ros2_gazebo/package.sh'
[7.428s] INFO:colcon.colcon_core.shell:Creating package script '/home/daniel/dev_ws/install/ur5_ros2_gazebo/share/ur5_ros2_gazebo/package.bash'
[7.429s] INFO:colcon.colcon_core.shell:Creating package script '/home/daniel/dev_ws/install/ur5_ros2_gazebo/share/ur5_ros2_gazebo/package.zsh'
[7.429s] Level 1:colcon.colcon_core.environment:create_file_with_runtime_dependencies(/home/daniel/dev_ws/install/ur5_ros2_gazebo/share/colcon-core/packages/ur5_ros2_gazebo)
[7.436s] DEBUG:colcon.colcon_core.event_handler.log_command:Invoking command in '/home/daniel/dev_ws/build/bulldog_description': PYTHONPATH=/home/daniel/dev_ws/build/bulldog_description/prefix_override:/home/daniel/dev_ws/install/bulldog_description/lib/python3.8/site-packages:${PYTHONPATH} /usr/bin/python3 setup.py develop --editable --build-directory /home/daniel/dev_ws/build/bulldog_description/build --no-deps install_data
[7.441s] DEBUG:colcon.colcon_core.event_handler.log_command:Invoking command in '/home/daniel/dev_ws/build/doosan_description': PYTHONPATH=/home/daniel/dev_ws/build/doosan_description/prefix_override:/home/daniel/dev_ws/install/doosan_description/lib/python3.8/site-packages:${PYTHONPATH} /usr/bin/python3 setup.py develop --editable --build-directory /home/daniel/dev_ws/build/doosan_description/build --no-deps install_data
[7.446s] DEBUG:colcon.colcon_core.event_handler.log_command:Invoking command in '/home/daniel/dev_ws/build/mobile_manipulator': PYTHONPATH=/home/daniel/dev_ws/build/mobile_manipulator/prefix_override:/home/daniel/dev_ws/install/mobile_manipulator/lib/python3.8/site-packages:${PYTHONPATH} /usr/bin/python3 setup.py develop --editable --build-directory /home/daniel/dev_ws/build/mobile_manipulator/build --no-deps install_data
[8.005s] Level 1:colcon.colcon_core.shell:create_environment_hook('bulldog_description', 'pythonpath_develop')
[8.006s] DEBUG:colcon.colcon_core.event_handler.log_command:Invoked command in '/home/daniel/dev_ws/build/bulldog_description' returned '0': PYTHONPATH=/home/daniel/dev_ws/build/bulldog_description/prefix_override:/home/daniel/dev_ws/install/bulldog_description/lib/python3.8/site-packages:${PYTHONPATH} /usr/bin/python3 setup.py develop --editable --build-directory /home/daniel/dev_ws/build/bulldog_description/build --no-deps install_data
[8.060s] INFO:colcon.colcon_core.shell:Creating environment hook '/home/daniel/dev_ws/build/bulldog_description/share/bulldog_description/hook/pythonpath_develop.ps1'
[8.060s] INFO:colcon.colcon_core.shell:Creating environment descriptor '/home/daniel/dev_ws/build/bulldog_description/share/bulldog_description/hook/pythonpath_develop.dsv'
[8.061s] INFO:colcon.colcon_core.shell:Creating environment hook '/home/daniel/dev_ws/build/bulldog_description/share/bulldog_description/hook/pythonpath_develop.sh'
[8.111s] Level 1:colcon.colcon_core.environment:checking '/home/daniel/dev_ws/install/bulldog_description' for CMake module files
[8.111s] Level 1:colcon.colcon_core.environment:checking '/home/daniel/dev_ws/install/bulldog_description' for CMake config files
[8.112s] Level 1:colcon.colcon_core.environment:checking '/home/daniel/dev_ws/install/bulldog_description/lib'
[8.113s] Level 1:colcon.colcon_core.environment:checking '/home/daniel/dev_ws/install/bulldog_description/bin'
[8.113s] Level 1:colcon.colcon_core.environment:checking '/home/daniel/dev_ws/install/bulldog_description/lib/pkgconfig/bulldog_description.pc'
[8.113s] Level 1:colcon.colcon_core.environment:checking '/home/daniel/dev_ws/install/bulldog_description/lib/python3.8/site-packages'
[8.113s] Level 1:colcon.colcon_core.shell:create_environment_hook('bulldog_description', 'pythonpath')
[8.166s] INFO:colcon.colcon_core.shell:Creating environment hook '/home/daniel/dev_ws/install/bulldog_description/share/bulldog_description/hook/pythonpath.ps1'
[8.166s] INFO:colcon.colcon_core.shell:Creating environment descriptor '/home/daniel/dev_ws/install/bulldog_description/share/bulldog_description/hook/pythonpath.dsv'
[8.167s] INFO:colcon.colcon_core.shell:Creating environment hook '/home/daniel/dev_ws/install/bulldog_description/share/bulldog_description/hook/pythonpath.sh'
[8.167s] Level 1:colcon.colcon_core.environment:checking '/home/daniel/dev_ws/install/bulldog_description/bin'
[8.167s] Level 1:colcon.colcon_core.environment:create_environment_scripts_only(bulldog_description)
[8.220s] INFO:colcon.colcon_core.shell:Creating package script '/home/daniel/dev_ws/install/bulldog_description/share/bulldog_description/package.ps1'
[8.220s] INFO:colcon.colcon_core.shell:Creating package descriptor '/home/daniel/dev_ws/install/bulldog_description/share/bulldog_description/package.dsv'
[8.221s] INFO:colcon.colcon_core.shell:Creating package script '/home/daniel/dev_ws/install/bulldog_description/share/bulldog_description/package.sh'
[8.221s] INFO:colcon.colcon_core.shell:Creating package script '/home/daniel/dev_ws/install/bulldog_description/share/bulldog_description/package.bash'
[8.222s] INFO:colcon.colcon_core.shell:Creating package script '/home/daniel/dev_ws/install/bulldog_description/share/bulldog_description/package.zsh'
[8.222s] Level 1:colcon.colcon_core.environment:create_file_with_runtime_dependencies(/home/daniel/dev_ws/install/bulldog_description/share/colcon-core/packages/bulldog_description)
[8.223s] Level 1:colcon.colcon_core.shell:create_environment_hook('doosan_description', 'pythonpath_develop')
[8.224s] DEBUG:colcon.colcon_core.event_handler.log_command:Invoked command in '/home/daniel/dev_ws/build/doosan_description' returned '0': PYTHONPATH=/home/daniel/dev_ws/build/doosan_description/prefix_override:/home/daniel/dev_ws/install/doosan_description/lib/python3.8/site-packages:${PYTHONPATH} /usr/bin/python3 setup.py develop --editable --build-directory /home/daniel/dev_ws/build/doosan_description/build --no-deps install_data
[8.276s] INFO:colcon.colcon_core.shell:Creating environment hook '/home/daniel/dev_ws/build/doosan_description/share/doosan_description/hook/pythonpath_develop.ps1'
[8.276s] INFO:colcon.colcon_core.shell:Creating environment descriptor '/home/daniel/dev_ws/build/doosan_description/share/doosan_description/hook/pythonpath_develop.dsv'
[8.276s] INFO:colcon.colcon_core.shell:Creating environment hook '/home/daniel/dev_ws/build/doosan_description/share/doosan_description/hook/pythonpath_develop.sh'
[8.338s] Level 1:colcon.colcon_core.environment:checking '/home/daniel/dev_ws/install/doosan_description' for CMake module files
[8.339s] Level 1:colcon.colcon_core.environment:checking '/home/daniel/dev_ws/install/doosan_description' for CMake config files
[8.340s] Level 1:colcon.colcon_core.environment:checking '/home/daniel/dev_ws/install/doosan_description/lib'
[8.340s] Level 1:colcon.colcon_core.environment:checking '/home/daniel/dev_ws/install/doosan_description/bin'
[8.340s] Level 1:colcon.colcon_core.environment:checking '/home/daniel/dev_ws/install/doosan_description/lib/pkgconfig/doosan_description.pc'
[8.340s] Level 1:colcon.colcon_core.environment:checking '/home/daniel/dev_ws/install/doosan_description/lib/python3.8/site-packages'
[8.340s] Level 1:colcon.colcon_core.shell:create_environment_hook('doosan_description', 'pythonpath')
[8.390s] INFO:colcon.colcon_core.shell:Creating environment hook '/home/daniel/dev_ws/install/doosan_description/share/doosan_description/hook/pythonpath.ps1'
[8.390s] INFO:colcon.colcon_core.shell:Creating environment descriptor '/home/daniel/dev_ws/install/doosan_description/share/doosan_description/hook/pythonpath.dsv'
[8.391s] INFO:colcon.colcon_core.shell:Creating environment hook '/home/daniel/dev_ws/install/doosan_description/share/doosan_description/hook/pythonpath.sh'
[8.391s] Level 1:colcon.colcon_core.environment:checking '/home/daniel/dev_ws/install/doosan_description/bin'
[8.391s] Level 1:colcon.colcon_core.environment:create_environment_scripts_only(doosan_description)
[8.441s] INFO:colcon.colcon_core.shell:Creating package script '/home/daniel/dev_ws/install/doosan_description/share/doosan_description/package.ps1'
[8.442s] INFO:colcon.colcon_core.shell:Creating package descriptor '/home/daniel/dev_ws/install/doosan_description/share/doosan_description/package.dsv'
[8.442s] INFO:colcon.colcon_core.shell:Creating package script '/home/daniel/dev_ws/install/doosan_description/share/doosan_description/package.sh'
[8.443s] INFO:colcon.colcon_core.shell:Creating package script '/home/daniel/dev_ws/install/doosan_description/share/doosan_description/package.bash'
[8.443s] INFO:colcon.colcon_core.shell:Creating package script '/home/daniel/dev_ws/install/doosan_description/share/doosan_description/package.zsh'
[8.443s] Level 1:colcon.colcon_core.environment:create_file_with_runtime_dependencies(/home/daniel/dev_ws/install/doosan_description/share/colcon-core/packages/doosan_description)
[8.444s] Level 1:colcon.colcon_core.shell:create_environment_hook('mobile_manipulator', 'pythonpath_develop')
[8.445s] DEBUG:colcon.colcon_core.event_handler.log_command:Invoked command in '/home/daniel/dev_ws/build/mobile_manipulator' returned '0': PYTHONPATH=/home/daniel/dev_ws/build/mobile_manipulator/prefix_override:/home/daniel/dev_ws/install/mobile_manipulator/lib/python3.8/site-packages:${PYTHONPATH} /usr/bin/python3 setup.py develop --editable --build-directory /home/daniel/dev_ws/build/mobile_manipulator/build --no-deps install_data
[8.498s] INFO:colcon.colcon_core.shell:Creating environment hook '/home/daniel/dev_ws/build/mobile_manipulator/share/mobile_manipulator/hook/pythonpath_develop.ps1'
[8.498s] INFO:colcon.colcon_core.shell:Creating environment descriptor '/home/daniel/dev_ws/build/mobile_manipulator/share/mobile_manipulator/hook/pythonpath_develop.dsv'
[8.498s] INFO:colcon.colcon_core.shell:Creating environment hook '/home/daniel/dev_ws/build/mobile_manipulator/share/mobile_manipulator/hook/pythonpath_develop.sh'
[8.548s] Level 1:colcon.colcon_core.environment:checking '/home/daniel/dev_ws/install/mobile_manipulator' for CMake module files
[8.548s] Level 1:colcon.colcon_core.environment:checking '/home/daniel/dev_ws/install/mobile_manipulator' for CMake config files
[8.549s] Level 1:colcon.colcon_core.environment:checking '/home/daniel/dev_ws/install/mobile_manipulator/lib'
[8.549s] Level 1:colcon.colcon_core.environment:checking '/home/daniel/dev_ws/install/mobile_manipulator/bin'
[8.549s] Level 1:colcon.colcon_core.environment:checking '/home/daniel/dev_ws/install/mobile_manipulator/lib/pkgconfig/mobile_manipulator.pc'
[8.549s] Level 1:colcon.colcon_core.environment:checking '/home/daniel/dev_ws/install/mobile_manipulator/lib/python3.8/site-packages'
[8.549s] Level 1:colcon.colcon_core.shell:create_environment_hook('mobile_manipulator', 'pythonpath')
[8.601s] INFO:colcon.colcon_core.shell:Creating environment hook '/home/daniel/dev_ws/install/mobile_manipulator/share/mobile_manipulator/hook/pythonpath.ps1'
[8.602s] INFO:colcon.colcon_core.shell:Creating environment descriptor '/home/daniel/dev_ws/install/mobile_manipulator/share/mobile_manipulator/hook/pythonpath.dsv'
[8.602s] INFO:colcon.colcon_core.shell:Creating environment hook '/home/daniel/dev_ws/install/mobile_manipulator/share/mobile_manipulator/hook/pythonpath.sh'
[8.603s] Level 1:colcon.colcon_core.environment:checking '/home/daniel/dev_ws/install/mobile_manipulator/bin'
[8.603s] Level 1:colcon.colcon_core.environment:create_environment_scripts_only(mobile_manipulator)
[8.652s] INFO:colcon.colcon_core.shell:Creating package script '/home/daniel/dev_ws/install/mobile_manipulator/share/mobile_manipulator/package.ps1'
[8.653s] INFO:colcon.colcon_core.shell:Creating package descriptor '/home/daniel/dev_ws/install/mobile_manipulator/share/mobile_manipulator/package.dsv'
[8.654s] INFO:colcon.colcon_core.shell:Creating package script '/home/daniel/dev_ws/install/mobile_manipulator/share/mobile_manipulator/package.sh'
[8.654s] INFO:colcon.colcon_core.shell:Creating package script '/home/daniel/dev_ws/install/mobile_manipulator/share/mobile_manipulator/package.bash'
[8.654s] INFO:colcon.colcon_core.shell:Creating package script '/home/daniel/dev_ws/install/mobile_manipulator/share/mobile_manipulator/package.zsh'
[8.655s] Level 1:colcon.colcon_core.environment:create_file_with_runtime_dependencies(/home/daniel/dev_ws/install/mobile_manipulator/share/colcon-core/packages/mobile_manipulator)
[8.655s] DEBUG:colcon.colcon_parallel_executor.executor.parallel:closing loop
[8.655s] DEBUG:colcon.colcon_parallel_executor.executor.parallel:loop closed
[8.656s] DEBUG:colcon.colcon_parallel_executor.executor.parallel:run_until_complete finished with '0'
[8.656s] DEBUG:colcon.colcon_core.event_reactor:joining thread
[8.714s] INFO:colcon.colcon_core.plugin_system:Skipping extension 'colcon_notification.desktop_notification.terminal_notifier': Not used on non-Darwin systems
[8.715s] INFO:colcon.colcon_core.plugin_system:Skipping extension 'colcon_notification.desktop_notification.win32': Not used on non-Windows systems
[8.715s] INFO:colcon.colcon_notification.desktop_notification:Sending desktop notification using 'notify2'
[8.727s] DEBUG:colcon.colcon_core.event_reactor:joined thread
[8.777s] INFO:colcon.colcon_core.shell:Creating prefix script '/home/daniel/dev_ws/install/local_setup.ps1'
[8.778s] INFO:colcon.colcon_core.shell:Creating prefix util module '/home/daniel/dev_ws/install/_local_setup_util_ps1.py'
[8.780s] INFO:colcon.colcon_core.shell:Creating prefix chain script '/home/daniel/dev_ws/install/setup.ps1'
[8.831s] INFO:colcon.colcon_core.shell:Creating prefix script '/home/daniel/dev_ws/install/local_setup.sh'
[8.832s] INFO:colcon.colcon_core.shell:Creating prefix util module '/home/daniel/dev_ws/install/_local_setup_util_sh.py'
[8.832s] INFO:colcon.colcon_core.shell:Creating prefix chain script '/home/daniel/dev_ws/install/setup.sh'
[8.884s] INFO:colcon.colcon_core.shell:Creating prefix script '/home/daniel/dev_ws/install/local_setup.bash'
[8.885s] INFO:colcon.colcon_core.shell:Creating prefix chain script '/home/daniel/dev_ws/install/setup.bash'
[8.935s] INFO:colcon.colcon_core.shell:Creating prefix script '/home/daniel/dev_ws/install/local_setup.zsh'
[8.936s] INFO:colcon.colcon_core.shell:Creating prefix chain script '/home/daniel/dev_ws/install/setup.zsh'
