[2.767s] DEBUG:colcon:Command line arguments: ['/usr/bin/colcon', 'build', '--packages-up-to', 'mobile_manipulator', 'doosan_description', '--symlink-install']
[2.767s] DEBUG:colcon:Parsed command line arguments: Namespace(allow_overriding=[], ament_cmake_args=None, base_paths=['.'], build_base='build', catkin_cmake_args=None, catkin_skip_building_tests=False, cmake_args=None, cmake_clean_cache=False, cmake_clean_first=False, cmake_force_configure=False, cmake_target=None, cmake_target_skip_unavailable=False, continue_on_error=False, event_handlers=None, executor='parallel', ignore_user_meta=False, install_base='install', log_base=None, log_level=None, main=<bound method BuildVerb.main of <colcon_core.verb.build.BuildVerb object at 0x7f7e205dcf70>>, merge_install=False, metas=['./colcon.meta'], packages_above=None, packages_above_and_dependencies=None, packages_above_depth=None, packages_end=None, packages_ignore=None, packages_ignore_regex=None, packages_select=None, packages_select_build_failed=False, packages_select_by_dep=None, packages_select_regex=None, packages_select_test_failures=False, packages_skip=None, packages_skip_build_finished=False, packages_skip_by_dep=None, packages_skip_regex=None, packages_skip_test_passed=False, packages_skip_up_to=None, packages_start=None, packages_up_to=['mobile_manipulator', 'doosan_description'], packages_up_to_regex=None, parallel_workers=8, paths=None, symlink_install=True, test_result_base=None, verb_extension=<colcon_core.verb.build.BuildVerb object at 0x7f7e205dcf70>, verb_name='build', verb_parser=<colcon_defaults.argument_parser.defaults.DefaultArgumentsDecorator object at 0x7f7e20549520>)
[2.892s] Level 1:colcon.colcon_core.package_discovery:discover_packages(colcon_meta) check parameters
[2.892s] Level 1:colcon.colcon_core.package_discovery:discover_packages(recursive) check parameters
[2.892s] Level 1:colcon.colcon_core.package_discovery:discover_packages(ignore) check parameters
[2.892s] Level 1:colcon.colcon_core.package_discovery:discover_packages(path) check parameters
[2.892s] Level 1:colcon.colcon_core.package_discovery:discover_packages(colcon_meta) discover
[2.892s] Level 1:colcon.colcon_core.package_discovery:discover_packages(recursive) discover
[2.892s] INFO:colcon.colcon_core.package_discovery:Crawling recursively for packages in '/home/daniel/dev_ws'
[2.892s] Level 1:colcon.colcon_core.package_identification:_identify(.) by extensions ['ignore', 'ignore_ament_install']
[2.892s] Level 1:colcon.colcon_core.package_identification:_identify(.) by extension 'ignore'
[2.893s] Level 1:colcon.colcon_core.package_identification:_identify(.) by extension 'ignore_ament_install'
[2.893s] Level 1:colcon.colcon_core.package_identification:_identify(.) by extensions ['colcon_pkg']
[2.893s] Level 1:colcon.colcon_core.package_identification:_identify(.) by extension 'colcon_pkg'
[2.893s] Level 1:colcon.colcon_core.package_identification:_identify(.) by extensions ['colcon_meta']
[2.893s] Level 1:colcon.colcon_core.package_identification:_identify(.) by extension 'colcon_meta'
[2.893s] Level 1:colcon.colcon_core.package_identification:_identify(.) by extensions ['ros']
[2.893s] Level 1:colcon.colcon_core.package_identification:_identify(.) by extension 'ros'
[2.903s] Level 1:colcon.colcon_core.package_identification:_identify(.) by extensions ['cmake', 'python']
[2.903s] Level 1:colcon.colcon_core.package_identification:_identify(.) by extension 'cmake'
[2.903s] Level 1:colcon.colcon_core.package_identification:_identify(.) by extension 'python'
[2.903s] Level 1:colcon.colcon_core.package_identification:_identify(.) by extensions ['python_setup_py']
[2.903s] Level 1:colcon.colcon_core.package_identification:_identify(.) by extension 'python_setup_py'
[2.903s] Level 1:colcon.colcon_core.package_identification:_identify(build) by extensions ['ignore', 'ignore_ament_install']
[2.903s] Level 1:colcon.colcon_core.package_identification:_identify(build) by extension 'ignore'
[2.903s] Level 1:colcon.colcon_core.package_identification:_identify(build) ignored
[2.904s] Level 1:colcon.colcon_core.package_identification:_identify(install) by extensions ['ignore', 'ignore_ament_install']
[2.904s] Level 1:colcon.colcon_core.package_identification:_identify(install) by extension 'ignore'
[2.904s] Level 1:colcon.colcon_core.package_identification:_identify(install) ignored
[2.904s] Level 1:colcon.colcon_core.package_identification:_identify(log) by extensions ['ignore', 'ignore_ament_install']
[2.904s] Level 1:colcon.colcon_core.package_identification:_identify(log) by extension 'ignore'
[2.904s] Level 1:colcon.colcon_core.package_identification:_identify(log) ignored
[2.904s] Level 1:colcon.colcon_core.package_identification:_identify(src) by extensions ['ignore', 'ignore_ament_install']
[2.904s] Level 1:colcon.colcon_core.package_identification:_identify(src) by extension 'ignore'
[2.904s] Level 1:colcon.colcon_core.package_identification:_identify(src) by extension 'ignore_ament_install'
[2.905s] Level 1:colcon.colcon_core.package_identification:_identify(src) by extensions ['colcon_pkg']
[2.905s] Level 1:colcon.colcon_core.package_identification:_identify(src) by extension 'colcon_pkg'
[2.905s] Level 1:colcon.colcon_core.package_identification:_identify(src) by extensions ['colcon_meta']
[2.905s] Level 1:colcon.colcon_core.package_identification:_identify(src) by extension 'colcon_meta'
[2.905s] Level 1:colcon.colcon_core.package_identification:_identify(src) by extensions ['ros']
[2.905s] Level 1:colcon.colcon_core.package_identification:_identify(src) by extension 'ros'
[2.905s] Level 1:colcon.colcon_core.package_identification:_identify(src) by extensions ['cmake', 'python']
[2.905s] Level 1:colcon.colcon_core.package_identification:_identify(src) by extension 'cmake'
[2.905s] Level 1:colcon.colcon_core.package_identification:_identify(src) by extension 'python'
[2.905s] Level 1:colcon.colcon_core.package_identification:_identify(src) by extensions ['python_setup_py']
[2.905s] Level 1:colcon.colcon_core.package_identification:_identify(src) by extension 'python_setup_py'
[2.905s] Level 1:colcon.colcon_core.package_identification:_identify(src/bulldog_description) by extensions ['ignore', 'ignore_ament_install']
[2.905s] Level 1:colcon.colcon_core.package_identification:_identify(src/bulldog_description) by extension 'ignore'
[2.905s] Level 1:colcon.colcon_core.package_identification:_identify(src/bulldog_description) by extension 'ignore_ament_install'
[2.905s] Level 1:colcon.colcon_core.package_identification:_identify(src/bulldog_description) by extensions ['colcon_pkg']
[2.905s] Level 1:colcon.colcon_core.package_identification:_identify(src/bulldog_description) by extension 'colcon_pkg'
[2.905s] Level 1:colcon.colcon_core.package_identification:_identify(src/bulldog_description) by extensions ['colcon_meta']
[2.905s] Level 1:colcon.colcon_core.package_identification:_identify(src/bulldog_description) by extension 'colcon_meta'
[2.905s] Level 1:colcon.colcon_core.package_identification:_identify(src/bulldog_description) by extensions ['ros']
[2.905s] Level 1:colcon.colcon_core.package_identification:_identify(src/bulldog_description) by extension 'ros'
[2.908s] DEBUG:colcon.colcon_core.package_identification:Package 'src/bulldog_description' with type 'ros.ament_python' and name 'bulldog_description'
[2.908s] Level 1:colcon.colcon_core.package_identification:_identify(src/doosan_description) by extensions ['ignore', 'ignore_ament_install']
[2.909s] Level 1:colcon.colcon_core.package_identification:_identify(src/doosan_description) by extension 'ignore'
[2.909s] Level 1:colcon.colcon_core.package_identification:_identify(src/doosan_description) by extension 'ignore_ament_install'
[2.909s] Level 1:colcon.colcon_core.package_identification:_identify(src/doosan_description) by extensions ['colcon_pkg']
[2.909s] Level 1:colcon.colcon_core.package_identification:_identify(src/doosan_description) by extension 'colcon_pkg'
[2.909s] Level 1:colcon.colcon_core.package_identification:_identify(src/doosan_description) by extensions ['colcon_meta']
[2.909s] Level 1:colcon.colcon_core.package_identification:_identify(src/doosan_description) by extension 'colcon_meta'
[2.909s] Level 1:colcon.colcon_core.package_identification:_identify(src/doosan_description) by extensions ['ros']
[2.909s] Level 1:colcon.colcon_core.package_identification:_identify(src/doosan_description) by extension 'ros'
[2.909s] DEBUG:colcon.colcon_core.package_identification:Package 'src/doosan_description' with type 'ros.ament_python' and name 'doosan_description'
[2.910s] Level 1:colcon.colcon_core.package_identification:_identify(src/dsr_description2) by extensions ['ignore', 'ignore_ament_install']
[2.910s] Level 1:colcon.colcon_core.package_identification:_identify(src/dsr_description2) by extension 'ignore'
[2.910s] Level 1:colcon.colcon_core.package_identification:_identify(src/dsr_description2) by extension 'ignore_ament_install'
[2.910s] Level 1:colcon.colcon_core.package_identification:_identify(src/dsr_description2) by extensions ['colcon_pkg']
[2.910s] Level 1:colcon.colcon_core.package_identification:_identify(src/dsr_description2) by extension 'colcon_pkg'
[2.910s] Level 1:colcon.colcon_core.package_identification:_identify(src/dsr_description2) by extensions ['colcon_meta']
[2.910s] Level 1:colcon.colcon_core.package_identification:_identify(src/dsr_description2) by extension 'colcon_meta'
[2.910s] Level 1:colcon.colcon_core.package_identification:_identify(src/dsr_description2) by extensions ['ros']
[2.910s] Level 1:colcon.colcon_core.package_identification:_identify(src/dsr_description2) by extension 'ros'
[2.911s] DEBUG:colcon.colcon_core.package_identification:Package 'src/dsr_description2' with type 'ros.ament_cmake' and name 'dsr_description2'
[2.911s] Level 1:colcon.colcon_core.package_identification:_identify(src/mobile_manipulator) by extensions ['ignore', 'ignore_ament_install']
[2.911s] Level 1:colcon.colcon_core.package_identification:_identify(src/mobile_manipulator) by extension 'ignore'
[2.911s] Level 1:colcon.colcon_core.package_identification:_identify(src/mobile_manipulator) by extension 'ignore_ament_install'
[2.911s] Level 1:colcon.colcon_core.package_identification:_identify(src/mobile_manipulator) by extensions ['colcon_pkg']
[2.911s] Level 1:colcon.colcon_core.package_identification:_identify(src/mobile_manipulator) by extension 'colcon_pkg'
[2.911s] Level 1:colcon.colcon_core.package_identification:_identify(src/mobile_manipulator) by extensions ['colcon_meta']
[2.911s] Level 1:colcon.colcon_core.package_identification:_identify(src/mobile_manipulator) by extension 'colcon_meta'
[2.911s] Level 1:colcon.colcon_core.package_identification:_identify(src/mobile_manipulator) by extensions ['ros']
[2.911s] Level 1:colcon.colcon_core.package_identification:_identify(src/mobile_manipulator) by extension 'ros'
[2.912s] DEBUG:colcon.colcon_core.package_identification:Package 'src/mobile_manipulator' with type 'ros.ament_python' and name 'mobile_manipulator'
[2.912s] Level 1:colcon.colcon_core.package_identification:_identify(src/ros2_actions) by extensions ['ignore', 'ignore_ament_install']
[2.912s] Level 1:colcon.colcon_core.package_identification:_identify(src/ros2_actions) by extension 'ignore'
[2.912s] Level 1:colcon.colcon_core.package_identification:_identify(src/ros2_actions) by extension 'ignore_ament_install'
[2.912s] Level 1:colcon.colcon_core.package_identification:_identify(src/ros2_actions) by extensions ['colcon_pkg']
[2.912s] Level 1:colcon.colcon_core.package_identification:_identify(src/ros2_actions) by extension 'colcon_pkg'
[2.912s] Level 1:colcon.colcon_core.package_identification:_identify(src/ros2_actions) by extensions ['colcon_meta']
[2.912s] Level 1:colcon.colcon_core.package_identification:_identify(src/ros2_actions) by extension 'colcon_meta'
[2.912s] Level 1:colcon.colcon_core.package_identification:_identify(src/ros2_actions) by extensions ['ros']
[2.912s] Level 1:colcon.colcon_core.package_identification:_identify(src/ros2_actions) by extension 'ros'
[2.913s] DEBUG:colcon.colcon_core.package_identification:Package 'src/ros2_actions' with type 'ros.ament_cmake' and name 'ros2_actions'
[2.913s] Level 1:colcon.colcon_core.package_identification:_identify(src/ros2_data) by extensions ['ignore', 'ignore_ament_install']
[2.913s] Level 1:colcon.colcon_core.package_identification:_identify(src/ros2_data) by extension 'ignore'
[2.913s] Level 1:colcon.colcon_core.package_identification:_identify(src/ros2_data) by extension 'ignore_ament_install'
[2.913s] Level 1:colcon.colcon_core.package_identification:_identify(src/ros2_data) by extensions ['colcon_pkg']
[2.913s] Level 1:colcon.colcon_core.package_identification:_identify(src/ros2_data) by extension 'colcon_pkg'
[2.913s] Level 1:colcon.colcon_core.package_identification:_identify(src/ros2_data) by extensions ['colcon_meta']
[2.913s] Level 1:colcon.colcon_core.package_identification:_identify(src/ros2_data) by extension 'colcon_meta'
[2.913s] Level 1:colcon.colcon_core.package_identification:_identify(src/ros2_data) by extensions ['ros']
[2.914s] Level 1:colcon.colcon_core.package_identification:_identify(src/ros2_data) by extension 'ros'
[2.914s] DEBUG:colcon.colcon_core.package_identification:Package 'src/ros2_data' with type 'ros.ament_cmake' and name 'ros2_data'
[2.914s] Level 1:colcon.colcon_core.package_identification:_identify(src/ur5_ros2_gazebo) by extensions ['ignore', 'ignore_ament_install']
[2.914s] Level 1:colcon.colcon_core.package_identification:_identify(src/ur5_ros2_gazebo) by extension 'ignore'
[2.915s] Level 1:colcon.colcon_core.package_identification:_identify(src/ur5_ros2_gazebo) by extension 'ignore_ament_install'
[2.915s] Level 1:colcon.colcon_core.package_identification:_identify(src/ur5_ros2_gazebo) by extensions ['colcon_pkg']
[2.915s] Level 1:colcon.colcon_core.package_identification:_identify(src/ur5_ros2_gazebo) by extension 'colcon_pkg'
[2.915s] Level 1:colcon.colcon_core.package_identification:_identify(src/ur5_ros2_gazebo) by extensions ['colcon_meta']
[2.915s] Level 1:colcon.colcon_core.package_identification:_identify(src/ur5_ros2_gazebo) by extension 'colcon_meta'
[2.915s] Level 1:colcon.colcon_core.package_identification:_identify(src/ur5_ros2_gazebo) by extensions ['ros']
[2.915s] Level 1:colcon.colcon_core.package_identification:_identify(src/ur5_ros2_gazebo) by extension 'ros'
[2.915s] DEBUG:colcon.colcon_core.package_identification:Package 'src/ur5_ros2_gazebo' with type 'ros.ament_cmake' and name 'ur5_ros2_gazebo'
[2.915s] Level 1:colcon.colcon_core.package_identification:_identify(src/ur5_ros2_moveit2) by extensions ['ignore', 'ignore_ament_install']
[2.916s] Level 1:colcon.colcon_core.package_identification:_identify(src/ur5_ros2_moveit2) by extension 'ignore'
[2.916s] Level 1:colcon.colcon_core.package_identification:_identify(src/ur5_ros2_moveit2) by extension 'ignore_ament_install'
[2.916s] Level 1:colcon.colcon_core.package_identification:_identify(src/ur5_ros2_moveit2) by extensions ['colcon_pkg']
[2.916s] Level 1:colcon.colcon_core.package_identification:_identify(src/ur5_ros2_moveit2) by extension 'colcon_pkg'
[2.916s] Level 1:colcon.colcon_core.package_identification:_identify(src/ur5_ros2_moveit2) by extensions ['colcon_meta']
[2.916s] Level 1:colcon.colcon_core.package_identification:_identify(src/ur5_ros2_moveit2) by extension 'colcon_meta'
[2.916s] Level 1:colcon.colcon_core.package_identification:_identify(src/ur5_ros2_moveit2) by extensions ['ros']
[2.916s] Level 1:colcon.colcon_core.package_identification:_identify(src/ur5_ros2_moveit2) by extension 'ros'
[2.917s] DEBUG:colcon.colcon_core.package_identification:Package 'src/ur5_ros2_moveit2' with type 'ros.ament_cmake' and name 'ur5_ros2_moveit2'
[2.917s] Level 1:colcon.colcon_core.package_discovery:discover_packages(recursive) using defaults
[2.917s] Level 1:colcon.colcon_core.package_discovery:discover_packages(ignore) discover
[2.917s] Level 1:colcon.colcon_core.package_discovery:discover_packages(ignore) using defaults
[2.917s] Level 1:colcon.colcon_core.package_discovery:discover_packages(path) discover
[2.917s] Level 1:colcon.colcon_core.package_discovery:discover_packages(path) using defaults
[3.073s] INFO:colcon.colcon_core.package_selection:Skipping package 'ur5_ros2_moveit2' in 'src/ur5_ros2_moveit2'
[3.074s] INFO:colcon.colcon_core.package_selection:Skipping package 'ros2_actions' in 'src/ros2_actions'
[3.074s] INFO:colcon.colcon_core.package_selection:Skipping package 'ur5_ros2_gazebo' in 'src/ur5_ros2_gazebo'
[3.074s] INFO:colcon.colcon_core.package_selection:Skipping package 'ros2_data' in 'src/ros2_data'
[3.074s] INFO:colcon.colcon_core.package_selection:Skipping package 'dsr_description2' in 'src/dsr_description2'
[3.074s] INFO:colcon.colcon_core.package_selection:Skipping package 'bulldog_description' in 'src/bulldog_description'
[3.170s] Level 1:colcon.colcon_core.package_discovery:discover_packages(prefix_path) check parameters
[3.170s] Level 1:colcon.colcon_core.package_discovery:discover_packages(prefix_path) discover
[3.266s] DEBUG:colcon.colcon_installed_package_information.package_discovery:Found 10 installed packages in /home/daniel/dev_ws/install
[3.328s] DEBUG:colcon.colcon_installed_package_information.package_discovery:Found 376 installed packages in /opt/ros/foxy
[3.330s] Level 1:colcon.colcon_core.package_discovery:discover_packages(prefix_path) using defaults
[3.516s] Level 5:colcon.colcon_core.verb:set package 'doosan_description' build argument 'cmake_args' from command line to 'None'
[3.516s] Level 5:colcon.colcon_core.verb:set package 'doosan_description' build argument 'cmake_target' from command line to 'None'
[3.516s] Level 5:colcon.colcon_core.verb:set package 'doosan_description' build argument 'cmake_target_skip_unavailable' from command line to 'False'
[3.516s] Level 5:colcon.colcon_core.verb:set package 'doosan_description' build argument 'cmake_clean_cache' from command line to 'False'
[3.516s] Level 5:colcon.colcon_core.verb:set package 'doosan_description' build argument 'cmake_clean_first' from command line to 'False'
[3.516s] Level 5:colcon.colcon_core.verb:set package 'doosan_description' build argument 'cmake_force_configure' from command line to 'False'
[3.516s] Level 5:colcon.colcon_core.verb:set package 'doosan_description' build argument 'ament_cmake_args' from command line to 'None'
[3.516s] Level 5:colcon.colcon_core.verb:set package 'doosan_description' build argument 'catkin_cmake_args' from command line to 'None'
[3.516s] Level 5:colcon.colcon_core.verb:set package 'doosan_description' build argument 'catkin_skip_building_tests' from command line to 'False'
[3.516s] DEBUG:colcon.colcon_core.verb:Building package 'doosan_description' with the following arguments: {'ament_cmake_args': None, 'build_base': '/home/daniel/dev_ws/build/doosan_description', 'catkin_cmake_args': None, 'catkin_skip_building_tests': False, 'cmake_args': None, 'cmake_clean_cache': False, 'cmake_clean_first': False, 'cmake_force_configure': False, 'cmake_target': None, 'cmake_target_skip_unavailable': False, 'install_base': '/home/daniel/dev_ws/install/doosan_description', 'merge_install': False, 'path': '/home/daniel/dev_ws/src/doosan_description', 'symlink_install': True, 'test_result_base': None}
[3.564s] Level 5:colcon.colcon_core.verb:set package 'mobile_manipulator' build argument 'cmake_args' from command line to 'None'
[3.564s] Level 5:colcon.colcon_core.verb:set package 'mobile_manipulator' build argument 'cmake_target' from command line to 'None'
[3.564s] Level 5:colcon.colcon_core.verb:set package 'mobile_manipulator' build argument 'cmake_target_skip_unavailable' from command line to 'False'
[3.564s] Level 5:colcon.colcon_core.verb:set package 'mobile_manipulator' build argument 'cmake_clean_cache' from command line to 'False'
[3.564s] Level 5:colcon.colcon_core.verb:set package 'mobile_manipulator' build argument 'cmake_clean_first' from command line to 'False'
[3.564s] Level 5:colcon.colcon_core.verb:set package 'mobile_manipulator' build argument 'cmake_force_configure' from command line to 'False'
[3.564s] Level 5:colcon.colcon_core.verb:set package 'mobile_manipulator' build argument 'ament_cmake_args' from command line to 'None'
[3.564s] Level 5:colcon.colcon_core.verb:set package 'mobile_manipulator' build argument 'catkin_cmake_args' from command line to 'None'
[3.564s] Level 5:colcon.colcon_core.verb:set package 'mobile_manipulator' build argument 'catkin_skip_building_tests' from command line to 'False'
[3.564s] DEBUG:colcon.colcon_core.verb:Building package 'mobile_manipulator' with the following arguments: {'ament_cmake_args': None, 'build_base': '/home/daniel/dev_ws/build/mobile_manipulator', 'catkin_cmake_args': None, 'catkin_skip_building_tests': False, 'cmake_args': None, 'cmake_clean_cache': False, 'cmake_clean_first': False, 'cmake_force_configure': False, 'cmake_target': None, 'cmake_target_skip_unavailable': False, 'install_base': '/home/daniel/dev_ws/install/mobile_manipulator', 'merge_install': False, 'path': '/home/daniel/dev_ws/src/mobile_manipulator', 'symlink_install': True, 'test_result_base': None}
[3.610s] INFO:colcon.colcon_core.executor:Executing jobs using 'parallel' executor
[3.658s] DEBUG:colcon.colcon_parallel_executor.executor.parallel:run_until_complete
[3.658s] INFO:colcon.colcon_ros.task.ament_python.build:Building ROS package in '/home/daniel/dev_ws/src/doosan_description' with build type 'ament_python'
[3.658s] Level 1:colcon.colcon_core.shell:create_environment_hook('doosan_description', 'ament_prefix_path')
[3.712s] INFO:colcon.colcon_core.plugin_system:Skipping extension 'colcon_core.shell.bat': Not used on non-Windows systems
[3.712s] INFO:colcon.colcon_core.shell:Creating environment hook '/home/daniel/dev_ws/install/doosan_description/share/doosan_description/hook/ament_prefix_path.ps1'
[3.713s] INFO:colcon.colcon_core.shell:Creating environment descriptor '/home/daniel/dev_ws/install/doosan_description/share/doosan_description/hook/ament_prefix_path.dsv'
[3.713s] INFO:colcon.colcon_core.shell:Creating environment hook '/home/daniel/dev_ws/install/doosan_description/share/doosan_description/hook/ament_prefix_path.sh'
[3.764s] INFO:colcon.colcon_core.shell:Skip shell extension 'powershell' for command environment: Not usable outside of PowerShell
[3.764s] DEBUG:colcon.colcon_core.shell:Skip shell extension 'dsv' for command environment
[3.932s] INFO:colcon.colcon_ros.task.ament_python.build:Building ROS package in '/home/daniel/dev_ws/src/mobile_manipulator' with build type 'ament_python'
[3.932s] Level 1:colcon.colcon_core.shell:create_environment_hook('mobile_manipulator', 'ament_prefix_path')
[3.983s] INFO:colcon.colcon_core.shell:Creating environment hook '/home/daniel/dev_ws/install/mobile_manipulator/share/mobile_manipulator/hook/ament_prefix_path.ps1'
[3.983s] INFO:colcon.colcon_core.shell:Creating environment descriptor '/home/daniel/dev_ws/install/mobile_manipulator/share/mobile_manipulator/hook/ament_prefix_path.dsv'
[3.984s] INFO:colcon.colcon_core.shell:Creating environment hook '/home/daniel/dev_ws/install/mobile_manipulator/share/mobile_manipulator/hook/ament_prefix_path.sh'
[4.033s] INFO:colcon.colcon_core.shell:Skip shell extension 'powershell' for command environment: Not usable outside of PowerShell
[4.033s] DEBUG:colcon.colcon_core.shell:Skip shell extension 'dsv' for command environment
[4.431s] INFO:colcon.colcon_core.task.python.build:Building Python package in '/home/daniel/dev_ws/src/doosan_description'
[4.483s] INFO:colcon.colcon_core.shell:Skip shell extension 'powershell' for command environment: Not usable outside of PowerShell
[4.484s] DEBUG:colcon.colcon_core.shell:Skip shell extension 'dsv' for command environment
[4.881s] INFO:colcon.colcon_core.task.python.build:Building Python package in '/home/daniel/dev_ws/src/mobile_manipulator'
[4.932s] INFO:colcon.colcon_core.shell:Skip shell extension 'powershell' for command environment: Not usable outside of PowerShell
[4.932s] DEBUG:colcon.colcon_core.shell:Skip shell extension 'dsv' for command environment
[5.564s] DEBUG:colcon.colcon_core.event_handler.log_command:Invoking command in '/home/daniel/dev_ws/build/mobile_manipulator': PYTHONPATH=/home/daniel/dev_ws/build/mobile_manipulator/prefix_override:/home/daniel/dev_ws/install/mobile_manipulator/lib/python3.8/site-packages:${PYTHONPATH} /usr/bin/python3 setup.py develop --editable --build-directory /home/daniel/dev_ws/build/mobile_manipulator/build --no-deps install_data
[5.575s] DEBUG:colcon.colcon_core.event_handler.log_command:Invoking command in '/home/daniel/dev_ws/build/doosan_description': PYTHONPATH=/home/daniel/dev_ws/build/doosan_description/prefix_override:/home/daniel/dev_ws/install/doosan_description/lib/python3.8/site-packages:${PYTHONPATH} /usr/bin/python3 setup.py develop --editable --build-directory /home/daniel/dev_ws/build/doosan_description/build --no-deps install_data
[6.102s] Level 1:colcon.colcon_core.shell:create_environment_hook('doosan_description', 'pythonpath_develop')
[6.103s] DEBUG:colcon.colcon_core.event_handler.log_command:Invoked command in '/home/daniel/dev_ws/build/doosan_description' returned '0': PYTHONPATH=/home/daniel/dev_ws/build/doosan_description/prefix_override:/home/daniel/dev_ws/install/doosan_description/lib/python3.8/site-packages:${PYTHONPATH} /usr/bin/python3 setup.py develop --editable --build-directory /home/daniel/dev_ws/build/doosan_description/build --no-deps install_data
[6.154s] INFO:colcon.colcon_core.shell:Creating environment hook '/home/daniel/dev_ws/build/doosan_description/share/doosan_description/hook/pythonpath_develop.ps1'
[6.155s] INFO:colcon.colcon_core.shell:Creating environment descriptor '/home/daniel/dev_ws/build/doosan_description/share/doosan_description/hook/pythonpath_develop.dsv'
[6.155s] INFO:colcon.colcon_core.shell:Creating environment hook '/home/daniel/dev_ws/build/doosan_description/share/doosan_description/hook/pythonpath_develop.sh'
[6.209s] Level 1:colcon.colcon_core.environment:checking '/home/daniel/dev_ws/install/doosan_description' for CMake module files
[6.210s] Level 1:colcon.colcon_core.environment:checking '/home/daniel/dev_ws/install/doosan_description' for CMake config files
[6.210s] Level 1:colcon.colcon_core.environment:checking '/home/daniel/dev_ws/install/doosan_description/lib'
[6.211s] Level 1:colcon.colcon_core.environment:checking '/home/daniel/dev_ws/install/doosan_description/bin'
[6.211s] Level 1:colcon.colcon_core.environment:checking '/home/daniel/dev_ws/install/doosan_description/lib/pkgconfig/doosan_description.pc'
[6.211s] Level 1:colcon.colcon_core.environment:checking '/home/daniel/dev_ws/install/doosan_description/lib/python3.8/site-packages'
[6.211s] Level 1:colcon.colcon_core.shell:create_environment_hook('doosan_description', 'pythonpath')
[6.261s] INFO:colcon.colcon_core.shell:Creating environment hook '/home/daniel/dev_ws/install/doosan_description/share/doosan_description/hook/pythonpath.ps1'
[6.261s] INFO:colcon.colcon_core.shell:Creating environment descriptor '/home/daniel/dev_ws/install/doosan_description/share/doosan_description/hook/pythonpath.dsv'
[6.262s] INFO:colcon.colcon_core.shell:Creating environment hook '/home/daniel/dev_ws/install/doosan_description/share/doosan_description/hook/pythonpath.sh'
[6.262s] Level 1:colcon.colcon_core.environment:checking '/home/daniel/dev_ws/install/doosan_description/bin'
[6.262s] Level 1:colcon.colcon_core.environment:create_environment_scripts_only(doosan_description)
[6.312s] INFO:colcon.colcon_core.shell:Creating package script '/home/daniel/dev_ws/install/doosan_description/share/doosan_description/package.ps1'
[6.313s] INFO:colcon.colcon_core.shell:Creating package descriptor '/home/daniel/dev_ws/install/doosan_description/share/doosan_description/package.dsv'
[6.314s] INFO:colcon.colcon_core.shell:Creating package script '/home/daniel/dev_ws/install/doosan_description/share/doosan_description/package.sh'
[6.315s] INFO:colcon.colcon_core.shell:Creating package script '/home/daniel/dev_ws/install/doosan_description/share/doosan_description/package.bash'
[6.315s] INFO:colcon.colcon_core.shell:Creating package script '/home/daniel/dev_ws/install/doosan_description/share/doosan_description/package.zsh'
[6.316s] Level 1:colcon.colcon_core.environment:create_file_with_runtime_dependencies(/home/daniel/dev_ws/install/doosan_description/share/colcon-core/packages/doosan_description)
[6.318s] Level 1:colcon.colcon_core.shell:create_environment_hook('mobile_manipulator', 'pythonpath_develop')
[6.318s] DEBUG:colcon.colcon_core.event_handler.log_command:Invoked command in '/home/daniel/dev_ws/build/mobile_manipulator' returned '0': PYTHONPATH=/home/daniel/dev_ws/build/mobile_manipulator/prefix_override:/home/daniel/dev_ws/install/mobile_manipulator/lib/python3.8/site-packages:${PYTHONPATH} /usr/bin/python3 setup.py develop --editable --build-directory /home/daniel/dev_ws/build/mobile_manipulator/build --no-deps install_data
[6.370s] INFO:colcon.colcon_core.shell:Creating environment hook '/home/daniel/dev_ws/build/mobile_manipulator/share/mobile_manipulator/hook/pythonpath_develop.ps1'
[6.370s] INFO:colcon.colcon_core.shell:Creating environment descriptor '/home/daniel/dev_ws/build/mobile_manipulator/share/mobile_manipulator/hook/pythonpath_develop.dsv'
[6.371s] INFO:colcon.colcon_core.shell:Creating environment hook '/home/daniel/dev_ws/build/mobile_manipulator/share/mobile_manipulator/hook/pythonpath_develop.sh'
[6.421s] Level 1:colcon.colcon_core.environment:checking '/home/daniel/dev_ws/install/mobile_manipulator' for CMake module files
[6.421s] Level 1:colcon.colcon_core.environment:checking '/home/daniel/dev_ws/install/mobile_manipulator' for CMake config files
[6.422s] Level 1:colcon.colcon_core.environment:checking '/home/daniel/dev_ws/install/mobile_manipulator/lib'
[6.422s] Level 1:colcon.colcon_core.environment:checking '/home/daniel/dev_ws/install/mobile_manipulator/bin'
[6.422s] Level 1:colcon.colcon_core.environment:checking '/home/daniel/dev_ws/install/mobile_manipulator/lib/pkgconfig/mobile_manipulator.pc'
[6.423s] Level 1:colcon.colcon_core.environment:checking '/home/daniel/dev_ws/install/mobile_manipulator/lib/python3.8/site-packages'
[6.423s] Level 1:colcon.colcon_core.shell:create_environment_hook('mobile_manipulator', 'pythonpath')
[6.471s] INFO:colcon.colcon_core.shell:Creating environment hook '/home/daniel/dev_ws/install/mobile_manipulator/share/mobile_manipulator/hook/pythonpath.ps1'
[6.472s] INFO:colcon.colcon_core.shell:Creating environment descriptor '/home/daniel/dev_ws/install/mobile_manipulator/share/mobile_manipulator/hook/pythonpath.dsv'
[6.472s] INFO:colcon.colcon_core.shell:Creating environment hook '/home/daniel/dev_ws/install/mobile_manipulator/share/mobile_manipulator/hook/pythonpath.sh'
[6.473s] Level 1:colcon.colcon_core.environment:checking '/home/daniel/dev_ws/install/mobile_manipulator/bin'
[6.473s] Level 1:colcon.colcon_core.environment:create_environment_scripts_only(mobile_manipulator)
[6.533s] INFO:colcon.colcon_core.shell:Creating package script '/home/daniel/dev_ws/install/mobile_manipulator/share/mobile_manipulator/package.ps1'
[6.534s] INFO:colcon.colcon_core.shell:Creating package descriptor '/home/daniel/dev_ws/install/mobile_manipulator/share/mobile_manipulator/package.dsv'
[6.534s] INFO:colcon.colcon_core.shell:Creating package script '/home/daniel/dev_ws/install/mobile_manipulator/share/mobile_manipulator/package.sh'
[6.535s] INFO:colcon.colcon_core.shell:Creating package script '/home/daniel/dev_ws/install/mobile_manipulator/share/mobile_manipulator/package.bash'
[6.535s] INFO:colcon.colcon_core.shell:Creating package script '/home/daniel/dev_ws/install/mobile_manipulator/share/mobile_manipulator/package.zsh'
[6.535s] Level 1:colcon.colcon_core.environment:create_file_with_runtime_dependencies(/home/daniel/dev_ws/install/mobile_manipulator/share/colcon-core/packages/mobile_manipulator)
[6.536s] DEBUG:colcon.colcon_parallel_executor.executor.parallel:closing loop
[6.536s] DEBUG:colcon.colcon_parallel_executor.executor.parallel:loop closed
[6.536s] DEBUG:colcon.colcon_parallel_executor.executor.parallel:run_until_complete finished with '0'
[6.536s] DEBUG:colcon.colcon_core.event_reactor:joining thread
[6.592s] INFO:colcon.colcon_core.plugin_system:Skipping extension 'colcon_notification.desktop_notification.terminal_notifier': Not used on non-Darwin systems
[6.592s] INFO:colcon.colcon_core.plugin_system:Skipping extension 'colcon_notification.desktop_notification.win32': Not used on non-Windows systems
[6.592s] INFO:colcon.colcon_notification.desktop_notification:Sending desktop notification using 'notify2'
[6.606s] DEBUG:colcon.colcon_core.event_reactor:joined thread
[6.657s] INFO:colcon.colcon_core.shell:Creating prefix script '/home/daniel/dev_ws/install/local_setup.ps1'
[6.658s] INFO:colcon.colcon_core.shell:Creating prefix util module '/home/daniel/dev_ws/install/_local_setup_util_ps1.py'
[6.660s] INFO:colcon.colcon_core.shell:Creating prefix chain script '/home/daniel/dev_ws/install/setup.ps1'
[6.710s] INFO:colcon.colcon_core.shell:Creating prefix script '/home/daniel/dev_ws/install/local_setup.sh'
[6.710s] INFO:colcon.colcon_core.shell:Creating prefix util module '/home/daniel/dev_ws/install/_local_setup_util_sh.py'
[6.711s] INFO:colcon.colcon_core.shell:Creating prefix chain script '/home/daniel/dev_ws/install/setup.sh'
[6.762s] INFO:colcon.colcon_core.shell:Creating prefix script '/home/daniel/dev_ws/install/local_setup.bash'
[6.762s] INFO:colcon.colcon_core.shell:Creating prefix chain script '/home/daniel/dev_ws/install/setup.bash'
[6.814s] INFO:colcon.colcon_core.shell:Creating prefix script '/home/daniel/dev_ws/install/local_setup.zsh'
[6.815s] INFO:colcon.colcon_core.shell:Creating prefix chain script '/home/daniel/dev_ws/install/setup.zsh'
