running develop
Removing /home/daniel/dev_ws/install/doosan_description/lib/python3.8/site-packages/doosan-description.egg-link (link to .)
running egg_info
writing ../../build/doosan_description/doosan_description.egg-info/PKG-INFO
writing dependency_links to ../../build/doosan_description/doosan_description.egg-info/dependency_links.txt
writing entry points to ../../build/doosan_description/doosan_description.egg-info/entry_points.txt
writing requirements to ../../build/doosan_description/doosan_description.egg-info/requires.txt
writing top-level names to ../../build/doosan_description/doosan_description.egg-info/top_level.txt
reading manifest file '../../build/doosan_description/doosan_description.egg-info/SOURCES.txt'
writing manifest file '../../build/doosan_description/doosan_description.egg-info/SOURCES.txt'
running build
running build_py
creating /home/daniel/dev_ws/build/doosan_description/build
creating /home/daniel/dev_ws/build/doosan_description/build/lib
creating /home/daniel/dev_ws/build/doosan_description/build/lib/doosan_description
copying doosan_description/joint_points_act_service.py -> /home/daniel/dev_ws/build/doosan_description/build/lib/doosan_description
copying doosan_description/__init__.py -> /home/daniel/dev_ws/build/doosan_description/build/lib/doosan_description
copying doosan_description/joint_points_topic.py -> /home/daniel/dev_ws/build/doosan_description/build/lib/doosan_description
running install
running install_lib
creating /home/daniel/dev_ws/install/doosan_description/lib/python3.8/site-packages/doosan_description
copying /home/daniel/dev_ws/build/doosan_description/build/lib/doosan_description/joint_points_act_service.py -> /home/daniel/dev_ws/install/doosan_description/lib/python3.8/site-packages/doosan_description
copying /home/daniel/dev_ws/build/doosan_description/build/lib/doosan_description/__init__.py -> /home/daniel/dev_ws/install/doosan_description/lib/python3.8/site-packages/doosan_description
copying /home/daniel/dev_ws/build/doosan_description/build/lib/doosan_description/joint_points_topic.py -> /home/daniel/dev_ws/install/doosan_description/lib/python3.8/site-packages/doosan_description
byte-compiling /home/daniel/dev_ws/install/doosan_description/lib/python3.8/site-packages/doosan_description/joint_points_act_service.py to joint_points_act_service.cpython-38.pyc
byte-compiling /home/daniel/dev_ws/install/doosan_description/lib/python3.8/site-packages/doosan_description/__init__.py to __init__.cpython-38.pyc
byte-compiling /home/daniel/dev_ws/install/doosan_description/lib/python3.8/site-packages/doosan_description/joint_points_topic.py to joint_points_topic.cpython-38.pyc
running install_data
running install_egg_info
Copying ../../build/doosan_description/doosan_description.egg-info to /home/daniel/dev_ws/install/doosan_description/lib/python3.8/site-packages/doosan_description-0.0.0-py3.8.egg-info
running install_scripts
Installing trajectory_points_act_server script to /home/daniel/dev_ws/install/doosan_description/lib/doosan_description
Installing trajectory_points_topic script to /home/daniel/dev_ws/install/doosan_description/lib/doosan_description
writing list of installed files to '/home/daniel/dev_ws/build/doosan_description/install.log'
