[3.119s] Invoking command in '/home/daniel/dev_ws/build/doosan_description': PYTHONPATH=/home/daniel/dev_ws/build/doosan_description/prefix_override:/home/daniel/dev_ws/install/doosan_description/lib/python3.8/site-packages:${PYTHONPATH} /usr/bin/python3 setup.py develop --uninstall --editable --build-directory /home/daniel/dev_ws/build/doosan_description/build
[3.423s] running develop
[3.600s] Removing /home/daniel/dev_ws/install/doosan_description/lib/python3.8/site-packages/doosan-description.egg-link (link to .)
[3.689s] Invoked command in '/home/daniel/dev_ws/build/doosan_description' returned '0': PYTHONPATH=/home/daniel/dev_ws/build/doosan_description/prefix_override:/home/daniel/dev_ws/install/doosan_description/lib/python3.8/site-packages:${PYTHONPATH} /usr/bin/python3 setup.py develop --uninstall --editable --build-directory /home/daniel/dev_ws/build/doosan_description/build
[3.690s] Invoking command in '/home/daniel/dev_ws/src/doosan_description': PYTHONPATH=/home/daniel/dev_ws/build/doosan_description/prefix_override:/home/daniel/dev_ws/install/doosan_description/lib/python3.8/site-packages:${PYTHONPATH} /usr/bin/python3 setup.py egg_info --egg-base ../../build/doosan_description build --build-base /home/daniel/dev_ws/build/doosan_description/build install --record /home/daniel/dev_ws/build/doosan_description/install.log --install-scripts $base/lib/doosan_description --single-version-externally-managed
[3.948s] running egg_info
[3.949s] writing ../../build/doosan_description/doosan_description.egg-info/PKG-INFO
[3.949s] writing dependency_links to ../../build/doosan_description/doosan_description.egg-info/dependency_links.txt
[3.950s] writing entry points to ../../build/doosan_description/doosan_description.egg-info/entry_points.txt
[3.950s] writing requirements to ../../build/doosan_description/doosan_description.egg-info/requires.txt
[3.950s] writing top-level names to ../../build/doosan_description/doosan_description.egg-info/top_level.txt
[3.990s] reading manifest file '../../build/doosan_description/doosan_description.egg-info/SOURCES.txt'
[3.992s] writing manifest file '../../build/doosan_description/doosan_description.egg-info/SOURCES.txt'
[3.992s] running build
[3.992s] running build_py
[3.992s] creating /home/daniel/dev_ws/build/doosan_description/build
[3.992s] creating /home/daniel/dev_ws/build/doosan_description/build/lib
[3.992s] creating /home/daniel/dev_ws/build/doosan_description/build/lib/doosan_description
[3.992s] copying doosan_description/joint_points_act_service.py -> /home/daniel/dev_ws/build/doosan_description/build/lib/doosan_description
[3.993s] copying doosan_description/__init__.py -> /home/daniel/dev_ws/build/doosan_description/build/lib/doosan_description
[3.993s] copying doosan_description/joint_points_topic.py -> /home/daniel/dev_ws/build/doosan_description/build/lib/doosan_description
[3.993s] running install
[3.993s] running install_lib
[3.995s] creating /home/daniel/dev_ws/install/doosan_description/lib/python3.8/site-packages/doosan_description
[3.995s] copying /home/daniel/dev_ws/build/doosan_description/build/lib/doosan_description/joint_points_act_service.py -> /home/daniel/dev_ws/install/doosan_description/lib/python3.8/site-packages/doosan_description
[3.995s] copying /home/daniel/dev_ws/build/doosan_description/build/lib/doosan_description/__init__.py -> /home/daniel/dev_ws/install/doosan_description/lib/python3.8/site-packages/doosan_description
[3.995s] copying /home/daniel/dev_ws/build/doosan_description/build/lib/doosan_description/joint_points_topic.py -> /home/daniel/dev_ws/install/doosan_description/lib/python3.8/site-packages/doosan_description
[3.996s] byte-compiling /home/daniel/dev_ws/install/doosan_description/lib/python3.8/site-packages/doosan_description/joint_points_act_service.py to joint_points_act_service.cpython-38.pyc
[3.998s] byte-compiling /home/daniel/dev_ws/install/doosan_description/lib/python3.8/site-packages/doosan_description/__init__.py to __init__.cpython-38.pyc
[3.998s] byte-compiling /home/daniel/dev_ws/install/doosan_description/lib/python3.8/site-packages/doosan_description/joint_points_topic.py to joint_points_topic.cpython-38.pyc
[3.998s] running install_data
[4.000s] running install_egg_info
[4.002s] Copying ../../build/doosan_description/doosan_description.egg-info to /home/daniel/dev_ws/install/doosan_description/lib/python3.8/site-packages/doosan_description-0.0.0-py3.8.egg-info
[4.002s] running install_scripts
[4.021s] Installing trajectory_points_act_server script to /home/daniel/dev_ws/install/doosan_description/lib/doosan_description
[4.021s] Installing trajectory_points_topic script to /home/daniel/dev_ws/install/doosan_description/lib/doosan_description
[4.021s] writing list of installed files to '/home/daniel/dev_ws/build/doosan_description/install.log'
[4.185s] Invoked command in '/home/daniel/dev_ws/src/doosan_description' returned '0': PYTHONPATH=/home/daniel/dev_ws/build/doosan_description/prefix_override:/home/daniel/dev_ws/install/doosan_description/lib/python3.8/site-packages:${PYTHONPATH} /usr/bin/python3 setup.py egg_info --egg-base ../../build/doosan_description build --build-base /home/daniel/dev_ws/build/doosan_description/build install --record /home/daniel/dev_ws/build/doosan_description/install.log --install-scripts $base/lib/doosan_description --single-version-externally-managed
