[0.657s] Invoking command in '/home/daniel/dev_ws/build/ur5_ros2_moveit2': AMENT_PREFIX_PATH=/home/daniel/dev_ws/install/ros2_data:${AMENT_PREFIX_PATH} CMAKE_PREFIX_PATH=/home/daniel/dev_ws/install/ros2_data:/opt/ros/foxy LD_LIBRARY_PATH=/home/daniel/dev_ws/install/ros2_data/lib:${LD_LIBRARY_PATH} PYTHONPATH=/home/daniel/dev_ws/install/ros2_data/lib/python3.8/site-packages:${PYTHONPATH} /usr/bin/cmake --build /home/daniel/dev_ws/build/ur5_ros2_moveit2 -- -j8 -l8
[0.778s] Invoked command in '/home/daniel/dev_ws/build/ur5_ros2_moveit2' returned '0': AMENT_PREFIX_PATH=/home/daniel/dev_ws/install/ros2_data:${AMENT_PREFIX_PATH} CMAKE_PREFIX_PATH=/home/daniel/dev_ws/install/ros2_data:/opt/ros/foxy LD_LIBRARY_PATH=/home/daniel/dev_ws/install/ros2_data/lib:${LD_LIBRARY_PATH} PYTHONPATH=/home/daniel/dev_ws/install/ros2_data/lib/python3.8/site-packages:${PYTHONPATH} /usr/bin/cmake --build /home/daniel/dev_ws/build/ur5_ros2_moveit2 -- -j8 -l8
[0.804s] Invoking command in '/home/daniel/dev_ws/build/ur5_ros2_moveit2': AMENT_PREFIX_PATH=/home/daniel/dev_ws/install/ros2_data:${AMENT_PREFIX_PATH} CMAKE_PREFIX_PATH=/home/daniel/dev_ws/install/ros2_data:/opt/ros/foxy LD_LIBRARY_PATH=/home/daniel/dev_ws/install/ros2_data/lib:${LD_LIBRARY_PATH} PYTHONPATH=/home/daniel/dev_ws/install/ros2_data/lib/python3.8/site-packages:${PYTHONPATH} /usr/bin/cmake --install /home/daniel/dev_ws/build/ur5_ros2_moveit2
[0.814s] -- Install configuration: ""
[0.814s] -- Up-to-date: /home/daniel/dev_ws/install/ur5_ros2_moveit2/share/ur5_ros2_moveit2/config
[0.814s] -- Up-to-date: /home/daniel/dev_ws/install/ur5_ros2_moveit2/share/ur5_ros2_moveit2/config/chomp_planning.yaml
[0.814s] -- Up-to-date: /home/daniel/dev_ws/install/ur5_ros2_moveit2/share/ur5_ros2_moveit2/config/ur5.srdf
[0.814s] -- Up-to-date: /home/daniel/dev_ws/install/ur5_ros2_moveit2/share/ur5_ros2_moveit2/config/ur5_moveit2.rviz
[0.814s] -- Up-to-date: /home/daniel/dev_ws/install/ur5_ros2_moveit2/share/ur5_ros2_moveit2/config/ur5_controllers.yaml
[0.814s] -- Up-to-date: /home/daniel/dev_ws/install/ur5_ros2_moveit2/share/ur5_ros2_moveit2/config/ompl_planning.yaml
[0.814s] -- Up-to-date: /home/daniel/dev_ws/install/ur5_ros2_moveit2/share/ur5_ros2_moveit2/config/kinematics.yaml
[0.815s] -- Up-to-date: /home/daniel/dev_ws/install/ur5_ros2_moveit2/share/ur5_ros2_moveit2/launch
[0.815s] -- Up-to-date: /home/daniel/dev_ws/install/ur5_ros2_moveit2/share/ur5_ros2_moveit2/launch/ur5_interface.launch.py
[0.815s] -- Up-to-date: /home/daniel/dev_ws/install/ur5_ros2_moveit2/share/ur5_ros2_moveit2/launch/ur5.launch.py
[0.815s] -- Up-to-date: /home/daniel/dev_ws/install/ur5_ros2_moveit2/share/ament_index/resource_index/package_run_dependencies/ur5_ros2_moveit2
[0.815s] -- Up-to-date: /home/daniel/dev_ws/install/ur5_ros2_moveit2/share/ament_index/resource_index/parent_prefix_path/ur5_ros2_moveit2
[0.815s] -- Up-to-date: /home/daniel/dev_ws/install/ur5_ros2_moveit2/share/ur5_ros2_moveit2/environment/ament_prefix_path.sh
[0.815s] -- Up-to-date: /home/daniel/dev_ws/install/ur5_ros2_moveit2/share/ur5_ros2_moveit2/environment/ament_prefix_path.dsv
[0.815s] -- Up-to-date: /home/daniel/dev_ws/install/ur5_ros2_moveit2/share/ur5_ros2_moveit2/environment/path.sh
[0.815s] -- Up-to-date: /home/daniel/dev_ws/install/ur5_ros2_moveit2/share/ur5_ros2_moveit2/environment/path.dsv
[0.815s] -- Up-to-date: /home/daniel/dev_ws/install/ur5_ros2_moveit2/share/ur5_ros2_moveit2/local_setup.bash
[0.815s] -- Up-to-date: /home/daniel/dev_ws/install/ur5_ros2_moveit2/share/ur5_ros2_moveit2/local_setup.sh
[0.815s] -- Up-to-date: /home/daniel/dev_ws/install/ur5_ros2_moveit2/share/ur5_ros2_moveit2/local_setup.zsh
[0.815s] -- Up-to-date: /home/daniel/dev_ws/install/ur5_ros2_moveit2/share/ur5_ros2_moveit2/local_setup.dsv
[0.815s] -- Installing: /home/daniel/dev_ws/install/ur5_ros2_moveit2/share/ur5_ros2_moveit2/package.dsv
[0.826s] -- Up-to-date: /home/daniel/dev_ws/install/ur5_ros2_moveit2/share/ament_index/resource_index/packages/ur5_ros2_moveit2
[0.826s] -- Up-to-date: /home/daniel/dev_ws/install/ur5_ros2_moveit2/share/ur5_ros2_moveit2/cmake/ur5_ros2_moveit2Config.cmake
[0.826s] -- Up-to-date: /home/daniel/dev_ws/install/ur5_ros2_moveit2/share/ur5_ros2_moveit2/cmake/ur5_ros2_moveit2Config-version.cmake
[0.826s] -- Up-to-date: /home/daniel/dev_ws/install/ur5_ros2_moveit2/share/ur5_ros2_moveit2/package.xml
[0.828s] Invoked command in '/home/daniel/dev_ws/build/ur5_ros2_moveit2' returned '0': AMENT_PREFIX_PATH=/home/daniel/dev_ws/install/ros2_data:${AMENT_PREFIX_PATH} CMAKE_PREFIX_PATH=/home/daniel/dev_ws/install/ros2_data:/opt/ros/foxy LD_LIBRARY_PATH=/home/daniel/dev_ws/install/ros2_data/lib:${LD_LIBRARY_PATH} PYTHONPATH=/home/daniel/dev_ws/install/ros2_data/lib/python3.8/site-packages:${PYTHONPATH} /usr/bin/cmake --install /home/daniel/dev_ws/build/ur5_ros2_moveit2
