[2.665s] DEBUG:colcon:Command line arguments: ['/usr/bin/colcon', 'build', '--symlink-install']
[2.665s] DEBUG:colcon:Parsed command line arguments: Namespace(allow_overriding=[], ament_cmake_args=None, base_paths=['.'], build_base='build', catkin_cmake_args=None, catkin_skip_building_tests=False, cmake_args=None, cmake_clean_cache=False, cmake_clean_first=False, cmake_force_configure=False, cmake_target=None, cmake_target_skip_unavailable=False, continue_on_error=False, event_handlers=None, executor='parallel', ignore_user_meta=False, install_base='install', log_base=None, log_level=None, main=<bound method BuildVerb.main of <colcon_core.verb.build.BuildVerb object at 0x7f705e262910>>, merge_install=False, metas=['./colcon.meta'], packages_above=None, packages_above_and_dependencies=None, packages_above_depth=None, packages_end=None, packages_ignore=None, packages_ignore_regex=None, packages_select=None, packages_select_build_failed=False, packages_select_by_dep=None, packages_select_regex=None, packages_select_test_failures=False, packages_skip=None, packages_skip_build_finished=False, packages_skip_by_dep=None, packages_skip_regex=None, packages_skip_test_passed=False, packages_skip_up_to=None, packages_start=None, packages_up_to=None, packages_up_to_regex=None, parallel_workers=8, paths=None, symlink_install=True, test_result_base=None, verb_extension=<colcon_core.verb.build.BuildVerb object at 0x7f705e262910>, verb_name='build', verb_parser=<colcon_defaults.argument_parser.defaults.DefaultArgumentsDecorator object at 0x7f705e262e50>)
[2.784s] Level 1:colcon.colcon_core.package_discovery:discover_packages(colcon_meta) check parameters
[2.784s] Level 1:colcon.colcon_core.package_discovery:discover_packages(recursive) check parameters
[2.784s] Level 1:colcon.colcon_core.package_discovery:discover_packages(ignore) check parameters
[2.784s] Level 1:colcon.colcon_core.package_discovery:discover_packages(path) check parameters
[2.784s] Level 1:colcon.colcon_core.package_discovery:discover_packages(colcon_meta) discover
[2.784s] Level 1:colcon.colcon_core.package_discovery:discover_packages(recursive) discover
[2.784s] INFO:colcon.colcon_core.package_discovery:Crawling recursively for packages in '/home/daniel/dev_ws'
[2.784s] Level 1:colcon.colcon_core.package_identification:_identify(.) by extensions ['ignore', 'ignore_ament_install']
[2.784s] Level 1:colcon.colcon_core.package_identification:_identify(.) by extension 'ignore'
[2.784s] Level 1:colcon.colcon_core.package_identification:_identify(.) by extension 'ignore_ament_install'
[2.784s] Level 1:colcon.colcon_core.package_identification:_identify(.) by extensions ['colcon_pkg']
[2.784s] Level 1:colcon.colcon_core.package_identification:_identify(.) by extension 'colcon_pkg'
[2.784s] Level 1:colcon.colcon_core.package_identification:_identify(.) by extensions ['colcon_meta']
[2.784s] Level 1:colcon.colcon_core.package_identification:_identify(.) by extension 'colcon_meta'
[2.784s] Level 1:colcon.colcon_core.package_identification:_identify(.) by extensions ['ros']
[2.785s] Level 1:colcon.colcon_core.package_identification:_identify(.) by extension 'ros'
[2.794s] Level 1:colcon.colcon_core.package_identification:_identify(.) by extensions ['cmake', 'python']
[2.795s] Level 1:colcon.colcon_core.package_identification:_identify(.) by extension 'cmake'
[2.795s] Level 1:colcon.colcon_core.package_identification:_identify(.) by extension 'python'
[2.795s] Level 1:colcon.colcon_core.package_identification:_identify(.) by extensions ['python_setup_py']
[2.795s] Level 1:colcon.colcon_core.package_identification:_identify(.) by extension 'python_setup_py'
[2.795s] Level 1:colcon.colcon_core.package_identification:_identify(build) by extensions ['ignore', 'ignore_ament_install']
[2.795s] Level 1:colcon.colcon_core.package_identification:_identify(build) by extension 'ignore'
[2.795s] Level 1:colcon.colcon_core.package_identification:_identify(build) ignored
[2.795s] Level 1:colcon.colcon_core.package_identification:_identify(install) by extensions ['ignore', 'ignore_ament_install']
[2.795s] Level 1:colcon.colcon_core.package_identification:_identify(install) by extension 'ignore'
[2.795s] Level 1:colcon.colcon_core.package_identification:_identify(install) ignored
[2.796s] Level 1:colcon.colcon_core.package_identification:_identify(log) by extensions ['ignore', 'ignore_ament_install']
[2.796s] Level 1:colcon.colcon_core.package_identification:_identify(log) by extension 'ignore'
[2.796s] Level 1:colcon.colcon_core.package_identification:_identify(log) ignored
[2.796s] Level 1:colcon.colcon_core.package_identification:_identify(src) by extensions ['ignore', 'ignore_ament_install']
[2.796s] Level 1:colcon.colcon_core.package_identification:_identify(src) by extension 'ignore'
[2.796s] Level 1:colcon.colcon_core.package_identification:_identify(src) by extension 'ignore_ament_install'
[2.796s] Level 1:colcon.colcon_core.package_identification:_identify(src) by extensions ['colcon_pkg']
[2.796s] Level 1:colcon.colcon_core.package_identification:_identify(src) by extension 'colcon_pkg'
[2.796s] Level 1:colcon.colcon_core.package_identification:_identify(src) by extensions ['colcon_meta']
[2.796s] Level 1:colcon.colcon_core.package_identification:_identify(src) by extension 'colcon_meta'
[2.796s] Level 1:colcon.colcon_core.package_identification:_identify(src) by extensions ['ros']
[2.796s] Level 1:colcon.colcon_core.package_identification:_identify(src) by extension 'ros'
[2.796s] Level 1:colcon.colcon_core.package_identification:_identify(src) by extensions ['cmake', 'python']
[2.796s] Level 1:colcon.colcon_core.package_identification:_identify(src) by extension 'cmake'
[2.797s] Level 1:colcon.colcon_core.package_identification:_identify(src) by extension 'python'
[2.797s] Level 1:colcon.colcon_core.package_identification:_identify(src) by extensions ['python_setup_py']
[2.797s] Level 1:colcon.colcon_core.package_identification:_identify(src) by extension 'python_setup_py'
[2.797s] Level 1:colcon.colcon_core.package_identification:_identify(src/bulldog_description) by extensions ['ignore', 'ignore_ament_install']
[2.797s] Level 1:colcon.colcon_core.package_identification:_identify(src/bulldog_description) by extension 'ignore'
[2.797s] Level 1:colcon.colcon_core.package_identification:_identify(src/bulldog_description) by extension 'ignore_ament_install'
[2.797s] Level 1:colcon.colcon_core.package_identification:_identify(src/bulldog_description) by extensions ['colcon_pkg']
[2.797s] Level 1:colcon.colcon_core.package_identification:_identify(src/bulldog_description) by extension 'colcon_pkg'
[2.797s] Level 1:colcon.colcon_core.package_identification:_identify(src/bulldog_description) by extensions ['colcon_meta']
[2.797s] Level 1:colcon.colcon_core.package_identification:_identify(src/bulldog_description) by extension 'colcon_meta'
[2.797s] Level 1:colcon.colcon_core.package_identification:_identify(src/bulldog_description) by extensions ['ros']
[2.797s] Level 1:colcon.colcon_core.package_identification:_identify(src/bulldog_description) by extension 'ros'
[2.799s] DEBUG:colcon.colcon_core.package_identification:Package 'src/bulldog_description' with type 'ros.ament_python' and name 'bulldog_description'
[2.800s] Level 1:colcon.colcon_core.package_identification:_identify(src/robot_description) by extensions ['ignore', 'ignore_ament_install']
[2.800s] Level 1:colcon.colcon_core.package_identification:_identify(src/robot_description) by extension 'ignore'
[2.800s] Level 1:colcon.colcon_core.package_identification:_identify(src/robot_description) by extension 'ignore_ament_install'
[2.800s] Level 1:colcon.colcon_core.package_identification:_identify(src/robot_description) by extensions ['colcon_pkg']
[2.800s] Level 1:colcon.colcon_core.package_identification:_identify(src/robot_description) by extension 'colcon_pkg'
[2.800s] Level 1:colcon.colcon_core.package_identification:_identify(src/robot_description) by extensions ['colcon_meta']
[2.800s] Level 1:colcon.colcon_core.package_identification:_identify(src/robot_description) by extension 'colcon_meta'
[2.800s] Level 1:colcon.colcon_core.package_identification:_identify(src/robot_description) by extensions ['ros']
[2.800s] Level 1:colcon.colcon_core.package_identification:_identify(src/robot_description) by extension 'ros'
[2.801s] DEBUG:colcon.colcon_core.package_identification:Package 'src/robot_description' with type 'ros.ament_python' and name 'robot_description'
[2.801s] Level 1:colcon.colcon_core.package_identification:_identify(src/ur5_description) by extensions ['ignore', 'ignore_ament_install']
[2.801s] Level 1:colcon.colcon_core.package_identification:_identify(src/ur5_description) by extension 'ignore'
[2.801s] Level 1:colcon.colcon_core.package_identification:_identify(src/ur5_description) by extension 'ignore_ament_install'
[2.801s] Level 1:colcon.colcon_core.package_identification:_identify(src/ur5_description) by extensions ['colcon_pkg']
[2.801s] Level 1:colcon.colcon_core.package_identification:_identify(src/ur5_description) by extension 'colcon_pkg'
[2.801s] Level 1:colcon.colcon_core.package_identification:_identify(src/ur5_description) by extensions ['colcon_meta']
[2.801s] Level 1:colcon.colcon_core.package_identification:_identify(src/ur5_description) by extension 'colcon_meta'
[2.801s] Level 1:colcon.colcon_core.package_identification:_identify(src/ur5_description) by extensions ['ros']
[2.801s] Level 1:colcon.colcon_core.package_identification:_identify(src/ur5_description) by extension 'ros'
[2.802s] DEBUG:colcon.colcon_core.package_identification:Package 'src/ur5_description' with type 'ros.ament_cmake' and name 'ur5_description'
[2.802s] Level 1:colcon.colcon_core.package_discovery:discover_packages(recursive) using defaults
[2.802s] Level 1:colcon.colcon_core.package_discovery:discover_packages(ignore) discover
[2.802s] Level 1:colcon.colcon_core.package_discovery:discover_packages(ignore) using defaults
[2.802s] Level 1:colcon.colcon_core.package_discovery:discover_packages(path) discover
[2.802s] Level 1:colcon.colcon_core.package_discovery:discover_packages(path) using defaults
[3.046s] Level 1:colcon.colcon_core.package_discovery:discover_packages(prefix_path) check parameters
[3.046s] Level 1:colcon.colcon_core.package_discovery:discover_packages(prefix_path) discover
[3.139s] DEBUG:colcon.colcon_installed_package_information.package_discovery:Found 6 installed packages in /home/daniel/dev_ws/install
[3.188s] DEBUG:colcon.colcon_installed_package_information.package_discovery:Found 318 installed packages in /opt/ros/foxy
[3.189s] Level 1:colcon.colcon_core.package_discovery:discover_packages(prefix_path) using defaults
[3.399s] Level 5:colcon.colcon_core.verb:set package 'bulldog_description' build argument 'cmake_args' from command line to 'None'
[3.399s] Level 5:colcon.colcon_core.verb:set package 'bulldog_description' build argument 'cmake_target' from command line to 'None'
[3.399s] Level 5:colcon.colcon_core.verb:set package 'bulldog_description' build argument 'cmake_target_skip_unavailable' from command line to 'False'
[3.399s] Level 5:colcon.colcon_core.verb:set package 'bulldog_description' build argument 'cmake_clean_cache' from command line to 'False'
[3.400s] Level 5:colcon.colcon_core.verb:set package 'bulldog_description' build argument 'cmake_clean_first' from command line to 'False'
[3.400s] Level 5:colcon.colcon_core.verb:set package 'bulldog_description' build argument 'cmake_force_configure' from command line to 'False'
[3.400s] Level 5:colcon.colcon_core.verb:set package 'bulldog_description' build argument 'ament_cmake_args' from command line to 'None'
[3.400s] Level 5:colcon.colcon_core.verb:set package 'bulldog_description' build argument 'catkin_cmake_args' from command line to 'None'
[3.400s] Level 5:colcon.colcon_core.verb:set package 'bulldog_description' build argument 'catkin_skip_building_tests' from command line to 'False'
[3.400s] DEBUG:colcon.colcon_core.verb:Building package 'bulldog_description' with the following arguments: {'ament_cmake_args': None, 'build_base': '/home/daniel/dev_ws/build/bulldog_description', 'catkin_cmake_args': None, 'catkin_skip_building_tests': False, 'cmake_args': None, 'cmake_clean_cache': False, 'cmake_clean_first': False, 'cmake_force_configure': False, 'cmake_target': None, 'cmake_target_skip_unavailable': False, 'install_base': '/home/daniel/dev_ws/install/bulldog_description', 'merge_install': False, 'path': '/home/daniel/dev_ws/src/bulldog_description', 'symlink_install': True, 'test_result_base': None}
[3.451s] Level 5:colcon.colcon_core.verb:set package 'robot_description' build argument 'cmake_args' from command line to 'None'
[3.451s] Level 5:colcon.colcon_core.verb:set package 'robot_description' build argument 'cmake_target' from command line to 'None'
[3.451s] Level 5:colcon.colcon_core.verb:set package 'robot_description' build argument 'cmake_target_skip_unavailable' from command line to 'False'
[3.451s] Level 5:colcon.colcon_core.verb:set package 'robot_description' build argument 'cmake_clean_cache' from command line to 'False'
[3.451s] Level 5:colcon.colcon_core.verb:set package 'robot_description' build argument 'cmake_clean_first' from command line to 'False'
[3.451s] Level 5:colcon.colcon_core.verb:set package 'robot_description' build argument 'cmake_force_configure' from command line to 'False'
[3.451s] Level 5:colcon.colcon_core.verb:set package 'robot_description' build argument 'ament_cmake_args' from command line to 'None'
[3.451s] Level 5:colcon.colcon_core.verb:set package 'robot_description' build argument 'catkin_cmake_args' from command line to 'None'
[3.451s] Level 5:colcon.colcon_core.verb:set package 'robot_description' build argument 'catkin_skip_building_tests' from command line to 'False'
[3.451s] DEBUG:colcon.colcon_core.verb:Building package 'robot_description' with the following arguments: {'ament_cmake_args': None, 'build_base': '/home/daniel/dev_ws/build/robot_description', 'catkin_cmake_args': None, 'catkin_skip_building_tests': False, 'cmake_args': None, 'cmake_clean_cache': False, 'cmake_clean_first': False, 'cmake_force_configure': False, 'cmake_target': None, 'cmake_target_skip_unavailable': False, 'install_base': '/home/daniel/dev_ws/install/robot_description', 'merge_install': False, 'path': '/home/daniel/dev_ws/src/robot_description', 'symlink_install': True, 'test_result_base': None}
[3.497s] Level 5:colcon.colcon_core.verb:set package 'ur5_description' build argument 'cmake_args' from command line to 'None'
[3.497s] Level 5:colcon.colcon_core.verb:set package 'ur5_description' build argument 'cmake_target' from command line to 'None'
[3.497s] Level 5:colcon.colcon_core.verb:set package 'ur5_description' build argument 'cmake_target_skip_unavailable' from command line to 'False'
[3.497s] Level 5:colcon.colcon_core.verb:set package 'ur5_description' build argument 'cmake_clean_cache' from command line to 'False'
[3.497s] Level 5:colcon.colcon_core.verb:set package 'ur5_description' build argument 'cmake_clean_first' from command line to 'False'
[3.497s] Level 5:colcon.colcon_core.verb:set package 'ur5_description' build argument 'cmake_force_configure' from command line to 'False'
[3.497s] Level 5:colcon.colcon_core.verb:set package 'ur5_description' build argument 'ament_cmake_args' from command line to 'None'
[3.497s] Level 5:colcon.colcon_core.verb:set package 'ur5_description' build argument 'catkin_cmake_args' from command line to 'None'
[3.497s] Level 5:colcon.colcon_core.verb:set package 'ur5_description' build argument 'catkin_skip_building_tests' from command line to 'False'
[3.497s] DEBUG:colcon.colcon_core.verb:Building package 'ur5_description' with the following arguments: {'ament_cmake_args': None, 'build_base': '/home/daniel/dev_ws/build/ur5_description', 'catkin_cmake_args': None, 'catkin_skip_building_tests': False, 'cmake_args': None, 'cmake_clean_cache': False, 'cmake_clean_first': False, 'cmake_force_configure': False, 'cmake_target': None, 'cmake_target_skip_unavailable': False, 'install_base': '/home/daniel/dev_ws/install/ur5_description', 'merge_install': False, 'path': '/home/daniel/dev_ws/src/ur5_description', 'symlink_install': True, 'test_result_base': None}
[3.543s] INFO:colcon.colcon_core.executor:Executing jobs using 'parallel' executor
[3.590s] DEBUG:colcon.colcon_parallel_executor.executor.parallel:run_until_complete
[3.590s] INFO:colcon.colcon_ros.task.ament_python.build:Building ROS package in '/home/daniel/dev_ws/src/bulldog_description' with build type 'ament_python'
[3.590s] Level 1:colcon.colcon_core.shell:create_environment_hook('bulldog_description', 'ament_prefix_path')
[3.639s] INFO:colcon.colcon_core.plugin_system:Skipping extension 'colcon_core.shell.bat': Not used on non-Windows systems
[3.639s] INFO:colcon.colcon_core.shell:Creating environment hook '/home/daniel/dev_ws/install/bulldog_description/share/bulldog_description/hook/ament_prefix_path.ps1'
[3.640s] INFO:colcon.colcon_core.shell:Creating environment descriptor '/home/daniel/dev_ws/install/bulldog_description/share/bulldog_description/hook/ament_prefix_path.dsv'
[3.640s] INFO:colcon.colcon_core.shell:Creating environment hook '/home/daniel/dev_ws/install/bulldog_description/share/bulldog_description/hook/ament_prefix_path.sh'
[3.687s] INFO:colcon.colcon_core.shell:Skip shell extension 'powershell' for command environment: Not usable outside of PowerShell
[3.687s] DEBUG:colcon.colcon_core.shell:Skip shell extension 'dsv' for command environment
[3.835s] INFO:colcon.colcon_ros.task.ament_python.build:Building ROS package in '/home/daniel/dev_ws/src/robot_description' with build type 'ament_python'
[3.835s] Level 1:colcon.colcon_core.shell:create_environment_hook('robot_description', 'ament_prefix_path')
[3.884s] INFO:colcon.colcon_core.shell:Creating environment hook '/home/daniel/dev_ws/install/robot_description/share/robot_description/hook/ament_prefix_path.ps1'
[3.884s] INFO:colcon.colcon_core.shell:Creating environment descriptor '/home/daniel/dev_ws/install/robot_description/share/robot_description/hook/ament_prefix_path.dsv'
[3.885s] INFO:colcon.colcon_core.shell:Creating environment hook '/home/daniel/dev_ws/install/robot_description/share/robot_description/hook/ament_prefix_path.sh'
[3.933s] INFO:colcon.colcon_core.shell:Skip shell extension 'powershell' for command environment: Not usable outside of PowerShell
[3.933s] DEBUG:colcon.colcon_core.shell:Skip shell extension 'dsv' for command environment
[4.079s] INFO:colcon.colcon_ros.task.ament_cmake.build:Building ROS package in '/home/daniel/dev_ws/src/ur5_description' with build type 'ament_cmake'
[4.079s] INFO:colcon.colcon_cmake.task.cmake.build:Building CMake package in '/home/daniel/dev_ws/src/ur5_description'
[4.128s] INFO:colcon.colcon_core.shell:Skip shell extension 'powershell' for command environment: Not usable outside of PowerShell
[4.129s] DEBUG:colcon.colcon_core.shell:Skip shell extension 'dsv' for command environment
[4.510s] INFO:colcon.colcon_core.task.python.build:Building Python package in '/home/daniel/dev_ws/src/bulldog_description'
[4.558s] INFO:colcon.colcon_core.shell:Skip shell extension 'powershell' for command environment: Not usable outside of PowerShell
[4.558s] DEBUG:colcon.colcon_core.shell:Skip shell extension 'dsv' for command environment
[4.942s] INFO:colcon.colcon_core.task.python.build:Building Python package in '/home/daniel/dev_ws/src/robot_description'
[5.002s] INFO:colcon.colcon_core.shell:Skip shell extension 'powershell' for command environment: Not usable outside of PowerShell
[5.002s] DEBUG:colcon.colcon_core.shell:Skip shell extension 'dsv' for command environment
[5.151s] DEBUG:colcon.colcon_core.event_handler.log_command:Invoking command in '/home/daniel/dev_ws/build/ur5_description': CMAKE_PREFIX_PATH=${CMAKE_PREFIX_PATH}:/home/daniel/dev_ws/install/robot_description:/home/daniel/dev_ws/install/my_doosan_pkg:/home/daniel/dev_ws/install/bulldog_description:/opt/ros/foxy /usr/bin/cmake --build /home/daniel/dev_ws/build/ur5_description -- -j8 -l8
[5.196s] DEBUG:colcon.colcon_core.event_handler.log_command:Invoked command in '/home/daniel/dev_ws/build/ur5_description' returned '0': CMAKE_PREFIX_PATH=${CMAKE_PREFIX_PATH}:/home/daniel/dev_ws/install/robot_description:/home/daniel/dev_ws/install/my_doosan_pkg:/home/daniel/dev_ws/install/bulldog_description:/opt/ros/foxy /usr/bin/cmake --build /home/daniel/dev_ws/build/ur5_description -- -j8 -l8
[5.233s] DEBUG:colcon.colcon_core.event_handler.log_command:Invoking command in '/home/daniel/dev_ws/build/ur5_description': CMAKE_PREFIX_PATH=${CMAKE_PREFIX_PATH}:/home/daniel/dev_ws/install/robot_description:/home/daniel/dev_ws/install/my_doosan_pkg:/home/daniel/dev_ws/install/bulldog_description:/opt/ros/foxy /usr/bin/cmake --install /home/daniel/dev_ws/build/ur5_description
[5.272s] Level 1:colcon.colcon_core.environment:create_environment_scripts_only(ur5_description)
[5.273s] DEBUG:colcon.colcon_core.event_handler.log_command:Invoked command in '/home/daniel/dev_ws/build/ur5_description' returned '0': CMAKE_PREFIX_PATH=${CMAKE_PREFIX_PATH}:/home/daniel/dev_ws/install/robot_description:/home/daniel/dev_ws/install/my_doosan_pkg:/home/daniel/dev_ws/install/bulldog_description:/opt/ros/foxy /usr/bin/cmake --install /home/daniel/dev_ws/build/ur5_description
[5.340s] Level 1:colcon.colcon_core.environment:checking '/home/daniel/dev_ws/install/ur5_description' for CMake module files
[5.340s] Level 1:colcon.colcon_core.environment:checking '/home/daniel/dev_ws/install/ur5_description' for CMake config files
[5.341s] Level 1:colcon.colcon_core.shell:create_environment_hook('ur5_description', 'cmake_prefix_path')
[5.392s] INFO:colcon.colcon_core.shell:Creating environment hook '/home/daniel/dev_ws/install/ur5_description/share/ur5_description/hook/cmake_prefix_path.ps1'
[5.393s] INFO:colcon.colcon_core.shell:Creating environment descriptor '/home/daniel/dev_ws/install/ur5_description/share/ur5_description/hook/cmake_prefix_path.dsv'
[5.393s] INFO:colcon.colcon_core.shell:Creating environment hook '/home/daniel/dev_ws/install/ur5_description/share/ur5_description/hook/cmake_prefix_path.sh'
[5.394s] Level 1:colcon.colcon_core.environment:checking '/home/daniel/dev_ws/install/ur5_description/bin'
[5.394s] Level 1:colcon.colcon_core.environment:checking '/home/daniel/dev_ws/install/ur5_description/lib/pkgconfig/ur5_description.pc'
[5.394s] Level 1:colcon.colcon_core.environment:checking '/home/daniel/dev_ws/install/ur5_description/lib/python3.8/site-packages'
[5.395s] Level 1:colcon.colcon_core.environment:checking '/home/daniel/dev_ws/install/ur5_description/bin'
[5.447s] INFO:colcon.colcon_core.shell:Creating package script '/home/daniel/dev_ws/install/ur5_description/share/ur5_description/package.ps1'
[5.448s] INFO:colcon.colcon_core.shell:Creating package descriptor '/home/daniel/dev_ws/install/ur5_description/share/ur5_description/package.dsv'
[5.448s] INFO:colcon.colcon_core.shell:Creating package script '/home/daniel/dev_ws/install/ur5_description/share/ur5_description/package.sh'
[5.449s] INFO:colcon.colcon_core.shell:Creating package script '/home/daniel/dev_ws/install/ur5_description/share/ur5_description/package.bash'
[5.450s] INFO:colcon.colcon_core.shell:Creating package script '/home/daniel/dev_ws/install/ur5_description/share/ur5_description/package.zsh'
[5.450s] Level 1:colcon.colcon_core.environment:create_file_with_runtime_dependencies(/home/daniel/dev_ws/install/ur5_description/share/colcon-core/packages/ur5_description)
[5.529s] Level 1:colcon.colcon_core.environment:create_environment_scripts_only(ur5_description)
[5.581s] Level 1:colcon.colcon_core.environment:checking '/home/daniel/dev_ws/install/ur5_description' for CMake module files
[5.582s] Level 1:colcon.colcon_core.environment:checking '/home/daniel/dev_ws/install/ur5_description' for CMake config files
[5.582s] Level 1:colcon.colcon_core.shell:create_environment_hook('ur5_description', 'cmake_prefix_path')
[5.635s] INFO:colcon.colcon_core.shell:Creating environment hook '/home/daniel/dev_ws/install/ur5_description/share/ur5_description/hook/cmake_prefix_path.ps1'
[5.636s] INFO:colcon.colcon_core.shell:Creating environment descriptor '/home/daniel/dev_ws/install/ur5_description/share/ur5_description/hook/cmake_prefix_path.dsv'
[5.636s] INFO:colcon.colcon_core.shell:Creating environment hook '/home/daniel/dev_ws/install/ur5_description/share/ur5_description/hook/cmake_prefix_path.sh'
[5.637s] Level 1:colcon.colcon_core.environment:checking '/home/daniel/dev_ws/install/ur5_description/bin'
[5.637s] Level 1:colcon.colcon_core.environment:checking '/home/daniel/dev_ws/install/ur5_description/lib/pkgconfig/ur5_description.pc'
[5.638s] Level 1:colcon.colcon_core.environment:checking '/home/daniel/dev_ws/install/ur5_description/lib/python3.8/site-packages'
[5.638s] Level 1:colcon.colcon_core.environment:checking '/home/daniel/dev_ws/install/ur5_description/bin'
[5.688s] INFO:colcon.colcon_core.shell:Creating package script '/home/daniel/dev_ws/install/ur5_description/share/ur5_description/package.ps1'
[5.689s] INFO:colcon.colcon_core.shell:Creating package descriptor '/home/daniel/dev_ws/install/ur5_description/share/ur5_description/package.dsv'
[5.689s] INFO:colcon.colcon_core.shell:Creating package script '/home/daniel/dev_ws/install/ur5_description/share/ur5_description/package.sh'
[5.690s] INFO:colcon.colcon_core.shell:Creating package script '/home/daniel/dev_ws/install/ur5_description/share/ur5_description/package.bash'
[5.690s] INFO:colcon.colcon_core.shell:Creating package script '/home/daniel/dev_ws/install/ur5_description/share/ur5_description/package.zsh'
[5.691s] Level 1:colcon.colcon_core.environment:create_file_with_runtime_dependencies(/home/daniel/dev_ws/install/ur5_description/share/colcon-core/packages/ur5_description)
[5.718s] DEBUG:colcon.colcon_core.event_handler.log_command:Invoking command in '/home/daniel/dev_ws/build/bulldog_description': PYTHONPATH=/home/daniel/dev_ws/build/bulldog_description/prefix_override:/home/daniel/dev_ws/install/bulldog_description/lib/python3.8/site-packages:${PYTHONPATH} /usr/bin/python3 setup.py develop --editable --build-directory /home/daniel/dev_ws/build/bulldog_description/build --no-deps install_data
[5.719s] DEBUG:colcon.colcon_core.event_handler.log_command:Invoking command in '/home/daniel/dev_ws/build/robot_description': PYTHONPATH=/home/daniel/dev_ws/build/robot_description/prefix_override:/home/daniel/dev_ws/install/robot_description/lib/python3.8/site-packages:${PYTHONPATH} /usr/bin/python3 setup.py develop --editable --build-directory /home/daniel/dev_ws/build/robot_description/build --no-deps install_data
[6.208s] Level 1:colcon.colcon_core.shell:create_environment_hook('robot_description', 'pythonpath_develop')
[6.208s] DEBUG:colcon.colcon_core.event_handler.log_command:Invoked command in '/home/daniel/dev_ws/build/robot_description' returned '0': PYTHONPATH=/home/daniel/dev_ws/build/robot_description/prefix_override:/home/daniel/dev_ws/install/robot_description/lib/python3.8/site-packages:${PYTHONPATH} /usr/bin/python3 setup.py develop --editable --build-directory /home/daniel/dev_ws/build/robot_description/build --no-deps install_data
[6.257s] INFO:colcon.colcon_core.shell:Creating environment hook '/home/daniel/dev_ws/build/robot_description/share/robot_description/hook/pythonpath_develop.ps1'
[6.258s] INFO:colcon.colcon_core.shell:Creating environment descriptor '/home/daniel/dev_ws/build/robot_description/share/robot_description/hook/pythonpath_develop.dsv'
[6.258s] INFO:colcon.colcon_core.shell:Creating environment hook '/home/daniel/dev_ws/build/robot_description/share/robot_description/hook/pythonpath_develop.sh'
[6.306s] Level 1:colcon.colcon_core.environment:checking '/home/daniel/dev_ws/install/robot_description' for CMake module files
[6.306s] Level 1:colcon.colcon_core.environment:checking '/home/daniel/dev_ws/install/robot_description' for CMake config files
[6.307s] Level 1:colcon.colcon_core.environment:checking '/home/daniel/dev_ws/install/robot_description/lib'
[6.307s] Level 1:colcon.colcon_core.environment:checking '/home/daniel/dev_ws/install/robot_description/bin'
[6.307s] Level 1:colcon.colcon_core.environment:checking '/home/daniel/dev_ws/install/robot_description/lib/pkgconfig/robot_description.pc'
[6.307s] Level 1:colcon.colcon_core.environment:checking '/home/daniel/dev_ws/install/robot_description/lib/python3.8/site-packages'
[6.307s] Level 1:colcon.colcon_core.shell:create_environment_hook('robot_description', 'pythonpath')
[6.355s] INFO:colcon.colcon_core.shell:Creating environment hook '/home/daniel/dev_ws/install/robot_description/share/robot_description/hook/pythonpath.ps1'
[6.355s] INFO:colcon.colcon_core.shell:Creating environment descriptor '/home/daniel/dev_ws/install/robot_description/share/robot_description/hook/pythonpath.dsv'
[6.356s] INFO:colcon.colcon_core.shell:Creating environment hook '/home/daniel/dev_ws/install/robot_description/share/robot_description/hook/pythonpath.sh'
[6.356s] Level 1:colcon.colcon_core.environment:checking '/home/daniel/dev_ws/install/robot_description/bin'
[6.356s] Level 1:colcon.colcon_core.environment:create_environment_scripts_only(robot_description)
[6.404s] INFO:colcon.colcon_core.shell:Creating package script '/home/daniel/dev_ws/install/robot_description/share/robot_description/package.ps1'
[6.405s] INFO:colcon.colcon_core.shell:Creating package descriptor '/home/daniel/dev_ws/install/robot_description/share/robot_description/package.dsv'
[6.405s] INFO:colcon.colcon_core.shell:Creating package script '/home/daniel/dev_ws/install/robot_description/share/robot_description/package.sh'
[6.406s] INFO:colcon.colcon_core.shell:Creating package script '/home/daniel/dev_ws/install/robot_description/share/robot_description/package.bash'
[6.406s] INFO:colcon.colcon_core.shell:Creating package script '/home/daniel/dev_ws/install/robot_description/share/robot_description/package.zsh'
[6.406s] Level 1:colcon.colcon_core.environment:create_file_with_runtime_dependencies(/home/daniel/dev_ws/install/robot_description/share/colcon-core/packages/robot_description)
[6.408s] Level 1:colcon.colcon_core.shell:create_environment_hook('bulldog_description', 'pythonpath_develop')
[6.409s] DEBUG:colcon.colcon_core.event_handler.log_command:Invoked command in '/home/daniel/dev_ws/build/bulldog_description' returned '0': PYTHONPATH=/home/daniel/dev_ws/build/bulldog_description/prefix_override:/home/daniel/dev_ws/install/bulldog_description/lib/python3.8/site-packages:${PYTHONPATH} /usr/bin/python3 setup.py develop --editable --build-directory /home/daniel/dev_ws/build/bulldog_description/build --no-deps install_data
[6.457s] INFO:colcon.colcon_core.shell:Creating environment hook '/home/daniel/dev_ws/build/bulldog_description/share/bulldog_description/hook/pythonpath_develop.ps1'
[6.457s] INFO:colcon.colcon_core.shell:Creating environment descriptor '/home/daniel/dev_ws/build/bulldog_description/share/bulldog_description/hook/pythonpath_develop.dsv'
[6.457s] INFO:colcon.colcon_core.shell:Creating environment hook '/home/daniel/dev_ws/build/bulldog_description/share/bulldog_description/hook/pythonpath_develop.sh'
[6.504s] Level 1:colcon.colcon_core.environment:checking '/home/daniel/dev_ws/install/bulldog_description' for CMake module files
[6.504s] Level 1:colcon.colcon_core.environment:checking '/home/daniel/dev_ws/install/bulldog_description' for CMake config files
[6.505s] Level 1:colcon.colcon_core.environment:checking '/home/daniel/dev_ws/install/bulldog_description/lib'
[6.505s] Level 1:colcon.colcon_core.environment:checking '/home/daniel/dev_ws/install/bulldog_description/bin'
[6.505s] Level 1:colcon.colcon_core.environment:checking '/home/daniel/dev_ws/install/bulldog_description/lib/pkgconfig/bulldog_description.pc'
[6.505s] Level 1:colcon.colcon_core.environment:checking '/home/daniel/dev_ws/install/bulldog_description/lib/python3.8/site-packages'
[6.505s] Level 1:colcon.colcon_core.shell:create_environment_hook('bulldog_description', 'pythonpath')
[6.552s] INFO:colcon.colcon_core.shell:Creating environment hook '/home/daniel/dev_ws/install/bulldog_description/share/bulldog_description/hook/pythonpath.ps1'
[6.553s] INFO:colcon.colcon_core.shell:Creating environment descriptor '/home/daniel/dev_ws/install/bulldog_description/share/bulldog_description/hook/pythonpath.dsv'
[6.553s] INFO:colcon.colcon_core.shell:Creating environment hook '/home/daniel/dev_ws/install/bulldog_description/share/bulldog_description/hook/pythonpath.sh'
[6.554s] Level 1:colcon.colcon_core.environment:checking '/home/daniel/dev_ws/install/bulldog_description/bin'
[6.554s] Level 1:colcon.colcon_core.environment:create_environment_scripts_only(bulldog_description)
[6.603s] INFO:colcon.colcon_core.shell:Creating package script '/home/daniel/dev_ws/install/bulldog_description/share/bulldog_description/package.ps1'
[6.603s] INFO:colcon.colcon_core.shell:Creating package descriptor '/home/daniel/dev_ws/install/bulldog_description/share/bulldog_description/package.dsv'
[6.604s] INFO:colcon.colcon_core.shell:Creating package script '/home/daniel/dev_ws/install/bulldog_description/share/bulldog_description/package.sh'
[6.604s] INFO:colcon.colcon_core.shell:Creating package script '/home/daniel/dev_ws/install/bulldog_description/share/bulldog_description/package.bash'
[6.605s] INFO:colcon.colcon_core.shell:Creating package script '/home/daniel/dev_ws/install/bulldog_description/share/bulldog_description/package.zsh'
[6.605s] Level 1:colcon.colcon_core.environment:create_file_with_runtime_dependencies(/home/daniel/dev_ws/install/bulldog_description/share/colcon-core/packages/bulldog_description)
[6.606s] DEBUG:colcon.colcon_parallel_executor.executor.parallel:closing loop
[6.606s] DEBUG:colcon.colcon_parallel_executor.executor.parallel:loop closed
[6.607s] DEBUG:colcon.colcon_parallel_executor.executor.parallel:run_until_complete finished with '0'
[6.607s] DEBUG:colcon.colcon_core.event_reactor:joining thread
[6.659s] INFO:colcon.colcon_core.plugin_system:Skipping extension 'colcon_notification.desktop_notification.terminal_notifier': Not used on non-Darwin systems
[6.659s] INFO:colcon.colcon_core.plugin_system:Skipping extension 'colcon_notification.desktop_notification.win32': Not used on non-Windows systems
[6.659s] INFO:colcon.colcon_notification.desktop_notification:Sending desktop notification using 'notify2'
[6.672s] DEBUG:colcon.colcon_core.event_reactor:joined thread
[6.720s] INFO:colcon.colcon_core.shell:Creating prefix script '/home/daniel/dev_ws/install/local_setup.ps1'
[6.721s] INFO:colcon.colcon_core.shell:Creating prefix util module '/home/daniel/dev_ws/install/_local_setup_util_ps1.py'
[6.723s] INFO:colcon.colcon_core.shell:Creating prefix chain script '/home/daniel/dev_ws/install/setup.ps1'
[6.771s] INFO:colcon.colcon_core.shell:Creating prefix script '/home/daniel/dev_ws/install/local_setup.sh'
[6.772s] INFO:colcon.colcon_core.shell:Creating prefix util module '/home/daniel/dev_ws/install/_local_setup_util_sh.py'
[6.772s] INFO:colcon.colcon_core.shell:Creating prefix chain script '/home/daniel/dev_ws/install/setup.sh'
[6.832s] INFO:colcon.colcon_core.shell:Creating prefix script '/home/daniel/dev_ws/install/local_setup.bash'
[6.833s] INFO:colcon.colcon_core.shell:Creating prefix chain script '/home/daniel/dev_ws/install/setup.bash'
[6.881s] INFO:colcon.colcon_core.shell:Creating prefix script '/home/daniel/dev_ws/install/local_setup.zsh'
[6.882s] INFO:colcon.colcon_core.shell:Creating prefix chain script '/home/daniel/dev_ws/install/setup.zsh'
