-- Install configuration: ""
-- Execute custom install script
-- Up-to-date symlink: /home/daniel/dev_ws/install/ur5_description/share/ur5_description/config/default_kinematics.yaml
-- Up-to-date symlink: /home/daniel/dev_ws/install/ur5_description/share/ur5_description/config/initial_positions.yaml
-- Up-to-date symlink: /home/daniel/dev_ws/install/ur5_description/share/ur5_description/config/joint_limits.yaml
-- Up-to-date symlink: /home/daniel/dev_ws/install/ur5_description/share/ur5_description/config/physical_parameters.yaml
-- Up-to-date symlink: /home/daniel/dev_ws/install/ur5_description/share/ur5_description/config/ur5_controller.yaml
-- Up-to-date symlink: /home/daniel/dev_ws/install/ur5_description/share/ur5_description/config/visual_parameters.yaml
-- Up-to-date symlink: /home/daniel/dev_ws/install/ur5_description/share/ur5_description/launch/rsp.launch.py
-- Up-to-date symlink: /home/daniel/dev_ws/install/ur5_description/share/ur5_description/launch/ur5_simulation.launch.py
-- Up-to-date symlink: /home/daniel/dev_ws/install/ur5_description/share/ur5_description/urdf/ur5.urdf.xacro
-- Up-to-date symlink: /home/daniel/dev_ws/install/ur5_description/share/ur5_description/urdf/ur5_common.xacro
-- Up-to-date symlink: /home/daniel/dev_ws/install/ur5_description/share/ur5_description/urdf/ur5_macro.urdf.xacro
-- Up-to-date symlink: /home/daniel/dev_ws/install/ur5_description/share/ur5_description/urdf/ur5_ros2control.xacro
-- Up-to-date symlink: /home/daniel/dev_ws/install/ur5_description/share/ur5_description/urdf/ur5_transmission.xacro
-- Up-to-date symlink: /home/daniel/dev_ws/install/ur5_description/share/ur5_description/worlds/ur5.world
-- Up-to-date symlink: /home/daniel/dev_ws/install/ur5_description/share/ur5_description/meshes/collision/base.stl
-- Up-to-date symlink: /home/daniel/dev_ws/install/ur5_description/share/ur5_description/meshes/collision/forearm.stl
-- Up-to-date symlink: /home/daniel/dev_ws/install/ur5_description/share/ur5_description/meshes/collision/shoulder.stl
-- Up-to-date symlink: /home/daniel/dev_ws/install/ur5_description/share/ur5_description/meshes/collision/upperarm.stl
-- Up-to-date symlink: /home/daniel/dev_ws/install/ur5_description/share/ur5_description/meshes/collision/wrist1.stl
-- Up-to-date symlink: /home/daniel/dev_ws/install/ur5_description/share/ur5_description/meshes/collision/wrist2.stl
-- Up-to-date symlink: /home/daniel/dev_ws/install/ur5_description/share/ur5_description/meshes/collision/wrist3.stl
-- Up-to-date symlink: /home/daniel/dev_ws/install/ur5_description/share/ur5_description/meshes/visual/base.dae
-- Up-to-date symlink: /home/daniel/dev_ws/install/ur5_description/share/ur5_description/meshes/visual/forearm.dae
-- Up-to-date symlink: /home/daniel/dev_ws/install/ur5_description/share/ur5_description/meshes/visual/shoulder.dae
-- Up-to-date symlink: /home/daniel/dev_ws/install/ur5_description/share/ur5_description/meshes/visual/upperarm.dae
-- Up-to-date symlink: /home/daniel/dev_ws/install/ur5_description/share/ur5_description/meshes/visual/wrist1.dae
-- Up-to-date symlink: /home/daniel/dev_ws/install/ur5_description/share/ur5_description/meshes/visual/wrist2.dae
-- Up-to-date symlink: /home/daniel/dev_ws/install/ur5_description/share/ur5_description/meshes/visual/wrist3.dae
-- Up-to-date symlink: /home/daniel/dev_ws/install/ur5_description/share/ament_index/resource_index/package_run_dependencies/ur5_description
-- Up-to-date symlink: /home/daniel/dev_ws/install/ur5_description/share/ament_index/resource_index/parent_prefix_path/ur5_description
-- Up-to-date symlink: /home/daniel/dev_ws/install/ur5_description/share/ur5_description/environment/ament_prefix_path.sh
-- Up-to-date symlink: /home/daniel/dev_ws/install/ur5_description/share/ur5_description/environment/ament_prefix_path.dsv
-- Up-to-date symlink: /home/daniel/dev_ws/install/ur5_description/share/ur5_description/environment/path.sh
-- Up-to-date symlink: /home/daniel/dev_ws/install/ur5_description/share/ur5_description/environment/path.dsv
-- Up-to-date symlink: /home/daniel/dev_ws/install/ur5_description/share/ur5_description/local_setup.bash
-- Up-to-date symlink: /home/daniel/dev_ws/install/ur5_description/share/ur5_description/local_setup.sh
-- Up-to-date symlink: /home/daniel/dev_ws/install/ur5_description/share/ur5_description/local_setup.zsh
-- Up-to-date symlink: /home/daniel/dev_ws/install/ur5_description/share/ur5_description/local_setup.dsv
-- Symlinking: /home/daniel/dev_ws/install/ur5_description/share/ur5_description/package.dsv
-- Up-to-date symlink: /home/daniel/dev_ws/install/ur5_description/share/ament_index/resource_index/packages/ur5_description
-- Up-to-date symlink: /home/daniel/dev_ws/install/ur5_description/share/ur5_description/cmake/ur5_descriptionConfig.cmake
-- Up-to-date symlink: /home/daniel/dev_ws/install/ur5_description/share/ur5_description/cmake/ur5_descriptionConfig-version.cmake
-- Up-to-date symlink: /home/daniel/dev_ws/install/ur5_description/share/ur5_description/package.xml
