[4.382s] Invoking command in '/home/daniel/dev_ws/src/bulldog_description': PYTHONPATH=/home/daniel/dev_ws/build/bulldog_description/prefix_override:/home/daniel/dev_ws/install/bulldog_description/lib/python3.8/site-packages:${PYTHONPATH} /usr/bin/python3 setup.py egg_info --egg-base ../../build/bulldog_description build --build-base /home/daniel/dev_ws/build/bulldog_description/build install --record /home/daniel/dev_ws/build/bulldog_description/install.log --install-scripts $base/lib/bulldog_description --single-version-externally-managed
[4.622s] running egg_info
[4.623s] writing ../../build/bulldog_description/bulldog_description.egg-info/PKG-INFO
[4.623s] writing dependency_links to ../../build/bulldog_description/bulldog_description.egg-info/dependency_links.txt
[4.623s] writing entry points to ../../build/bulldog_description/bulldog_description.egg-info/entry_points.txt
[4.623s] writing requirements to ../../build/bulldog_description/bulldog_description.egg-info/requires.txt
[4.624s] writing top-level names to ../../build/bulldog_description/bulldog_description.egg-info/top_level.txt
[4.878s] reading manifest file '../../build/bulldog_description/bulldog_description.egg-info/SOURCES.txt'
[4.891s] writing manifest file '../../build/bulldog_description/bulldog_description.egg-info/SOURCES.txt'
[4.891s] running build
[4.891s] running build_py
[4.891s] running install
[4.892s] running install_lib
[4.894s] running install_data
[4.895s] running install_egg_info
[4.897s] removing '/home/daniel/dev_ws/install/bulldog_description/lib/python3.8/site-packages/bulldog_description-0.0.0-py3.8.egg-info' (and everything under it)
[4.898s] Copying ../../build/bulldog_description/bulldog_description.egg-info to /home/daniel/dev_ws/install/bulldog_description/lib/python3.8/site-packages/bulldog_description-0.0.0-py3.8.egg-info
[4.915s] running install_scripts
[4.931s] writing list of installed files to '/home/daniel/dev_ws/build/bulldog_description/install.log'
[4.954s] Invoked command in '/home/daniel/dev_ws/src/bulldog_description' returned '0': PYTHONPATH=/home/daniel/dev_ws/build/bulldog_description/prefix_override:/home/daniel/dev_ws/install/bulldog_description/lib/python3.8/site-packages:${PYTHONPATH} /usr/bin/python3 setup.py egg_info --egg-base ../../build/bulldog_description build --build-base /home/daniel/dev_ws/build/bulldog_description/build install --record /home/daniel/dev_ws/build/bulldog_description/install.log --install-scripts $base/lib/bulldog_description --single-version-externally-managed
