running develop
running egg_info
writing robot_description.egg-info/PKG-INFO
writing dependency_links to robot_description.egg-info/dependency_links.txt
writing entry points to robot_description.egg-info/entry_points.txt
writing requirements to robot_description.egg-info/requires.txt
writing top-level names to robot_description.egg-info/top_level.txt
reading manifest file 'robot_description.egg-info/SOURCES.txt'
writing manifest file 'robot_description.egg-info/SOURCES.txt'
running build_ext
Creating /home/daniel/dev_ws/install/robot_description/lib/python3.8/site-packages/site.py
Creating /home/daniel/dev_ws/install/robot_description/lib/python3.8/site-packages/robot-description.egg-link (link to .)

Installed /home/daniel/dev_ws/build/robot_description
running install_data
creating /home/daniel/dev_ws/install/robot_description/share/ament_index
creating /home/daniel/dev_ws/install/robot_description/share/ament_index/resource_index
creating /home/daniel/dev_ws/install/robot_description/share/ament_index/resource_index/packages
copying resource/robot_description -> /home/daniel/dev_ws/install/robot_description/share/ament_index/resource_index/packages
copying package.xml -> /home/daniel/dev_ws/install/robot_description/share/robot_description
creating /home/daniel/dev_ws/install/robot_description/share/robot_description/launch
copying launch/launch_sim.launch.py -> /home/daniel/dev_ws/install/robot_description/share/robot_description/launch
copying launch/rsp.launch.py -> /home/daniel/dev_ws/install/robot_description/share/robot_description/launch
creating /home/daniel/dev_ws/install/robot_description/share/robot_description/meshes
creating /home/daniel/dev_ws/install/robot_description/share/robot_description/meshes/base
copying meshes/base/laser_plate.stl -> /home/daniel/dev_ws/install/robot_description/share/robot_description/meshes/base
copying meshes/base/installation_plate.stl -> /home/daniel/dev_ws/install/robot_description/share/robot_description/meshes/base
copying meshes/base/top_plate.stl -> /home/daniel/dev_ws/install/robot_description/share/robot_description/meshes/base
copying meshes/base/base_link.stl -> /home/daniel/dev_ws/install/robot_description/share/robot_description/meshes/base
copying meshes/base/wheel.stl -> /home/daniel/dev_ws/install/robot_description/share/robot_description/meshes/base
creating /home/daniel/dev_ws/install/robot_description/share/robot_description/description
creating /home/daniel/dev_ws/install/robot_description/share/robot_description/description/base
copying description/base/bulldog_robot.xacro -> /home/daniel/dev_ws/install/robot_description/share/robot_description/description/base
