[3.029s] Invoking command in '/home/daniel/dev_ws/src/my_doosan_pkg': PYTHONPATH=/home/daniel/dev_ws/build/my_doosan_pkg/prefix_override:/home/daniel/dev_ws/install/my_doosan_pkg/lib/python3.8/site-packages:${PYTHONPATH} /usr/bin/python3 setup.py egg_info --egg-base ../../build/my_doosan_pkg build --build-base /home/daniel/dev_ws/build/my_doosan_pkg/build install --record /home/daniel/dev_ws/build/my_doosan_pkg/install.log --install-scripts $base/lib/my_doosan_pkg --single-version-externally-managed
[3.279s] running egg_info
[3.279s] creating ../../build/my_doosan_pkg/my_doosan_pkg.egg-info
[3.280s] writing ../../build/my_doosan_pkg/my_doosan_pkg.egg-info/PKG-INFO
[3.280s] writing dependency_links to ../../build/my_doosan_pkg/my_doosan_pkg.egg-info/dependency_links.txt
[3.280s] writing entry points to ../../build/my_doosan_pkg/my_doosan_pkg.egg-info/entry_points.txt
[3.280s] writing requirements to ../../build/my_doosan_pkg/my_doosan_pkg.egg-info/requires.txt
[3.280s] writing top-level names to ../../build/my_doosan_pkg/my_doosan_pkg.egg-info/top_level.txt
[3.316s] writing manifest file '../../build/my_doosan_pkg/my_doosan_pkg.egg-info/SOURCES.txt'
[3.353s] reading manifest file '../../build/my_doosan_pkg/my_doosan_pkg.egg-info/SOURCES.txt'
[3.354s] writing manifest file '../../build/my_doosan_pkg/my_doosan_pkg.egg-info/SOURCES.txt'
[3.354s] running build
[3.354s] running build_py
[3.355s] creating /home/daniel/dev_ws/build/my_doosan_pkg/build
[3.355s] creating /home/daniel/dev_ws/build/my_doosan_pkg/build/lib
[3.355s] creating /home/daniel/dev_ws/build/my_doosan_pkg/build/lib/my_doosan_pkg
[3.355s] copying my_doosan_pkg/joint_points_act_service.py -> /home/daniel/dev_ws/build/my_doosan_pkg/build/lib/my_doosan_pkg
[3.355s] copying my_doosan_pkg/__init__.py -> /home/daniel/dev_ws/build/my_doosan_pkg/build/lib/my_doosan_pkg
[3.355s] copying my_doosan_pkg/joint_points_topic.py -> /home/daniel/dev_ws/build/my_doosan_pkg/build/lib/my_doosan_pkg
[3.356s] running install
[3.356s] running install_lib
[3.358s] creating /home/daniel/dev_ws/install/my_doosan_pkg/lib/python3.8/site-packages/my_doosan_pkg
[3.358s] copying /home/daniel/dev_ws/build/my_doosan_pkg/build/lib/my_doosan_pkg/joint_points_act_service.py -> /home/daniel/dev_ws/install/my_doosan_pkg/lib/python3.8/site-packages/my_doosan_pkg
[3.358s] copying /home/daniel/dev_ws/build/my_doosan_pkg/build/lib/my_doosan_pkg/__init__.py -> /home/daniel/dev_ws/install/my_doosan_pkg/lib/python3.8/site-packages/my_doosan_pkg
[3.358s] copying /home/daniel/dev_ws/build/my_doosan_pkg/build/lib/my_doosan_pkg/joint_points_topic.py -> /home/daniel/dev_ws/install/my_doosan_pkg/lib/python3.8/site-packages/my_doosan_pkg
[3.359s] byte-compiling /home/daniel/dev_ws/install/my_doosan_pkg/lib/python3.8/site-packages/my_doosan_pkg/joint_points_act_service.py to joint_points_act_service.cpython-38.pyc
[3.361s] byte-compiling /home/daniel/dev_ws/install/my_doosan_pkg/lib/python3.8/site-packages/my_doosan_pkg/__init__.py to __init__.cpython-38.pyc
[3.361s] byte-compiling /home/daniel/dev_ws/install/my_doosan_pkg/lib/python3.8/site-packages/my_doosan_pkg/joint_points_topic.py to joint_points_topic.cpython-38.pyc
[3.361s] running install_data
[3.362s] creating /home/daniel/dev_ws/install/my_doosan_pkg/share/ament_index
[3.362s] creating /home/daniel/dev_ws/install/my_doosan_pkg/share/ament_index/resource_index
[3.362s] creating /home/daniel/dev_ws/install/my_doosan_pkg/share/ament_index/resource_index/packages
[3.362s] copying resource/my_doosan_pkg -> /home/daniel/dev_ws/install/my_doosan_pkg/share/ament_index/resource_index/packages
[3.362s] copying package.xml -> /home/daniel/dev_ws/install/my_doosan_pkg/share/my_doosan_pkg
[3.362s] creating /home/daniel/dev_ws/install/my_doosan_pkg/share/my_doosan_pkg/launch
[3.362s] copying launch/my_doosan_gazebo_controller.launch.py -> /home/daniel/dev_ws/install/my_doosan_pkg/share/my_doosan_pkg/launch
[3.363s] copying launch/my_doosan_gazebo.launch.py -> /home/daniel/dev_ws/install/my_doosan_pkg/share/my_doosan_pkg/launch
[3.363s] copying launch/my_doosan_controller.launch.py -> /home/daniel/dev_ws/install/my_doosan_pkg/share/my_doosan_pkg/launch
[3.363s] copying launch/my_doosan_rviz.launch.py -> /home/daniel/dev_ws/install/my_doosan_pkg/share/my_doosan_pkg/launch
[3.363s] creating /home/daniel/dev_ws/install/my_doosan_pkg/share/my_doosan_pkg/rviz
[3.363s] copying rviz/view_config.rviz -> /home/daniel/dev_ws/install/my_doosan_pkg/share/my_doosan_pkg/rviz
[3.363s] creating /home/daniel/dev_ws/install/my_doosan_pkg/share/my_doosan_pkg/config
[3.363s] copying config/simple_controller.yaml -> /home/daniel/dev_ws/install/my_doosan_pkg/share/my_doosan_pkg/config
[3.363s] creating /home/daniel/dev_ws/install/my_doosan_pkg/share/my_doosan_pkg/worlds
[3.363s] copying worlds/my_empty_world.world -> /home/daniel/dev_ws/install/my_doosan_pkg/share/my_doosan_pkg/worlds
[3.364s] creating /home/daniel/dev_ws/install/my_doosan_pkg/share/my_doosan_pkg/description
[3.364s] creating /home/daniel/dev_ws/install/my_doosan_pkg/share/my_doosan_pkg/description/urdf
[3.364s] copying description/urdf/m1013.white.urdf -> /home/daniel/dev_ws/install/my_doosan_pkg/share/my_doosan_pkg/description/urdf
[3.364s] copying description/urdf/a0912.blue.urdf -> /home/daniel/dev_ws/install/my_doosan_pkg/share/my_doosan_pkg/description/urdf
[3.364s] creating /home/daniel/dev_ws/install/my_doosan_pkg/share/my_doosan_pkg/description/xacro
[3.364s] copying description/xacro/macro.a0912.blue.xacro -> /home/daniel/dev_ws/install/my_doosan_pkg/share/my_doosan_pkg/description/xacro
[3.364s] copying description/xacro/m1013.urdf.xacro -> /home/daniel/dev_ws/install/my_doosan_pkg/share/my_doosan_pkg/description/xacro
[3.364s] copying description/xacro/macro.bumper_config.xacro -> /home/daniel/dev_ws/install/my_doosan_pkg/share/my_doosan_pkg/description/xacro
[3.365s] copying description/xacro/macro.m1013.white.xacro -> /home/daniel/dev_ws/install/my_doosan_pkg/share/my_doosan_pkg/description/xacro
[3.365s] copying description/xacro/macro.gazebo_config_control.xacro -> /home/daniel/dev_ws/install/my_doosan_pkg/share/my_doosan_pkg/description/xacro
[3.365s] copying description/xacro/a0912.urdf.xacro -> /home/daniel/dev_ws/install/my_doosan_pkg/share/my_doosan_pkg/description/xacro
[3.365s] copying description/xacro/macro.internal_config.xacro -> /home/daniel/dev_ws/install/my_doosan_pkg/share/my_doosan_pkg/description/xacro
[3.365s] copying description/xacro/macro.transmission.xacro -> /home/daniel/dev_ws/install/my_doosan_pkg/share/my_doosan_pkg/description/xacro
[3.366s] creating /home/daniel/dev_ws/install/my_doosan_pkg/share/my_doosan_pkg/description/meshes
[3.366s] creating /home/daniel/dev_ws/install/my_doosan_pkg/share/my_doosan_pkg/description/meshes/a0912_blue
[3.366s] copying description/meshes/a0912_blue/A0912_2_2.dae -> /home/daniel/dev_ws/install/my_doosan_pkg/share/my_doosan_pkg/description/meshes/a0912_blue
[3.366s] copying description/meshes/a0912_blue/A0912_3_1.dae -> /home/daniel/dev_ws/install/my_doosan_pkg/share/my_doosan_pkg/description/meshes/a0912_blue
[3.367s] copying description/meshes/a0912_blue/A0912_1_0.dae -> /home/daniel/dev_ws/install/my_doosan_pkg/share/my_doosan_pkg/description/meshes/a0912_blue
[3.367s] copying description/meshes/a0912_blue/A0912_3_0.dae -> /home/daniel/dev_ws/install/my_doosan_pkg/share/my_doosan_pkg/description/meshes/a0912_blue
[3.367s] copying description/meshes/a0912_blue/A0912_2_0.dae -> /home/daniel/dev_ws/install/my_doosan_pkg/share/my_doosan_pkg/description/meshes/a0912_blue
[3.368s] copying description/meshes/a0912_blue/A0912_6_0.dae -> /home/daniel/dev_ws/install/my_doosan_pkg/share/my_doosan_pkg/description/meshes/a0912_blue
[3.369s] copying description/meshes/a0912_blue/A0912_0_0.dae -> /home/daniel/dev_ws/install/my_doosan_pkg/share/my_doosan_pkg/description/meshes/a0912_blue
[3.369s] copying description/meshes/a0912_blue/A0912_2_1.dae -> /home/daniel/dev_ws/install/my_doosan_pkg/share/my_doosan_pkg/description/meshes/a0912_blue
[3.371s] copying description/meshes/a0912_blue/A0912_4_1.dae -> /home/daniel/dev_ws/install/my_doosan_pkg/share/my_doosan_pkg/description/meshes/a0912_blue
[3.371s] copying description/meshes/a0912_blue/A0912_4_0.dae -> /home/daniel/dev_ws/install/my_doosan_pkg/share/my_doosan_pkg/description/meshes/a0912_blue
[3.372s] copying description/meshes/a0912_blue/A0912_5_1.dae -> /home/daniel/dev_ws/install/my_doosan_pkg/share/my_doosan_pkg/description/meshes/a0912_blue
[3.373s] copying description/meshes/a0912_blue/A0912_5_0.dae -> /home/daniel/dev_ws/install/my_doosan_pkg/share/my_doosan_pkg/description/meshes/a0912_blue
[3.373s] copying description/meshes/a0912_blue/A0912_1_1.dae -> /home/daniel/dev_ws/install/my_doosan_pkg/share/my_doosan_pkg/description/meshes/a0912_blue
[3.374s] copying description/meshes/a0912_blue/A0912_1_2.dae -> /home/daniel/dev_ws/install/my_doosan_pkg/share/my_doosan_pkg/description/meshes/a0912_blue
[3.374s] creating /home/daniel/dev_ws/install/my_doosan_pkg/share/my_doosan_pkg/description/meshes/m1013_white
[3.374s] copying description/meshes/m1013_white/MF1013_2_2.dae -> /home/daniel/dev_ws/install/my_doosan_pkg/share/my_doosan_pkg/description/meshes/m1013_white
[3.375s] copying description/meshes/m1013_white/MF1013_5_0.dae -> /home/daniel/dev_ws/install/my_doosan_pkg/share/my_doosan_pkg/description/meshes/m1013_white
[3.376s] copying description/meshes/m1013_white/MF1013_0_0.dae -> /home/daniel/dev_ws/install/my_doosan_pkg/share/my_doosan_pkg/description/meshes/m1013_white
[3.377s] copying description/meshes/m1013_white/MF1013_2_1.dae -> /home/daniel/dev_ws/install/my_doosan_pkg/share/my_doosan_pkg/description/meshes/m1013_white
[3.378s] copying description/meshes/m1013_white/MF1013_2_0.dae -> /home/daniel/dev_ws/install/my_doosan_pkg/share/my_doosan_pkg/description/meshes/m1013_white
[3.379s] copying description/meshes/m1013_white/MF1013_6_0.dae -> /home/daniel/dev_ws/install/my_doosan_pkg/share/my_doosan_pkg/description/meshes/m1013_white
[3.380s] copying description/meshes/m1013_white/MF1013_1_0.dae -> /home/daniel/dev_ws/install/my_doosan_pkg/share/my_doosan_pkg/description/meshes/m1013_white
[3.380s] copying description/meshes/m1013_white/MF1013_4_1.dae -> /home/daniel/dev_ws/install/my_doosan_pkg/share/my_doosan_pkg/description/meshes/m1013_white
[3.381s] copying description/meshes/m1013_white/MF1013_3_0.dae -> /home/daniel/dev_ws/install/my_doosan_pkg/share/my_doosan_pkg/description/meshes/m1013_white
[3.382s] copying description/meshes/m1013_white/MF1013_4_0.dae -> /home/daniel/dev_ws/install/my_doosan_pkg/share/my_doosan_pkg/description/meshes/m1013_white
[3.382s] running install_egg_info
[3.385s] Copying ../../build/my_doosan_pkg/my_doosan_pkg.egg-info to /home/daniel/dev_ws/install/my_doosan_pkg/lib/python3.8/site-packages/my_doosan_pkg-0.0.0-py3.8.egg-info
[3.386s] running install_scripts
[3.405s] Installing trajectory_points_act_server script to /home/daniel/dev_ws/install/my_doosan_pkg/lib/my_doosan_pkg
[3.405s] Installing trajectory_points_topic script to /home/daniel/dev_ws/install/my_doosan_pkg/lib/my_doosan_pkg
[3.405s] writing list of installed files to '/home/daniel/dev_ws/build/my_doosan_pkg/install.log'
[3.426s] Invoked command in '/home/daniel/dev_ws/src/my_doosan_pkg' returned '0': PYTHONPATH=/home/daniel/dev_ws/build/my_doosan_pkg/prefix_override:/home/daniel/dev_ws/install/my_doosan_pkg/lib/python3.8/site-packages:${PYTHONPATH} /usr/bin/python3 setup.py egg_info --egg-base ../../build/my_doosan_pkg build --build-base /home/daniel/dev_ws/build/my_doosan_pkg/build install --record /home/daniel/dev_ws/build/my_doosan_pkg/install.log --install-scripts $base/lib/my_doosan_pkg --single-version-externally-managed
