running develop
running egg_info
creating doosan_description.egg-info
writing doosan_description.egg-info/PKG-INFO
writing dependency_links to doosan_description.egg-info/dependency_links.txt
writing entry points to doosan_description.egg-info/entry_points.txt
writing requirements to doosan_description.egg-info/requires.txt
writing top-level names to doosan_description.egg-info/top_level.txt
writing manifest file 'doosan_description.egg-info/SOURCES.txt'
reading manifest file 'doosan_description.egg-info/SOURCES.txt'
writing manifest file 'doosan_description.egg-info/SOURCES.txt'
running build_ext
Creating /home/daniel/dev_ws/install/doosan_description/lib/python3.8/site-packages/site.py
Creating /home/daniel/dev_ws/install/doosan_description/lib/python3.8/site-packages/doosan-description.egg-link (link to .)
Installing trajectory_points_act_server script to /home/daniel/dev_ws/install/doosan_description/lib/doosan_description
Installing trajectory_points_topic script to /home/daniel/dev_ws/install/doosan_description/lib/doosan_description

Installed /home/daniel/dev_ws/build/doosan_description
running install_data
creating /home/daniel/dev_ws/install/doosan_description/share/ament_index
creating /home/daniel/dev_ws/install/doosan_description/share/ament_index/resource_index
creating /home/daniel/dev_ws/install/doosan_description/share/ament_index/resource_index/packages
copying resource/doosan_description -> /home/daniel/dev_ws/install/doosan_description/share/ament_index/resource_index/packages
copying package.xml -> /home/daniel/dev_ws/install/doosan_description/share/doosan_description
creating /home/daniel/dev_ws/install/doosan_description/share/doosan_description/launch
copying launch/my_doosan_gazebo_controller.launch.py -> /home/daniel/dev_ws/install/doosan_description/share/doosan_description/launch
copying launch/my_doosan_gazebo.launch.py -> /home/daniel/dev_ws/install/doosan_description/share/doosan_description/launch
copying launch/my_doosan_controller.launch.py -> /home/daniel/dev_ws/install/doosan_description/share/doosan_description/launch
copying launch/my_doosan_rviz.launch.py -> /home/daniel/dev_ws/install/doosan_description/share/doosan_description/launch
creating /home/daniel/dev_ws/install/doosan_description/share/doosan_description/rviz
copying rviz/view_config.rviz -> /home/daniel/dev_ws/install/doosan_description/share/doosan_description/rviz
creating /home/daniel/dev_ws/install/doosan_description/share/doosan_description/config
copying config/simple_controller.yaml -> /home/daniel/dev_ws/install/doosan_description/share/doosan_description/config
creating /home/daniel/dev_ws/install/doosan_description/share/doosan_description/worlds
copying worlds/my_empty_world.world -> /home/daniel/dev_ws/install/doosan_description/share/doosan_description/worlds
creating /home/daniel/dev_ws/install/doosan_description/share/doosan_description/description
creating /home/daniel/dev_ws/install/doosan_description/share/doosan_description/description/urdf
copying description/urdf/m1013.white.urdf -> /home/daniel/dev_ws/install/doosan_description/share/doosan_description/description/urdf
copying description/urdf/a0912.blue.urdf -> /home/daniel/dev_ws/install/doosan_description/share/doosan_description/description/urdf
creating /home/daniel/dev_ws/install/doosan_description/share/doosan_description/description/xacro
copying description/xacro/macro.a0912.blue.xacro -> /home/daniel/dev_ws/install/doosan_description/share/doosan_description/description/xacro
copying description/xacro/m1013.urdf.xacro -> /home/daniel/dev_ws/install/doosan_description/share/doosan_description/description/xacro
copying description/xacro/macro.bumper_config.xacro -> /home/daniel/dev_ws/install/doosan_description/share/doosan_description/description/xacro
copying description/xacro/macro.m1013.white.xacro -> /home/daniel/dev_ws/install/doosan_description/share/doosan_description/description/xacro
copying description/xacro/macro.gazebo_config_control.xacro -> /home/daniel/dev_ws/install/doosan_description/share/doosan_description/description/xacro
copying description/xacro/a0912.urdf.xacro -> /home/daniel/dev_ws/install/doosan_description/share/doosan_description/description/xacro
copying description/xacro/macro.internal_config.xacro -> /home/daniel/dev_ws/install/doosan_description/share/doosan_description/description/xacro
copying description/xacro/macro.transmission.xacro -> /home/daniel/dev_ws/install/doosan_description/share/doosan_description/description/xacro
creating /home/daniel/dev_ws/install/doosan_description/share/doosan_description/description/meshes
creating /home/daniel/dev_ws/install/doosan_description/share/doosan_description/description/meshes/a0912_blue
copying description/meshes/a0912_blue/A0912_2_2.dae -> /home/daniel/dev_ws/install/doosan_description/share/doosan_description/description/meshes/a0912_blue
copying description/meshes/a0912_blue/A0912_3_1.dae -> /home/daniel/dev_ws/install/doosan_description/share/doosan_description/description/meshes/a0912_blue
copying description/meshes/a0912_blue/A0912_1_0.dae -> /home/daniel/dev_ws/install/doosan_description/share/doosan_description/description/meshes/a0912_blue
copying description/meshes/a0912_blue/A0912_3_0.dae -> /home/daniel/dev_ws/install/doosan_description/share/doosan_description/description/meshes/a0912_blue
copying description/meshes/a0912_blue/A0912_2_0.dae -> /home/daniel/dev_ws/install/doosan_description/share/doosan_description/description/meshes/a0912_blue
copying description/meshes/a0912_blue/A0912_6_0.dae -> /home/daniel/dev_ws/install/doosan_description/share/doosan_description/description/meshes/a0912_blue
copying description/meshes/a0912_blue/A0912_0_0.dae -> /home/daniel/dev_ws/install/doosan_description/share/doosan_description/description/meshes/a0912_blue
copying description/meshes/a0912_blue/A0912_2_1.dae -> /home/daniel/dev_ws/install/doosan_description/share/doosan_description/description/meshes/a0912_blue
copying description/meshes/a0912_blue/A0912_4_1.dae -> /home/daniel/dev_ws/install/doosan_description/share/doosan_description/description/meshes/a0912_blue
copying description/meshes/a0912_blue/A0912_4_0.dae -> /home/daniel/dev_ws/install/doosan_description/share/doosan_description/description/meshes/a0912_blue
copying description/meshes/a0912_blue/A0912_5_1.dae -> /home/daniel/dev_ws/install/doosan_description/share/doosan_description/description/meshes/a0912_blue
copying description/meshes/a0912_blue/A0912_5_0.dae -> /home/daniel/dev_ws/install/doosan_description/share/doosan_description/description/meshes/a0912_blue
copying description/meshes/a0912_blue/A0912_1_1.dae -> /home/daniel/dev_ws/install/doosan_description/share/doosan_description/description/meshes/a0912_blue
copying description/meshes/a0912_blue/A0912_1_2.dae -> /home/daniel/dev_ws/install/doosan_description/share/doosan_description/description/meshes/a0912_blue
creating /home/daniel/dev_ws/install/doosan_description/share/doosan_description/description/meshes/m1013_white
copying description/meshes/m1013_white/MF1013_2_2.dae -> /home/daniel/dev_ws/install/doosan_description/share/doosan_description/description/meshes/m1013_white
copying description/meshes/m1013_white/MF1013_5_0.dae -> /home/daniel/dev_ws/install/doosan_description/share/doosan_description/description/meshes/m1013_white
copying description/meshes/m1013_white/MF1013_0_0.dae -> /home/daniel/dev_ws/install/doosan_description/share/doosan_description/description/meshes/m1013_white
copying description/meshes/m1013_white/MF1013_2_1.dae -> /home/daniel/dev_ws/install/doosan_description/share/doosan_description/description/meshes/m1013_white
copying description/meshes/m1013_white/MF1013_2_0.dae -> /home/daniel/dev_ws/install/doosan_description/share/doosan_description/description/meshes/m1013_white
copying description/meshes/m1013_white/MF1013_6_0.dae -> /home/daniel/dev_ws/install/doosan_description/share/doosan_description/description/meshes/m1013_white
copying description/meshes/m1013_white/MF1013_1_0.dae -> /home/daniel/dev_ws/install/doosan_description/share/doosan_description/description/meshes/m1013_white
copying description/meshes/m1013_white/MF1013_4_1.dae -> /home/daniel/dev_ws/install/doosan_description/share/doosan_description/description/meshes/m1013_white
copying description/meshes/m1013_white/MF1013_3_0.dae -> /home/daniel/dev_ws/install/doosan_description/share/doosan_description/description/meshes/m1013_white
copying description/meshes/m1013_white/MF1013_4_0.dae -> /home/daniel/dev_ws/install/doosan_description/share/doosan_description/description/meshes/m1013_white
