[3.036s] Invoking command in '/home/daniel/dev_ws/build/bulldog_description': PYTHONPATH=/home/daniel/dev_ws/build/bulldog_description/prefix_override:/home/daniel/dev_ws/install/bulldog_description/lib/python3.8/site-packages:${PYTHONPATH} /usr/bin/python3 setup.py develop --uninstall --editable --build-directory /home/daniel/dev_ws/build/bulldog_description/build
[3.323s] running develop
[3.497s] Removing /home/daniel/dev_ws/install/bulldog_description/lib/python3.8/site-packages/bulldog-description.egg-link (link to .)
[3.538s] Invoked command in '/home/daniel/dev_ws/build/bulldog_description' returned '0': PYTHONPATH=/home/daniel/dev_ws/build/bulldog_description/prefix_override:/home/daniel/dev_ws/install/bulldog_description/lib/python3.8/site-packages:${PYTHONPATH} /usr/bin/python3 setup.py develop --uninstall --editable --build-directory /home/daniel/dev_ws/build/bulldog_description/build
[3.540s] Invoking command in '/home/daniel/dev_ws/src/bulldog_description': PYTHONPATH=/home/daniel/dev_ws/build/bulldog_description/prefix_override:/home/daniel/dev_ws/install/bulldog_description/lib/python3.8/site-packages:${PYTHONPATH} /usr/bin/python3 setup.py egg_info --egg-base ../../build/bulldog_description build --build-base /home/daniel/dev_ws/build/bulldog_description/build install --record /home/daniel/dev_ws/build/bulldog_description/install.log --install-scripts $base/lib/bulldog_description --single-version-externally-managed
[3.798s] running egg_info
[3.799s] writing ../../build/bulldog_description/bulldog_description.egg-info/PKG-INFO
[3.799s] writing dependency_links to ../../build/bulldog_description/bulldog_description.egg-info/dependency_links.txt
[3.799s] writing entry points to ../../build/bulldog_description/bulldog_description.egg-info/entry_points.txt
[3.800s] writing requirements to ../../build/bulldog_description/bulldog_description.egg-info/requires.txt
[3.800s] writing top-level names to ../../build/bulldog_description/bulldog_description.egg-info/top_level.txt
[3.836s] reading manifest file '../../build/bulldog_description/bulldog_description.egg-info/SOURCES.txt'
[3.836s] writing manifest file '../../build/bulldog_description/bulldog_description.egg-info/SOURCES.txt'
[3.836s] running build
[3.836s] running build_py
[3.837s] running install
[3.837s] running install_lib
[3.838s] creating /home/daniel/dev_ws/install/bulldog_description/lib/python3.8/site-packages/bulldog_description
[3.838s] copying /home/daniel/dev_ws/build/bulldog_description/build/lib/bulldog_description/__init__.py -> /home/daniel/dev_ws/install/bulldog_description/lib/python3.8/site-packages/bulldog_description
[3.839s] byte-compiling /home/daniel/dev_ws/install/bulldog_description/lib/python3.8/site-packages/bulldog_description/__init__.py to __init__.cpython-38.pyc
[3.842s] running install_data
[3.843s] running install_egg_info
[3.845s] Copying ../../build/bulldog_description/bulldog_description.egg-info to /home/daniel/dev_ws/install/bulldog_description/lib/python3.8/site-packages/bulldog_description-0.0.0-py3.8.egg-info
[3.846s] running install_scripts
[3.864s] writing list of installed files to '/home/daniel/dev_ws/build/bulldog_description/install.log'
[4.049s] Invoked command in '/home/daniel/dev_ws/src/bulldog_description' returned '0': PYTHONPATH=/home/daniel/dev_ws/build/bulldog_description/prefix_override:/home/daniel/dev_ws/install/bulldog_description/lib/python3.8/site-packages:${PYTHONPATH} /usr/bin/python3 setup.py egg_info --egg-base ../../build/bulldog_description build --build-base /home/daniel/dev_ws/build/bulldog_description/build install --record /home/daniel/dev_ws/build/bulldog_description/install.log --install-scripts $base/lib/bulldog_description --single-version-externally-managed
