running develop
running egg_info
writing mobile_manipulator.egg-info/PKG-INFO
writing dependency_links to mobile_manipulator.egg-info/dependency_links.txt
writing entry points to mobile_manipulator.egg-info/entry_points.txt
writing requirements to mobile_manipulator.egg-info/requires.txt
writing top-level names to mobile_manipulator.egg-info/top_level.txt
reading manifest file 'mobile_manipulator.egg-info/SOURCES.txt'
writing manifest file 'mobile_manipulator.egg-info/SOURCES.txt'
running build_ext
Creating /home/daniel/dev_ws/install/mobile_manipulator/lib/python3.8/site-packages/mobile-manipulator.egg-link (link to .)
Installing get_path_action script to /home/daniel/dev_ws/install/mobile_manipulator/lib/mobile_manipulator
Installing move_arm script to /home/daniel/dev_ws/install/mobile_manipulator/lib/mobile_manipulator
Installing move_both script to /home/daniel/dev_ws/install/mobile_manipulator/lib/mobile_manipulator
Installing move_both_parallel script to /home/daniel/dev_ws/install/mobile_manipulator/lib/mobile_manipulator
Installing move_to_saved_config script to /home/daniel/dev_ws/install/mobile_manipulator/lib/mobile_manipulator
Installing send_goal_pose_action script to /home/daniel/dev_ws/install/mobile_manipulator/lib/mobile_manipulator
Installing set_gripper_status script to /home/daniel/dev_ws/install/mobile_manipulator/lib/mobile_manipulator
Installing tf_listener script to /home/daniel/dev_ws/install/mobile_manipulator/lib/mobile_manipulator
Installing trajectory_points_act_server script to /home/daniel/dev_ws/install/mobile_manipulator/lib/mobile_manipulator
Installing trajectory_points_from_ik_act_server script to /home/daniel/dev_ws/install/mobile_manipulator/lib/mobile_manipulator

Installed /home/daniel/dev_ws/build/mobile_manipulator
running install_data
