[3.081s] Invoking command in '/home/daniel/dev_ws/build/robot_description': PYTHONPATH=/home/daniel/dev_ws/build/robot_description/prefix_override:/home/daniel/dev_ws/install/robot_description/lib/python3.8/site-packages:${PYTHONPATH} /usr/bin/python3 setup.py develop --uninstall --editable --build-directory /home/daniel/dev_ws/build/robot_description/build
[3.309s] running develop
[3.471s] Removing /home/daniel/dev_ws/install/robot_description/lib/python3.8/site-packages/robot-description.egg-link (link to .)
[3.491s] Invoked command in '/home/daniel/dev_ws/build/robot_description' returned '0': PYTHONPATH=/home/daniel/dev_ws/build/robot_description/prefix_override:/home/daniel/dev_ws/install/robot_description/lib/python3.8/site-packages:${PYTHONPATH} /usr/bin/python3 setup.py develop --uninstall --editable --build-directory /home/daniel/dev_ws/build/robot_description/build
[3.493s] Invoking command in '/home/daniel/dev_ws/src/robot_description': PYTHONPATH=/home/daniel/dev_ws/build/robot_description/prefix_override:/home/daniel/dev_ws/install/robot_description/lib/python3.8/site-packages:${PYTHONPATH} /usr/bin/python3 setup.py egg_info --egg-base ../../build/robot_description build --build-base /home/daniel/dev_ws/build/robot_description/build install --record /home/daniel/dev_ws/build/robot_description/install.log --install-scripts $base/lib/robot_description --single-version-externally-managed
[3.705s] running egg_info
[3.706s] writing ../../build/robot_description/robot_description.egg-info/PKG-INFO
[3.706s] writing dependency_links to ../../build/robot_description/robot_description.egg-info/dependency_links.txt
[3.706s] writing entry points to ../../build/robot_description/robot_description.egg-info/entry_points.txt
[3.706s] writing requirements to ../../build/robot_description/robot_description.egg-info/requires.txt
[3.706s] writing top-level names to ../../build/robot_description/robot_description.egg-info/top_level.txt
[3.826s] reading manifest file '../../build/robot_description/robot_description.egg-info/SOURCES.txt'
[3.845s] writing manifest file '../../build/robot_description/robot_description.egg-info/SOURCES.txt'
[3.846s] running build
[3.846s] running build_py
[3.846s] running install
[3.846s] running install_lib
[3.847s] creating /home/daniel/dev_ws/install/robot_description/lib/python3.8/site-packages/robot_description
[3.847s] copying /home/daniel/dev_ws/build/robot_description/build/lib/robot_description/__init__.py -> /home/daniel/dev_ws/install/robot_description/lib/python3.8/site-packages/robot_description
[3.848s] byte-compiling /home/daniel/dev_ws/install/robot_description/lib/python3.8/site-packages/robot_description/__init__.py to __init__.cpython-38.pyc
[3.849s] running install_data
[3.849s] running install_egg_info
[3.851s] Copying ../../build/robot_description/robot_description.egg-info to /home/daniel/dev_ws/install/robot_description/lib/python3.8/site-packages/robot_description-0.0.0-py3.8.egg-info
[3.866s] running install_scripts
[3.882s] writing list of installed files to '/home/daniel/dev_ws/build/robot_description/install.log'
[3.902s] Invoked command in '/home/daniel/dev_ws/src/robot_description' returned '0': PYTHONPATH=/home/daniel/dev_ws/build/robot_description/prefix_override:/home/daniel/dev_ws/install/robot_description/lib/python3.8/site-packages:${PYTHONPATH} /usr/bin/python3 setup.py egg_info --egg-base ../../build/robot_description build --build-base /home/daniel/dev_ws/build/robot_description/build install --record /home/daniel/dev_ws/build/robot_description/install.log --install-scripts $base/lib/robot_description --single-version-externally-managed
