-- Found ament_cmake: 0.9.12 (/opt/ros/foxy/share/ament_cmake/cmake)
-- Using PYTHON_EXECUTABLE: /usr/bin/python3
-- Override CMake install command with custom implementation using symlinks instead of copying resources
-- Found ament_lint_auto: 0.9.8 (/opt/ros/foxy/share/ament_lint_auto/cmake)
-- Added test 'copyright' to check source files copyright and LICENSE
-- Added test 'flake8' to check Python code syntax and style conventions
-- Added test 'lint_cmake' to check CMake code style
-- Added test 'pep257' to check Python code against some of the style conventions in PEP 257
-- Added test 'xmllint' to check XML markup files
-- Configuring done
-- Generating done
-- Build files have been written to: /home/daniel/dev_ws/build/articubot_one
-- Install configuration: ""
-- Execute custom install script
-- Up-to-date symlink: /home/daniel/dev_ws/install/articubot_one/share/articubot_one/config/empty.yaml
-- Up-to-date symlink: /home/daniel/dev_ws/install/articubot_one/share/articubot_one/config/view_bot.rviz
-- Up-to-date symlink: /home/daniel/dev_ws/install/articubot_one/share/articubot_one/description/inertial_macros.xacro
-- Up-to-date symlink: /home/daniel/dev_ws/install/articubot_one/share/articubot_one/description/robot.urdf.xacro
-- Up-to-date symlink: /home/daniel/dev_ws/install/articubot_one/share/articubot_one/description/robot_base.urdf.xacro
-- Up-to-date symlink: /home/daniel/dev_ws/install/articubot_one/share/articubot_one/description/robot_core.xacro
-- Up-to-date symlink: /home/daniel/dev_ws/install/articubot_one/share/articubot_one/description/robot_essentials.xacro
-- Up-to-date symlink: /home/daniel/dev_ws/install/articubot_one/share/articubot_one/launch/rsp.launch.py
-- Up-to-date symlink: /home/daniel/dev_ws/install/articubot_one/share/articubot_one/worlds/empty.world
-- Up-to-date symlink: /home/daniel/dev_ws/install/articubot_one/share/articubot_one/meshes/arm_base.stl
-- Symlinking: /home/daniel/dev_ws/install/articubot_one/share/articubot_one/meshes/base_link.dae
-- Symlinking: /home/daniel/dev_ws/install/articubot_one/share/articubot_one/meshes/base_link.stl
-- Up-to-date symlink: /home/daniel/dev_ws/install/articubot_one/share/articubot_one/meshes/bicep.stl
-- Up-to-date symlink: /home/daniel/dev_ws/install/articubot_one/share/articubot_one/meshes/elbow.stl
-- Up-to-date symlink: /home/daniel/dev_ws/install/articubot_one/share/articubot_one/meshes/robot_base.dae
-- Up-to-date symlink: /home/daniel/dev_ws/install/articubot_one/share/articubot_one/meshes/robot_base.stl
-- Up-to-date symlink: /home/daniel/dev_ws/install/articubot_one/share/articubot_one/meshes/wheel.stl
-- Up-to-date symlink: /home/daniel/dev_ws/install/articubot_one/share/articubot_one/meshes/wrist.stl
-- Up-to-date symlink: /home/daniel/dev_ws/install/articubot_one/share/ament_index/resource_index/package_run_dependencies/articubot_one
-- Up-to-date symlink: /home/daniel/dev_ws/install/articubot_one/share/ament_index/resource_index/parent_prefix_path/articubot_one
-- Up-to-date symlink: /home/daniel/dev_ws/install/articubot_one/share/articubot_one/environment/ament_prefix_path.sh
-- Up-to-date symlink: /home/daniel/dev_ws/install/articubot_one/share/articubot_one/environment/ament_prefix_path.dsv
-- Up-to-date symlink: /home/daniel/dev_ws/install/articubot_one/share/articubot_one/environment/path.sh
-- Up-to-date symlink: /home/daniel/dev_ws/install/articubot_one/share/articubot_one/environment/path.dsv
-- Up-to-date symlink: /home/daniel/dev_ws/install/articubot_one/share/articubot_one/local_setup.bash
-- Up-to-date symlink: /home/daniel/dev_ws/install/articubot_one/share/articubot_one/local_setup.sh
-- Up-to-date symlink: /home/daniel/dev_ws/install/articubot_one/share/articubot_one/local_setup.zsh
-- Up-to-date symlink: /home/daniel/dev_ws/install/articubot_one/share/articubot_one/local_setup.dsv
-- Symlinking: /home/daniel/dev_ws/install/articubot_one/share/articubot_one/package.dsv
-- Up-to-date symlink: /home/daniel/dev_ws/install/articubot_one/share/ament_index/resource_index/packages/articubot_one
-- Up-to-date symlink: /home/daniel/dev_ws/install/articubot_one/share/articubot_one/cmake/articubot_oneConfig.cmake
-- Up-to-date symlink: /home/daniel/dev_ws/install/articubot_one/share/articubot_one/cmake/articubot_oneConfig-version.cmake
-- Up-to-date symlink: /home/daniel/dev_ws/install/articubot_one/share/articubot_one/package.xml
