[3.047s] Invoking command in '/home/daniel/dev_ws/build/bulldog_description': PYTHONPATH=/home/daniel/dev_ws/build/bulldog_description/prefix_override:/home/daniel/dev_ws/install/bulldog_description/lib/python3.8/site-packages:${PYTHONPATH} /usr/bin/python3 setup.py develop --uninstall --editable --build-directory /home/daniel/dev_ws/build/bulldog_description/build
[3.327s] running develop
[3.496s] Removing /home/daniel/dev_ws/install/bulldog_description/lib/python3.8/site-packages/bulldog-description.egg-link (link to .)
[3.519s] Invoked command in '/home/daniel/dev_ws/build/bulldog_description' returned '0': PYTHONPATH=/home/daniel/dev_ws/build/bulldog_description/prefix_override:/home/daniel/dev_ws/install/bulldog_description/lib/python3.8/site-packages:${PYTHONPATH} /usr/bin/python3 setup.py develop --uninstall --editable --build-directory /home/daniel/dev_ws/build/bulldog_description/build
[3.522s] Invoking command in '/home/daniel/dev_ws/src/bulldog_description': PYTHONPATH=/home/daniel/dev_ws/build/bulldog_description/prefix_override:/home/daniel/dev_ws/install/bulldog_description/lib/python3.8/site-packages:${PYTHONPATH} /usr/bin/python3 setup.py egg_info --egg-base ../../build/bulldog_description build --build-base /home/daniel/dev_ws/build/bulldog_description/build install --record /home/daniel/dev_ws/build/bulldog_description/install.log --install-scripts $base/lib/bulldog_description --single-version-externally-managed
[3.772s] running egg_info
[3.773s] writing ../../build/bulldog_description/bulldog_description.egg-info/PKG-INFO
[3.773s] writing dependency_links to ../../build/bulldog_description/bulldog_description.egg-info/dependency_links.txt
[3.773s] writing entry points to ../../build/bulldog_description/bulldog_description.egg-info/entry_points.txt
[3.773s] writing requirements to ../../build/bulldog_description/bulldog_description.egg-info/requires.txt
[3.774s] writing top-level names to ../../build/bulldog_description/bulldog_description.egg-info/top_level.txt
[3.809s] reading manifest file '../../build/bulldog_description/bulldog_description.egg-info/SOURCES.txt'
[3.811s] writing manifest file '../../build/bulldog_description/bulldog_description.egg-info/SOURCES.txt'
[3.811s] running build
[3.811s] running build_py
[3.812s] running install
[3.812s] running install_lib
[3.813s] creating /home/daniel/dev_ws/install/bulldog_description/lib/python3.8/site-packages/bulldog_description
[3.813s] copying /home/daniel/dev_ws/build/bulldog_description/build/lib/bulldog_description/__init__.py -> /home/daniel/dev_ws/install/bulldog_description/lib/python3.8/site-packages/bulldog_description
[3.814s] byte-compiling /home/daniel/dev_ws/install/bulldog_description/lib/python3.8/site-packages/bulldog_description/__init__.py to __init__.cpython-38.pyc
[3.815s] running install_data
[3.816s] running install_egg_info
[3.818s] Copying ../../build/bulldog_description/bulldog_description.egg-info to /home/daniel/dev_ws/install/bulldog_description/lib/python3.8/site-packages/bulldog_description-0.0.0-py3.8.egg-info
[3.832s] running install_scripts
[3.853s] writing list of installed files to '/home/daniel/dev_ws/build/bulldog_description/install.log'
[3.876s] Invoked command in '/home/daniel/dev_ws/src/bulldog_description' returned '0': PYTHONPATH=/home/daniel/dev_ws/build/bulldog_description/prefix_override:/home/daniel/dev_ws/install/bulldog_description/lib/python3.8/site-packages:${PYTHONPATH} /usr/bin/python3 setup.py egg_info --egg-base ../../build/bulldog_description build --build-base /home/daniel/dev_ws/build/bulldog_description/build install --record /home/daniel/dev_ws/build/bulldog_description/install.log --install-scripts $base/lib/bulldog_description --single-version-externally-managed
