[2.762s] DEBUG:colcon:Command line arguments: ['/usr/bin/colcon', 'build']
[2.762s] DEBUG:colcon:Parsed command line arguments: Namespace(allow_overriding=[], ament_cmake_args=None, base_paths=['.'], build_base='build', catkin_cmake_args=None, catkin_skip_building_tests=False, cmake_args=None, cmake_clean_cache=False, cmake_clean_first=False, cmake_force_configure=False, cmake_target=None, cmake_target_skip_unavailable=False, continue_on_error=False, event_handlers=None, executor='parallel', ignore_user_meta=False, install_base='install', log_base=None, log_level=None, main=<bound method BuildVerb.main of <colcon_core.verb.build.BuildVerb object at 0x7fc07bcc2d00>>, merge_install=False, metas=['./colcon.meta'], packages_above=None, packages_above_and_dependencies=None, packages_above_depth=None, packages_end=None, packages_ignore=None, packages_ignore_regex=None, packages_select=None, packages_select_build_failed=False, packages_select_by_dep=None, packages_select_regex=None, packages_select_test_failures=False, packages_skip=None, packages_skip_build_finished=False, packages_skip_by_dep=None, packages_skip_regex=None, packages_skip_test_passed=False, packages_skip_up_to=None, packages_start=None, packages_up_to=None, packages_up_to_regex=None, parallel_workers=8, paths=None, symlink_install=False, test_result_base=None, verb_extension=<colcon_core.verb.build.BuildVerb object at 0x7fc07bcc2d00>, verb_name='build', verb_parser=<colcon_defaults.argument_parser.defaults.DefaultArgumentsDecorator object at 0x7fc07bc2e280>)
[2.877s] Level 1:colcon.colcon_core.package_discovery:discover_packages(colcon_meta) check parameters
[2.877s] Level 1:colcon.colcon_core.package_discovery:discover_packages(recursive) check parameters
[2.877s] Level 1:colcon.colcon_core.package_discovery:discover_packages(ignore) check parameters
[2.877s] Level 1:colcon.colcon_core.package_discovery:discover_packages(path) check parameters
[2.877s] Level 1:colcon.colcon_core.package_discovery:discover_packages(colcon_meta) discover
[2.877s] Level 1:colcon.colcon_core.package_discovery:discover_packages(recursive) discover
[2.877s] INFO:colcon.colcon_core.package_discovery:Crawling recursively for packages in '/home/daniel/dev_ws'
[2.877s] Level 1:colcon.colcon_core.package_identification:_identify(.) by extensions ['ignore', 'ignore_ament_install']
[2.877s] Level 1:colcon.colcon_core.package_identification:_identify(.) by extension 'ignore'
[2.878s] Level 1:colcon.colcon_core.package_identification:_identify(.) by extension 'ignore_ament_install'
[2.878s] Level 1:colcon.colcon_core.package_identification:_identify(.) by extensions ['colcon_pkg']
[2.878s] Level 1:colcon.colcon_core.package_identification:_identify(.) by extension 'colcon_pkg'
[2.878s] Level 1:colcon.colcon_core.package_identification:_identify(.) by extensions ['colcon_meta']
[2.878s] Level 1:colcon.colcon_core.package_identification:_identify(.) by extension 'colcon_meta'
[2.878s] Level 1:colcon.colcon_core.package_identification:_identify(.) by extensions ['ros']
[2.878s] Level 1:colcon.colcon_core.package_identification:_identify(.) by extension 'ros'
[2.888s] Level 1:colcon.colcon_core.package_identification:_identify(.) by extensions ['cmake', 'python']
[2.888s] Level 1:colcon.colcon_core.package_identification:_identify(.) by extension 'cmake'
[2.888s] Level 1:colcon.colcon_core.package_identification:_identify(.) by extension 'python'
[2.888s] Level 1:colcon.colcon_core.package_identification:_identify(.) by extensions ['python_setup_py']
[2.888s] Level 1:colcon.colcon_core.package_identification:_identify(.) by extension 'python_setup_py'
[2.888s] Level 1:colcon.colcon_core.package_identification:_identify(build) by extensions ['ignore', 'ignore_ament_install']
[2.888s] Level 1:colcon.colcon_core.package_identification:_identify(build) by extension 'ignore'
[2.888s] Level 1:colcon.colcon_core.package_identification:_identify(build) ignored
[2.889s] Level 1:colcon.colcon_core.package_identification:_identify(install) by extensions ['ignore', 'ignore_ament_install']
[2.889s] Level 1:colcon.colcon_core.package_identification:_identify(install) by extension 'ignore'
[2.889s] Level 1:colcon.colcon_core.package_identification:_identify(install) ignored
[2.889s] Level 1:colcon.colcon_core.package_identification:_identify(log) by extensions ['ignore', 'ignore_ament_install']
[2.889s] Level 1:colcon.colcon_core.package_identification:_identify(log) by extension 'ignore'
[2.889s] Level 1:colcon.colcon_core.package_identification:_identify(log) ignored
[2.889s] Level 1:colcon.colcon_core.package_identification:_identify(src) by extensions ['ignore', 'ignore_ament_install']
[2.889s] Level 1:colcon.colcon_core.package_identification:_identify(src) by extension 'ignore'
[2.889s] Level 1:colcon.colcon_core.package_identification:_identify(src) by extension 'ignore_ament_install'
[2.889s] Level 1:colcon.colcon_core.package_identification:_identify(src) by extensions ['colcon_pkg']
[2.889s] Level 1:colcon.colcon_core.package_identification:_identify(src) by extension 'colcon_pkg'
[2.890s] Level 1:colcon.colcon_core.package_identification:_identify(src) by extensions ['colcon_meta']
[2.890s] Level 1:colcon.colcon_core.package_identification:_identify(src) by extension 'colcon_meta'
[2.890s] Level 1:colcon.colcon_core.package_identification:_identify(src) by extensions ['ros']
[2.890s] Level 1:colcon.colcon_core.package_identification:_identify(src) by extension 'ros'
[2.890s] Level 1:colcon.colcon_core.package_identification:_identify(src) by extensions ['cmake', 'python']
[2.890s] Level 1:colcon.colcon_core.package_identification:_identify(src) by extension 'cmake'
[2.890s] Level 1:colcon.colcon_core.package_identification:_identify(src) by extension 'python'
[2.890s] Level 1:colcon.colcon_core.package_identification:_identify(src) by extensions ['python_setup_py']
[2.890s] Level 1:colcon.colcon_core.package_identification:_identify(src) by extension 'python_setup_py'
[2.890s] Level 1:colcon.colcon_core.package_identification:_identify(src/bulldog_description) by extensions ['ignore', 'ignore_ament_install']
[2.890s] Level 1:colcon.colcon_core.package_identification:_identify(src/bulldog_description) by extension 'ignore'
[2.890s] Level 1:colcon.colcon_core.package_identification:_identify(src/bulldog_description) by extension 'ignore_ament_install'
[2.890s] Level 1:colcon.colcon_core.package_identification:_identify(src/bulldog_description) by extensions ['colcon_pkg']
[2.890s] Level 1:colcon.colcon_core.package_identification:_identify(src/bulldog_description) by extension 'colcon_pkg'
[2.890s] Level 1:colcon.colcon_core.package_identification:_identify(src/bulldog_description) by extensions ['colcon_meta']
[2.890s] Level 1:colcon.colcon_core.package_identification:_identify(src/bulldog_description) by extension 'colcon_meta'
[2.890s] Level 1:colcon.colcon_core.package_identification:_identify(src/bulldog_description) by extensions ['ros']
[2.890s] Level 1:colcon.colcon_core.package_identification:_identify(src/bulldog_description) by extension 'ros'
[2.893s] DEBUG:colcon.colcon_core.package_identification:Package 'src/bulldog_description' with type 'ros.ament_python' and name 'bulldog_description'
[2.893s] Level 1:colcon.colcon_core.package_identification:_identify(src/doosan_description) by extensions ['ignore', 'ignore_ament_install']
[2.893s] Level 1:colcon.colcon_core.package_identification:_identify(src/doosan_description) by extension 'ignore'
[2.894s] Level 1:colcon.colcon_core.package_identification:_identify(src/doosan_description) by extension 'ignore_ament_install'
[2.894s] Level 1:colcon.colcon_core.package_identification:_identify(src/doosan_description) by extensions ['colcon_pkg']
[2.894s] Level 1:colcon.colcon_core.package_identification:_identify(src/doosan_description) by extension 'colcon_pkg'
[2.894s] Level 1:colcon.colcon_core.package_identification:_identify(src/doosan_description) by extensions ['colcon_meta']
[2.894s] Level 1:colcon.colcon_core.package_identification:_identify(src/doosan_description) by extension 'colcon_meta'
[2.894s] Level 1:colcon.colcon_core.package_identification:_identify(src/doosan_description) by extensions ['ros']
[2.894s] Level 1:colcon.colcon_core.package_identification:_identify(src/doosan_description) by extension 'ros'
[2.894s] DEBUG:colcon.colcon_core.package_identification:Package 'src/doosan_description' with type 'ros.ament_python' and name 'doosan_description'
[2.895s] Level 1:colcon.colcon_core.package_identification:_identify(src/mobile_manipulator) by extensions ['ignore', 'ignore_ament_install']
[2.895s] Level 1:colcon.colcon_core.package_identification:_identify(src/mobile_manipulator) by extension 'ignore'
[2.895s] Level 1:colcon.colcon_core.package_identification:_identify(src/mobile_manipulator) by extension 'ignore_ament_install'
[2.895s] Level 1:colcon.colcon_core.package_identification:_identify(src/mobile_manipulator) by extensions ['colcon_pkg']
[2.895s] Level 1:colcon.colcon_core.package_identification:_identify(src/mobile_manipulator) by extension 'colcon_pkg'
[2.895s] Level 1:colcon.colcon_core.package_identification:_identify(src/mobile_manipulator) by extensions ['colcon_meta']
[2.895s] Level 1:colcon.colcon_core.package_identification:_identify(src/mobile_manipulator) by extension 'colcon_meta'
[2.895s] Level 1:colcon.colcon_core.package_identification:_identify(src/mobile_manipulator) by extensions ['ros']
[2.895s] Level 1:colcon.colcon_core.package_identification:_identify(src/mobile_manipulator) by extension 'ros'
[2.896s] DEBUG:colcon.colcon_core.package_identification:Package 'src/mobile_manipulator' with type 'ros.ament_python' and name 'mobile_manipulator'
[2.896s] Level 1:colcon.colcon_core.package_identification:_identify(src/ur5_ros2_gazebo) by extensions ['ignore', 'ignore_ament_install']
[2.896s] Level 1:colcon.colcon_core.package_identification:_identify(src/ur5_ros2_gazebo) by extension 'ignore'
[2.896s] Level 1:colcon.colcon_core.package_identification:_identify(src/ur5_ros2_gazebo) by extension 'ignore_ament_install'
[2.896s] Level 1:colcon.colcon_core.package_identification:_identify(src/ur5_ros2_gazebo) by extensions ['colcon_pkg']
[2.896s] Level 1:colcon.colcon_core.package_identification:_identify(src/ur5_ros2_gazebo) by extension 'colcon_pkg'
[2.896s] Level 1:colcon.colcon_core.package_identification:_identify(src/ur5_ros2_gazebo) by extensions ['colcon_meta']
[2.896s] Level 1:colcon.colcon_core.package_identification:_identify(src/ur5_ros2_gazebo) by extension 'colcon_meta'
[2.896s] Level 1:colcon.colcon_core.package_identification:_identify(src/ur5_ros2_gazebo) by extensions ['ros']
[2.896s] Level 1:colcon.colcon_core.package_identification:_identify(src/ur5_ros2_gazebo) by extension 'ros'
[2.897s] DEBUG:colcon.colcon_core.package_identification:Package 'src/ur5_ros2_gazebo' with type 'ros.ament_cmake' and name 'ur5_ros2_gazebo'
[2.897s] Level 1:colcon.colcon_core.package_discovery:discover_packages(recursive) using defaults
[2.897s] Level 1:colcon.colcon_core.package_discovery:discover_packages(ignore) discover
[2.897s] Level 1:colcon.colcon_core.package_discovery:discover_packages(ignore) using defaults
[2.897s] Level 1:colcon.colcon_core.package_discovery:discover_packages(path) discover
[2.897s] Level 1:colcon.colcon_core.package_discovery:discover_packages(path) using defaults
[3.150s] Level 1:colcon.colcon_core.package_discovery:discover_packages(prefix_path) check parameters
[3.150s] Level 1:colcon.colcon_core.package_discovery:discover_packages(prefix_path) discover
[3.256s] DEBUG:colcon.colcon_installed_package_information.package_discovery:Found 8 installed packages in /home/daniel/dev_ws/install
[3.305s] DEBUG:colcon.colcon_installed_package_information.package_discovery:Found 376 installed packages in /opt/ros/foxy
[3.307s] Level 1:colcon.colcon_core.package_discovery:discover_packages(prefix_path) using defaults
[3.492s] Level 5:colcon.colcon_core.verb:set package 'bulldog_description' build argument 'cmake_args' from command line to 'None'
[3.492s] Level 5:colcon.colcon_core.verb:set package 'bulldog_description' build argument 'cmake_target' from command line to 'None'
[3.492s] Level 5:colcon.colcon_core.verb:set package 'bulldog_description' build argument 'cmake_target_skip_unavailable' from command line to 'False'
[3.492s] Level 5:colcon.colcon_core.verb:set package 'bulldog_description' build argument 'cmake_clean_cache' from command line to 'False'
[3.492s] Level 5:colcon.colcon_core.verb:set package 'bulldog_description' build argument 'cmake_clean_first' from command line to 'False'
[3.492s] Level 5:colcon.colcon_core.verb:set package 'bulldog_description' build argument 'cmake_force_configure' from command line to 'False'
[3.492s] Level 5:colcon.colcon_core.verb:set package 'bulldog_description' build argument 'ament_cmake_args' from command line to 'None'
[3.492s] Level 5:colcon.colcon_core.verb:set package 'bulldog_description' build argument 'catkin_cmake_args' from command line to 'None'
[3.492s] Level 5:colcon.colcon_core.verb:set package 'bulldog_description' build argument 'catkin_skip_building_tests' from command line to 'False'
[3.492s] DEBUG:colcon.colcon_core.verb:Building package 'bulldog_description' with the following arguments: {'ament_cmake_args': None, 'build_base': '/home/daniel/dev_ws/build/bulldog_description', 'catkin_cmake_args': None, 'catkin_skip_building_tests': False, 'cmake_args': None, 'cmake_clean_cache': False, 'cmake_clean_first': False, 'cmake_force_configure': False, 'cmake_target': None, 'cmake_target_skip_unavailable': False, 'install_base': '/home/daniel/dev_ws/install/bulldog_description', 'merge_install': False, 'path': '/home/daniel/dev_ws/src/bulldog_description', 'symlink_install': False, 'test_result_base': None}
[3.538s] Level 5:colcon.colcon_core.verb:set package 'doosan_description' build argument 'cmake_args' from command line to 'None'
[3.538s] Level 5:colcon.colcon_core.verb:set package 'doosan_description' build argument 'cmake_target' from command line to 'None'
[3.538s] Level 5:colcon.colcon_core.verb:set package 'doosan_description' build argument 'cmake_target_skip_unavailable' from command line to 'False'
[3.538s] Level 5:colcon.colcon_core.verb:set package 'doosan_description' build argument 'cmake_clean_cache' from command line to 'False'
[3.538s] Level 5:colcon.colcon_core.verb:set package 'doosan_description' build argument 'cmake_clean_first' from command line to 'False'
[3.538s] Level 5:colcon.colcon_core.verb:set package 'doosan_description' build argument 'cmake_force_configure' from command line to 'False'
[3.538s] Level 5:colcon.colcon_core.verb:set package 'doosan_description' build argument 'ament_cmake_args' from command line to 'None'
[3.538s] Level 5:colcon.colcon_core.verb:set package 'doosan_description' build argument 'catkin_cmake_args' from command line to 'None'
[3.538s] Level 5:colcon.colcon_core.verb:set package 'doosan_description' build argument 'catkin_skip_building_tests' from command line to 'False'
[3.538s] DEBUG:colcon.colcon_core.verb:Building package 'doosan_description' with the following arguments: {'ament_cmake_args': None, 'build_base': '/home/daniel/dev_ws/build/doosan_description', 'catkin_cmake_args': None, 'catkin_skip_building_tests': False, 'cmake_args': None, 'cmake_clean_cache': False, 'cmake_clean_first': False, 'cmake_force_configure': False, 'cmake_target': None, 'cmake_target_skip_unavailable': False, 'install_base': '/home/daniel/dev_ws/install/doosan_description', 'merge_install': False, 'path': '/home/daniel/dev_ws/src/doosan_description', 'symlink_install': False, 'test_result_base': None}
[3.587s] Level 5:colcon.colcon_core.verb:set package 'mobile_manipulator' build argument 'cmake_args' from command line to 'None'
[3.587s] Level 5:colcon.colcon_core.verb:set package 'mobile_manipulator' build argument 'cmake_target' from command line to 'None'
[3.587s] Level 5:colcon.colcon_core.verb:set package 'mobile_manipulator' build argument 'cmake_target_skip_unavailable' from command line to 'False'
[3.587s] Level 5:colcon.colcon_core.verb:set package 'mobile_manipulator' build argument 'cmake_clean_cache' from command line to 'False'
[3.587s] Level 5:colcon.colcon_core.verb:set package 'mobile_manipulator' build argument 'cmake_clean_first' from command line to 'False'
[3.587s] Level 5:colcon.colcon_core.verb:set package 'mobile_manipulator' build argument 'cmake_force_configure' from command line to 'False'
[3.587s] Level 5:colcon.colcon_core.verb:set package 'mobile_manipulator' build argument 'ament_cmake_args' from command line to 'None'
[3.587s] Level 5:colcon.colcon_core.verb:set package 'mobile_manipulator' build argument 'catkin_cmake_args' from command line to 'None'
[3.587s] Level 5:colcon.colcon_core.verb:set package 'mobile_manipulator' build argument 'catkin_skip_building_tests' from command line to 'False'
[3.587s] DEBUG:colcon.colcon_core.verb:Building package 'mobile_manipulator' with the following arguments: {'ament_cmake_args': None, 'build_base': '/home/daniel/dev_ws/build/mobile_manipulator', 'catkin_cmake_args': None, 'catkin_skip_building_tests': False, 'cmake_args': None, 'cmake_clean_cache': False, 'cmake_clean_first': False, 'cmake_force_configure': False, 'cmake_target': None, 'cmake_target_skip_unavailable': False, 'install_base': '/home/daniel/dev_ws/install/mobile_manipulator', 'merge_install': False, 'path': '/home/daniel/dev_ws/src/mobile_manipulator', 'symlink_install': False, 'test_result_base': None}
[3.634s] Level 5:colcon.colcon_core.verb:set package 'ur5_ros2_gazebo' build argument 'cmake_args' from command line to 'None'
[3.634s] Level 5:colcon.colcon_core.verb:set package 'ur5_ros2_gazebo' build argument 'cmake_target' from command line to 'None'
[3.634s] Level 5:colcon.colcon_core.verb:set package 'ur5_ros2_gazebo' build argument 'cmake_target_skip_unavailable' from command line to 'False'
[3.634s] Level 5:colcon.colcon_core.verb:set package 'ur5_ros2_gazebo' build argument 'cmake_clean_cache' from command line to 'False'
[3.634s] Level 5:colcon.colcon_core.verb:set package 'ur5_ros2_gazebo' build argument 'cmake_clean_first' from command line to 'False'
[3.634s] Level 5:colcon.colcon_core.verb:set package 'ur5_ros2_gazebo' build argument 'cmake_force_configure' from command line to 'False'
[3.634s] Level 5:colcon.colcon_core.verb:set package 'ur5_ros2_gazebo' build argument 'ament_cmake_args' from command line to 'None'
[3.634s] Level 5:colcon.colcon_core.verb:set package 'ur5_ros2_gazebo' build argument 'catkin_cmake_args' from command line to 'None'
[3.634s] Level 5:colcon.colcon_core.verb:set package 'ur5_ros2_gazebo' build argument 'catkin_skip_building_tests' from command line to 'False'
[3.634s] DEBUG:colcon.colcon_core.verb:Building package 'ur5_ros2_gazebo' with the following arguments: {'ament_cmake_args': None, 'build_base': '/home/daniel/dev_ws/build/ur5_ros2_gazebo', 'catkin_cmake_args': None, 'catkin_skip_building_tests': False, 'cmake_args': None, 'cmake_clean_cache': False, 'cmake_clean_first': False, 'cmake_force_configure': False, 'cmake_target': None, 'cmake_target_skip_unavailable': False, 'install_base': '/home/daniel/dev_ws/install/ur5_ros2_gazebo', 'merge_install': False, 'path': '/home/daniel/dev_ws/src/ur5_ros2_gazebo', 'symlink_install': False, 'test_result_base': None}
[3.691s] INFO:colcon.colcon_core.executor:Executing jobs using 'parallel' executor
[3.739s] DEBUG:colcon.colcon_parallel_executor.executor.parallel:run_until_complete
[3.740s] INFO:colcon.colcon_ros.task.ament_python.build:Building ROS package in '/home/daniel/dev_ws/src/bulldog_description' with build type 'ament_python'
[3.740s] Level 1:colcon.colcon_core.shell:create_environment_hook('bulldog_description', 'ament_prefix_path')
[3.792s] INFO:colcon.colcon_core.plugin_system:Skipping extension 'colcon_core.shell.bat': Not used on non-Windows systems
[3.792s] INFO:colcon.colcon_core.shell:Creating environment hook '/home/daniel/dev_ws/install/bulldog_description/share/bulldog_description/hook/ament_prefix_path.ps1'
[3.793s] INFO:colcon.colcon_core.shell:Creating environment descriptor '/home/daniel/dev_ws/install/bulldog_description/share/bulldog_description/hook/ament_prefix_path.dsv'
[3.794s] INFO:colcon.colcon_core.shell:Creating environment hook '/home/daniel/dev_ws/install/bulldog_description/share/bulldog_description/hook/ament_prefix_path.sh'
[3.842s] INFO:colcon.colcon_core.shell:Skip shell extension 'powershell' for command environment: Not usable outside of PowerShell
[3.842s] DEBUG:colcon.colcon_core.shell:Skip shell extension 'dsv' for command environment
[3.995s] INFO:colcon.colcon_ros.task.ament_python.build:Building ROS package in '/home/daniel/dev_ws/src/doosan_description' with build type 'ament_python'
[3.996s] Level 1:colcon.colcon_core.shell:create_environment_hook('doosan_description', 'ament_prefix_path')
[4.047s] INFO:colcon.colcon_core.shell:Creating environment hook '/home/daniel/dev_ws/install/doosan_description/share/doosan_description/hook/ament_prefix_path.ps1'
[4.047s] INFO:colcon.colcon_core.shell:Creating environment descriptor '/home/daniel/dev_ws/install/doosan_description/share/doosan_description/hook/ament_prefix_path.dsv'
[4.048s] INFO:colcon.colcon_core.shell:Creating environment hook '/home/daniel/dev_ws/install/doosan_description/share/doosan_description/hook/ament_prefix_path.sh'
[4.099s] INFO:colcon.colcon_core.shell:Skip shell extension 'powershell' for command environment: Not usable outside of PowerShell
[4.099s] DEBUG:colcon.colcon_core.shell:Skip shell extension 'dsv' for command environment
[4.252s] INFO:colcon.colcon_ros.task.ament_python.build:Building ROS package in '/home/daniel/dev_ws/src/mobile_manipulator' with build type 'ament_python'
[4.252s] Level 1:colcon.colcon_core.shell:create_environment_hook('mobile_manipulator', 'ament_prefix_path')
[4.305s] INFO:colcon.colcon_core.shell:Creating environment hook '/home/daniel/dev_ws/install/mobile_manipulator/share/mobile_manipulator/hook/ament_prefix_path.ps1'
[4.305s] INFO:colcon.colcon_core.shell:Creating environment descriptor '/home/daniel/dev_ws/install/mobile_manipulator/share/mobile_manipulator/hook/ament_prefix_path.dsv'
[4.306s] INFO:colcon.colcon_core.shell:Creating environment hook '/home/daniel/dev_ws/install/mobile_manipulator/share/mobile_manipulator/hook/ament_prefix_path.sh'
[4.355s] INFO:colcon.colcon_core.shell:Skip shell extension 'powershell' for command environment: Not usable outside of PowerShell
[4.355s] DEBUG:colcon.colcon_core.shell:Skip shell extension 'dsv' for command environment
[4.511s] INFO:colcon.colcon_ros.task.ament_cmake.build:Building ROS package in '/home/daniel/dev_ws/src/ur5_ros2_gazebo' with build type 'ament_cmake'
[4.511s] INFO:colcon.colcon_cmake.task.cmake.build:Building CMake package in '/home/daniel/dev_ws/src/ur5_ros2_gazebo'
[4.563s] INFO:colcon.colcon_core.shell:Skip shell extension 'powershell' for command environment: Not usable outside of PowerShell
[4.563s] DEBUG:colcon.colcon_core.shell:Skip shell extension 'dsv' for command environment
[4.963s] INFO:colcon.colcon_core.task.python.build:Building Python package in '/home/daniel/dev_ws/src/bulldog_description'
[5.015s] INFO:colcon.colcon_core.shell:Skip shell extension 'powershell' for command environment: Not usable outside of PowerShell
[5.016s] DEBUG:colcon.colcon_core.shell:Skip shell extension 'dsv' for command environment
[5.422s] INFO:colcon.colcon_core.task.python.build:Building Python package in '/home/daniel/dev_ws/src/doosan_description'
[5.483s] INFO:colcon.colcon_core.shell:Skip shell extension 'powershell' for command environment: Not usable outside of PowerShell
[5.483s] DEBUG:colcon.colcon_core.shell:Skip shell extension 'dsv' for command environment
[5.933s] INFO:colcon.colcon_core.task.python.build:Building Python package in '/home/daniel/dev_ws/src/mobile_manipulator'
[5.994s] INFO:colcon.colcon_core.shell:Skip shell extension 'powershell' for command environment: Not usable outside of PowerShell
[5.994s] DEBUG:colcon.colcon_core.shell:Skip shell extension 'dsv' for command environment
[6.179s] DEBUG:colcon.colcon_core.event_handler.log_command:Invoking command in '/home/daniel/dev_ws/build/ur5_ros2_gazebo': CMAKE_PREFIX_PATH=${CMAKE_PREFIX_PATH}:/home/daniel/dev_ws/install/robot_description:/home/daniel/dev_ws/install/my_doosan_pkg:/home/daniel/dev_ws/install/mobile_manipulator:/home/daniel/dev_ws/install/doosan_description:/home/daniel/dev_ws/install/bulldog_description:/opt/ros/foxy /usr/bin/cmake --build /home/daniel/dev_ws/build/ur5_ros2_gazebo -- -j8 -l8
[6.225s] DEBUG:colcon.colcon_core.event_handler.log_command:Invoked command in '/home/daniel/dev_ws/build/ur5_ros2_gazebo' returned '0': CMAKE_PREFIX_PATH=${CMAKE_PREFIX_PATH}:/home/daniel/dev_ws/install/robot_description:/home/daniel/dev_ws/install/my_doosan_pkg:/home/daniel/dev_ws/install/mobile_manipulator:/home/daniel/dev_ws/install/doosan_description:/home/daniel/dev_ws/install/bulldog_description:/opt/ros/foxy /usr/bin/cmake --build /home/daniel/dev_ws/build/ur5_ros2_gazebo -- -j8 -l8
[6.266s] DEBUG:colcon.colcon_core.event_handler.log_command:Invoking command in '/home/daniel/dev_ws/build/ur5_ros2_gazebo': CMAKE_PREFIX_PATH=${CMAKE_PREFIX_PATH}:/home/daniel/dev_ws/install/robot_description:/home/daniel/dev_ws/install/my_doosan_pkg:/home/daniel/dev_ws/install/mobile_manipulator:/home/daniel/dev_ws/install/doosan_description:/home/daniel/dev_ws/install/bulldog_description:/opt/ros/foxy /usr/bin/cmake --install /home/daniel/dev_ws/build/ur5_ros2_gazebo
[6.302s] Level 1:colcon.colcon_core.environment:create_environment_scripts_only(ur5_ros2_gazebo)
[6.303s] DEBUG:colcon.colcon_core.event_handler.log_command:Invoked command in '/home/daniel/dev_ws/build/ur5_ros2_gazebo' returned '0': CMAKE_PREFIX_PATH=${CMAKE_PREFIX_PATH}:/home/daniel/dev_ws/install/robot_description:/home/daniel/dev_ws/install/my_doosan_pkg:/home/daniel/dev_ws/install/mobile_manipulator:/home/daniel/dev_ws/install/doosan_description:/home/daniel/dev_ws/install/bulldog_description:/opt/ros/foxy /usr/bin/cmake --install /home/daniel/dev_ws/build/ur5_ros2_gazebo
[6.383s] Level 1:colcon.colcon_core.environment:checking '/home/daniel/dev_ws/install/ur5_ros2_gazebo' for CMake module files
[6.384s] Level 1:colcon.colcon_core.environment:checking '/home/daniel/dev_ws/install/ur5_ros2_gazebo' for CMake config files
[6.385s] Level 1:colcon.colcon_core.shell:create_environment_hook('ur5_ros2_gazebo', 'cmake_prefix_path')
[6.447s] INFO:colcon.colcon_core.shell:Creating environment hook '/home/daniel/dev_ws/install/ur5_ros2_gazebo/share/ur5_ros2_gazebo/hook/cmake_prefix_path.ps1'
[6.448s] INFO:colcon.colcon_core.shell:Creating environment descriptor '/home/daniel/dev_ws/install/ur5_ros2_gazebo/share/ur5_ros2_gazebo/hook/cmake_prefix_path.dsv'
[6.448s] INFO:colcon.colcon_core.shell:Creating environment hook '/home/daniel/dev_ws/install/ur5_ros2_gazebo/share/ur5_ros2_gazebo/hook/cmake_prefix_path.sh'
[6.449s] Level 1:colcon.colcon_core.environment:checking '/home/daniel/dev_ws/install/ur5_ros2_gazebo/bin'
[6.449s] Level 1:colcon.colcon_core.environment:checking '/home/daniel/dev_ws/install/ur5_ros2_gazebo/lib/pkgconfig/ur5_ros2_gazebo.pc'
[6.450s] Level 1:colcon.colcon_core.environment:checking '/home/daniel/dev_ws/install/ur5_ros2_gazebo/lib/python3.8/site-packages'
[6.450s] Level 1:colcon.colcon_core.environment:checking '/home/daniel/dev_ws/install/ur5_ros2_gazebo/bin'
[6.509s] INFO:colcon.colcon_core.shell:Creating package script '/home/daniel/dev_ws/install/ur5_ros2_gazebo/share/ur5_ros2_gazebo/package.ps1'
[6.510s] INFO:colcon.colcon_core.shell:Creating package descriptor '/home/daniel/dev_ws/install/ur5_ros2_gazebo/share/ur5_ros2_gazebo/package.dsv'
[6.511s] INFO:colcon.colcon_core.shell:Creating package script '/home/daniel/dev_ws/install/ur5_ros2_gazebo/share/ur5_ros2_gazebo/package.sh'
[6.512s] INFO:colcon.colcon_core.shell:Creating package script '/home/daniel/dev_ws/install/ur5_ros2_gazebo/share/ur5_ros2_gazebo/package.bash'
[6.513s] INFO:colcon.colcon_core.shell:Creating package script '/home/daniel/dev_ws/install/ur5_ros2_gazebo/share/ur5_ros2_gazebo/package.zsh'
[6.514s] Level 1:colcon.colcon_core.environment:create_file_with_runtime_dependencies(/home/daniel/dev_ws/install/ur5_ros2_gazebo/share/colcon-core/packages/ur5_ros2_gazebo)
[6.636s] Level 1:colcon.colcon_core.environment:create_environment_scripts_only(ur5_ros2_gazebo)
[6.729s] Level 1:colcon.colcon_core.environment:checking '/home/daniel/dev_ws/install/ur5_ros2_gazebo' for CMake module files
[6.730s] Level 1:colcon.colcon_core.environment:checking '/home/daniel/dev_ws/install/ur5_ros2_gazebo' for CMake config files
[6.731s] Level 1:colcon.colcon_core.shell:create_environment_hook('ur5_ros2_gazebo', 'cmake_prefix_path')
[6.828s] INFO:colcon.colcon_core.shell:Creating environment hook '/home/daniel/dev_ws/install/ur5_ros2_gazebo/share/ur5_ros2_gazebo/hook/cmake_prefix_path.ps1'
[6.828s] INFO:colcon.colcon_core.shell:Creating environment descriptor '/home/daniel/dev_ws/install/ur5_ros2_gazebo/share/ur5_ros2_gazebo/hook/cmake_prefix_path.dsv'
[6.829s] INFO:colcon.colcon_core.shell:Creating environment hook '/home/daniel/dev_ws/install/ur5_ros2_gazebo/share/ur5_ros2_gazebo/hook/cmake_prefix_path.sh'
[6.830s] Level 1:colcon.colcon_core.environment:checking '/home/daniel/dev_ws/install/ur5_ros2_gazebo/bin'
[6.830s] Level 1:colcon.colcon_core.environment:checking '/home/daniel/dev_ws/install/ur5_ros2_gazebo/lib/pkgconfig/ur5_ros2_gazebo.pc'
[6.831s] Level 1:colcon.colcon_core.environment:checking '/home/daniel/dev_ws/install/ur5_ros2_gazebo/lib/python3.8/site-packages'
[6.831s] Level 1:colcon.colcon_core.environment:checking '/home/daniel/dev_ws/install/ur5_ros2_gazebo/bin'
[6.913s] INFO:colcon.colcon_core.shell:Creating package script '/home/daniel/dev_ws/install/ur5_ros2_gazebo/share/ur5_ros2_gazebo/package.ps1'
[6.914s] INFO:colcon.colcon_core.shell:Creating package descriptor '/home/daniel/dev_ws/install/ur5_ros2_gazebo/share/ur5_ros2_gazebo/package.dsv'
[6.914s] INFO:colcon.colcon_core.shell:Creating package script '/home/daniel/dev_ws/install/ur5_ros2_gazebo/share/ur5_ros2_gazebo/package.sh'
[6.915s] INFO:colcon.colcon_core.shell:Creating package script '/home/daniel/dev_ws/install/ur5_ros2_gazebo/share/ur5_ros2_gazebo/package.bash'
[6.915s] INFO:colcon.colcon_core.shell:Creating package script '/home/daniel/dev_ws/install/ur5_ros2_gazebo/share/ur5_ros2_gazebo/package.zsh'
[6.916s] Level 1:colcon.colcon_core.environment:create_file_with_runtime_dependencies(/home/daniel/dev_ws/install/ur5_ros2_gazebo/share/colcon-core/packages/ur5_ros2_gazebo)
[6.922s] DEBUG:colcon.colcon_core.event_handler.log_command:Invoking command in '/home/daniel/dev_ws/src/doosan_description': PYTHONPATH=/home/daniel/dev_ws/build/doosan_description/prefix_override:/home/daniel/dev_ws/install/doosan_description/lib/python3.8/site-packages:${PYTHONPATH} /usr/bin/python3 setup.py egg_info --egg-base ../../build/doosan_description build --build-base /home/daniel/dev_ws/build/doosan_description/build install --record /home/daniel/dev_ws/build/doosan_description/install.log --install-scripts $base/lib/doosan_description --single-version-externally-managed
[6.927s] DEBUG:colcon.colcon_core.event_handler.log_command:Invoking command in '/home/daniel/dev_ws/src/bulldog_description': PYTHONPATH=/home/daniel/dev_ws/build/bulldog_description/prefix_override:/home/daniel/dev_ws/install/bulldog_description/lib/python3.8/site-packages:${PYTHONPATH} /usr/bin/python3 setup.py egg_info --egg-base ../../build/bulldog_description build --build-base /home/daniel/dev_ws/build/bulldog_description/build install --record /home/daniel/dev_ws/build/bulldog_description/install.log --install-scripts $base/lib/bulldog_description --single-version-externally-managed
[6.933s] DEBUG:colcon.colcon_core.event_handler.log_command:Invoking command in '/home/daniel/dev_ws/src/mobile_manipulator': PYTHONPATH=/home/daniel/dev_ws/build/mobile_manipulator/prefix_override:/home/daniel/dev_ws/install/mobile_manipulator/lib/python3.8/site-packages:${PYTHONPATH} /usr/bin/python3 setup.py egg_info --egg-base ../../build/mobile_manipulator build --build-base /home/daniel/dev_ws/build/mobile_manipulator/build install --record /home/daniel/dev_ws/build/mobile_manipulator/install.log --install-scripts $base/lib/mobile_manipulator --single-version-externally-managed
[7.286s] DEBUG:colcon.colcon_core.event_handler.log_command:Invoked command in '/home/daniel/dev_ws/src/bulldog_description' returned '0': PYTHONPATH=/home/daniel/dev_ws/build/bulldog_description/prefix_override:/home/daniel/dev_ws/install/bulldog_description/lib/python3.8/site-packages:${PYTHONPATH} /usr/bin/python3 setup.py egg_info --egg-base ../../build/bulldog_description build --build-base /home/daniel/dev_ws/build/bulldog_description/build install --record /home/daniel/dev_ws/build/bulldog_description/install.log --install-scripts $base/lib/bulldog_description --single-version-externally-managed
[7.350s] Level 1:colcon.colcon_core.environment:checking '/home/daniel/dev_ws/install/bulldog_description' for CMake module files
[7.351s] Level 1:colcon.colcon_core.environment:checking '/home/daniel/dev_ws/install/bulldog_description' for CMake config files
[7.352s] Level 1:colcon.colcon_core.environment:checking '/home/daniel/dev_ws/install/bulldog_description/lib'
[7.352s] Level 1:colcon.colcon_core.environment:checking '/home/daniel/dev_ws/install/bulldog_description/bin'
[7.352s] Level 1:colcon.colcon_core.environment:checking '/home/daniel/dev_ws/install/bulldog_description/lib/pkgconfig/bulldog_description.pc'
[7.353s] Level 1:colcon.colcon_core.environment:checking '/home/daniel/dev_ws/install/bulldog_description/lib/python3.8/site-packages'
[7.353s] Level 1:colcon.colcon_core.shell:create_environment_hook('bulldog_description', 'pythonpath')
[7.410s] INFO:colcon.colcon_core.shell:Creating environment hook '/home/daniel/dev_ws/install/bulldog_description/share/bulldog_description/hook/pythonpath.ps1'
[7.410s] INFO:colcon.colcon_core.shell:Creating environment descriptor '/home/daniel/dev_ws/install/bulldog_description/share/bulldog_description/hook/pythonpath.dsv'
[7.411s] INFO:colcon.colcon_core.shell:Creating environment hook '/home/daniel/dev_ws/install/bulldog_description/share/bulldog_description/hook/pythonpath.sh'
[7.412s] Level 1:colcon.colcon_core.environment:checking '/home/daniel/dev_ws/install/bulldog_description/bin'
[7.412s] Level 1:colcon.colcon_core.environment:create_environment_scripts_only(bulldog_description)
[7.483s] INFO:colcon.colcon_core.shell:Creating package script '/home/daniel/dev_ws/install/bulldog_description/share/bulldog_description/package.ps1'
[7.484s] INFO:colcon.colcon_core.shell:Creating package descriptor '/home/daniel/dev_ws/install/bulldog_description/share/bulldog_description/package.dsv'
[7.484s] INFO:colcon.colcon_core.shell:Creating package script '/home/daniel/dev_ws/install/bulldog_description/share/bulldog_description/package.sh'
[7.485s] INFO:colcon.colcon_core.shell:Creating package script '/home/daniel/dev_ws/install/bulldog_description/share/bulldog_description/package.bash'
[7.485s] INFO:colcon.colcon_core.shell:Creating package script '/home/daniel/dev_ws/install/bulldog_description/share/bulldog_description/package.zsh'
[7.486s] Level 1:colcon.colcon_core.environment:create_file_with_runtime_dependencies(/home/daniel/dev_ws/install/bulldog_description/share/colcon-core/packages/bulldog_description)
[7.488s] DEBUG:colcon.colcon_core.event_handler.log_command:Invoked command in '/home/daniel/dev_ws/src/doosan_description' returned '0': PYTHONPATH=/home/daniel/dev_ws/build/doosan_description/prefix_override:/home/daniel/dev_ws/install/doosan_description/lib/python3.8/site-packages:${PYTHONPATH} /usr/bin/python3 setup.py egg_info --egg-base ../../build/doosan_description build --build-base /home/daniel/dev_ws/build/doosan_description/build install --record /home/daniel/dev_ws/build/doosan_description/install.log --install-scripts $base/lib/doosan_description --single-version-externally-managed
[7.544s] Level 1:colcon.colcon_core.environment:checking '/home/daniel/dev_ws/install/doosan_description' for CMake module files
[7.544s] Level 1:colcon.colcon_core.environment:checking '/home/daniel/dev_ws/install/doosan_description' for CMake config files
[7.545s] Level 1:colcon.colcon_core.environment:checking '/home/daniel/dev_ws/install/doosan_description/lib'
[7.546s] Level 1:colcon.colcon_core.environment:checking '/home/daniel/dev_ws/install/doosan_description/bin'
[7.546s] Level 1:colcon.colcon_core.environment:checking '/home/daniel/dev_ws/install/doosan_description/lib/pkgconfig/doosan_description.pc'
[7.546s] Level 1:colcon.colcon_core.environment:checking '/home/daniel/dev_ws/install/doosan_description/lib/python3.8/site-packages'
[7.546s] Level 1:colcon.colcon_core.shell:create_environment_hook('doosan_description', 'pythonpath')
[7.602s] INFO:colcon.colcon_core.shell:Creating environment hook '/home/daniel/dev_ws/install/doosan_description/share/doosan_description/hook/pythonpath.ps1'
[7.603s] INFO:colcon.colcon_core.shell:Creating environment descriptor '/home/daniel/dev_ws/install/doosan_description/share/doosan_description/hook/pythonpath.dsv'
[7.603s] INFO:colcon.colcon_core.shell:Creating environment hook '/home/daniel/dev_ws/install/doosan_description/share/doosan_description/hook/pythonpath.sh'
[7.604s] Level 1:colcon.colcon_core.environment:checking '/home/daniel/dev_ws/install/doosan_description/bin'
[7.604s] Level 1:colcon.colcon_core.environment:create_environment_scripts_only(doosan_description)
[7.664s] INFO:colcon.colcon_core.shell:Creating package script '/home/daniel/dev_ws/install/doosan_description/share/doosan_description/package.ps1'
[7.664s] INFO:colcon.colcon_core.shell:Creating package descriptor '/home/daniel/dev_ws/install/doosan_description/share/doosan_description/package.dsv'
[7.665s] INFO:colcon.colcon_core.shell:Creating package script '/home/daniel/dev_ws/install/doosan_description/share/doosan_description/package.sh'
[7.666s] INFO:colcon.colcon_core.shell:Creating package script '/home/daniel/dev_ws/install/doosan_description/share/doosan_description/package.bash'
[7.666s] INFO:colcon.colcon_core.shell:Creating package script '/home/daniel/dev_ws/install/doosan_description/share/doosan_description/package.zsh'
[7.667s] Level 1:colcon.colcon_core.environment:create_file_with_runtime_dependencies(/home/daniel/dev_ws/install/doosan_description/share/colcon-core/packages/doosan_description)
[7.669s] DEBUG:colcon.colcon_core.event_handler.log_command:Invoked command in '/home/daniel/dev_ws/src/mobile_manipulator' returned '0': PYTHONPATH=/home/daniel/dev_ws/build/mobile_manipulator/prefix_override:/home/daniel/dev_ws/install/mobile_manipulator/lib/python3.8/site-packages:${PYTHONPATH} /usr/bin/python3 setup.py egg_info --egg-base ../../build/mobile_manipulator build --build-base /home/daniel/dev_ws/build/mobile_manipulator/build install --record /home/daniel/dev_ws/build/mobile_manipulator/install.log --install-scripts $base/lib/mobile_manipulator --single-version-externally-managed
[7.724s] Level 1:colcon.colcon_core.environment:checking '/home/daniel/dev_ws/install/mobile_manipulator' for CMake module files
[7.724s] Level 1:colcon.colcon_core.environment:checking '/home/daniel/dev_ws/install/mobile_manipulator' for CMake config files
[7.725s] Level 1:colcon.colcon_core.environment:checking '/home/daniel/dev_ws/install/mobile_manipulator/lib'
[7.725s] Level 1:colcon.colcon_core.environment:checking '/home/daniel/dev_ws/install/mobile_manipulator/bin'
[7.725s] Level 1:colcon.colcon_core.environment:checking '/home/daniel/dev_ws/install/mobile_manipulator/lib/pkgconfig/mobile_manipulator.pc'
[7.725s] Level 1:colcon.colcon_core.environment:checking '/home/daniel/dev_ws/install/mobile_manipulator/lib/python3.8/site-packages'
[7.726s] Level 1:colcon.colcon_core.shell:create_environment_hook('mobile_manipulator', 'pythonpath')
[7.782s] INFO:colcon.colcon_core.shell:Creating environment hook '/home/daniel/dev_ws/install/mobile_manipulator/share/mobile_manipulator/hook/pythonpath.ps1'
[7.783s] INFO:colcon.colcon_core.shell:Creating environment descriptor '/home/daniel/dev_ws/install/mobile_manipulator/share/mobile_manipulator/hook/pythonpath.dsv'
[7.783s] INFO:colcon.colcon_core.shell:Creating environment hook '/home/daniel/dev_ws/install/mobile_manipulator/share/mobile_manipulator/hook/pythonpath.sh'
[7.784s] Level 1:colcon.colcon_core.environment:checking '/home/daniel/dev_ws/install/mobile_manipulator/bin'
[7.785s] Level 1:colcon.colcon_core.environment:create_environment_scripts_only(mobile_manipulator)
[7.851s] INFO:colcon.colcon_core.shell:Creating package script '/home/daniel/dev_ws/install/mobile_manipulator/share/mobile_manipulator/package.ps1'
[7.852s] INFO:colcon.colcon_core.shell:Creating package descriptor '/home/daniel/dev_ws/install/mobile_manipulator/share/mobile_manipulator/package.dsv'
[7.852s] INFO:colcon.colcon_core.shell:Creating package script '/home/daniel/dev_ws/install/mobile_manipulator/share/mobile_manipulator/package.sh'
[7.853s] INFO:colcon.colcon_core.shell:Creating package script '/home/daniel/dev_ws/install/mobile_manipulator/share/mobile_manipulator/package.bash'
[7.853s] INFO:colcon.colcon_core.shell:Creating package script '/home/daniel/dev_ws/install/mobile_manipulator/share/mobile_manipulator/package.zsh'
[7.854s] Level 1:colcon.colcon_core.environment:create_file_with_runtime_dependencies(/home/daniel/dev_ws/install/mobile_manipulator/share/colcon-core/packages/mobile_manipulator)
[7.854s] DEBUG:colcon.colcon_parallel_executor.executor.parallel:closing loop
[7.854s] DEBUG:colcon.colcon_parallel_executor.executor.parallel:loop closed
[7.855s] DEBUG:colcon.colcon_parallel_executor.executor.parallel:run_until_complete finished with '0'
[7.855s] DEBUG:colcon.colcon_core.event_reactor:joining thread
[7.915s] INFO:colcon.colcon_core.plugin_system:Skipping extension 'colcon_notification.desktop_notification.terminal_notifier': Not used on non-Darwin systems
[7.915s] INFO:colcon.colcon_core.plugin_system:Skipping extension 'colcon_notification.desktop_notification.win32': Not used on non-Windows systems
[7.915s] INFO:colcon.colcon_notification.desktop_notification:Sending desktop notification using 'notify2'
[7.928s] DEBUG:colcon.colcon_core.event_reactor:joined thread
[7.983s] INFO:colcon.colcon_core.shell:Creating prefix script '/home/daniel/dev_ws/install/local_setup.ps1'
[7.984s] INFO:colcon.colcon_core.shell:Creating prefix util module '/home/daniel/dev_ws/install/_local_setup_util_ps1.py'
[7.985s] INFO:colcon.colcon_core.shell:Creating prefix chain script '/home/daniel/dev_ws/install/setup.ps1'
[8.041s] INFO:colcon.colcon_core.shell:Creating prefix script '/home/daniel/dev_ws/install/local_setup.sh'
[8.042s] INFO:colcon.colcon_core.shell:Creating prefix util module '/home/daniel/dev_ws/install/_local_setup_util_sh.py'
[8.042s] INFO:colcon.colcon_core.shell:Creating prefix chain script '/home/daniel/dev_ws/install/setup.sh'
[8.102s] INFO:colcon.colcon_core.shell:Creating prefix script '/home/daniel/dev_ws/install/local_setup.bash'
[8.102s] INFO:colcon.colcon_core.shell:Creating prefix chain script '/home/daniel/dev_ws/install/setup.bash'
[8.157s] INFO:colcon.colcon_core.shell:Creating prefix script '/home/daniel/dev_ws/install/local_setup.zsh'
[8.157s] INFO:colcon.colcon_core.shell:Creating prefix chain script '/home/daniel/dev_ws/install/setup.zsh'
