[2.800s] DEBUG:colcon:Command line arguments: ['/usr/bin/colcon', 'build']
[2.800s] DEBUG:colcon:Parsed command line arguments: Namespace(allow_overriding=[], ament_cmake_args=None, base_paths=['.'], build_base='build', catkin_cmake_args=None, catkin_skip_building_tests=False, cmake_args=None, cmake_clean_cache=False, cmake_clean_first=False, cmake_force_configure=False, cmake_target=None, cmake_target_skip_unavailable=False, continue_on_error=False, event_handlers=None, executor='parallel', ignore_user_meta=False, install_base='install', log_base=None, log_level=None, main=<bound method BuildVerb.main of <colcon_core.verb.build.BuildVerb object at 0x7fddee4d0cd0>>, merge_install=False, metas=['./colcon.meta'], packages_above=None, packages_above_and_dependencies=None, packages_above_depth=None, packages_end=None, packages_ignore=None, packages_ignore_regex=None, packages_select=None, packages_select_build_failed=False, packages_select_by_dep=None, packages_select_regex=None, packages_select_test_failures=False, packages_skip=None, packages_skip_build_finished=False, packages_skip_by_dep=None, packages_skip_regex=None, packages_skip_test_passed=False, packages_skip_up_to=None, packages_start=None, packages_up_to=None, packages_up_to_regex=None, parallel_workers=8, paths=None, symlink_install=False, test_result_base=None, verb_extension=<colcon_core.verb.build.BuildVerb object at 0x7fddee4d0cd0>, verb_name='build', verb_parser=<colcon_defaults.argument_parser.defaults.DefaultArgumentsDecorator object at 0x7fddee43b250>)
[2.916s] Level 1:colcon.colcon_core.package_discovery:discover_packages(colcon_meta) check parameters
[2.916s] Level 1:colcon.colcon_core.package_discovery:discover_packages(recursive) check parameters
[2.916s] Level 1:colcon.colcon_core.package_discovery:discover_packages(ignore) check parameters
[2.916s] Level 1:colcon.colcon_core.package_discovery:discover_packages(path) check parameters
[2.916s] Level 1:colcon.colcon_core.package_discovery:discover_packages(colcon_meta) discover
[2.916s] Level 1:colcon.colcon_core.package_discovery:discover_packages(recursive) discover
[2.916s] INFO:colcon.colcon_core.package_discovery:Crawling recursively for packages in '/home/daniel/dev_ws'
[2.916s] Level 1:colcon.colcon_core.package_identification:_identify(.) by extensions ['ignore', 'ignore_ament_install']
[2.917s] Level 1:colcon.colcon_core.package_identification:_identify(.) by extension 'ignore'
[2.917s] Level 1:colcon.colcon_core.package_identification:_identify(.) by extension 'ignore_ament_install'
[2.917s] Level 1:colcon.colcon_core.package_identification:_identify(.) by extensions ['colcon_pkg']
[2.917s] Level 1:colcon.colcon_core.package_identification:_identify(.) by extension 'colcon_pkg'
[2.917s] Level 1:colcon.colcon_core.package_identification:_identify(.) by extensions ['colcon_meta']
[2.917s] Level 1:colcon.colcon_core.package_identification:_identify(.) by extension 'colcon_meta'
[2.917s] Level 1:colcon.colcon_core.package_identification:_identify(.) by extensions ['ros']
[2.917s] Level 1:colcon.colcon_core.package_identification:_identify(.) by extension 'ros'
[2.927s] Level 1:colcon.colcon_core.package_identification:_identify(.) by extensions ['cmake', 'python']
[2.927s] Level 1:colcon.colcon_core.package_identification:_identify(.) by extension 'cmake'
[2.927s] Level 1:colcon.colcon_core.package_identification:_identify(.) by extension 'python'
[2.928s] Level 1:colcon.colcon_core.package_identification:_identify(.) by extensions ['python_setup_py']
[2.928s] Level 1:colcon.colcon_core.package_identification:_identify(.) by extension 'python_setup_py'
[2.928s] Level 1:colcon.colcon_core.package_identification:_identify(build) by extensions ['ignore', 'ignore_ament_install']
[2.928s] Level 1:colcon.colcon_core.package_identification:_identify(build) by extension 'ignore'
[2.928s] Level 1:colcon.colcon_core.package_identification:_identify(build) ignored
[2.928s] Level 1:colcon.colcon_core.package_identification:_identify(install) by extensions ['ignore', 'ignore_ament_install']
[2.928s] Level 1:colcon.colcon_core.package_identification:_identify(install) by extension 'ignore'
[2.928s] Level 1:colcon.colcon_core.package_identification:_identify(install) ignored
[2.929s] Level 1:colcon.colcon_core.package_identification:_identify(log) by extensions ['ignore', 'ignore_ament_install']
[2.929s] Level 1:colcon.colcon_core.package_identification:_identify(log) by extension 'ignore'
[2.929s] Level 1:colcon.colcon_core.package_identification:_identify(log) ignored
[2.929s] Level 1:colcon.colcon_core.package_identification:_identify(src) by extensions ['ignore', 'ignore_ament_install']
[2.929s] Level 1:colcon.colcon_core.package_identification:_identify(src) by extension 'ignore'
[2.929s] Level 1:colcon.colcon_core.package_identification:_identify(src) by extension 'ignore_ament_install'
[2.929s] Level 1:colcon.colcon_core.package_identification:_identify(src) by extensions ['colcon_pkg']
[2.929s] Level 1:colcon.colcon_core.package_identification:_identify(src) by extension 'colcon_pkg'
[2.929s] Level 1:colcon.colcon_core.package_identification:_identify(src) by extensions ['colcon_meta']
[2.929s] Level 1:colcon.colcon_core.package_identification:_identify(src) by extension 'colcon_meta'
[2.929s] Level 1:colcon.colcon_core.package_identification:_identify(src) by extensions ['ros']
[2.929s] Level 1:colcon.colcon_core.package_identification:_identify(src) by extension 'ros'
[2.929s] Level 1:colcon.colcon_core.package_identification:_identify(src) by extensions ['cmake', 'python']
[2.929s] Level 1:colcon.colcon_core.package_identification:_identify(src) by extension 'cmake'
[2.929s] Level 1:colcon.colcon_core.package_identification:_identify(src) by extension 'python'
[2.929s] Level 1:colcon.colcon_core.package_identification:_identify(src) by extensions ['python_setup_py']
[2.929s] Level 1:colcon.colcon_core.package_identification:_identify(src) by extension 'python_setup_py'
[2.930s] Level 1:colcon.colcon_core.package_identification:_identify(src/bulldog_description) by extensions ['ignore', 'ignore_ament_install']
[2.930s] Level 1:colcon.colcon_core.package_identification:_identify(src/bulldog_description) by extension 'ignore'
[2.930s] Level 1:colcon.colcon_core.package_identification:_identify(src/bulldog_description) by extension 'ignore_ament_install'
[2.930s] Level 1:colcon.colcon_core.package_identification:_identify(src/bulldog_description) by extensions ['colcon_pkg']
[2.930s] Level 1:colcon.colcon_core.package_identification:_identify(src/bulldog_description) by extension 'colcon_pkg'
[2.930s] Level 1:colcon.colcon_core.package_identification:_identify(src/bulldog_description) by extensions ['colcon_meta']
[2.930s] Level 1:colcon.colcon_core.package_identification:_identify(src/bulldog_description) by extension 'colcon_meta'
[2.930s] Level 1:colcon.colcon_core.package_identification:_identify(src/bulldog_description) by extensions ['ros']
[2.930s] Level 1:colcon.colcon_core.package_identification:_identify(src/bulldog_description) by extension 'ros'
[2.933s] DEBUG:colcon.colcon_core.package_identification:Package 'src/bulldog_description' with type 'ros.ament_python' and name 'bulldog_description'
[2.933s] Level 1:colcon.colcon_core.package_identification:_identify(src/doosan_description) by extensions ['ignore', 'ignore_ament_install']
[2.933s] Level 1:colcon.colcon_core.package_identification:_identify(src/doosan_description) by extension 'ignore'
[2.933s] Level 1:colcon.colcon_core.package_identification:_identify(src/doosan_description) by extension 'ignore_ament_install'
[2.933s] Level 1:colcon.colcon_core.package_identification:_identify(src/doosan_description) by extensions ['colcon_pkg']
[2.933s] Level 1:colcon.colcon_core.package_identification:_identify(src/doosan_description) by extension 'colcon_pkg'
[2.933s] Level 1:colcon.colcon_core.package_identification:_identify(src/doosan_description) by extensions ['colcon_meta']
[2.933s] Level 1:colcon.colcon_core.package_identification:_identify(src/doosan_description) by extension 'colcon_meta'
[2.933s] Level 1:colcon.colcon_core.package_identification:_identify(src/doosan_description) by extensions ['ros']
[2.934s] Level 1:colcon.colcon_core.package_identification:_identify(src/doosan_description) by extension 'ros'
[2.934s] DEBUG:colcon.colcon_core.package_identification:Package 'src/doosan_description' with type 'ros.ament_python' and name 'doosan_description'
[2.934s] Level 1:colcon.colcon_core.package_identification:_identify(src/mobile_manipulator) by extensions ['ignore', 'ignore_ament_install']
[2.935s] Level 1:colcon.colcon_core.package_identification:_identify(src/mobile_manipulator) by extension 'ignore'
[2.935s] Level 1:colcon.colcon_core.package_identification:_identify(src/mobile_manipulator) by extension 'ignore_ament_install'
[2.935s] Level 1:colcon.colcon_core.package_identification:_identify(src/mobile_manipulator) by extensions ['colcon_pkg']
[2.935s] Level 1:colcon.colcon_core.package_identification:_identify(src/mobile_manipulator) by extension 'colcon_pkg'
[2.935s] Level 1:colcon.colcon_core.package_identification:_identify(src/mobile_manipulator) by extensions ['colcon_meta']
[2.935s] Level 1:colcon.colcon_core.package_identification:_identify(src/mobile_manipulator) by extension 'colcon_meta'
[2.935s] Level 1:colcon.colcon_core.package_identification:_identify(src/mobile_manipulator) by extensions ['ros']
[2.935s] Level 1:colcon.colcon_core.package_identification:_identify(src/mobile_manipulator) by extension 'ros'
[2.935s] DEBUG:colcon.colcon_core.package_identification:Package 'src/mobile_manipulator' with type 'ros.ament_python' and name 'mobile_manipulator'
[2.935s] Level 1:colcon.colcon_core.package_identification:_identify(src/ur5_ros2_gazebo) by extensions ['ignore', 'ignore_ament_install']
[2.936s] Level 1:colcon.colcon_core.package_identification:_identify(src/ur5_ros2_gazebo) by extension 'ignore'
[2.936s] Level 1:colcon.colcon_core.package_identification:_identify(src/ur5_ros2_gazebo) by extension 'ignore_ament_install'
[2.936s] Level 1:colcon.colcon_core.package_identification:_identify(src/ur5_ros2_gazebo) by extensions ['colcon_pkg']
[2.936s] Level 1:colcon.colcon_core.package_identification:_identify(src/ur5_ros2_gazebo) by extension 'colcon_pkg'
[2.936s] Level 1:colcon.colcon_core.package_identification:_identify(src/ur5_ros2_gazebo) by extensions ['colcon_meta']
[2.936s] Level 1:colcon.colcon_core.package_identification:_identify(src/ur5_ros2_gazebo) by extension 'colcon_meta'
[2.936s] Level 1:colcon.colcon_core.package_identification:_identify(src/ur5_ros2_gazebo) by extensions ['ros']
[2.936s] Level 1:colcon.colcon_core.package_identification:_identify(src/ur5_ros2_gazebo) by extension 'ros'
[2.936s] DEBUG:colcon.colcon_core.package_identification:Package 'src/ur5_ros2_gazebo' with type 'ros.ament_cmake' and name 'ur5_ros2_gazebo'
[2.937s] Level 1:colcon.colcon_core.package_discovery:discover_packages(recursive) using defaults
[2.937s] Level 1:colcon.colcon_core.package_discovery:discover_packages(ignore) discover
[2.937s] Level 1:colcon.colcon_core.package_discovery:discover_packages(ignore) using defaults
[2.937s] Level 1:colcon.colcon_core.package_discovery:discover_packages(path) discover
[2.937s] Level 1:colcon.colcon_core.package_discovery:discover_packages(path) using defaults
[3.191s] Level 1:colcon.colcon_core.package_discovery:discover_packages(prefix_path) check parameters
[3.191s] Level 1:colcon.colcon_core.package_discovery:discover_packages(prefix_path) discover
[3.296s] DEBUG:colcon.colcon_installed_package_information.package_discovery:Found 8 installed packages in /home/daniel/dev_ws/install
[3.346s] DEBUG:colcon.colcon_installed_package_information.package_discovery:Found 376 installed packages in /opt/ros/foxy
[3.348s] Level 1:colcon.colcon_core.package_discovery:discover_packages(prefix_path) using defaults
[3.578s] Level 5:colcon.colcon_core.verb:set package 'bulldog_description' build argument 'cmake_args' from command line to 'None'
[3.578s] Level 5:colcon.colcon_core.verb:set package 'bulldog_description' build argument 'cmake_target' from command line to 'None'
[3.578s] Level 5:colcon.colcon_core.verb:set package 'bulldog_description' build argument 'cmake_target_skip_unavailable' from command line to 'False'
[3.578s] Level 5:colcon.colcon_core.verb:set package 'bulldog_description' build argument 'cmake_clean_cache' from command line to 'False'
[3.578s] Level 5:colcon.colcon_core.verb:set package 'bulldog_description' build argument 'cmake_clean_first' from command line to 'False'
[3.579s] Level 5:colcon.colcon_core.verb:set package 'bulldog_description' build argument 'cmake_force_configure' from command line to 'False'
[3.579s] Level 5:colcon.colcon_core.verb:set package 'bulldog_description' build argument 'ament_cmake_args' from command line to 'None'
[3.579s] Level 5:colcon.colcon_core.verb:set package 'bulldog_description' build argument 'catkin_cmake_args' from command line to 'None'
[3.579s] Level 5:colcon.colcon_core.verb:set package 'bulldog_description' build argument 'catkin_skip_building_tests' from command line to 'False'
[3.579s] DEBUG:colcon.colcon_core.verb:Building package 'bulldog_description' with the following arguments: {'ament_cmake_args': None, 'build_base': '/home/daniel/dev_ws/build/bulldog_description', 'catkin_cmake_args': None, 'catkin_skip_building_tests': False, 'cmake_args': None, 'cmake_clean_cache': False, 'cmake_clean_first': False, 'cmake_force_configure': False, 'cmake_target': None, 'cmake_target_skip_unavailable': False, 'install_base': '/home/daniel/dev_ws/install/bulldog_description', 'merge_install': False, 'path': '/home/daniel/dev_ws/src/bulldog_description', 'symlink_install': False, 'test_result_base': None}
[3.627s] Level 5:colcon.colcon_core.verb:set package 'doosan_description' build argument 'cmake_args' from command line to 'None'
[3.627s] Level 5:colcon.colcon_core.verb:set package 'doosan_description' build argument 'cmake_target' from command line to 'None'
[3.627s] Level 5:colcon.colcon_core.verb:set package 'doosan_description' build argument 'cmake_target_skip_unavailable' from command line to 'False'
[3.627s] Level 5:colcon.colcon_core.verb:set package 'doosan_description' build argument 'cmake_clean_cache' from command line to 'False'
[3.627s] Level 5:colcon.colcon_core.verb:set package 'doosan_description' build argument 'cmake_clean_first' from command line to 'False'
[3.627s] Level 5:colcon.colcon_core.verb:set package 'doosan_description' build argument 'cmake_force_configure' from command line to 'False'
[3.627s] Level 5:colcon.colcon_core.verb:set package 'doosan_description' build argument 'ament_cmake_args' from command line to 'None'
[3.627s] Level 5:colcon.colcon_core.verb:set package 'doosan_description' build argument 'catkin_cmake_args' from command line to 'None'
[3.627s] Level 5:colcon.colcon_core.verb:set package 'doosan_description' build argument 'catkin_skip_building_tests' from command line to 'False'
[3.627s] DEBUG:colcon.colcon_core.verb:Building package 'doosan_description' with the following arguments: {'ament_cmake_args': None, 'build_base': '/home/daniel/dev_ws/build/doosan_description', 'catkin_cmake_args': None, 'catkin_skip_building_tests': False, 'cmake_args': None, 'cmake_clean_cache': False, 'cmake_clean_first': False, 'cmake_force_configure': False, 'cmake_target': None, 'cmake_target_skip_unavailable': False, 'install_base': '/home/daniel/dev_ws/install/doosan_description', 'merge_install': False, 'path': '/home/daniel/dev_ws/src/doosan_description', 'symlink_install': False, 'test_result_base': None}
[3.675s] Level 5:colcon.colcon_core.verb:set package 'mobile_manipulator' build argument 'cmake_args' from command line to 'None'
[3.675s] Level 5:colcon.colcon_core.verb:set package 'mobile_manipulator' build argument 'cmake_target' from command line to 'None'
[3.675s] Level 5:colcon.colcon_core.verb:set package 'mobile_manipulator' build argument 'cmake_target_skip_unavailable' from command line to 'False'
[3.675s] Level 5:colcon.colcon_core.verb:set package 'mobile_manipulator' build argument 'cmake_clean_cache' from command line to 'False'
[3.675s] Level 5:colcon.colcon_core.verb:set package 'mobile_manipulator' build argument 'cmake_clean_first' from command line to 'False'
[3.675s] Level 5:colcon.colcon_core.verb:set package 'mobile_manipulator' build argument 'cmake_force_configure' from command line to 'False'
[3.676s] Level 5:colcon.colcon_core.verb:set package 'mobile_manipulator' build argument 'ament_cmake_args' from command line to 'None'
[3.676s] Level 5:colcon.colcon_core.verb:set package 'mobile_manipulator' build argument 'catkin_cmake_args' from command line to 'None'
[3.676s] Level 5:colcon.colcon_core.verb:set package 'mobile_manipulator' build argument 'catkin_skip_building_tests' from command line to 'False'
[3.676s] DEBUG:colcon.colcon_core.verb:Building package 'mobile_manipulator' with the following arguments: {'ament_cmake_args': None, 'build_base': '/home/daniel/dev_ws/build/mobile_manipulator', 'catkin_cmake_args': None, 'catkin_skip_building_tests': False, 'cmake_args': None, 'cmake_clean_cache': False, 'cmake_clean_first': False, 'cmake_force_configure': False, 'cmake_target': None, 'cmake_target_skip_unavailable': False, 'install_base': '/home/daniel/dev_ws/install/mobile_manipulator', 'merge_install': False, 'path': '/home/daniel/dev_ws/src/mobile_manipulator', 'symlink_install': False, 'test_result_base': None}
[3.724s] Level 5:colcon.colcon_core.verb:set package 'ur5_ros2_gazebo' build argument 'cmake_args' from command line to 'None'
[3.724s] Level 5:colcon.colcon_core.verb:set package 'ur5_ros2_gazebo' build argument 'cmake_target' from command line to 'None'
[3.725s] Level 5:colcon.colcon_core.verb:set package 'ur5_ros2_gazebo' build argument 'cmake_target_skip_unavailable' from command line to 'False'
[3.725s] Level 5:colcon.colcon_core.verb:set package 'ur5_ros2_gazebo' build argument 'cmake_clean_cache' from command line to 'False'
[3.725s] Level 5:colcon.colcon_core.verb:set package 'ur5_ros2_gazebo' build argument 'cmake_clean_first' from command line to 'False'
[3.725s] Level 5:colcon.colcon_core.verb:set package 'ur5_ros2_gazebo' build argument 'cmake_force_configure' from command line to 'False'
[3.725s] Level 5:colcon.colcon_core.verb:set package 'ur5_ros2_gazebo' build argument 'ament_cmake_args' from command line to 'None'
[3.725s] Level 5:colcon.colcon_core.verb:set package 'ur5_ros2_gazebo' build argument 'catkin_cmake_args' from command line to 'None'
[3.725s] Level 5:colcon.colcon_core.verb:set package 'ur5_ros2_gazebo' build argument 'catkin_skip_building_tests' from command line to 'False'
[3.725s] DEBUG:colcon.colcon_core.verb:Building package 'ur5_ros2_gazebo' with the following arguments: {'ament_cmake_args': None, 'build_base': '/home/daniel/dev_ws/build/ur5_ros2_gazebo', 'catkin_cmake_args': None, 'catkin_skip_building_tests': False, 'cmake_args': None, 'cmake_clean_cache': False, 'cmake_clean_first': False, 'cmake_force_configure': False, 'cmake_target': None, 'cmake_target_skip_unavailable': False, 'install_base': '/home/daniel/dev_ws/install/ur5_ros2_gazebo', 'merge_install': False, 'path': '/home/daniel/dev_ws/src/ur5_ros2_gazebo', 'symlink_install': False, 'test_result_base': None}
[3.783s] INFO:colcon.colcon_core.executor:Executing jobs using 'parallel' executor
[3.831s] DEBUG:colcon.colcon_parallel_executor.executor.parallel:run_until_complete
[3.831s] INFO:colcon.colcon_ros.task.ament_python.build:Building ROS package in '/home/daniel/dev_ws/src/bulldog_description' with build type 'ament_python'
[3.831s] Level 1:colcon.colcon_core.shell:create_environment_hook('bulldog_description', 'ament_prefix_path')
[3.885s] INFO:colcon.colcon_core.plugin_system:Skipping extension 'colcon_core.shell.bat': Not used on non-Windows systems
[3.885s] INFO:colcon.colcon_core.shell:Creating environment hook '/home/daniel/dev_ws/install/bulldog_description/share/bulldog_description/hook/ament_prefix_path.ps1'
[3.886s] INFO:colcon.colcon_core.shell:Creating environment descriptor '/home/daniel/dev_ws/install/bulldog_description/share/bulldog_description/hook/ament_prefix_path.dsv'
[3.886s] INFO:colcon.colcon_core.shell:Creating environment hook '/home/daniel/dev_ws/install/bulldog_description/share/bulldog_description/hook/ament_prefix_path.sh'
[3.937s] INFO:colcon.colcon_core.shell:Skip shell extension 'powershell' for command environment: Not usable outside of PowerShell
[3.937s] DEBUG:colcon.colcon_core.shell:Skip shell extension 'dsv' for command environment
[4.093s] INFO:colcon.colcon_ros.task.ament_python.build:Building ROS package in '/home/daniel/dev_ws/src/doosan_description' with build type 'ament_python'
[4.093s] Level 1:colcon.colcon_core.shell:create_environment_hook('doosan_description', 'ament_prefix_path')
[4.148s] INFO:colcon.colcon_core.shell:Creating environment hook '/home/daniel/dev_ws/install/doosan_description/share/doosan_description/hook/ament_prefix_path.ps1'
[4.149s] INFO:colcon.colcon_core.shell:Creating environment descriptor '/home/daniel/dev_ws/install/doosan_description/share/doosan_description/hook/ament_prefix_path.dsv'
[4.149s] INFO:colcon.colcon_core.shell:Creating environment hook '/home/daniel/dev_ws/install/doosan_description/share/doosan_description/hook/ament_prefix_path.sh'
[4.202s] INFO:colcon.colcon_core.shell:Skip shell extension 'powershell' for command environment: Not usable outside of PowerShell
[4.202s] DEBUG:colcon.colcon_core.shell:Skip shell extension 'dsv' for command environment
[4.357s] INFO:colcon.colcon_ros.task.ament_python.build:Building ROS package in '/home/daniel/dev_ws/src/mobile_manipulator' with build type 'ament_python'
[4.357s] Level 1:colcon.colcon_core.shell:create_environment_hook('mobile_manipulator', 'ament_prefix_path')
[4.409s] INFO:colcon.colcon_core.shell:Creating environment hook '/home/daniel/dev_ws/install/mobile_manipulator/share/mobile_manipulator/hook/ament_prefix_path.ps1'
[4.410s] INFO:colcon.colcon_core.shell:Creating environment descriptor '/home/daniel/dev_ws/install/mobile_manipulator/share/mobile_manipulator/hook/ament_prefix_path.dsv'
[4.410s] INFO:colcon.colcon_core.shell:Creating environment hook '/home/daniel/dev_ws/install/mobile_manipulator/share/mobile_manipulator/hook/ament_prefix_path.sh'
[4.463s] INFO:colcon.colcon_core.shell:Skip shell extension 'powershell' for command environment: Not usable outside of PowerShell
[4.463s] DEBUG:colcon.colcon_core.shell:Skip shell extension 'dsv' for command environment
[4.620s] INFO:colcon.colcon_ros.task.ament_cmake.build:Building ROS package in '/home/daniel/dev_ws/src/ur5_ros2_gazebo' with build type 'ament_cmake'
[4.620s] INFO:colcon.colcon_cmake.task.cmake.build:Building CMake package in '/home/daniel/dev_ws/src/ur5_ros2_gazebo'
[4.674s] INFO:colcon.colcon_core.shell:Skip shell extension 'powershell' for command environment: Not usable outside of PowerShell
[4.674s] DEBUG:colcon.colcon_core.shell:Skip shell extension 'dsv' for command environment
[5.076s] INFO:colcon.colcon_core.task.python.build:Building Python package in '/home/daniel/dev_ws/src/bulldog_description'
[5.128s] INFO:colcon.colcon_core.shell:Skip shell extension 'powershell' for command environment: Not usable outside of PowerShell
[5.128s] DEBUG:colcon.colcon_core.shell:Skip shell extension 'dsv' for command environment
[5.532s] INFO:colcon.colcon_core.task.python.build:Building Python package in '/home/daniel/dev_ws/src/doosan_description'
[5.595s] INFO:colcon.colcon_core.shell:Skip shell extension 'powershell' for command environment: Not usable outside of PowerShell
[5.595s] DEBUG:colcon.colcon_core.shell:Skip shell extension 'dsv' for command environment
[5.992s] INFO:colcon.colcon_core.task.python.build:Building Python package in '/home/daniel/dev_ws/src/mobile_manipulator'
[6.042s] INFO:colcon.colcon_core.shell:Skip shell extension 'powershell' for command environment: Not usable outside of PowerShell
[6.042s] DEBUG:colcon.colcon_core.shell:Skip shell extension 'dsv' for command environment
[6.202s] DEBUG:colcon.colcon_core.event_handler.log_command:Invoking command in '/home/daniel/dev_ws/build/ur5_ros2_gazebo': CMAKE_PREFIX_PATH=${CMAKE_PREFIX_PATH}:/home/daniel/dev_ws/install/robot_description:/home/daniel/dev_ws/install/my_doosan_pkg:/home/daniel/dev_ws/install/mobile_manipulator:/home/daniel/dev_ws/install/doosan_description:/home/daniel/dev_ws/install/bulldog_description:/opt/ros/foxy /usr/bin/cmake --build /home/daniel/dev_ws/build/ur5_ros2_gazebo -- -j8 -l8
[6.248s] DEBUG:colcon.colcon_core.event_handler.log_command:Invoked command in '/home/daniel/dev_ws/build/ur5_ros2_gazebo' returned '0': CMAKE_PREFIX_PATH=${CMAKE_PREFIX_PATH}:/home/daniel/dev_ws/install/robot_description:/home/daniel/dev_ws/install/my_doosan_pkg:/home/daniel/dev_ws/install/mobile_manipulator:/home/daniel/dev_ws/install/doosan_description:/home/daniel/dev_ws/install/bulldog_description:/opt/ros/foxy /usr/bin/cmake --build /home/daniel/dev_ws/build/ur5_ros2_gazebo -- -j8 -l8
[6.287s] DEBUG:colcon.colcon_core.event_handler.log_command:Invoking command in '/home/daniel/dev_ws/build/ur5_ros2_gazebo': CMAKE_PREFIX_PATH=${CMAKE_PREFIX_PATH}:/home/daniel/dev_ws/install/robot_description:/home/daniel/dev_ws/install/my_doosan_pkg:/home/daniel/dev_ws/install/mobile_manipulator:/home/daniel/dev_ws/install/doosan_description:/home/daniel/dev_ws/install/bulldog_description:/opt/ros/foxy /usr/bin/cmake --install /home/daniel/dev_ws/build/ur5_ros2_gazebo
[6.321s] Level 1:colcon.colcon_core.environment:create_environment_scripts_only(ur5_ros2_gazebo)
[6.322s] DEBUG:colcon.colcon_core.event_handler.log_command:Invoked command in '/home/daniel/dev_ws/build/ur5_ros2_gazebo' returned '0': CMAKE_PREFIX_PATH=${CMAKE_PREFIX_PATH}:/home/daniel/dev_ws/install/robot_description:/home/daniel/dev_ws/install/my_doosan_pkg:/home/daniel/dev_ws/install/mobile_manipulator:/home/daniel/dev_ws/install/doosan_description:/home/daniel/dev_ws/install/bulldog_description:/opt/ros/foxy /usr/bin/cmake --install /home/daniel/dev_ws/build/ur5_ros2_gazebo
[6.408s] Level 1:colcon.colcon_core.environment:checking '/home/daniel/dev_ws/install/ur5_ros2_gazebo' for CMake module files
[6.408s] Level 1:colcon.colcon_core.environment:checking '/home/daniel/dev_ws/install/ur5_ros2_gazebo' for CMake config files
[6.409s] Level 1:colcon.colcon_core.shell:create_environment_hook('ur5_ros2_gazebo', 'cmake_prefix_path')
[6.463s] INFO:colcon.colcon_core.shell:Creating environment hook '/home/daniel/dev_ws/install/ur5_ros2_gazebo/share/ur5_ros2_gazebo/hook/cmake_prefix_path.ps1'
[6.464s] INFO:colcon.colcon_core.shell:Creating environment descriptor '/home/daniel/dev_ws/install/ur5_ros2_gazebo/share/ur5_ros2_gazebo/hook/cmake_prefix_path.dsv'
[6.464s] INFO:colcon.colcon_core.shell:Creating environment hook '/home/daniel/dev_ws/install/ur5_ros2_gazebo/share/ur5_ros2_gazebo/hook/cmake_prefix_path.sh'
[6.465s] Level 1:colcon.colcon_core.environment:checking '/home/daniel/dev_ws/install/ur5_ros2_gazebo/bin'
[6.465s] Level 1:colcon.colcon_core.environment:checking '/home/daniel/dev_ws/install/ur5_ros2_gazebo/lib/pkgconfig/ur5_ros2_gazebo.pc'
[6.465s] Level 1:colcon.colcon_core.environment:checking '/home/daniel/dev_ws/install/ur5_ros2_gazebo/lib/python3.8/site-packages'
[6.466s] Level 1:colcon.colcon_core.environment:checking '/home/daniel/dev_ws/install/ur5_ros2_gazebo/bin'
[6.523s] INFO:colcon.colcon_core.shell:Creating package script '/home/daniel/dev_ws/install/ur5_ros2_gazebo/share/ur5_ros2_gazebo/package.ps1'
[6.524s] INFO:colcon.colcon_core.shell:Creating package descriptor '/home/daniel/dev_ws/install/ur5_ros2_gazebo/share/ur5_ros2_gazebo/package.dsv'
[6.525s] INFO:colcon.colcon_core.shell:Creating package script '/home/daniel/dev_ws/install/ur5_ros2_gazebo/share/ur5_ros2_gazebo/package.sh'
[6.525s] INFO:colcon.colcon_core.shell:Creating package script '/home/daniel/dev_ws/install/ur5_ros2_gazebo/share/ur5_ros2_gazebo/package.bash'
[6.526s] INFO:colcon.colcon_core.shell:Creating package script '/home/daniel/dev_ws/install/ur5_ros2_gazebo/share/ur5_ros2_gazebo/package.zsh'
[6.527s] Level 1:colcon.colcon_core.environment:create_file_with_runtime_dependencies(/home/daniel/dev_ws/install/ur5_ros2_gazebo/share/colcon-core/packages/ur5_ros2_gazebo)
[6.610s] Level 1:colcon.colcon_core.environment:create_environment_scripts_only(ur5_ros2_gazebo)
[6.666s] Level 1:colcon.colcon_core.environment:checking '/home/daniel/dev_ws/install/ur5_ros2_gazebo' for CMake module files
[6.667s] Level 1:colcon.colcon_core.environment:checking '/home/daniel/dev_ws/install/ur5_ros2_gazebo' for CMake config files
[6.667s] Level 1:colcon.colcon_core.shell:create_environment_hook('ur5_ros2_gazebo', 'cmake_prefix_path')
[6.727s] INFO:colcon.colcon_core.shell:Creating environment hook '/home/daniel/dev_ws/install/ur5_ros2_gazebo/share/ur5_ros2_gazebo/hook/cmake_prefix_path.ps1'
[6.728s] INFO:colcon.colcon_core.shell:Creating environment descriptor '/home/daniel/dev_ws/install/ur5_ros2_gazebo/share/ur5_ros2_gazebo/hook/cmake_prefix_path.dsv'
[6.728s] INFO:colcon.colcon_core.shell:Creating environment hook '/home/daniel/dev_ws/install/ur5_ros2_gazebo/share/ur5_ros2_gazebo/hook/cmake_prefix_path.sh'
[6.729s] Level 1:colcon.colcon_core.environment:checking '/home/daniel/dev_ws/install/ur5_ros2_gazebo/bin'
[6.729s] Level 1:colcon.colcon_core.environment:checking '/home/daniel/dev_ws/install/ur5_ros2_gazebo/lib/pkgconfig/ur5_ros2_gazebo.pc'
[6.729s] Level 1:colcon.colcon_core.environment:checking '/home/daniel/dev_ws/install/ur5_ros2_gazebo/lib/python3.8/site-packages'
[6.729s] Level 1:colcon.colcon_core.environment:checking '/home/daniel/dev_ws/install/ur5_ros2_gazebo/bin'
[6.785s] INFO:colcon.colcon_core.shell:Creating package script '/home/daniel/dev_ws/install/ur5_ros2_gazebo/share/ur5_ros2_gazebo/package.ps1'
[6.786s] INFO:colcon.colcon_core.shell:Creating package descriptor '/home/daniel/dev_ws/install/ur5_ros2_gazebo/share/ur5_ros2_gazebo/package.dsv'
[6.787s] INFO:colcon.colcon_core.shell:Creating package script '/home/daniel/dev_ws/install/ur5_ros2_gazebo/share/ur5_ros2_gazebo/package.sh'
[6.787s] INFO:colcon.colcon_core.shell:Creating package script '/home/daniel/dev_ws/install/ur5_ros2_gazebo/share/ur5_ros2_gazebo/package.bash'
[6.787s] INFO:colcon.colcon_core.shell:Creating package script '/home/daniel/dev_ws/install/ur5_ros2_gazebo/share/ur5_ros2_gazebo/package.zsh'
[6.788s] Level 1:colcon.colcon_core.environment:create_file_with_runtime_dependencies(/home/daniel/dev_ws/install/ur5_ros2_gazebo/share/colcon-core/packages/ur5_ros2_gazebo)
[6.796s] DEBUG:colcon.colcon_core.event_handler.log_command:Invoking command in '/home/daniel/dev_ws/src/bulldog_description': PYTHONPATH=/home/daniel/dev_ws/build/bulldog_description/prefix_override:/home/daniel/dev_ws/install/bulldog_description/lib/python3.8/site-packages:${PYTHONPATH} /usr/bin/python3 setup.py egg_info --egg-base ../../build/bulldog_description build --build-base /home/daniel/dev_ws/build/bulldog_description/build install --record /home/daniel/dev_ws/build/bulldog_description/install.log --install-scripts $base/lib/bulldog_description --single-version-externally-managed
[6.801s] DEBUG:colcon.colcon_core.event_handler.log_command:Invoking command in '/home/daniel/dev_ws/src/mobile_manipulator': PYTHONPATH=/home/daniel/dev_ws/build/mobile_manipulator/prefix_override:/home/daniel/dev_ws/install/mobile_manipulator/lib/python3.8/site-packages:${PYTHONPATH} /usr/bin/python3 setup.py egg_info --egg-base ../../build/mobile_manipulator build --build-base /home/daniel/dev_ws/build/mobile_manipulator/build install --record /home/daniel/dev_ws/build/mobile_manipulator/install.log --install-scripts $base/lib/mobile_manipulator --single-version-externally-managed
[6.804s] DEBUG:colcon.colcon_core.event_handler.log_command:Invoking command in '/home/daniel/dev_ws/src/doosan_description': PYTHONPATH=/home/daniel/dev_ws/build/doosan_description/prefix_override:/home/daniel/dev_ws/install/doosan_description/lib/python3.8/site-packages:${PYTHONPATH} /usr/bin/python3 setup.py egg_info --egg-base ../../build/doosan_description build --build-base /home/daniel/dev_ws/build/doosan_description/build install --record /home/daniel/dev_ws/build/doosan_description/install.log --install-scripts $base/lib/doosan_description --single-version-externally-managed
[7.140s] DEBUG:colcon.colcon_core.event_handler.log_command:Invoked command in '/home/daniel/dev_ws/src/bulldog_description' returned '0': PYTHONPATH=/home/daniel/dev_ws/build/bulldog_description/prefix_override:/home/daniel/dev_ws/install/bulldog_description/lib/python3.8/site-packages:${PYTHONPATH} /usr/bin/python3 setup.py egg_info --egg-base ../../build/bulldog_description build --build-base /home/daniel/dev_ws/build/bulldog_description/build install --record /home/daniel/dev_ws/build/bulldog_description/install.log --install-scripts $base/lib/bulldog_description --single-version-externally-managed
[7.195s] Level 1:colcon.colcon_core.environment:checking '/home/daniel/dev_ws/install/bulldog_description' for CMake module files
[7.195s] Level 1:colcon.colcon_core.environment:checking '/home/daniel/dev_ws/install/bulldog_description' for CMake config files
[7.196s] Level 1:colcon.colcon_core.environment:checking '/home/daniel/dev_ws/install/bulldog_description/lib'
[7.196s] Level 1:colcon.colcon_core.environment:checking '/home/daniel/dev_ws/install/bulldog_description/bin'
[7.196s] Level 1:colcon.colcon_core.environment:checking '/home/daniel/dev_ws/install/bulldog_description/lib/pkgconfig/bulldog_description.pc'
[7.196s] Level 1:colcon.colcon_core.environment:checking '/home/daniel/dev_ws/install/bulldog_description/lib/python3.8/site-packages'
[7.196s] Level 1:colcon.colcon_core.shell:create_environment_hook('bulldog_description', 'pythonpath')
[7.250s] INFO:colcon.colcon_core.shell:Creating environment hook '/home/daniel/dev_ws/install/bulldog_description/share/bulldog_description/hook/pythonpath.ps1'
[7.250s] INFO:colcon.colcon_core.shell:Creating environment descriptor '/home/daniel/dev_ws/install/bulldog_description/share/bulldog_description/hook/pythonpath.dsv'
[7.250s] INFO:colcon.colcon_core.shell:Creating environment hook '/home/daniel/dev_ws/install/bulldog_description/share/bulldog_description/hook/pythonpath.sh'
[7.251s] Level 1:colcon.colcon_core.environment:checking '/home/daniel/dev_ws/install/bulldog_description/bin'
[7.251s] Level 1:colcon.colcon_core.environment:create_environment_scripts_only(bulldog_description)
[7.302s] INFO:colcon.colcon_core.shell:Creating package script '/home/daniel/dev_ws/install/bulldog_description/share/bulldog_description/package.ps1'
[7.302s] INFO:colcon.colcon_core.shell:Creating package descriptor '/home/daniel/dev_ws/install/bulldog_description/share/bulldog_description/package.dsv'
[7.303s] INFO:colcon.colcon_core.shell:Creating package script '/home/daniel/dev_ws/install/bulldog_description/share/bulldog_description/package.sh'
[7.303s] INFO:colcon.colcon_core.shell:Creating package script '/home/daniel/dev_ws/install/bulldog_description/share/bulldog_description/package.bash'
[7.304s] INFO:colcon.colcon_core.shell:Creating package script '/home/daniel/dev_ws/install/bulldog_description/share/bulldog_description/package.zsh'
[7.304s] Level 1:colcon.colcon_core.environment:create_file_with_runtime_dependencies(/home/daniel/dev_ws/install/bulldog_description/share/colcon-core/packages/bulldog_description)
[7.307s] DEBUG:colcon.colcon_core.event_handler.log_command:Invoked command in '/home/daniel/dev_ws/src/doosan_description' returned '0': PYTHONPATH=/home/daniel/dev_ws/build/doosan_description/prefix_override:/home/daniel/dev_ws/install/doosan_description/lib/python3.8/site-packages:${PYTHONPATH} /usr/bin/python3 setup.py egg_info --egg-base ../../build/doosan_description build --build-base /home/daniel/dev_ws/build/doosan_description/build install --record /home/daniel/dev_ws/build/doosan_description/install.log --install-scripts $base/lib/doosan_description --single-version-externally-managed
[7.362s] Level 1:colcon.colcon_core.environment:checking '/home/daniel/dev_ws/install/doosan_description' for CMake module files
[7.363s] Level 1:colcon.colcon_core.environment:checking '/home/daniel/dev_ws/install/doosan_description' for CMake config files
[7.364s] Level 1:colcon.colcon_core.environment:checking '/home/daniel/dev_ws/install/doosan_description/lib'
[7.364s] Level 1:colcon.colcon_core.environment:checking '/home/daniel/dev_ws/install/doosan_description/bin'
[7.364s] Level 1:colcon.colcon_core.environment:checking '/home/daniel/dev_ws/install/doosan_description/lib/pkgconfig/doosan_description.pc'
[7.364s] Level 1:colcon.colcon_core.environment:checking '/home/daniel/dev_ws/install/doosan_description/lib/python3.8/site-packages'
[7.365s] Level 1:colcon.colcon_core.shell:create_environment_hook('doosan_description', 'pythonpath')
[7.419s] INFO:colcon.colcon_core.shell:Creating environment hook '/home/daniel/dev_ws/install/doosan_description/share/doosan_description/hook/pythonpath.ps1'
[7.420s] INFO:colcon.colcon_core.shell:Creating environment descriptor '/home/daniel/dev_ws/install/doosan_description/share/doosan_description/hook/pythonpath.dsv'
[7.420s] INFO:colcon.colcon_core.shell:Creating environment hook '/home/daniel/dev_ws/install/doosan_description/share/doosan_description/hook/pythonpath.sh'
[7.421s] Level 1:colcon.colcon_core.environment:checking '/home/daniel/dev_ws/install/doosan_description/bin'
[7.421s] Level 1:colcon.colcon_core.environment:create_environment_scripts_only(doosan_description)
[7.474s] INFO:colcon.colcon_core.shell:Creating package script '/home/daniel/dev_ws/install/doosan_description/share/doosan_description/package.ps1'
[7.474s] INFO:colcon.colcon_core.shell:Creating package descriptor '/home/daniel/dev_ws/install/doosan_description/share/doosan_description/package.dsv'
[7.475s] INFO:colcon.colcon_core.shell:Creating package script '/home/daniel/dev_ws/install/doosan_description/share/doosan_description/package.sh'
[7.475s] INFO:colcon.colcon_core.shell:Creating package script '/home/daniel/dev_ws/install/doosan_description/share/doosan_description/package.bash'
[7.476s] INFO:colcon.colcon_core.shell:Creating package script '/home/daniel/dev_ws/install/doosan_description/share/doosan_description/package.zsh'
[7.476s] Level 1:colcon.colcon_core.environment:create_file_with_runtime_dependencies(/home/daniel/dev_ws/install/doosan_description/share/colcon-core/packages/doosan_description)
[7.478s] DEBUG:colcon.colcon_core.event_handler.log_command:Invoked command in '/home/daniel/dev_ws/src/mobile_manipulator' returned '0': PYTHONPATH=/home/daniel/dev_ws/build/mobile_manipulator/prefix_override:/home/daniel/dev_ws/install/mobile_manipulator/lib/python3.8/site-packages:${PYTHONPATH} /usr/bin/python3 setup.py egg_info --egg-base ../../build/mobile_manipulator build --build-base /home/daniel/dev_ws/build/mobile_manipulator/build install --record /home/daniel/dev_ws/build/mobile_manipulator/install.log --install-scripts $base/lib/mobile_manipulator --single-version-externally-managed
[7.529s] Level 1:colcon.colcon_core.environment:checking '/home/daniel/dev_ws/install/mobile_manipulator' for CMake module files
[7.529s] Level 1:colcon.colcon_core.environment:checking '/home/daniel/dev_ws/install/mobile_manipulator' for CMake config files
[7.530s] Level 1:colcon.colcon_core.environment:checking '/home/daniel/dev_ws/install/mobile_manipulator/lib'
[7.530s] Level 1:colcon.colcon_core.environment:checking '/home/daniel/dev_ws/install/mobile_manipulator/bin'
[7.530s] Level 1:colcon.colcon_core.environment:checking '/home/daniel/dev_ws/install/mobile_manipulator/lib/pkgconfig/mobile_manipulator.pc'
[7.531s] Level 1:colcon.colcon_core.environment:checking '/home/daniel/dev_ws/install/mobile_manipulator/lib/python3.8/site-packages'
[7.531s] Level 1:colcon.colcon_core.shell:create_environment_hook('mobile_manipulator', 'pythonpath')
[7.584s] INFO:colcon.colcon_core.shell:Creating environment hook '/home/daniel/dev_ws/install/mobile_manipulator/share/mobile_manipulator/hook/pythonpath.ps1'
[7.585s] INFO:colcon.colcon_core.shell:Creating environment descriptor '/home/daniel/dev_ws/install/mobile_manipulator/share/mobile_manipulator/hook/pythonpath.dsv'
[7.585s] INFO:colcon.colcon_core.shell:Creating environment hook '/home/daniel/dev_ws/install/mobile_manipulator/share/mobile_manipulator/hook/pythonpath.sh'
[7.586s] Level 1:colcon.colcon_core.environment:checking '/home/daniel/dev_ws/install/mobile_manipulator/bin'
[7.586s] Level 1:colcon.colcon_core.environment:create_environment_scripts_only(mobile_manipulator)
[7.648s] INFO:colcon.colcon_core.shell:Creating package script '/home/daniel/dev_ws/install/mobile_manipulator/share/mobile_manipulator/package.ps1'
[7.648s] INFO:colcon.colcon_core.shell:Creating package descriptor '/home/daniel/dev_ws/install/mobile_manipulator/share/mobile_manipulator/package.dsv'
[7.649s] INFO:colcon.colcon_core.shell:Creating package script '/home/daniel/dev_ws/install/mobile_manipulator/share/mobile_manipulator/package.sh'
[7.650s] INFO:colcon.colcon_core.shell:Creating package script '/home/daniel/dev_ws/install/mobile_manipulator/share/mobile_manipulator/package.bash'
[7.650s] INFO:colcon.colcon_core.shell:Creating package script '/home/daniel/dev_ws/install/mobile_manipulator/share/mobile_manipulator/package.zsh'
[7.650s] Level 1:colcon.colcon_core.environment:create_file_with_runtime_dependencies(/home/daniel/dev_ws/install/mobile_manipulator/share/colcon-core/packages/mobile_manipulator)
[7.651s] DEBUG:colcon.colcon_parallel_executor.executor.parallel:closing loop
[7.652s] DEBUG:colcon.colcon_parallel_executor.executor.parallel:loop closed
[7.652s] DEBUG:colcon.colcon_parallel_executor.executor.parallel:run_until_complete finished with '0'
[7.652s] DEBUG:colcon.colcon_core.event_reactor:joining thread
[7.712s] INFO:colcon.colcon_core.plugin_system:Skipping extension 'colcon_notification.desktop_notification.terminal_notifier': Not used on non-Darwin systems
[7.712s] INFO:colcon.colcon_core.plugin_system:Skipping extension 'colcon_notification.desktop_notification.win32': Not used on non-Windows systems
[7.712s] INFO:colcon.colcon_notification.desktop_notification:Sending desktop notification using 'notify2'
[7.728s] DEBUG:colcon.colcon_core.event_reactor:joined thread
[7.784s] INFO:colcon.colcon_core.shell:Creating prefix script '/home/daniel/dev_ws/install/local_setup.ps1'
[7.785s] INFO:colcon.colcon_core.shell:Creating prefix util module '/home/daniel/dev_ws/install/_local_setup_util_ps1.py'
[7.787s] INFO:colcon.colcon_core.shell:Creating prefix chain script '/home/daniel/dev_ws/install/setup.ps1'
[7.847s] INFO:colcon.colcon_core.shell:Creating prefix script '/home/daniel/dev_ws/install/local_setup.sh'
[7.847s] INFO:colcon.colcon_core.shell:Creating prefix util module '/home/daniel/dev_ws/install/_local_setup_util_sh.py'
[7.848s] INFO:colcon.colcon_core.shell:Creating prefix chain script '/home/daniel/dev_ws/install/setup.sh'
[7.905s] INFO:colcon.colcon_core.shell:Creating prefix script '/home/daniel/dev_ws/install/local_setup.bash'
[7.906s] INFO:colcon.colcon_core.shell:Creating prefix chain script '/home/daniel/dev_ws/install/setup.bash'
[7.962s] INFO:colcon.colcon_core.shell:Creating prefix script '/home/daniel/dev_ws/install/local_setup.zsh'
[7.963s] INFO:colcon.colcon_core.shell:Creating prefix chain script '/home/daniel/dev_ws/install/setup.zsh'
