[1.125s] Invoking command in '/home/daniel/dev_ws/build/mobile_manipulator': PYTHONPATH=/home/daniel/dev_ws/build/mobile_manipulator/prefix_override:/home/daniel/dev_ws/install/mobile_manipulator/lib/python3.8/site-packages:${PYTHONPATH} /usr/bin/python3 setup.py develop --editable --build-directory /home/daniel/dev_ws/build/mobile_manipulator/build --no-deps install_data
[1.370s] running develop
[1.525s] running egg_info
[1.525s] writing mobile_manipulator.egg-info/PKG-INFO
[1.525s] writing dependency_links to mobile_manipulator.egg-info/dependency_links.txt
[1.526s] writing entry points to mobile_manipulator.egg-info/entry_points.txt
[1.526s] writing requirements to mobile_manipulator.egg-info/requires.txt
[1.526s] writing top-level names to mobile_manipulator.egg-info/top_level.txt
[1.557s] reading manifest file 'mobile_manipulator.egg-info/SOURCES.txt'
[1.558s] writing manifest file 'mobile_manipulator.egg-info/SOURCES.txt'
[1.590s] running build_ext
[1.607s] Creating /home/daniel/dev_ws/install/mobile_manipulator/lib/python3.8/site-packages/mobile-manipulator.egg-link (link to .)
[1.608s] Installing get_path_action script to /home/daniel/dev_ws/install/mobile_manipulator/lib/mobile_manipulator
[1.608s] Installing send_goal_pose_action script to /home/daniel/dev_ws/install/mobile_manipulator/lib/mobile_manipulator
[1.608s] Installing trajectory_points_act_server script to /home/daniel/dev_ws/install/mobile_manipulator/lib/mobile_manipulator
[1.608s] Installing trajectory_points_from_ik_act_server script to /home/daniel/dev_ws/install/mobile_manipulator/lib/mobile_manipulator
[1.609s] 
[1.609s] Installed /home/daniel/dev_ws/build/mobile_manipulator
[1.609s] running install_data
[1.633s] Invoked command in '/home/daniel/dev_ws/build/mobile_manipulator' returned '0': PYTHONPATH=/home/daniel/dev_ws/build/mobile_manipulator/prefix_override:/home/daniel/dev_ws/install/mobile_manipulator/lib/python3.8/site-packages:${PYTHONPATH} /usr/bin/python3 setup.py develop --editable --build-directory /home/daniel/dev_ws/build/mobile_manipulator/build --no-deps install_data
