[01m[K/home/daniel/dev_ws/src/ros2_actions/scripts/moveJ_action.cpp:[m[K In member function ‘[01m[Krclcpp_action::GoalResponse ActionServer::handle_goal(const GoalUUID&, std::shared_ptr<const ros2_data::action::MoveJ_Goal_<std::allocator<void> > >)[m[K’:
[01m[K/home/daniel/dev_ws/src/ros2_actions/scripts/moveJ_action.cpp:95:41:[m[K [01;35m[Kwarning: [m[Kunused parameter ‘[01m[Kuuid[m[K’ [[01;35m[K-Wunused-parameter[m[K]
   95 |         [01;35m[Kconst rclcpp_action::GoalUUID & uuid[m[K,
      |         [01;35m[K~~~~~~~~~~~~~~~~~~~~~~~~~~~~~~~~^~~~[m[K
[01m[K/home/daniel/dev_ws/src/ros2_actions/scripts/moveG_action.cpp:[m[K In member function ‘[01m[Krclcpp_action::GoalResponse ActionServer::handle_goal(const GoalUUID&, std::shared_ptr<const ros2_data::action::MoveG_Goal_<std::allocator<void> > >)[m[K’:
[01m[K/home/daniel/dev_ws/src/ros2_actions/scripts/moveG_action.cpp:94:41:[m[K [01;35m[Kwarning: [m[Kunused parameter ‘[01m[Kuuid[m[K’ [[01;35m[K-Wunused-parameter[m[K]
   94 |         [01;35m[Kconst rclcpp_action::GoalUUID & uuid[m[K,
      |         [01;35m[K~~~~~~~~~~~~~~~~~~~~~~~~~~~~~~~~^~~~[m[K
[01m[K/home/daniel/dev_ws/src/ros2_actions/scripts/moveROT_action.cpp:[m[K In member function ‘[01m[Krclcpp_action::GoalResponse ActionServer::handle_goal(const GoalUUID&, std::shared_ptr<const ros2_data::action::MoveROT_Goal_<std::allocator<void> > >)[m[K’:
[01m[K/home/daniel/dev_ws/src/ros2_actions/scripts/moveROT_action.cpp:94:41:[m[K [01;35m[Kwarning: [m[Kunused parameter ‘[01m[Kuuid[m[K’ [[01;35m[K-Wunused-parameter[m[K]
   94 |         [01;35m[Kconst rclcpp_action::GoalUUID & uuid[m[K,
      |         [01;35m[K~~~~~~~~~~~~~~~~~~~~~~~~~~~~~~~~^~~~[m[K
[01m[K/home/daniel/dev_ws/src/ros2_actions/scripts/moveROT_action.cpp:[m[K In member function ‘[01m[Kvoid ActionServer::execute(std::shared_ptr<rclcpp_action::ServerGoalHandle<ros2_data::action::MoveROT> >)[m[K’:
[01m[K/home/daniel/dev_ws/src/ros2_actions/scripts/moveROT_action.cpp:155:46:[m[K [01;35m[Kwarning: [m[Kunused variable ‘[01m[Kjoint_model_group[m[K’ [[01;35m[K-Wunused-variable[m[K]
  155 |         const moveit::core::JointModelGroup* [01;35m[Kjoint_model_group[m[K = move_group_interface.getCurrentState()->getJointModelGroup(my_param);
      |                                              [01;35m[K^~~~~~~~~~~~~~~~~[m[K
[01m[K/home/daniel/dev_ws/src/ros2_actions/scripts/moveXYZ_action.cpp:[m[K In member function ‘[01m[Krclcpp_action::GoalResponse ActionServer::handle_goal(const GoalUUID&, std::shared_ptr<const ros2_data::action::MoveXYZ_Goal_<std::allocator<void> > >)[m[K’:
[01m[K/home/daniel/dev_ws/src/ros2_actions/scripts/moveXYZ_action.cpp:94:41:[m[K [01;35m[Kwarning: [m[Kunused parameter ‘[01m[Kuuid[m[K’ [[01;35m[K-Wunused-parameter[m[K]
   94 |         [01;35m[Kconst rclcpp_action::GoalUUID & uuid[m[K,
      |         [01;35m[K~~~~~~~~~~~~~~~~~~~~~~~~~~~~~~~~^~~~[m[K
[01m[K/home/daniel/dev_ws/src/ros2_actions/scripts/moveXYZ_action.cpp:[m[K In member function ‘[01m[Kvoid ActionServer::execute(std::shared_ptr<rclcpp_action::ServerGoalHandle<ros2_data::action::MoveXYZ> >)[m[K’:
[01m[K/home/daniel/dev_ws/src/ros2_actions/scripts/moveXYZ_action.cpp:155:46:[m[K [01;35m[Kwarning: [m[Kunused variable ‘[01m[Kjoint_model_group[m[K’ [[01;35m[K-Wunused-variable[m[K]
  155 |         const moveit::core::JointModelGroup* [01;35m[Kjoint_model_group[m[K = move_group_interface.getCurrentState()->getJointModelGroup(my_param);
      |                                              [01;35m[K^~~~~~~~~~~~~~~~~[m[K
[01m[K/home/daniel/dev_ws/src/ros2_actions/scripts/moveL_action.cpp:[m[K In member function ‘[01m[Krclcpp_action::GoalResponse ActionServer::handle_goal(const GoalUUID&, std::shared_ptr<const ros2_data::action::MoveL_Goal_<std::allocator<void> > >)[m[K’:
[01m[K/home/daniel/dev_ws/src/ros2_actions/scripts/moveL_action.cpp:94:41:[m[K [01;35m[Kwarning: [m[Kunused parameter ‘[01m[Kuuid[m[K’ [[01;35m[K-Wunused-parameter[m[K]
   94 |         [01;35m[Kconst rclcpp_action::GoalUUID & uuid[m[K,
      |         [01;35m[K~~~~~~~~~~~~~~~~~~~~~~~~~~~~~~~~^~~~[m[K
[01m[K/home/daniel/dev_ws/src/ros2_actions/scripts/moveXYZW_action.cpp:[m[K In member function ‘[01m[Krclcpp_action::GoalResponse ActionServer::handle_goal(const GoalUUID&, std::shared_ptr<const ros2_data::action::MoveXYZW_Goal_<std::allocator<void> > >)[m[K’:
[01m[K/home/daniel/dev_ws/src/ros2_actions/scripts/moveXYZW_action.cpp:94:41:[m[K [01;35m[Kwarning: [m[Kunused parameter ‘[01m[Kuuid[m[K’ [[01;35m[K-Wunused-parameter[m[K]
   94 |         [01;35m[Kconst rclcpp_action::GoalUUID & uuid[m[K,
      |         [01;35m[K~~~~~~~~~~~~~~~~~~~~~~~~~~~~~~~~^~~~[m[K
[01m[K/home/daniel/dev_ws/src/ros2_actions/scripts/moveL_action.cpp:[m[K In member function ‘[01m[Kvoid ActionServer::execute(std::shared_ptr<rclcpp_action::ServerGoalHandle<ros2_data::action::MoveL> >)[m[K’:
[01m[K/home/daniel/dev_ws/src/ros2_actions/scripts/moveL_action.cpp:204:20:[m[K [01;35m[Kwarning: [m[Kunused variable ‘[01m[Kfraction[m[K’ [[01;35m[K-Wunused-variable[m[K]
  204 |             double [01;35m[Kfraction[m[K = move_group_interface.computeCartesianPath(waypoints, eef_step, jump_threshold, trajectory);
      |                    [01;35m[K^~~~~~~~[m[K
[01m[K/home/daniel/dev_ws/src/ros2_actions/scripts/moveL_action.cpp:154:46:[m[K [01;35m[Kwarning: [m[Kunused variable ‘[01m[Kjoint_model_group[m[K’ [[01;35m[K-Wunused-variable[m[K]
  154 |         const moveit::core::JointModelGroup* [01;35m[Kjoint_model_group[m[K = move_group_interface.getCurrentState()->getJointModelGroup(my_param);
      |                                              [01;35m[K^~~~~~~~~~~~~~~~~[m[K
[01m[K/home/daniel/dev_ws/src/ros2_actions/scripts/moveXYZW_action.cpp:[m[K In member function ‘[01m[Kvoid ActionServer::execute(std::shared_ptr<rclcpp_action::ServerGoalHandle<ros2_data::action::MoveXYZW> >)[m[K’:
[01m[K/home/daniel/dev_ws/src/ros2_actions/scripts/moveXYZW_action.cpp:162:46:[m[K [01;35m[Kwarning: [m[Kunused variable ‘[01m[Kjoint_model_group[m[K’ [[01;35m[K-Wunused-variable[m[K]
  162 |         const moveit::core::JointModelGroup* [01;35m[Kjoint_model_group[m[K = move_group_interface.getCurrentState()->getJointModelGroup(my_param);
      |                                              [01;35m[K^~~~~~~~~~~~~~~~~[m[K
[01m[K/home/daniel/dev_ws/src/ros2_actions/scripts/moveJs_action.cpp:[m[K In member function ‘[01m[Krclcpp_action::GoalResponse ActionServer::handle_goal(const GoalUUID&, std::shared_ptr<const ros2_data::action::MoveJs_Goal_<std::allocator<void> > >)[m[K’:
[01m[K/home/daniel/dev_ws/src/ros2_actions/scripts/moveJs_action.cpp:95:41:[m[K [01;35m[Kwarning: [m[Kunused parameter ‘[01m[Kuuid[m[K’ [[01;35m[K-Wunused-parameter[m[K]
   95 |         [01;35m[Kconst rclcpp_action::GoalUUID & uuid[m[K,
      |         [01;35m[K~~~~~~~~~~~~~~~~~~~~~~~~~~~~~~~~^~~~[m[K
[01m[K/home/daniel/dev_ws/src/ros2_actions/scripts/moveRP_action.cpp:[m[K In member function ‘[01m[Krclcpp_action::GoalResponse ActionServer::handle_goal(const GoalUUID&, std::shared_ptr<const ros2_data::action::MoveRP_Goal_<std::allocator<void> > >)[m[K’:
[01m[K/home/daniel/dev_ws/src/ros2_actions/scripts/moveRP_action.cpp:95:41:[m[K [01;35m[Kwarning: [m[Kunused parameter ‘[01m[Kuuid[m[K’ [[01;35m[K-Wunused-parameter[m[K]
   95 |         [01;35m[Kconst rclcpp_action::GoalUUID & uuid[m[K,
      |         [01;35m[K~~~~~~~~~~~~~~~~~~~~~~~~~~~~~~~~^~~~[m[K
[01m[K/home/daniel/dev_ws/src/ros2_actions/scripts/moveRP_action.cpp:[m[K In member function ‘[01m[Kvoid ActionServer::execute(std::shared_ptr<rclcpp_action::ServerGoalHandle<ros2_data::action::MoveRP> >)[m[K’:
[01m[K/home/daniel/dev_ws/src/ros2_actions/scripts/moveRP_action.cpp:163:46:[m[K [01;35m[Kwarning: [m[Kunused variable ‘[01m[Kjoint_model_group[m[K’ [[01;35m[K-Wunused-variable[m[K]
  163 |         const moveit::core::JointModelGroup* [01;35m[Kjoint_model_group[m[K = move_group_interface.getCurrentState()->getJointModelGroup(my_param);
      |                                              [01;35m[K^~~~~~~~~~~~~~~~~[m[K
[01m[K/home/daniel/dev_ws/src/ros2_actions/scripts/moveYPR_action.cpp:[m[K In member function ‘[01m[Krclcpp_action::GoalResponse ActionServer::handle_goal(const GoalUUID&, std::shared_ptr<const ros2_data::action::MoveYPR_Goal_<std::allocator<void> > >)[m[K’:
[01m[K/home/daniel/dev_ws/src/ros2_actions/scripts/moveYPR_action.cpp:94:41:[m[K [01;35m[Kwarning: [m[Kunused parameter ‘[01m[Kuuid[m[K’ [[01;35m[K-Wunused-parameter[m[K]
   94 |         [01;35m[Kconst rclcpp_action::GoalUUID & uuid[m[K,
      |         [01;35m[K~~~~~~~~~~~~~~~~~~~~~~~~~~~~~~~~^~~~[m[K
[01m[K/home/daniel/dev_ws/src/ros2_actions/scripts/moveYPR_action.cpp:[m[K In member function ‘[01m[Kvoid ActionServer::execute(std::shared_ptr<rclcpp_action::ServerGoalHandle<ros2_data::action::MoveYPR> >)[m[K’:
[01m[K/home/daniel/dev_ws/src/ros2_actions/scripts/moveYPR_action.cpp:155:46:[m[K [01;35m[Kwarning: [m[Kunused variable ‘[01m[Kjoint_model_group[m[K’ [[01;35m[K-Wunused-variable[m[K]
  155 |         const moveit::core::JointModelGroup* [01;35m[Kjoint_model_group[m[K = move_group_interface.getCurrentState()->getJointModelGroup(my_param);
      |                                              [01;35m[K^~~~~~~~~~~~~~~~~[m[K
[01m[K/home/daniel/dev_ws/src/ros2_actions/scripts/moveRs_action.cpp:[m[K In member function ‘[01m[Krclcpp_action::GoalResponse ActionServer::handle_goal(const GoalUUID&, std::shared_ptr<const ros2_data::action::MoveR_Goal_<std::allocator<void> > >)[m[K’:
[01m[K/home/daniel/dev_ws/src/ros2_actions/scripts/moveRs_action.cpp:94:41:[m[K [01;35m[Kwarning: [m[Kunused parameter ‘[01m[Kuuid[m[K’ [[01;35m[K-Wunused-parameter[m[K]
   94 |         [01;35m[Kconst rclcpp_action::GoalUUID & uuid[m[K,
      |         [01;35m[K~~~~~~~~~~~~~~~~~~~~~~~~~~~~~~~~^~~~[m[K
[01m[K/home/daniel/dev_ws/src/ros2_actions/scripts/moveRs_action.cpp:[m[K In member function ‘[01m[Kvoid ActionServer::execute(std::shared_ptr<rclcpp_action::ServerGoalHandle<ros2_data::action::MoveR> >)[m[K’:
[01m[K/home/daniel/dev_ws/src/ros2_actions/scripts/moveRs_action.cpp:309:56:[m[K [01;35m[Kwarning: [m[Kcomparison with string literal results in unspecified behavior [[01;35m[K-Waddress[m[K]
  309 |         } else if (LimitCheck == true && InputJoint == [01;35m[K"Valid"[m[K) {
      |                                                        [01;35m[K^~~~~~~[m[K
[01m[K/home/daniel/dev_ws/src/ros2_actions/scripts/moveR_action.cpp:[m[K In member function ‘[01m[Krclcpp_action::GoalResponse ActionServer::handle_goal(const GoalUUID&, std::shared_ptr<const ros2_data::action::MoveR_Goal_<std::allocator<void> > >)[m[K’:
[01m[K/home/daniel/dev_ws/src/ros2_actions/scripts/moveR_action.cpp:95:41:[m[K [01;35m[Kwarning: [m[Kunused parameter ‘[01m[Kuuid[m[K’ [[01;35m[K-Wunused-parameter[m[K]
   95 | [01;35m[Kaction::GoalUUID & uuid[m[K,
      | [01;35m[K~~~~~~~~~~~~~~~~~~~^~~~[m[K

[01m[K/home/daniel/dev_ws/src/ros2_actions/scripts/moveR_action.cpp:[m[K In member function ‘[01m[Kvoid ActionServer::execute(std::shared_ptr<rclcpp_action::ServerGoalHandle<ros2_data::action::MoveR> >)[m[K’:
[01m[K/home/daniel/dev_ws/src/ros2_actions/scripts/moveR_action.cpp:362:56:[m[K [01;35m[Kwarning: [m[Kcomparison with string literal results in unspecified behavior [[01;35m[K-Waddress[m[K]
  362 | k == true && InputJoint == [01;35m[K"Valid"[m[K) {
      |                            [01;35m[K^~~~~~~[m[K

