-- The C compiler identification is GNU 9.4.0
-- The CXX compiler identification is GNU 9.4.0
-- Check for working C compiler: /usr/bin/cc
-- Check for working C compiler: /usr/bin/cc -- works
-- Detecting C compiler ABI info
-- Detecting C compiler ABI info - done
-- Detecting C compile features
-- Detecting C compile features - done
-- Check for working CXX compiler: /usr/bin/c++
-- Check for working CXX compiler: /usr/bin/c++ -- works
-- Detecting CXX compiler ABI info
-- Detecting CXX compiler ABI info - done
-- Detecting CXX compile features
-- Detecting CXX compile features - done
-- Found ament_cmake: 0.9.12 (/opt/ros/foxy/share/ament_cmake/cmake)
-- Found PythonInterp: /usr/bin/python3 (found suitable version "3.8.10", minimum required is "3") 
-- Using PYTHON_EXECUTABLE: /usr/bin/python3
-- Found ament_lint_auto: 0.9.8 (/opt/ros/foxy/share/ament_lint_auto/cmake)
-- Found moveit_ros_planning_interface: 2.2.3 (/opt/ros/foxy/share/moveit_ros_planning_interface/cmake)
-- Found Boost: /usr/lib/x86_64-linux-gnu/cmake/Boost-1.71.0/BoostConfig.cmake (found version "1.71.0")  
-- Found Boost: /usr/lib/x86_64-linux-gnu/cmake/Boost-1.71.0/BoostConfig.cmake (found version "1.71.0") found components: date_time filesystem program_options system thread 
-- Using all available rosidl_typesupport_c: rosidl_typesupport_fastrtps_c;rosidl_typesupport_introspection_c
-- Found rosidl_adapter: 1.3.1 (/opt/ros/foxy/share/rosidl_adapter/cmake)
-- Found OpenSSL: /usr/lib/x86_64-linux-gnu/libcrypto.so (found version "1.1.1f")  
-- Found FastRTPS: /opt/ros/foxy/include  
-- Using all available rosidl_typesupport_cpp: rosidl_typesupport_fastrtps_cpp;rosidl_typesupport_introspection_cpp
-- Found Boost: /usr/lib/x86_64-linux-gnu/cmake/Boost-1.71.0/BoostConfig.cmake (found version "1.71.0") found components: chrono date_time filesystem iostreams program_options regex serialization system thread 
-- Found Boost: /usr/lib/x86_64-linux-gnu/cmake/Boost-1.71.0/BoostConfig.cmake (found version "1.71.0") found components: filesystem 
-- Found rmw_implementation_cmake: 1.0.4 (/opt/ros/foxy/share/rmw_implementation_cmake/cmake)
-- Using RMW implementation 'rmw_fastrtps_cpp' as default
-- Found Threads: TRUE  
-- library: /usr/lib/x86_64-linux-gnu/libcurl.so
-- Found Eigen3: TRUE (found version "3.3.7") 
-- Found Boost: /usr/lib/x86_64-linux-gnu/cmake/Boost-1.71.0/BoostConfig.cmake (found version "1.71.0") found components: system filesystem date_time program_options thread chrono 
-- Found Boost: /usr/lib/x86_64-linux-gnu/cmake/Boost-1.71.0/BoostConfig.cmake (found version "1.71.0") found components: thread 
-- Found Boost: /usr/lib/x86_64-linux-gnu/cmake/Boost-1.71.0/BoostConfig.cmake (found version "1.71.0") found components: thread system filesystem regex date_time program_options 
-- Found Boost: /usr/lib/x86_64-linux-gnu/cmake/Boost-1.71.0/BoostConfig.cmake (found version "1.71.0") found components: system filesystem date_time program_options thread 
-- Found ros2_data: 0.0.0 (/home/daniel/dev_ws/install/ros2_data/share/ros2_data/cmake)
-- Added test 'copyright' to check source files copyright and LICENSE
-- Added test 'cppcheck' to perform static code analysis on C / C++ code
-- Configured cppcheck include dirs: 
-- Configured cppcheck exclude dirs and/or files: 
-- Added test 'cpplint' to check C / C++ code against the Google style
-- Configured cpplint exclude dirs and/or files: 
-- Added test 'lint_cmake' to check CMake code style
-- Added test 'uncrustify' to check C / C++ code style
-- Configured uncrustify additional arguments: 
-- Added test 'xmllint' to check XML markup files
-- Configuring done
-- Generating done
-- Build files have been written to: /home/daniel/dev_ws/build/ros2_actions
[35m[1mScanning dependencies of target moveJ_action[0m
[35m[1mScanning dependencies of target moveRP_action[0m
[35m[1mScanning dependencies of target moveJs_action[0m
[35m[1mScanning dependencies of target moveG_action[0m
[35m[1mScanning dependencies of target moveXYZ_action[0m
[35m[1mScanning dependencies of target moveROT_action[0m
[35m[1mScanning dependencies of target moveXYZW_action[0m
[35m[1mScanning dependencies of target moveL_action[0m
[  4%] [32mBuilding CXX object CMakeFiles/moveXYZ_action.dir/scripts/moveXYZ_action.cpp.o[0m
[ 18%] [32mBuilding CXX object CMakeFiles/moveRP_action.dir/scripts/moveRP_action.cpp.o[0m
[ 22%] [32mBuilding CXX object CMakeFiles/moveL_action.dir/scripts/moveL_action.cpp.o[0m
[ 18%] [32mBuilding CXX object CMakeFiles/moveG_action.dir/scripts/moveG_action.cpp.o[0m
[ 22%] [32mBuilding CXX object CMakeFiles/moveJs_action.dir/scripts/moveJs_action.cpp.o[0m
[ 27%] [32mBuilding CXX object CMakeFiles/moveXYZW_action.dir/scripts/moveXYZW_action.cpp.o[0m
[ 31%] [32mBuilding CXX object CMakeFiles/moveJ_action.dir/scripts/moveJ_action.cpp.o[0m
[ 36%] [32mBuilding CXX object CMakeFiles/moveROT_action.dir/scripts/moveROT_action.cpp.o[0m
[01m[K/home/daniel/dev_ws/src/ros2_actions/scripts/moveJ_action.cpp:[m[K In member function ‘[01m[Krclcpp_action::GoalResponse ActionServer::handle_goal(const GoalUUID&, std::shared_ptr<const ros2_data::action::MoveJ_Goal_<std::allocator<void> > >)[m[K’:
[01m[K/home/daniel/dev_ws/src/ros2_actions/scripts/moveJ_action.cpp:95:41:[m[K [01;35m[Kwarning: [m[Kunused parameter ‘[01m[Kuuid[m[K’ [[01;35m[K-Wunused-parameter[m[K]
   95 |         [01;35m[Kconst rclcpp_action::GoalUUID & uuid[m[K,
      |         [01;35m[K~~~~~~~~~~~~~~~~~~~~~~~~~~~~~~~~^~~~[m[K
[01m[K/home/daniel/dev_ws/src/ros2_actions/scripts/moveG_action.cpp:[m[K In member function ‘[01m[Krclcpp_action::GoalResponse ActionServer::handle_goal(const GoalUUID&, std::shared_ptr<const ros2_data::action::MoveG_Goal_<std::allocator<void> > >)[m[K’:
[01m[K/home/daniel/dev_ws/src/ros2_actions/scripts/moveG_action.cpp:94:41:[m[K [01;35m[Kwarning: [m[Kunused parameter ‘[01m[Kuuid[m[K’ [[01;35m[K-Wunused-parameter[m[K]
   94 |         [01;35m[Kconst rclcpp_action::GoalUUID & uuid[m[K,
      |         [01;35m[K~~~~~~~~~~~~~~~~~~~~~~~~~~~~~~~~^~~~[m[K
[01m[K/home/daniel/dev_ws/src/ros2_actions/scripts/moveROT_action.cpp:[m[K In member function ‘[01m[Krclcpp_action::GoalResponse ActionServer::handle_goal(const GoalUUID&, std::shared_ptr<const ros2_data::action::MoveROT_Goal_<std::allocator<void> > >)[m[K’:
[01m[K/home/daniel/dev_ws/src/ros2_actions/scripts/moveROT_action.cpp:94:41:[m[K [01;35m[Kwarning: [m[Kunused parameter ‘[01m[Kuuid[m[K’ [[01;35m[K-Wunused-parameter[m[K]
   94 |         [01;35m[Kconst rclcpp_action::GoalUUID & uuid[m[K,
      |         [01;35m[K~~~~~~~~~~~~~~~~~~~~~~~~~~~~~~~~^~~~[m[K
[01m[K/home/daniel/dev_ws/src/ros2_actions/scripts/moveROT_action.cpp:[m[K In member function ‘[01m[Kvoid ActionServer::execute(std::shared_ptr<rclcpp_action::ServerGoalHandle<ros2_data::action::MoveROT> >)[m[K’:
[01m[K/home/daniel/dev_ws/src/ros2_actions/scripts/moveROT_action.cpp:155:46:[m[K [01;35m[Kwarning: [m[Kunused variable ‘[01m[Kjoint_model_group[m[K’ [[01;35m[K-Wunused-variable[m[K]
  155 |         const moveit::core::JointModelGroup* [01;35m[Kjoint_model_group[m[K = move_group_interface.getCurrentState()->getJointModelGroup(my_param);
      |                                              [01;35m[K^~~~~~~~~~~~~~~~~[m[K
[01m[K/home/daniel/dev_ws/src/ros2_actions/scripts/moveXYZ_action.cpp:[m[K In member function ‘[01m[Krclcpp_action::GoalResponse ActionServer::handle_goal(const GoalUUID&, std::shared_ptr<const ros2_data::action::MoveXYZ_Goal_<std::allocator<void> > >)[m[K’:
[01m[K/home/daniel/dev_ws/src/ros2_actions/scripts/moveXYZ_action.cpp:94:41:[m[K [01;35m[Kwarning: [m[Kunused parameter ‘[01m[Kuuid[m[K’ [[01;35m[K-Wunused-parameter[m[K]
   94 |         [01;35m[Kconst rclcpp_action::GoalUUID & uuid[m[K,
      |         [01;35m[K~~~~~~~~~~~~~~~~~~~~~~~~~~~~~~~~^~~~[m[K
[01m[K/home/daniel/dev_ws/src/ros2_actions/scripts/moveXYZ_action.cpp:[m[K In member function ‘[01m[Kvoid ActionServer::execute(std::shared_ptr<rclcpp_action::ServerGoalHandle<ros2_data::action::MoveXYZ> >)[m[K’:
[01m[K/home/daniel/dev_ws/src/ros2_actions/scripts/moveXYZ_action.cpp:155:46:[m[K [01;35m[Kwarning: [m[Kunused variable ‘[01m[Kjoint_model_group[m[K’ [[01;35m[K-Wunused-variable[m[K]
  155 |         const moveit::core::JointModelGroup* [01;35m[Kjoint_model_group[m[K = move_group_interface.getCurrentState()->getJointModelGroup(my_param);
      |                                              [01;35m[K^~~~~~~~~~~~~~~~~[m[K
[01m[K/home/daniel/dev_ws/src/ros2_actions/scripts/moveL_action.cpp:[m[K In member function ‘[01m[Krclcpp_action::GoalResponse ActionServer::handle_goal(const GoalUUID&, std::shared_ptr<const ros2_data::action::MoveL_Goal_<std::allocator<void> > >)[m[K’:
[01m[K/home/daniel/dev_ws/src/ros2_actions/scripts/moveL_action.cpp:94:41:[m[K [01;35m[Kwarning: [m[Kunused parameter ‘[01m[Kuuid[m[K’ [[01;35m[K-Wunused-parameter[m[K]
   94 |         [01;35m[Kconst rclcpp_action::GoalUUID & uuid[m[K,
      |         [01;35m[K~~~~~~~~~~~~~~~~~~~~~~~~~~~~~~~~^~~~[m[K
[01m[K/home/daniel/dev_ws/src/ros2_actions/scripts/moveXYZW_action.cpp:[m[K In member function ‘[01m[Krclcpp_action::GoalResponse ActionServer::handle_goal(const GoalUUID&, std::shared_ptr<const ros2_data::action::MoveXYZW_Goal_<std::allocator<void> > >)[m[K’:
[01m[K/home/daniel/dev_ws/src/ros2_actions/scripts/moveXYZW_action.cpp:94:41:[m[K [01;35m[Kwarning: [m[Kunused parameter ‘[01m[Kuuid[m[K’ [[01;35m[K-Wunused-parameter[m[K]
   94 |         [01;35m[Kconst rclcpp_action::GoalUUID & uuid[m[K,
      |         [01;35m[K~~~~~~~~~~~~~~~~~~~~~~~~~~~~~~~~^~~~[m[K
[01m[K/home/daniel/dev_ws/src/ros2_actions/scripts/moveL_action.cpp:[m[K In member function ‘[01m[Kvoid ActionServer::execute(std::shared_ptr<rclcpp_action::ServerGoalHandle<ros2_data::action::MoveL> >)[m[K’:
[01m[K/home/daniel/dev_ws/src/ros2_actions/scripts/moveL_action.cpp:204:20:[m[K [01;35m[Kwarning: [m[Kunused variable ‘[01m[Kfraction[m[K’ [[01;35m[K-Wunused-variable[m[K]
  204 |             double [01;35m[Kfraction[m[K = move_group_interface.computeCartesianPath(waypoints, eef_step, jump_threshold, trajectory);
      |                    [01;35m[K^~~~~~~~[m[K
[01m[K/home/daniel/dev_ws/src/ros2_actions/scripts/moveL_action.cpp:154:46:[m[K [01;35m[Kwarning: [m[Kunused variable ‘[01m[Kjoint_model_group[m[K’ [[01;35m[K-Wunused-variable[m[K]
  154 |         const moveit::core::JointModelGroup* [01;35m[Kjoint_model_group[m[K = move_group_interface.getCurrentState()->getJointModelGroup(my_param);
      |                                              [01;35m[K^~~~~~~~~~~~~~~~~[m[K
[01m[K/home/daniel/dev_ws/src/ros2_actions/scripts/moveXYZW_action.cpp:[m[K In member function ‘[01m[Kvoid ActionServer::execute(std::shared_ptr<rclcpp_action::ServerGoalHandle<ros2_data::action::MoveXYZW> >)[m[K’:
[01m[K/home/daniel/dev_ws/src/ros2_actions/scripts/moveXYZW_action.cpp:162:46:[m[K [01;35m[Kwarning: [m[Kunused variable ‘[01m[Kjoint_model_group[m[K’ [[01;35m[K-Wunused-variable[m[K]
  162 |         const moveit::core::JointModelGroup* [01;35m[Kjoint_model_group[m[K = move_group_interface.getCurrentState()->getJointModelGroup(my_param);
      |                                              [01;35m[K^~~~~~~~~~~~~~~~~[m[K
[01m[K/home/daniel/dev_ws/src/ros2_actions/scripts/moveJs_action.cpp:[m[K In member function ‘[01m[Krclcpp_action::GoalResponse ActionServer::handle_goal(const GoalUUID&, std::shared_ptr<const ros2_data::action::MoveJs_Goal_<std::allocator<void> > >)[m[K’:
[01m[K/home/daniel/dev_ws/src/ros2_actions/scripts/moveJs_action.cpp:95:41:[m[K [01;35m[Kwarning: [m[Kunused parameter ‘[01m[Kuuid[m[K’ [[01;35m[K-Wunused-parameter[m[K]
   95 |         [01;35m[Kconst rclcpp_action::GoalUUID & uuid[m[K,
      |         [01;35m[K~~~~~~~~~~~~~~~~~~~~~~~~~~~~~~~~^~~~[m[K
[01m[K/home/daniel/dev_ws/src/ros2_actions/scripts/moveRP_action.cpp:[m[K In member function ‘[01m[Krclcpp_action::GoalResponse ActionServer::handle_goal(const GoalUUID&, std::shared_ptr<const ros2_data::action::MoveRP_Goal_<std::allocator<void> > >)[m[K’:
[01m[K/home/daniel/dev_ws/src/ros2_actions/scripts/moveRP_action.cpp:95:41:[m[K [01;35m[Kwarning: [m[Kunused parameter ‘[01m[Kuuid[m[K’ [[01;35m[K-Wunused-parameter[m[K]
   95 |         [01;35m[Kconst rclcpp_action::GoalUUID & uuid[m[K,
      |         [01;35m[K~~~~~~~~~~~~~~~~~~~~~~~~~~~~~~~~^~~~[m[K
[01m[K/home/daniel/dev_ws/src/ros2_actions/scripts/moveRP_action.cpp:[m[K In member function ‘[01m[Kvoid ActionServer::execute(std::shared_ptr<rclcpp_action::ServerGoalHandle<ros2_data::action::MoveRP> >)[m[K’:
[01m[K/home/daniel/dev_ws/src/ros2_actions/scripts/moveRP_action.cpp:163:46:[m[K [01;35m[Kwarning: [m[Kunused variable ‘[01m[Kjoint_model_group[m[K’ [[01;35m[K-Wunused-variable[m[K]
  163 |         const moveit::core::JointModelGroup* [01;35m[Kjoint_model_group[m[K = move_group_interface.getCurrentState()->getJointModelGroup(my_param);
      |                                              [01;35m[K^~~~~~~~~~~~~~~~~[m[K
[ 40%] [32m[1mLinking CXX executable moveG_action[0m
[ 45%] [32m[1mLinking CXX executable moveJ_action[0m
[ 50%] [32m[1mLinking CXX executable moveXYZ_action[0m
[ 54%] [32m[1mLinking CXX executable moveROT_action[0m
[ 59%] [32m[1mLinking CXX executable moveL_action[0m
[ 63%] [32m[1mLinking CXX executable moveXYZW_action[0m
[ 68%] [32m[1mLinking CXX executable moveRP_action[0m
[ 72%] [32m[1mLinking CXX executable moveJs_action[0m
[ 72%] Built target moveRP_action
[ 72%] Built target moveJs_action
[ 72%] Built target moveL_action
[ 72%] Built target moveXYZ_action
[ 72%] Built target moveROT_action
[ 72%] Built target moveXYZW_action
[ 72%] Built target moveJ_action
[35m[1mScanning dependencies of target moveR_action[0m
[35m[1mScanning dependencies of target moveRs_action[0m
[35m[1mScanning dependencies of target moveYPR_action[0m
[ 72%] Built target moveG_action
[ 77%] [32mBuilding CXX object CMakeFiles/moveR_action.dir/scripts/moveR_action.cpp.o[0m
[ 81%] [32mBuilding CXX object CMakeFiles/moveYPR_action.dir/scripts/moveYPR_action.cpp.o[0m
[ 86%] [32mBuilding CXX object CMakeFiles/moveRs_action.dir/scripts/moveRs_action.cpp.o[0m
[01m[K/home/daniel/dev_ws/src/ros2_actions/scripts/moveYPR_action.cpp:[m[K In member function ‘[01m[Krclcpp_action::GoalResponse ActionServer::handle_goal(const GoalUUID&, std::shared_ptr<const ros2_data::action::MoveYPR_Goal_<std::allocator<void> > >)[m[K’:
[01m[K/home/daniel/dev_ws/src/ros2_actions/scripts/moveYPR_action.cpp:94:41:[m[K [01;35m[Kwarning: [m[Kunused parameter ‘[01m[Kuuid[m[K’ [[01;35m[K-Wunused-parameter[m[K]
   94 |         [01;35m[Kconst rclcpp_action::GoalUUID & uuid[m[K,
      |         [01;35m[K~~~~~~~~~~~~~~~~~~~~~~~~~~~~~~~~^~~~[m[K
[01m[K/home/daniel/dev_ws/src/ros2_actions/scripts/moveYPR_action.cpp:[m[K In member function ‘[01m[Kvoid ActionServer::execute(std::shared_ptr<rclcpp_action::ServerGoalHandle<ros2_data::action::MoveYPR> >)[m[K’:
[01m[K/home/daniel/dev_ws/src/ros2_actions/scripts/moveYPR_action.cpp:155:46:[m[K [01;35m[Kwarning: [m[Kunused variable ‘[01m[Kjoint_model_group[m[K’ [[01;35m[K-Wunused-variable[m[K]
  155 |         const moveit::core::JointModelGroup* [01;35m[Kjoint_model_group[m[K = move_group_interface.getCurrentState()->getJointModelGroup(my_param);
      |                                              [01;35m[K^~~~~~~~~~~~~~~~~[m[K
[01m[K/home/daniel/dev_ws/src/ros2_actions/scripts/moveRs_action.cpp:[m[K In member function ‘[01m[Krclcpp_action::GoalResponse ActionServer::handle_goal(const GoalUUID&, std::shared_ptr<const ros2_data::action::MoveR_Goal_<std::allocator<void> > >)[m[K’:
[01m[K/home/daniel/dev_ws/src/ros2_actions/scripts/moveRs_action.cpp:94:41:[m[K [01;35m[Kwarning: [m[Kunused parameter ‘[01m[Kuuid[m[K’ [[01;35m[K-Wunused-parameter[m[K]
   94 |         [01;35m[Kconst rclcpp_action::GoalUUID & uuid[m[K,
      |         [01;35m[K~~~~~~~~~~~~~~~~~~~~~~~~~~~~~~~~^~~~[m[K
[01m[K/home/daniel/dev_ws/src/ros2_actions/scripts/moveRs_action.cpp:[m[K In member function ‘[01m[Kvoid ActionServer::execute(std::shared_ptr<rclcpp_action::ServerGoalHandle<ros2_data::action::MoveR> >)[m[K’:
[01m[K/home/daniel/dev_ws/src/ros2_actions/scripts/moveRs_action.cpp:309:56:[m[K [01;35m[Kwarning: [m[Kcomparison with string literal results in unspecified behavior [[01;35m[K-Waddress[m[K]
  309 |         } else if (LimitCheck == true && InputJoint == [01;35m[K"Valid"[m[K) {
      |                                                        [01;35m[K^~~~~~~[m[K
[01m[K/home/daniel/dev_ws/src/ros2_actions/scripts/moveR_action.cpp:[m[K In member function ‘[01m[Krclcpp_action::GoalResponse ActionServer::handle_goal(const GoalUUID&, std::shared_ptr<const ros2_data::action::MoveR_Goal_<std::allocator<void> > >)[m[K’:
[01m[K/home/daniel/dev_ws/src/ros2_actions/scripts/moveR_action.cpp:95:41:[m[K [01;35m[Kwarning: [m[Kunused parameter ‘[01m[Kuuid[m[K’ [[01;35m[K-Wunused-parameter[m[K]
   95 | [01;35m[Kaction::GoalUUID & uuid[m[K,
      | [01;35m[K~~~~~~~~~~~~~~~~~~~^~~~[m[K

[01m[K/home/daniel/dev_ws/src/ros2_actions/scripts/moveR_action.cpp:[m[K In member function ‘[01m[Kvoid ActionServer::execute(std::shared_ptr<rclcpp_action::ServerGoalHandle<ros2_data::action::MoveR> >)[m[K’:
[01m[K/home/daniel/dev_ws/src/ros2_actions/scripts/moveR_action.cpp:362:56:[m[K [01;35m[Kwarning: [m[Kcomparison with string literal results in unspecified behavior [[01;35m[K-Waddress[m[K]
  362 | k == true && InputJoint == [01;35m[K"Valid"[m[K) {
      |                            [01;35m[K^~~~~~~[m[K

[ 90%] [32m[1mLinking CXX executable moveYPR_action[0m
[ 95%] [32m[1mLinking CXX executable moveRs_action[0m
[100%] [32m[1mLinking CXX executable moveR_action[0m
[100%] Built target moveYPR_action
[100%] Built target moveRs_action
[100%] Built target moveR_action
-- Install configuration: ""
-- Installing: /home/daniel/dev_ws/install/ros2_actions/lib/ros2_actions/moveJ_action
-- Set runtime path of "/home/daniel/dev_ws/install/ros2_actions/lib/ros2_actions/moveJ_action" to ""
-- Installing: /home/daniel/dev_ws/install/ros2_actions/lib/ros2_actions/moveJs_action
-- Set runtime path of "/home/daniel/dev_ws/install/ros2_actions/lib/ros2_actions/moveJs_action" to ""
-- Installing: /home/daniel/dev_ws/install/ros2_actions/lib/ros2_actions/moveG_action
-- Set runtime path of "/home/daniel/dev_ws/install/ros2_actions/lib/ros2_actions/moveG_action" to ""
-- Installing: /home/daniel/dev_ws/install/ros2_actions/lib/ros2_actions/moveXYZW_action
-- Set runtime path of "/home/daniel/dev_ws/install/ros2_actions/lib/ros2_actions/moveXYZW_action" to ""
-- Installing: /home/daniel/dev_ws/install/ros2_actions/lib/ros2_actions/moveL_action
-- Set runtime path of "/home/daniel/dev_ws/install/ros2_actions/lib/ros2_actions/moveL_action" to ""
-- Installing: /home/daniel/dev_ws/install/ros2_actions/lib/ros2_actions/moveR_action
-- Set runtime path of "/home/daniel/dev_ws/install/ros2_actions/lib/ros2_actions/moveR_action" to ""
-- Installing: /home/daniel/dev_ws/install/ros2_actions/lib/ros2_actions/moveRs_action
-- Set runtime path of "/home/daniel/dev_ws/install/ros2_actions/lib/ros2_actions/moveRs_action" to ""
-- Installing: /home/daniel/dev_ws/install/ros2_actions/lib/ros2_actions/moveXYZ_action
-- Set runtime path of "/home/daniel/dev_ws/install/ros2_actions/lib/ros2_actions/moveXYZ_action" to ""
-- Installing: /home/daniel/dev_ws/install/ros2_actions/lib/ros2_actions/moveYPR_action
-- Set runtime path of "/home/daniel/dev_ws/install/ros2_actions/lib/ros2_actions/moveYPR_action" to ""
-- Installing: /home/daniel/dev_ws/install/ros2_actions/lib/ros2_actions/moveROT_action
-- Set runtime path of "/home/daniel/dev_ws/install/ros2_actions/lib/ros2_actions/moveROT_action" to ""
-- Installing: /home/daniel/dev_ws/install/ros2_actions/lib/ros2_actions/moveRP_action
-- Set runtime path of "/home/daniel/dev_ws/install/ros2_actions/lib/ros2_actions/moveRP_action" to ""
-- Installing: /home/daniel/dev_ws/install/ros2_actions/share/ament_index/resource_index/package_run_dependencies/ros2_actions
-- Installing: /home/daniel/dev_ws/install/ros2_actions/share/ament_index/resource_index/parent_prefix_path/ros2_actions
-- Installing: /home/daniel/dev_ws/install/ros2_actions/share/ros2_actions/environment/ament_prefix_path.sh
-- Installing: /home/daniel/dev_ws/install/ros2_actions/share/ros2_actions/environment/ament_prefix_path.dsv
-- Installing: /home/daniel/dev_ws/install/ros2_actions/share/ros2_actions/environment/path.sh
-- Installing: /home/daniel/dev_ws/install/ros2_actions/share/ros2_actions/environment/path.dsv
-- Installing: /home/daniel/dev_ws/install/ros2_actions/share/ros2_actions/local_setup.bash
-- Installing: /home/daniel/dev_ws/install/ros2_actions/share/ros2_actions/local_setup.sh
-- Installing: /home/daniel/dev_ws/install/ros2_actions/share/ros2_actions/local_setup.zsh
-- Installing: /home/daniel/dev_ws/install/ros2_actions/share/ros2_actions/local_setup.dsv
-- Installing: /home/daniel/dev_ws/install/ros2_actions/share/ros2_actions/package.dsv
-- Installing: /home/daniel/dev_ws/install/ros2_actions/share/ament_index/resource_index/packages/ros2_actions
-- Installing: /home/daniel/dev_ws/install/ros2_actions/share/ros2_actions/cmake/ros2_actionsConfig.cmake
-- Installing: /home/daniel/dev_ws/install/ros2_actions/share/ros2_actions/cmake/ros2_actionsConfig-version.cmake
-- Installing: /home/daniel/dev_ws/install/ros2_actions/share/ros2_actions/package.xml
