[0.489s] Invoking command in '/home/daniel/dev_ws/build/ros2_actions': AMENT_PREFIX_PATH=/home/daniel/dev_ws/install/ros2_data:${AMENT_PREFIX_PATH} CMAKE_PREFIX_PATH=/home/daniel/dev_ws/install/ros2_data:/home/daniel/dev_ws/install/ur5_ros2_moveit2:/home/daniel/dev_ws/install/ur5_ros2_gazebo:/home/daniel/dev_ws/install/robot_description:/home/daniel/dev_ws/install/my_doosan_pkg:/home/daniel/dev_ws/install/mobile_manipulator:/home/daniel/dev_ws/install/doosan_description:/home/daniel/dev_ws/install/bulldog_description:/opt/ros/foxy LD_LIBRARY_PATH=/home/daniel/dev_ws/install/ros2_data/lib:${LD_LIBRARY_PATH} PYTHONPATH=/home/daniel/dev_ws/install/ros2_data/lib/python3.8/site-packages:${PYTHONPATH} /usr/bin/cmake /home/daniel/dev_ws/src/ros2_actions -DCMAKE_INSTALL_PREFIX=/home/daniel/dev_ws/install/ros2_actions
[0.553s] -- The C compiler identification is GNU 9.4.0
[0.618s] -- The CXX compiler identification is GNU 9.4.0
[0.627s] -- Check for working C compiler: /usr/bin/cc
[0.701s] -- Check for working C compiler: /usr/bin/cc -- works
[0.701s] -- Detecting C compiler ABI info
[0.774s] -- Detecting C compiler ABI info - done
[0.795s] -- Detecting C compile features
[0.798s] -- Detecting C compile features - done
[0.800s] -- Check for working CXX compiler: /usr/bin/c++
[0.887s] -- Check for working CXX compiler: /usr/bin/c++ -- works
[0.888s] -- Detecting CXX compiler ABI info
[0.977s] -- Detecting CXX compiler ABI info - done
[0.990s] -- Detecting CXX compile features
[0.992s] -- Detecting CXX compile features - done
[0.995s] -- Found ament_cmake: 0.9.12 (/opt/ros/foxy/share/ament_cmake/cmake)
[1.033s] -- Found PythonInterp: /usr/bin/python3 (found suitable version "3.8.10", minimum required is "3") 
[1.033s] -- Using PYTHON_EXECUTABLE: /usr/bin/python3
[1.267s] -- Found ament_lint_auto: 0.9.8 (/opt/ros/foxy/share/ament_lint_auto/cmake)
[1.374s] -- Found moveit_ros_planning_interface: 2.2.3 (/opt/ros/foxy/share/moveit_ros_planning_interface/cmake)
[1.481s] -- Found Boost: /usr/lib/x86_64-linux-gnu/cmake/Boost-1.71.0/BoostConfig.cmake (found version "1.71.0")  
[1.905s] -- Found Boost: /usr/lib/x86_64-linux-gnu/cmake/Boost-1.71.0/BoostConfig.cmake (found version "1.71.0") found components: date_time filesystem program_options system thread 
[1.994s] -- Using all available rosidl_typesupport_c: rosidl_typesupport_fastrtps_c;rosidl_typesupport_introspection_c
[2.004s] -- Found rosidl_adapter: 1.3.1 (/opt/ros/foxy/share/rosidl_adapter/cmake)
[2.097s] -- Found OpenSSL: /usr/lib/x86_64-linux-gnu/libcrypto.so (found version "1.1.1f")  
[2.131s] -- Found FastRTPS: /opt/ros/foxy/include  
[2.217s] -- Using all available rosidl_typesupport_cpp: rosidl_typesupport_fastrtps_cpp;rosidl_typesupport_introspection_cpp
[4.348s] -- Found Boost: /usr/lib/x86_64-linux-gnu/cmake/Boost-1.71.0/BoostConfig.cmake (found version "1.71.0") found components: chrono date_time filesystem iostreams program_options regex serialization system thread 
[4.456s] -- Found Boost: /usr/lib/x86_64-linux-gnu/cmake/Boost-1.71.0/BoostConfig.cmake (found version "1.71.0") found components: filesystem 
[4.796s] -- Found rmw_implementation_cmake: 1.0.4 (/opt/ros/foxy/share/rmw_implementation_cmake/cmake)
[4.809s] -- Using RMW implementation 'rmw_fastrtps_cpp' as default
[4.810s] -- Found Threads: TRUE  
[5.186s] -- library: /usr/lib/x86_64-linux-gnu/libcurl.so
[5.375s] -- Found Eigen3: TRUE (found version "3.3.7") 
[6.553s] -- Found Boost: /usr/lib/x86_64-linux-gnu/cmake/Boost-1.71.0/BoostConfig.cmake (found version "1.71.0") found components: system filesystem date_time program_options thread chrono 
[6.895s] -- Found Boost: /usr/lib/x86_64-linux-gnu/cmake/Boost-1.71.0/BoostConfig.cmake (found version "1.71.0") found components: thread 
[7.882s] -- Found Boost: /usr/lib/x86_64-linux-gnu/cmake/Boost-1.71.0/BoostConfig.cmake (found version "1.71.0") found components: thread system filesystem regex date_time program_options 
[9.038s] -- Found Boost: /usr/lib/x86_64-linux-gnu/cmake/Boost-1.71.0/BoostConfig.cmake (found version "1.71.0") found components: system filesystem date_time program_options thread 
[9.738s] -- Found ros2_data: 0.0.0 (/home/daniel/dev_ws/install/ros2_data/share/ros2_data/cmake)
[9.812s] -- Added test 'copyright' to check source files copyright and LICENSE
[9.814s] -- Added test 'cppcheck' to perform static code analysis on C / C++ code
[9.814s] -- Configured cppcheck include dirs: 
[9.814s] -- Configured cppcheck exclude dirs and/or files: 
[9.815s] -- Added test 'cpplint' to check C / C++ code against the Google style
[9.816s] -- Configured cpplint exclude dirs and/or files: 
[9.817s] -- Added test 'lint_cmake' to check CMake code style
[9.818s] -- Added test 'uncrustify' to check C / C++ code style
[9.818s] -- Configured uncrustify additional arguments: 
[9.819s] -- Added test 'xmllint' to check XML markup files
[9.831s] -- Configuring done
[10.282s] -- Generating done
[10.285s] -- Build files have been written to: /home/daniel/dev_ws/build/ros2_actions
[10.299s] Invoked command in '/home/daniel/dev_ws/build/ros2_actions' returned '0': AMENT_PREFIX_PATH=/home/daniel/dev_ws/install/ros2_data:${AMENT_PREFIX_PATH} CMAKE_PREFIX_PATH=/home/daniel/dev_ws/install/ros2_data:/home/daniel/dev_ws/install/ur5_ros2_moveit2:/home/daniel/dev_ws/install/ur5_ros2_gazebo:/home/daniel/dev_ws/install/robot_description:/home/daniel/dev_ws/install/my_doosan_pkg:/home/daniel/dev_ws/install/mobile_manipulator:/home/daniel/dev_ws/install/doosan_description:/home/daniel/dev_ws/install/bulldog_description:/opt/ros/foxy LD_LIBRARY_PATH=/home/daniel/dev_ws/install/ros2_data/lib:${LD_LIBRARY_PATH} PYTHONPATH=/home/daniel/dev_ws/install/ros2_data/lib/python3.8/site-packages:${PYTHONPATH} /usr/bin/cmake /home/daniel/dev_ws/src/ros2_actions -DCMAKE_INSTALL_PREFIX=/home/daniel/dev_ws/install/ros2_actions
[10.302s] Invoking command in '/home/daniel/dev_ws/build/ros2_actions': AMENT_PREFIX_PATH=/home/daniel/dev_ws/install/ros2_data:${AMENT_PREFIX_PATH} CMAKE_PREFIX_PATH=/home/daniel/dev_ws/install/ros2_data:/home/daniel/dev_ws/install/ur5_ros2_moveit2:/home/daniel/dev_ws/install/ur5_ros2_gazebo:/home/daniel/dev_ws/install/robot_description:/home/daniel/dev_ws/install/my_doosan_pkg:/home/daniel/dev_ws/install/mobile_manipulator:/home/daniel/dev_ws/install/doosan_description:/home/daniel/dev_ws/install/bulldog_description:/opt/ros/foxy LD_LIBRARY_PATH=/home/daniel/dev_ws/install/ros2_data/lib:${LD_LIBRARY_PATH} PYTHONPATH=/home/daniel/dev_ws/install/ros2_data/lib/python3.8/site-packages:${PYTHONPATH} /usr/bin/cmake --build /home/daniel/dev_ws/build/ros2_actions -- -j8 -l8
[10.356s] [35m[1mScanning dependencies of target moveJ_action[0m
[10.356s] [35m[1mScanning dependencies of target moveRP_action[0m
[10.357s] [35m[1mScanning dependencies of target moveJs_action[0m
[10.357s] [35m[1mScanning dependencies of target moveG_action[0m
[10.357s] [35m[1mScanning dependencies of target moveXYZ_action[0m
[10.358s] [35m[1mScanning dependencies of target moveROT_action[0m
[10.358s] [35m[1mScanning dependencies of target moveXYZW_action[0m
[10.361s] [35m[1mScanning dependencies of target moveL_action[0m
[12.597s] [  4%] [32mBuilding CXX object CMakeFiles/moveXYZ_action.dir/scripts/moveXYZ_action.cpp.o[0m
[12.609s] [ 18%] [32mBuilding CXX object CMakeFiles/moveRP_action.dir/scripts/moveRP_action.cpp.o[0m
[12.609s] [ 22%] [32mBuilding CXX object CMakeFiles/moveL_action.dir/scripts/moveL_action.cpp.o[0m
[12.609s] [ 18%] [32mBuilding CXX object CMakeFiles/moveG_action.dir/scripts/moveG_action.cpp.o[0m
[12.610s] [ 22%] [32mBuilding CXX object CMakeFiles/moveJs_action.dir/scripts/moveJs_action.cpp.o[0m
[12.615s] [ 27%] [32mBuilding CXX object CMakeFiles/moveXYZW_action.dir/scripts/moveXYZW_action.cpp.o[0m
[12.623s] [ 31%] [32mBuilding CXX object CMakeFiles/moveJ_action.dir/scripts/moveJ_action.cpp.o[0m
[12.653s] [ 36%] [32mBuilding CXX object CMakeFiles/moveROT_action.dir/scripts/moveROT_action.cpp.o[0m
[18.874s] [01m[K/home/daniel/dev_ws/src/ros2_actions/scripts/moveJ_action.cpp:[m[K In member function ‘[01m[Krclcpp_action::GoalResponse ActionServer::handle_goal(const GoalUUID&, std::shared_ptr<const ros2_data::action::MoveJ_Goal_<std::allocator<void> > >)[m[K’:
[18.874s] [01m[K/home/daniel/dev_ws/src/ros2_actions/scripts/moveJ_action.cpp:95:41:[m[K [01;35m[Kwarning: [m[Kunused parameter ‘[01m[Kuuid[m[K’ [[01;35m[K-Wunused-parameter[m[K]
[18.874s]    95 |         [01;35m[Kconst rclcpp_action::GoalUUID & uuid[m[K,
[18.874s]       |         [01;35m[K~~~~~~~~~~~~~~~~~~~~~~~~~~~~~~~~^~~~[m[K
[18.905s] [01m[K/home/daniel/dev_ws/src/ros2_actions/scripts/moveG_action.cpp:[m[K In member function ‘[01m[Krclcpp_action::GoalResponse ActionServer::handle_goal(const GoalUUID&, std::shared_ptr<const ros2_data::action::MoveG_Goal_<std::allocator<void> > >)[m[K’:
[18.905s] [01m[K/home/daniel/dev_ws/src/ros2_actions/scripts/moveG_action.cpp:94:41:[m[K [01;35m[Kwarning: [m[Kunused parameter ‘[01m[Kuuid[m[K’ [[01;35m[K-Wunused-parameter[m[K]
[18.906s]    94 |         [01;35m[Kconst rclcpp_action::GoalUUID & uuid[m[K,
[18.906s]       |         [01;35m[K~~~~~~~~~~~~~~~~~~~~~~~~~~~~~~~~^~~~[m[K
[18.959s] [01m[K/home/daniel/dev_ws/src/ros2_actions/scripts/moveROT_action.cpp:[m[K In member function ‘[01m[Krclcpp_action::GoalResponse ActionServer::handle_goal(const GoalUUID&, std::shared_ptr<const ros2_data::action::MoveROT_Goal_<std::allocator<void> > >)[m[K’:
[18.959s] [01m[K/home/daniel/dev_ws/src/ros2_actions/scripts/moveROT_action.cpp:94:41:[m[K [01;35m[Kwarning: [m[Kunused parameter ‘[01m[Kuuid[m[K’ [[01;35m[K-Wunused-parameter[m[K]
[18.959s]    94 |         [01;35m[Kconst rclcpp_action::GoalUUID & uuid[m[K,
[18.959s]       |         [01;35m[K~~~~~~~~~~~~~~~~~~~~~~~~~~~~~~~~^~~~[m[K
[18.982s] [01m[K/home/daniel/dev_ws/src/ros2_actions/scripts/moveROT_action.cpp:[m[K In member function ‘[01m[Kvoid ActionServer::execute(std::shared_ptr<rclcpp_action::ServerGoalHandle<ros2_data::action::MoveROT> >)[m[K’:
[18.982s] [01m[K/home/daniel/dev_ws/src/ros2_actions/scripts/moveROT_action.cpp:155:46:[m[K [01;35m[Kwarning: [m[Kunused variable ‘[01m[Kjoint_model_group[m[K’ [[01;35m[K-Wunused-variable[m[K]
[18.982s]   155 |         const moveit::core::JointModelGroup* [01;35m[Kjoint_model_group[m[K = move_group_interface.getCurrentState()->getJointModelGroup(my_param);
[18.982s]       |                                              [01;35m[K^~~~~~~~~~~~~~~~~[m[K
[19.017s] [01m[K/home/daniel/dev_ws/src/ros2_actions/scripts/moveXYZ_action.cpp:[m[K In member function ‘[01m[Krclcpp_action::GoalResponse ActionServer::handle_goal(const GoalUUID&, std::shared_ptr<const ros2_data::action::MoveXYZ_Goal_<std::allocator<void> > >)[m[K’:
[19.017s] [01m[K/home/daniel/dev_ws/src/ros2_actions/scripts/moveXYZ_action.cpp:94:41:[m[K [01;35m[Kwarning: [m[Kunused parameter ‘[01m[Kuuid[m[K’ [[01;35m[K-Wunused-parameter[m[K]
[19.018s]    94 |         [01;35m[Kconst rclcpp_action::GoalUUID & uuid[m[K,
[19.018s]       |         [01;35m[K~~~~~~~~~~~~~~~~~~~~~~~~~~~~~~~~^~~~[m[K
[19.040s] [01m[K/home/daniel/dev_ws/src/ros2_actions/scripts/moveXYZ_action.cpp:[m[K In member function ‘[01m[Kvoid ActionServer::execute(std::shared_ptr<rclcpp_action::ServerGoalHandle<ros2_data::action::MoveXYZ> >)[m[K’:
[19.041s] [01m[K/home/daniel/dev_ws/src/ros2_actions/scripts/moveXYZ_action.cpp:155:46:[m[K [01;35m[Kwarning: [m[Kunused variable ‘[01m[Kjoint_model_group[m[K’ [[01;35m[K-Wunused-variable[m[K]
[19.041s]   155 |         const moveit::core::JointModelGroup* [01;35m[Kjoint_model_group[m[K = move_group_interface.getCurrentState()->getJointModelGroup(my_param);
[19.041s]       |                                              [01;35m[K^~~~~~~~~~~~~~~~~[m[K
[19.087s] [01m[K/home/daniel/dev_ws/src/ros2_actions/scripts/moveL_action.cpp:[m[K In member function ‘[01m[Krclcpp_action::GoalResponse ActionServer::handle_goal(const GoalUUID&, std::shared_ptr<const ros2_data::action::MoveL_Goal_<std::allocator<void> > >)[m[K’:
[19.087s] [01m[K/home/daniel/dev_ws/src/ros2_actions/scripts/moveL_action.cpp:94:41:[m[K [01;35m[Kwarning: [m[Kunused parameter ‘[01m[Kuuid[m[K’ [[01;35m[K-Wunused-parameter[m[K]
[19.087s]    94 |         [01;35m[Kconst rclcpp_action::GoalUUID & uuid[m[K,
[19.087s]       |         [01;35m[K~~~~~~~~~~~~~~~~~~~~~~~~~~~~~~~~^~~~[m[K
[19.092s] [01m[K/home/daniel/dev_ws/src/ros2_actions/scripts/moveXYZW_action.cpp:[m[K In member function ‘[01m[Krclcpp_action::GoalResponse ActionServer::handle_goal(const GoalUUID&, std::shared_ptr<const ros2_data::action::MoveXYZW_Goal_<std::allocator<void> > >)[m[K’:
[19.092s] [01m[K/home/daniel/dev_ws/src/ros2_actions/scripts/moveXYZW_action.cpp:94:41:[m[K [01;35m[Kwarning: [m[Kunused parameter ‘[01m[Kuuid[m[K’ [[01;35m[K-Wunused-parameter[m[K]
[19.092s]    94 |         [01;35m[Kconst rclcpp_action::GoalUUID & uuid[m[K,
[19.092s]       |         [01;35m[K~~~~~~~~~~~~~~~~~~~~~~~~~~~~~~~~^~~~[m[K
[19.107s] [01m[K/home/daniel/dev_ws/src/ros2_actions/scripts/moveL_action.cpp:[m[K In member function ‘[01m[Kvoid ActionServer::execute(std::shared_ptr<rclcpp_action::ServerGoalHandle<ros2_data::action::MoveL> >)[m[K’:
[19.107s] [01m[K/home/daniel/dev_ws/src/ros2_actions/scripts/moveL_action.cpp:204:20:[m[K [01;35m[Kwarning: [m[Kunused variable ‘[01m[Kfraction[m[K’ [[01;35m[K-Wunused-variable[m[K]
[19.107s]   204 |             double [01;35m[Kfraction[m[K = move_group_interface.computeCartesianPath(waypoints, eef_step, jump_threshold, trajectory);
[19.107s]       |                    [01;35m[K^~~~~~~~[m[K
[19.109s] [01m[K/home/daniel/dev_ws/src/ros2_actions/scripts/moveL_action.cpp:154:46:[m[K [01;35m[Kwarning: [m[Kunused variable ‘[01m[Kjoint_model_group[m[K’ [[01;35m[K-Wunused-variable[m[K]
[19.109s]   154 |         const moveit::core::JointModelGroup* [01;35m[Kjoint_model_group[m[K = move_group_interface.getCurrentState()->getJointModelGroup(my_param);
[19.110s]       |                                              [01;35m[K^~~~~~~~~~~~~~~~~[m[K
[19.113s] [01m[K/home/daniel/dev_ws/src/ros2_actions/scripts/moveXYZW_action.cpp:[m[K In member function ‘[01m[Kvoid ActionServer::execute(std::shared_ptr<rclcpp_action::ServerGoalHandle<ros2_data::action::MoveXYZW> >)[m[K’:
[19.114s] [01m[K/home/daniel/dev_ws/src/ros2_actions/scripts/moveXYZW_action.cpp:162:46:[m[K [01;35m[Kwarning: [m[Kunused variable ‘[01m[Kjoint_model_group[m[K’ [[01;35m[K-Wunused-variable[m[K]
[19.114s]   162 |         const moveit::core::JointModelGroup* [01;35m[Kjoint_model_group[m[K = move_group_interface.getCurrentState()->getJointModelGroup(my_param);
[19.114s]       |                                              [01;35m[K^~~~~~~~~~~~~~~~~[m[K
[19.149s] [01m[K/home/daniel/dev_ws/src/ros2_actions/scripts/moveJs_action.cpp:[m[K In member function ‘[01m[Krclcpp_action::GoalResponse ActionServer::handle_goal(const GoalUUID&, std::shared_ptr<const ros2_data::action::MoveJs_Goal_<std::allocator<void> > >)[m[K’:
[19.149s] [01m[K/home/daniel/dev_ws/src/ros2_actions/scripts/moveJs_action.cpp:95:41:[m[K [01;35m[Kwarning: [m[Kunused parameter ‘[01m[Kuuid[m[K’ [[01;35m[K-Wunused-parameter[m[K]
[19.149s]    95 |         [01;35m[Kconst rclcpp_action::GoalUUID & uuid[m[K,
[19.149s]       |         [01;35m[K~~~~~~~~~~~~~~~~~~~~~~~~~~~~~~~~^~~~[m[K
[19.188s] [01m[K/home/daniel/dev_ws/src/ros2_actions/scripts/moveRP_action.cpp:[m[K In member function ‘[01m[Krclcpp_action::GoalResponse ActionServer::handle_goal(const GoalUUID&, std::shared_ptr<const ros2_data::action::MoveRP_Goal_<std::allocator<void> > >)[m[K’:
[19.188s] [01m[K/home/daniel/dev_ws/src/ros2_actions/scripts/moveRP_action.cpp:95:41:[m[K [01;35m[Kwarning: [m[Kunused parameter ‘[01m[Kuuid[m[K’ [[01;35m[K-Wunused-parameter[m[K]
[19.188s]    95 |         [01;35m[Kconst rclcpp_action::GoalUUID & uuid[m[K,
[19.188s]       |         [01;35m[K~~~~~~~~~~~~~~~~~~~~~~~~~~~~~~~~^~~~[m[K
[19.214s] [01m[K/home/daniel/dev_ws/src/ros2_actions/scripts/moveRP_action.cpp:[m[K In member function ‘[01m[Kvoid ActionServer::execute(std::shared_ptr<rclcpp_action::ServerGoalHandle<ros2_data::action::MoveRP> >)[m[K’:
[19.214s] [01m[K/home/daniel/dev_ws/src/ros2_actions/scripts/moveRP_action.cpp:163:46:[m[K [01;35m[Kwarning: [m[Kunused variable ‘[01m[Kjoint_model_group[m[K’ [[01;35m[K-Wunused-variable[m[K]
[19.215s]   163 |         const moveit::core::JointModelGroup* [01;35m[Kjoint_model_group[m[K = move_group_interface.getCurrentState()->getJointModelGroup(my_param);
[19.215s]       |                                              [01;35m[K^~~~~~~~~~~~~~~~~[m[K
[24.378s] [ 40%] [32m[1mLinking CXX executable moveG_action[0m
[24.404s] [ 45%] [32m[1mLinking CXX executable moveJ_action[0m
[24.530s] [ 50%] [32m[1mLinking CXX executable moveXYZ_action[0m
[24.534s] [ 54%] [32m[1mLinking CXX executable moveROT_action[0m
[24.549s] [ 59%] [32m[1mLinking CXX executable moveL_action[0m
[24.606s] [ 63%] [32m[1mLinking CXX executable moveXYZW_action[0m
[24.761s] [ 68%] [32m[1mLinking CXX executable moveRP_action[0m
[24.908s] [ 72%] [32m[1mLinking CXX executable moveJs_action[0m
[26.593s] [ 72%] Built target moveRP_action
[26.596s] [ 72%] Built target moveJs_action
[26.598s] [ 72%] Built target moveL_action
[26.599s] [ 72%] Built target moveXYZ_action
[26.604s] [ 72%] Built target moveROT_action
[26.606s] [ 72%] Built target moveXYZW_action
[26.606s] [ 72%] Built target moveJ_action
[26.614s] [35m[1mScanning dependencies of target moveR_action[0m
[26.615s] [35m[1mScanning dependencies of target moveRs_action[0m
[26.615s] [35m[1mScanning dependencies of target moveYPR_action[0m
[26.624s] [ 72%] Built target moveG_action
[26.731s] [ 77%] [32mBuilding CXX object CMakeFiles/moveR_action.dir/scripts/moveR_action.cpp.o[0m
[26.733s] [ 81%] [32mBuilding CXX object CMakeFiles/moveYPR_action.dir/scripts/moveYPR_action.cpp.o[0m
[26.751s] [ 86%] [32mBuilding CXX object CMakeFiles/moveRs_action.dir/scripts/moveRs_action.cpp.o[0m
[29.943s] [01m[K/home/daniel/dev_ws/src/ros2_actions/scripts/moveYPR_action.cpp:[m[K In member function ‘[01m[Krclcpp_action::GoalResponse ActionServer::handle_goal(const GoalUUID&, std::shared_ptr<const ros2_data::action::MoveYPR_Goal_<std::allocator<void> > >)[m[K’:
[29.943s] [01m[K/home/daniel/dev_ws/src/ros2_actions/scripts/moveYPR_action.cpp:94:41:[m[K [01;35m[Kwarning: [m[Kunused parameter ‘[01m[Kuuid[m[K’ [[01;35m[K-Wunused-parameter[m[K]
[29.943s]    94 |         [01;35m[Kconst rclcpp_action::GoalUUID & uuid[m[K,
[29.943s]       |         [01;35m[K~~~~~~~~~~~~~~~~~~~~~~~~~~~~~~~~^~~~[m[K
[29.955s] [01m[K/home/daniel/dev_ws/src/ros2_actions/scripts/moveYPR_action.cpp:[m[K In member function ‘[01m[Kvoid ActionServer::execute(std::shared_ptr<rclcpp_action::ServerGoalHandle<ros2_data::action::MoveYPR> >)[m[K’:
[29.955s] [01m[K/home/daniel/dev_ws/src/ros2_actions/scripts/moveYPR_action.cpp:155:46:[m[K [01;35m[Kwarning: [m[Kunused variable ‘[01m[Kjoint_model_group[m[K’ [[01;35m[K-Wunused-variable[m[K]
[29.955s]   155 |         const moveit::core::JointModelGroup* [01;35m[Kjoint_model_group[m[K = move_group_interface.getCurrentState()->getJointModelGroup(my_param);
[29.956s]       |                                              [01;35m[K^~~~~~~~~~~~~~~~~[m[K
[29.964s] [01m[K/home/daniel/dev_ws/src/ros2_actions/scripts/moveRs_action.cpp:[m[K In member function ‘[01m[Krclcpp_action::GoalResponse ActionServer::handle_goal(const GoalUUID&, std::shared_ptr<const ros2_data::action::MoveR_Goal_<std::allocator<void> > >)[m[K’:
[29.964s] [01m[K/home/daniel/dev_ws/src/ros2_actions/scripts/moveRs_action.cpp:94:41:[m[K [01;35m[Kwarning: [m[Kunused parameter ‘[01m[Kuuid[m[K’ [[01;35m[K-Wunused-parameter[m[K]
[29.965s]    94 |         [01;35m[Kconst rclcpp_action::GoalUUID & uuid[m[K,
[29.965s]       |         [01;35m[K~~~~~~~~~~~~~~~~~~~~~~~~~~~~~~~~^~~~[m[K
[29.979s] [01m[K/home/daniel/dev_ws/src/ros2_actions/scripts/moveRs_action.cpp:[m[K In member function ‘[01m[Kvoid ActionServer::execute(std::shared_ptr<rclcpp_action::ServerGoalHandle<ros2_data::action::MoveR> >)[m[K’:
[29.979s] [01m[K/home/daniel/dev_ws/src/ros2_actions/scripts/moveRs_action.cpp:309:56:[m[K [01;35m[Kwarning: [m[Kcomparison with string literal results in unspecified behavior [[01;35m[K-Waddress[m[K]
[29.979s]   309 |         } else if (LimitCheck == true && InputJoint == [01;35m[K"Valid"[m[K) {
[29.979s]       |                                                        [01;35m[K^~~~~~~[m[K
[29.991s] [01m[K/home/daniel/dev_ws/src/ros2_actions/scripts/moveR_action.cpp:[m[K In member function ‘[01m[Krclcpp_action::GoalResponse ActionServer::handle_goal(const GoalUUID&, std::shared_ptr<const ros2_data::action::MoveR_Goal_<std::allocator<void> > >)[m[K’:
[29.991s] [01m[K/home/daniel/dev_ws/src/ros2_actions/scripts/moveR_action.cpp:95:41:[m[K [01;35m[Kwarning: [m[Kunused parameter ‘[01m[Kuuid[m[K’ [[01;35m[K-Wunused-parameter[m[K]
[29.991s]    95 | [01;35m[Kaction::GoalUUID & uuid[m[K,
[29.992s]       | [01;35m[K~~~~~~~~~~~~~~~~~~~^~~~[m[K
[29.992s] 
[30.005s] [01m[K/home/daniel/dev_ws/src/ros2_actions/scripts/moveR_action.cpp:[m[K In member function ‘[01m[Kvoid ActionServer::execute(std::shared_ptr<rclcpp_action::ServerGoalHandle<ros2_data::action::MoveR> >)[m[K’:
[30.005s] [01m[K/home/daniel/dev_ws/src/ros2_actions/scripts/moveR_action.cpp:362:56:[m[K [01;35m[Kwarning: [m[Kcomparison with string literal results in unspecified behavior [[01;35m[K-Waddress[m[K]
[30.005s]   362 | k == true && InputJoint == [01;35m[K"Valid"[m[K) {
[30.005s]       |                            [01;35m[K^~~~~~~[m[K
[30.005s] 
[33.282s] [ 90%] [32m[1mLinking CXX executable moveYPR_action[0m
[33.350s] [ 95%] [32m[1mLinking CXX executable moveRs_action[0m
[33.411s] [100%] [32m[1mLinking CXX executable moveR_action[0m
[33.898s] [100%] Built target moveYPR_action
[33.975s] [100%] Built target moveRs_action
[34.027s] [100%] Built target moveR_action
[34.039s] Invoked command in '/home/daniel/dev_ws/build/ros2_actions' returned '0': AMENT_PREFIX_PATH=/home/daniel/dev_ws/install/ros2_data:${AMENT_PREFIX_PATH} CMAKE_PREFIX_PATH=/home/daniel/dev_ws/install/ros2_data:/home/daniel/dev_ws/install/ur5_ros2_moveit2:/home/daniel/dev_ws/install/ur5_ros2_gazebo:/home/daniel/dev_ws/install/robot_description:/home/daniel/dev_ws/install/my_doosan_pkg:/home/daniel/dev_ws/install/mobile_manipulator:/home/daniel/dev_ws/install/doosan_description:/home/daniel/dev_ws/install/bulldog_description:/opt/ros/foxy LD_LIBRARY_PATH=/home/daniel/dev_ws/install/ros2_data/lib:${LD_LIBRARY_PATH} PYTHONPATH=/home/daniel/dev_ws/install/ros2_data/lib/python3.8/site-packages:${PYTHONPATH} /usr/bin/cmake --build /home/daniel/dev_ws/build/ros2_actions -- -j8 -l8
[34.092s] Invoking command in '/home/daniel/dev_ws/build/ros2_actions': AMENT_PREFIX_PATH=/home/daniel/dev_ws/install/ros2_data:${AMENT_PREFIX_PATH} CMAKE_PREFIX_PATH=/home/daniel/dev_ws/install/ros2_data:/home/daniel/dev_ws/install/ur5_ros2_moveit2:/home/daniel/dev_ws/install/ur5_ros2_gazebo:/home/daniel/dev_ws/install/robot_description:/home/daniel/dev_ws/install/my_doosan_pkg:/home/daniel/dev_ws/install/mobile_manipulator:/home/daniel/dev_ws/install/doosan_description:/home/daniel/dev_ws/install/bulldog_description:/opt/ros/foxy LD_LIBRARY_PATH=/home/daniel/dev_ws/install/ros2_data/lib:${LD_LIBRARY_PATH} PYTHONPATH=/home/daniel/dev_ws/install/ros2_data/lib/python3.8/site-packages:${PYTHONPATH} /usr/bin/cmake --install /home/daniel/dev_ws/build/ros2_actions
[34.101s] -- Install configuration: ""
[34.101s] -- Installing: /home/daniel/dev_ws/install/ros2_actions/lib/ros2_actions/moveJ_action
[34.103s] -- Set runtime path of "/home/daniel/dev_ws/install/ros2_actions/lib/ros2_actions/moveJ_action" to ""
[34.103s] -- Installing: /home/daniel/dev_ws/install/ros2_actions/lib/ros2_actions/moveJs_action
[34.104s] -- Set runtime path of "/home/daniel/dev_ws/install/ros2_actions/lib/ros2_actions/moveJs_action" to ""
[34.104s] -- Installing: /home/daniel/dev_ws/install/ros2_actions/lib/ros2_actions/moveG_action
[34.105s] -- Set runtime path of "/home/daniel/dev_ws/install/ros2_actions/lib/ros2_actions/moveG_action" to ""
[34.105s] -- Installing: /home/daniel/dev_ws/install/ros2_actions/lib/ros2_actions/moveXYZW_action
[34.106s] -- Set runtime path of "/home/daniel/dev_ws/install/ros2_actions/lib/ros2_actions/moveXYZW_action" to ""
[34.107s] -- Installing: /home/daniel/dev_ws/install/ros2_actions/lib/ros2_actions/moveL_action
[34.108s] -- Set runtime path of "/home/daniel/dev_ws/install/ros2_actions/lib/ros2_actions/moveL_action" to ""
[34.108s] -- Installing: /home/daniel/dev_ws/install/ros2_actions/lib/ros2_actions/moveR_action
[34.109s] -- Set runtime path of "/home/daniel/dev_ws/install/ros2_actions/lib/ros2_actions/moveR_action" to ""
[34.109s] -- Installing: /home/daniel/dev_ws/install/ros2_actions/lib/ros2_actions/moveRs_action
[34.110s] -- Set runtime path of "/home/daniel/dev_ws/install/ros2_actions/lib/ros2_actions/moveRs_action" to ""
[34.110s] -- Installing: /home/daniel/dev_ws/install/ros2_actions/lib/ros2_actions/moveXYZ_action
[34.111s] -- Set runtime path of "/home/daniel/dev_ws/install/ros2_actions/lib/ros2_actions/moveXYZ_action" to ""
[34.111s] -- Installing: /home/daniel/dev_ws/install/ros2_actions/lib/ros2_actions/moveYPR_action
[34.112s] -- Set runtime path of "/home/daniel/dev_ws/install/ros2_actions/lib/ros2_actions/moveYPR_action" to ""
[34.113s] -- Installing: /home/daniel/dev_ws/install/ros2_actions/lib/ros2_actions/moveROT_action
[34.114s] -- Set runtime path of "/home/daniel/dev_ws/install/ros2_actions/lib/ros2_actions/moveROT_action" to ""
[34.114s] -- Installing: /home/daniel/dev_ws/install/ros2_actions/lib/ros2_actions/moveRP_action
[34.115s] -- Set runtime path of "/home/daniel/dev_ws/install/ros2_actions/lib/ros2_actions/moveRP_action" to ""
[34.115s] -- Installing: /home/daniel/dev_ws/install/ros2_actions/share/ament_index/resource_index/package_run_dependencies/ros2_actions
[34.115s] -- Installing: /home/daniel/dev_ws/install/ros2_actions/share/ament_index/resource_index/parent_prefix_path/ros2_actions
[34.115s] -- Installing: /home/daniel/dev_ws/install/ros2_actions/share/ros2_actions/environment/ament_prefix_path.sh
[34.115s] -- Installing: /home/daniel/dev_ws/install/ros2_actions/share/ros2_actions/environment/ament_prefix_path.dsv
[34.116s] -- Installing: /home/daniel/dev_ws/install/ros2_actions/share/ros2_actions/environment/path.sh
[34.116s] -- Installing: /home/daniel/dev_ws/install/ros2_actions/share/ros2_actions/environment/path.dsv
[34.116s] -- Installing: /home/daniel/dev_ws/install/ros2_actions/share/ros2_actions/local_setup.bash
[34.116s] -- Installing: /home/daniel/dev_ws/install/ros2_actions/share/ros2_actions/local_setup.sh
[34.116s] -- Installing: /home/daniel/dev_ws/install/ros2_actions/share/ros2_actions/local_setup.zsh
[34.116s] -- Installing: /home/daniel/dev_ws/install/ros2_actions/share/ros2_actions/local_setup.dsv
[34.116s] -- Installing: /home/daniel/dev_ws/install/ros2_actions/share/ros2_actions/package.dsv
[34.117s] -- Installing: /home/daniel/dev_ws/install/ros2_actions/share/ament_index/resource_index/packages/ros2_actions
[34.117s] -- Installing: /home/daniel/dev_ws/install/ros2_actions/share/ros2_actions/cmake/ros2_actionsConfig.cmake
[34.117s] -- Installing: /home/daniel/dev_ws/install/ros2_actions/share/ros2_actions/cmake/ros2_actionsConfig-version.cmake
[34.117s] -- Installing: /home/daniel/dev_ws/install/ros2_actions/share/ros2_actions/package.xml
[34.119s] Invoked command in '/home/daniel/dev_ws/build/ros2_actions' returned '0': AMENT_PREFIX_PATH=/home/daniel/dev_ws/install/ros2_data:${AMENT_PREFIX_PATH} CMAKE_PREFIX_PATH=/home/daniel/dev_ws/install/ros2_data:/home/daniel/dev_ws/install/ur5_ros2_moveit2:/home/daniel/dev_ws/install/ur5_ros2_gazebo:/home/daniel/dev_ws/install/robot_description:/home/daniel/dev_ws/install/my_doosan_pkg:/home/daniel/dev_ws/install/mobile_manipulator:/home/daniel/dev_ws/install/doosan_description:/home/daniel/dev_ws/install/bulldog_description:/opt/ros/foxy LD_LIBRARY_PATH=/home/daniel/dev_ws/install/ros2_data/lib:${LD_LIBRARY_PATH} PYTHONPATH=/home/daniel/dev_ws/install/ros2_data/lib/python3.8/site-packages:${PYTHONPATH} /usr/bin/cmake --install /home/daniel/dev_ws/build/ros2_actions
