[1.140s] Invoking command in '/home/daniel/dev_ws/build/mobile_manipulator': PYTHONPATH=/home/daniel/dev_ws/build/mobile_manipulator/prefix_override:/home/daniel/dev_ws/install/mobile_manipulator/lib/python3.8/site-packages:${PYTHONPATH} /usr/bin/python3 setup.py develop --editable --build-directory /home/daniel/dev_ws/build/mobile_manipulator/build --no-deps install_data
[1.387s] running develop
[1.545s] running egg_info
[1.546s] writing mobile_manipulator.egg-info/PKG-INFO
[1.546s] writing dependency_links to mobile_manipulator.egg-info/dependency_links.txt
[1.546s] writing entry points to mobile_manipulator.egg-info/entry_points.txt
[1.546s] writing requirements to mobile_manipulator.egg-info/requires.txt
[1.547s] writing top-level names to mobile_manipulator.egg-info/top_level.txt
[1.577s] reading manifest file 'mobile_manipulator.egg-info/SOURCES.txt'
[1.578s] writing manifest file 'mobile_manipulator.egg-info/SOURCES.txt'
[1.611s] running build_ext
[1.611s] Creating /home/daniel/dev_ws/install/mobile_manipulator/lib/python3.8/site-packages/mobile-manipulator.egg-link (link to .)
[1.612s] Installing get_path_action script to /home/daniel/dev_ws/install/mobile_manipulator/lib/mobile_manipulator
[1.612s] Installing move_arm script to /home/daniel/dev_ws/install/mobile_manipulator/lib/mobile_manipulator
[1.612s] Installing move_both script to /home/daniel/dev_ws/install/mobile_manipulator/lib/mobile_manipulator
[1.613s] Installing move_both_2 script to /home/daniel/dev_ws/install/mobile_manipulator/lib/mobile_manipulator
[1.613s] Installing move_both_parallel script to /home/daniel/dev_ws/install/mobile_manipulator/lib/mobile_manipulator
[1.613s] Installing move_to_saved_config script to /home/daniel/dev_ws/install/mobile_manipulator/lib/mobile_manipulator
[1.613s] Installing send_goal_pose_action script to /home/daniel/dev_ws/install/mobile_manipulator/lib/mobile_manipulator
[1.613s] Installing set_gripper_status script to /home/daniel/dev_ws/install/mobile_manipulator/lib/mobile_manipulator
[1.613s] Installing tf_listener script to /home/daniel/dev_ws/install/mobile_manipulator/lib/mobile_manipulator
[1.614s] Installing trajectory_points_act_server script to /home/daniel/dev_ws/install/mobile_manipulator/lib/mobile_manipulator
[1.614s] Installing trajectory_points_from_ik_act_server script to /home/daniel/dev_ws/install/mobile_manipulator/lib/mobile_manipulator
[1.614s] 
[1.614s] Installed /home/daniel/dev_ws/build/mobile_manipulator
[1.614s] running install_data
[1.640s] Invoked command in '/home/daniel/dev_ws/build/mobile_manipulator' returned '0': PYTHONPATH=/home/daniel/dev_ws/build/mobile_manipulator/prefix_override:/home/daniel/dev_ws/install/mobile_manipulator/lib/python3.8/site-packages:${PYTHONPATH} /usr/bin/python3 setup.py develop --editable --build-directory /home/daniel/dev_ws/build/mobile_manipulator/build --no-deps install_data
