running egg_info
writing ../../build/doosan_description/doosan_description.egg-info/PKG-INFO
writing dependency_links to ../../build/doosan_description/doosan_description.egg-info/dependency_links.txt
writing entry points to ../../build/doosan_description/doosan_description.egg-info/entry_points.txt
writing requirements to ../../build/doosan_description/doosan_description.egg-info/requires.txt
writing top-level names to ../../build/doosan_description/doosan_description.egg-info/top_level.txt
reading manifest file '../../build/doosan_description/doosan_description.egg-info/SOURCES.txt'
writing manifest file '../../build/doosan_description/doosan_description.egg-info/SOURCES.txt'
running build
running build_py
running install
running install_lib
running install_data
running install_egg_info
removing '/home/daniel/dev_ws/install/doosan_description/lib/python3.8/site-packages/doosan_description-0.0.0-py3.8.egg-info' (and everything under it)
Copying ../../build/doosan_description/doosan_description.egg-info to /home/daniel/dev_ws/install/doosan_description/lib/python3.8/site-packages/doosan_description-0.0.0-py3.8.egg-info
running install_scripts
Installing trajectory_points_act_server script to /home/daniel/dev_ws/install/doosan_description/lib/doosan_description
Installing trajectory_points_topic script to /home/daniel/dev_ws/install/doosan_description/lib/doosan_description
writing list of installed files to '/home/daniel/dev_ws/build/doosan_description/install.log'
