[2.740s] Invoking command in '/home/daniel/dev_ws/src/doosan_description': PYTHONPATH=/home/daniel/dev_ws/build/doosan_description/prefix_override:/home/daniel/dev_ws/install/doosan_description/lib/python3.8/site-packages:${PYTHONPATH} /usr/bin/python3 setup.py egg_info --egg-base ../../build/doosan_description build --build-base /home/daniel/dev_ws/build/doosan_description/build install --record /home/daniel/dev_ws/build/doosan_description/install.log --install-scripts $base/lib/doosan_description --single-version-externally-managed
[3.027s] running egg_info
[3.028s] writing ../../build/doosan_description/doosan_description.egg-info/PKG-INFO
[3.028s] writing dependency_links to ../../build/doosan_description/doosan_description.egg-info/dependency_links.txt
[3.029s] writing entry points to ../../build/doosan_description/doosan_description.egg-info/entry_points.txt
[3.029s] writing requirements to ../../build/doosan_description/doosan_description.egg-info/requires.txt
[3.029s] writing top-level names to ../../build/doosan_description/doosan_description.egg-info/top_level.txt
[3.069s] reading manifest file '../../build/doosan_description/doosan_description.egg-info/SOURCES.txt'
[3.070s] writing manifest file '../../build/doosan_description/doosan_description.egg-info/SOURCES.txt'
[3.070s] running build
[3.071s] running build_py
[3.071s] running install
[3.072s] running install_lib
[3.074s] running install_data
[3.076s] running install_egg_info
[3.078s] removing '/home/daniel/dev_ws/install/doosan_description/lib/python3.8/site-packages/doosan_description-0.0.0-py3.8.egg-info' (and everything under it)
[3.078s] Copying ../../build/doosan_description/doosan_description.egg-info to /home/daniel/dev_ws/install/doosan_description/lib/python3.8/site-packages/doosan_description-0.0.0-py3.8.egg-info
[3.079s] running install_scripts
[3.099s] Installing trajectory_points_act_server script to /home/daniel/dev_ws/install/doosan_description/lib/doosan_description
[3.099s] Installing trajectory_points_topic script to /home/daniel/dev_ws/install/doosan_description/lib/doosan_description
[3.099s] writing list of installed files to '/home/daniel/dev_ws/build/doosan_description/install.log'
[3.287s] Invoked command in '/home/daniel/dev_ws/src/doosan_description' returned '0': PYTHONPATH=/home/daniel/dev_ws/build/doosan_description/prefix_override:/home/daniel/dev_ws/install/doosan_description/lib/python3.8/site-packages:${PYTHONPATH} /usr/bin/python3 setup.py egg_info --egg-base ../../build/doosan_description build --build-base /home/daniel/dev_ws/build/doosan_description/build install --record /home/daniel/dev_ws/build/doosan_description/install.log --install-scripts $base/lib/doosan_description --single-version-externally-managed
