[1.292s] Invoking command in '/home/daniel/dev_ws/src/bulldog_description': PYTHONPATH=/home/daniel/dev_ws/build/bulldog_description/prefix_override:/home/daniel/dev_ws/install/bulldog_description/lib/python3.8/site-packages:${PYTHONPATH} /usr/bin/python3 setup.py egg_info --egg-base ../../build/bulldog_description build --build-base /home/daniel/dev_ws/build/bulldog_description/build install --record /home/daniel/dev_ws/build/bulldog_description/install.log --install-scripts $base/lib/bulldog_description --single-version-externally-managed
[1.535s] running egg_info
[1.536s] writing ../../build/bulldog_description/bulldog_description.egg-info/PKG-INFO
[1.536s] writing dependency_links to ../../build/bulldog_description/bulldog_description.egg-info/dependency_links.txt
[1.536s] writing entry points to ../../build/bulldog_description/bulldog_description.egg-info/entry_points.txt
[1.537s] writing requirements to ../../build/bulldog_description/bulldog_description.egg-info/requires.txt
[1.537s] writing top-level names to ../../build/bulldog_description/bulldog_description.egg-info/top_level.txt
[1.571s] reading manifest file '../../build/bulldog_description/bulldog_description.egg-info/SOURCES.txt'
[1.572s] writing manifest file '../../build/bulldog_description/bulldog_description.egg-info/SOURCES.txt'
[1.572s] running build
[1.572s] running build_py
[1.572s] running install
[1.573s] running install_lib
[1.574s] running install_data
[1.575s] copying urdf/bulldog/bulldog.urdf.xacro -> /home/daniel/dev_ws/install/bulldog_description/share/bulldog_description/urdf/bulldog
[1.575s] running install_egg_info
[1.578s] removing '/home/daniel/dev_ws/install/bulldog_description/lib/python3.8/site-packages/bulldog_description-0.0.0-py3.8.egg-info' (and everything under it)
[1.578s] Copying ../../build/bulldog_description/bulldog_description.egg-info to /home/daniel/dev_ws/install/bulldog_description/lib/python3.8/site-packages/bulldog_description-0.0.0-py3.8.egg-info
[1.579s] running install_scripts
[1.595s] writing list of installed files to '/home/daniel/dev_ws/build/bulldog_description/install.log'
[1.615s] Invoked command in '/home/daniel/dev_ws/src/bulldog_description' returned '0': PYTHONPATH=/home/daniel/dev_ws/build/bulldog_description/prefix_override:/home/daniel/dev_ws/install/bulldog_description/lib/python3.8/site-packages:${PYTHONPATH} /usr/bin/python3 setup.py egg_info --egg-base ../../build/bulldog_description build --build-base /home/daniel/dev_ws/build/bulldog_description/build install --record /home/daniel/dev_ws/build/bulldog_description/install.log --install-scripts $base/lib/bulldog_description --single-version-externally-managed
