[2.419s] Invoking command in '/home/daniel/dev_ws/build/mobile_manipulator': PYTHONPATH=/home/daniel/dev_ws/build/mobile_manipulator/prefix_override:/home/daniel/dev_ws/install/mobile_manipulator/lib/python3.8/site-packages:${PYTHONPATH} /usr/bin/python3 setup.py develop --editable --build-directory /home/daniel/dev_ws/build/mobile_manipulator/build --no-deps install_data
[2.687s] running develop
[2.843s] running egg_info
[2.843s] writing mobile_manipulator.egg-info/PKG-INFO
[2.843s] writing dependency_links to mobile_manipulator.egg-info/dependency_links.txt
[2.843s] writing entry points to mobile_manipulator.egg-info/entry_points.txt
[2.843s] writing requirements to mobile_manipulator.egg-info/requires.txt
[2.844s] writing top-level names to mobile_manipulator.egg-info/top_level.txt
[2.973s] reading manifest file 'mobile_manipulator.egg-info/SOURCES.txt'
[2.974s] writing manifest file 'mobile_manipulator.egg-info/SOURCES.txt'
[3.007s] running build_ext
[3.023s] Creating /home/daniel/dev_ws/install/mobile_manipulator/lib/python3.8/site-packages/mobile-manipulator.egg-link (link to .)
[3.024s] Installing get_path_action script to /home/daniel/dev_ws/install/mobile_manipulator/lib/mobile_manipulator
[3.024s] Installing reach_goal_action script to /home/daniel/dev_ws/install/mobile_manipulator/lib/mobile_manipulator
[3.025s] Installing send_goal_pose_action script to /home/daniel/dev_ws/install/mobile_manipulator/lib/mobile_manipulator
[3.025s] Installing trajectory_points_act_server script to /home/daniel/dev_ws/install/mobile_manipulator/lib/mobile_manipulator
[3.025s] Installing trajectory_points_from_ik_act_server script to /home/daniel/dev_ws/install/mobile_manipulator/lib/mobile_manipulator
[3.025s] 
[3.025s] Installed /home/daniel/dev_ws/build/mobile_manipulator
[3.025s] running install_data
[3.051s] Invoked command in '/home/daniel/dev_ws/build/mobile_manipulator' returned '0': PYTHONPATH=/home/daniel/dev_ws/build/mobile_manipulator/prefix_override:/home/daniel/dev_ws/install/mobile_manipulator/lib/python3.8/site-packages:${PYTHONPATH} /usr/bin/python3 setup.py develop --editable --build-directory /home/daniel/dev_ws/build/mobile_manipulator/build --no-deps install_data
