running develop
Removing /home/daniel/dev_ws/install/mobile_manipulator/lib/python3.8/site-packages/mobile-manipulator.egg-link (link to .)
running egg_info
writing ../../build/mobile_manipulator/mobile_manipulator.egg-info/PKG-INFO
writing dependency_links to ../../build/mobile_manipulator/mobile_manipulator.egg-info/dependency_links.txt
writing entry points to ../../build/mobile_manipulator/mobile_manipulator.egg-info/entry_points.txt
writing requirements to ../../build/mobile_manipulator/mobile_manipulator.egg-info/requires.txt
writing top-level names to ../../build/mobile_manipulator/mobile_manipulator.egg-info/top_level.txt
reading manifest file '../../build/mobile_manipulator/mobile_manipulator.egg-info/SOURCES.txt'
writing manifest file '../../build/mobile_manipulator/mobile_manipulator.egg-info/SOURCES.txt'
running build
running build_py
creating /home/daniel/dev_ws/build/mobile_manipulator/build
creating /home/daniel/dev_ws/build/mobile_manipulator/build/lib
creating /home/daniel/dev_ws/build/mobile_manipulator/build/lib/mobile_manipulator
copying mobile_manipulator/__init__.py -> /home/daniel/dev_ws/build/mobile_manipulator/build/lib/mobile_manipulator
running install
running install_lib
creating /home/daniel/dev_ws/install/mobile_manipulator/lib/python3.8/site-packages/mobile_manipulator
copying /home/daniel/dev_ws/build/mobile_manipulator/build/lib/mobile_manipulator/__init__.py -> /home/daniel/dev_ws/install/mobile_manipulator/lib/python3.8/site-packages/mobile_manipulator
byte-compiling /home/daniel/dev_ws/install/mobile_manipulator/lib/python3.8/site-packages/mobile_manipulator/__init__.py to __init__.cpython-38.pyc
running install_data
copying urdf/mm.urdf.xacro -> /home/daniel/dev_ws/install/mobile_manipulator/share/mobile_manipulator/urdf
running install_egg_info
Copying ../../build/mobile_manipulator/mobile_manipulator.egg-info to /home/daniel/dev_ws/install/mobile_manipulator/lib/python3.8/site-packages/mobile_manipulator-0.0.0-py3.8.egg-info
running install_scripts
writing list of installed files to '/home/daniel/dev_ws/build/mobile_manipulator/install.log'
