[3.369s] Invoking command in '/home/daniel/dev_ws/src/bulldog_description': PYTHONPATH=/home/daniel/dev_ws/build/bulldog_description/prefix_override:/home/daniel/dev_ws/install/bulldog_description/lib/python3.8/site-packages:${PYTHONPATH} /usr/bin/python3 setup.py egg_info --egg-base ../../build/bulldog_description build --build-base /home/daniel/dev_ws/build/bulldog_description/build install --record /home/daniel/dev_ws/build/bulldog_description/install.log --install-scripts $base/lib/bulldog_description --single-version-externally-managed
[3.655s] running egg_info
[3.656s] writing ../../build/bulldog_description/bulldog_description.egg-info/PKG-INFO
[3.657s] writing dependency_links to ../../build/bulldog_description/bulldog_description.egg-info/dependency_links.txt
[3.657s] writing entry points to ../../build/bulldog_description/bulldog_description.egg-info/entry_points.txt
[3.657s] writing requirements to ../../build/bulldog_description/bulldog_description.egg-info/requires.txt
[3.657s] writing top-level names to ../../build/bulldog_description/bulldog_description.egg-info/top_level.txt
[3.698s] reading manifest file '../../build/bulldog_description/bulldog_description.egg-info/SOURCES.txt'
[3.699s] writing manifest file '../../build/bulldog_description/bulldog_description.egg-info/SOURCES.txt'
[3.699s] running build
[3.699s] running build_py
[3.699s] running install
[3.700s] running install_lib
[3.702s] running install_data
[3.703s] copying urdf/bulldog/wheel.urdf.xacro -> /home/daniel/dev_ws/install/bulldog_description/share/bulldog_description/urdf/bulldog
[3.703s] running install_egg_info
[3.706s] removing '/home/daniel/dev_ws/install/bulldog_description/lib/python3.8/site-packages/bulldog_description-0.0.0-py3.8.egg-info' (and everything under it)
[3.706s] Copying ../../build/bulldog_description/bulldog_description.egg-info to /home/daniel/dev_ws/install/bulldog_description/lib/python3.8/site-packages/bulldog_description-0.0.0-py3.8.egg-info
[3.707s] running install_scripts
[3.725s] writing list of installed files to '/home/daniel/dev_ws/build/bulldog_description/install.log'
[3.752s] Invoked command in '/home/daniel/dev_ws/src/bulldog_description' returned '0': PYTHONPATH=/home/daniel/dev_ws/build/bulldog_description/prefix_override:/home/daniel/dev_ws/install/bulldog_description/lib/python3.8/site-packages:${PYTHONPATH} /usr/bin/python3 setup.py egg_info --egg-base ../../build/bulldog_description build --build-base /home/daniel/dev_ws/build/bulldog_description/build install --record /home/daniel/dev_ws/build/bulldog_description/install.log --install-scripts $base/lib/bulldog_description --single-version-externally-managed
