[4.063s] Invoking command in '/home/daniel/dev_ws/src/mobile_manipulator': PYTHONPATH=/home/daniel/dev_ws/build/mobile_manipulator/prefix_override:/home/daniel/dev_ws/install/mobile_manipulator/lib/python3.8/site-packages:${PYTHONPATH} /usr/bin/python3 setup.py egg_info --egg-base ../../build/mobile_manipulator build --build-base /home/daniel/dev_ws/build/mobile_manipulator/build install --record /home/daniel/dev_ws/build/mobile_manipulator/install.log --install-scripts $base/lib/mobile_manipulator --single-version-externally-managed
[4.323s] running egg_info
[4.324s] writing ../../build/mobile_manipulator/mobile_manipulator.egg-info/PKG-INFO
[4.324s] writing dependency_links to ../../build/mobile_manipulator/mobile_manipulator.egg-info/dependency_links.txt
[4.324s] writing entry points to ../../build/mobile_manipulator/mobile_manipulator.egg-info/entry_points.txt
[4.324s] writing requirements to ../../build/mobile_manipulator/mobile_manipulator.egg-info/requires.txt
[4.325s] writing top-level names to ../../build/mobile_manipulator/mobile_manipulator.egg-info/top_level.txt
[4.425s] reading manifest file '../../build/mobile_manipulator/mobile_manipulator.egg-info/SOURCES.txt'
[4.435s] writing manifest file '../../build/mobile_manipulator/mobile_manipulator.egg-info/SOURCES.txt'
[4.435s] running build
[4.435s] running build_py
[4.436s] copying mobile_manipulator/send_goal_pose_action.py -> /home/daniel/dev_ws/build/mobile_manipulator/build/lib/mobile_manipulator
[4.436s] copying mobile_manipulator/get_path_action.py -> /home/daniel/dev_ws/build/mobile_manipulator/build/lib/mobile_manipulator
[4.436s] running install
[4.437s] running install_lib
[4.439s] copying /home/daniel/dev_ws/build/mobile_manipulator/build/lib/mobile_manipulator/send_goal_pose_action.py -> /home/daniel/dev_ws/install/mobile_manipulator/lib/python3.8/site-packages/mobile_manipulator
[4.440s] copying /home/daniel/dev_ws/build/mobile_manipulator/build/lib/mobile_manipulator/get_path_action.py -> /home/daniel/dev_ws/install/mobile_manipulator/lib/python3.8/site-packages/mobile_manipulator
[4.440s] byte-compiling /home/daniel/dev_ws/install/mobile_manipulator/lib/python3.8/site-packages/mobile_manipulator/send_goal_pose_action.py to send_goal_pose_action.cpython-38.pyc
[4.446s] byte-compiling /home/daniel/dev_ws/install/mobile_manipulator/lib/python3.8/site-packages/mobile_manipulator/get_path_action.py to get_path_action.cpython-38.pyc
[4.447s] running install_data
[4.448s] running install_egg_info
[4.450s] removing '/home/daniel/dev_ws/install/mobile_manipulator/lib/python3.8/site-packages/mobile_manipulator-0.0.0-py3.8.egg-info' (and everything under it)
[4.451s] Copying ../../build/mobile_manipulator/mobile_manipulator.egg-info to /home/daniel/dev_ws/install/mobile_manipulator/lib/python3.8/site-packages/mobile_manipulator-0.0.0-py3.8.egg-info
[4.470s] running install_scripts
[4.493s] Installing get_path_action script to /home/daniel/dev_ws/install/mobile_manipulator/lib/mobile_manipulator
[4.493s] Installing send_goal_pose_action script to /home/daniel/dev_ws/install/mobile_manipulator/lib/mobile_manipulator
[4.494s] Installing trajectory_points_act_server script to /home/daniel/dev_ws/install/mobile_manipulator/lib/mobile_manipulator
[4.494s] writing list of installed files to '/home/daniel/dev_ws/build/mobile_manipulator/install.log'
[4.663s] Invoked command in '/home/daniel/dev_ws/src/mobile_manipulator' returned '0': PYTHONPATH=/home/daniel/dev_ws/build/mobile_manipulator/prefix_override:/home/daniel/dev_ws/install/mobile_manipulator/lib/python3.8/site-packages:${PYTHONPATH} /usr/bin/python3 setup.py egg_info --egg-base ../../build/mobile_manipulator build --build-base /home/daniel/dev_ws/build/mobile_manipulator/build install --record /home/daniel/dev_ws/build/mobile_manipulator/install.log --install-scripts $base/lib/mobile_manipulator --single-version-externally-managed
