[1.155s] Invoking command in '/home/daniel/dev_ws/src/mobile_manipulator': PYTHONPATH=/home/daniel/dev_ws/build/mobile_manipulator/prefix_override:/home/daniel/dev_ws/install/mobile_manipulator/lib/python3.8/site-packages:${PYTHONPATH} /usr/bin/python3 setup.py egg_info --egg-base ../../build/mobile_manipulator build --build-base /home/daniel/dev_ws/build/mobile_manipulator/build install --record /home/daniel/dev_ws/build/mobile_manipulator/install.log --install-scripts $base/lib/mobile_manipulator --single-version-externally-managed
[1.386s] running egg_info
[1.387s] writing ../../build/mobile_manipulator/mobile_manipulator.egg-info/PKG-INFO
[1.387s] writing dependency_links to ../../build/mobile_manipulator/mobile_manipulator.egg-info/dependency_links.txt
[1.387s] writing entry points to ../../build/mobile_manipulator/mobile_manipulator.egg-info/entry_points.txt
[1.388s] writing requirements to ../../build/mobile_manipulator/mobile_manipulator.egg-info/requires.txt
[1.388s] writing top-level names to ../../build/mobile_manipulator/mobile_manipulator.egg-info/top_level.txt
[1.420s] reading manifest file '../../build/mobile_manipulator/mobile_manipulator.egg-info/SOURCES.txt'
[1.421s] writing manifest file '../../build/mobile_manipulator/mobile_manipulator.egg-info/SOURCES.txt'
[1.421s] running build
[1.421s] running build_py
[1.422s] running install
[1.423s] running install_lib
[1.424s] running install_data
[1.425s] copying urdf/mm.urdf.xacro -> /home/daniel/dev_ws/install/mobile_manipulator/share/mobile_manipulator/urdf
[1.426s] running install_egg_info
[1.428s] removing '/home/daniel/dev_ws/install/mobile_manipulator/lib/python3.8/site-packages/mobile_manipulator-0.0.0-py3.8.egg-info' (and everything under it)
[1.428s] Copying ../../build/mobile_manipulator/mobile_manipulator.egg-info to /home/daniel/dev_ws/install/mobile_manipulator/lib/python3.8/site-packages/mobile_manipulator-0.0.0-py3.8.egg-info
[1.429s] running install_scripts
[1.446s] Installing get_path_action script to /home/daniel/dev_ws/install/mobile_manipulator/lib/mobile_manipulator
[1.446s] Installing reach_goal_action script to /home/daniel/dev_ws/install/mobile_manipulator/lib/mobile_manipulator
[1.446s] Installing send_goal_pose_action script to /home/daniel/dev_ws/install/mobile_manipulator/lib/mobile_manipulator
[1.447s] Installing tf_listener script to /home/daniel/dev_ws/install/mobile_manipulator/lib/mobile_manipulator
[1.447s] Installing trajectory_points_act_server script to /home/daniel/dev_ws/install/mobile_manipulator/lib/mobile_manipulator
[1.447s] Installing trajectory_points_from_ik_act_server script to /home/daniel/dev_ws/install/mobile_manipulator/lib/mobile_manipulator
[1.447s] writing list of installed files to '/home/daniel/dev_ws/build/mobile_manipulator/install.log'
[1.466s] Invoked command in '/home/daniel/dev_ws/src/mobile_manipulator' returned '0': PYTHONPATH=/home/daniel/dev_ws/build/mobile_manipulator/prefix_override:/home/daniel/dev_ws/install/mobile_manipulator/lib/python3.8/site-packages:${PYTHONPATH} /usr/bin/python3 setup.py egg_info --egg-base ../../build/mobile_manipulator build --build-base /home/daniel/dev_ws/build/mobile_manipulator/build install --record /home/daniel/dev_ws/build/mobile_manipulator/install.log --install-scripts $base/lib/mobile_manipulator --single-version-externally-managed
