[1.553s] Invoking command in '/home/daniel/dev_ws/build/ur5_ros2_moveit2': CMAKE_PREFIX_PATH=${CMAKE_PREFIX_PATH}:/home/daniel/dev_ws/install/robot_description:/home/daniel/dev_ws/install/my_doosan_pkg:/home/daniel/dev_ws/install/mobile_manipulator:/home/daniel/dev_ws/install/doosan_description:/home/daniel/dev_ws/install/bulldog_description:/opt/ros/foxy /usr/bin/cmake --build /home/daniel/dev_ws/build/ur5_ros2_moveit2 -- -j8 -l8
[1.610s] Invoked command in '/home/daniel/dev_ws/build/ur5_ros2_moveit2' returned '0': CMAKE_PREFIX_PATH=${CMAKE_PREFIX_PATH}:/home/daniel/dev_ws/install/robot_description:/home/daniel/dev_ws/install/my_doosan_pkg:/home/daniel/dev_ws/install/mobile_manipulator:/home/daniel/dev_ws/install/doosan_description:/home/daniel/dev_ws/install/bulldog_description:/opt/ros/foxy /usr/bin/cmake --build /home/daniel/dev_ws/build/ur5_ros2_moveit2 -- -j8 -l8
[1.639s] Invoking command in '/home/daniel/dev_ws/build/ur5_ros2_moveit2': CMAKE_PREFIX_PATH=${CMAKE_PREFIX_PATH}:/home/daniel/dev_ws/install/robot_description:/home/daniel/dev_ws/install/my_doosan_pkg:/home/daniel/dev_ws/install/mobile_manipulator:/home/daniel/dev_ws/install/doosan_description:/home/daniel/dev_ws/install/bulldog_description:/opt/ros/foxy /usr/bin/cmake --install /home/daniel/dev_ws/build/ur5_ros2_moveit2
[1.650s] -- Install configuration: ""
[1.650s] -- Installing: /home/daniel/dev_ws/install/ur5_ros2_moveit2/share/ur5_ros2_moveit2/config
[1.651s] -- Installing: /home/daniel/dev_ws/install/ur5_ros2_moveit2/share/ur5_ros2_moveit2/config/chomp_planning.yaml
[1.651s] -- Installing: /home/daniel/dev_ws/install/ur5_ros2_moveit2/share/ur5_ros2_moveit2/config/ur5.srdf
[1.651s] -- Installing: /home/daniel/dev_ws/install/ur5_ros2_moveit2/share/ur5_ros2_moveit2/config/ur5_moveit2.rviz
[1.652s] -- Installing: /home/daniel/dev_ws/install/ur5_ros2_moveit2/share/ur5_ros2_moveit2/config/ur5_controllers.yaml
[1.652s] -- Installing: /home/daniel/dev_ws/install/ur5_ros2_moveit2/share/ur5_ros2_moveit2/config/ompl_planning.yaml
[1.652s] -- Installing: /home/daniel/dev_ws/install/ur5_ros2_moveit2/share/ur5_ros2_moveit2/config/kinematics.yaml
[1.652s] -- Installing: /home/daniel/dev_ws/install/ur5_ros2_moveit2/share/ur5_ros2_moveit2/launch
[1.653s] -- Installing: /home/daniel/dev_ws/install/ur5_ros2_moveit2/share/ur5_ros2_moveit2/launch/ur5_interface.launch.py
[1.653s] -- Installing: /home/daniel/dev_ws/install/ur5_ros2_moveit2/share/ur5_ros2_moveit2/launch/ur5.launch.py
[1.653s] -- Installing: /home/daniel/dev_ws/install/ur5_ros2_moveit2/share/ament_index/resource_index/package_run_dependencies/ur5_ros2_moveit2
[1.654s] -- Installing: /home/daniel/dev_ws/install/ur5_ros2_moveit2/share/ament_index/resource_index/parent_prefix_path/ur5_ros2_moveit2
[1.654s] -- Installing: /home/daniel/dev_ws/install/ur5_ros2_moveit2/share/ur5_ros2_moveit2/environment/ament_prefix_path.sh
[1.663s] -- Installing: /home/daniel/dev_ws/install/ur5_ros2_moveit2/share/ur5_ros2_moveit2/environment/ament_prefix_path.dsv
[1.663s] -- Installing: /home/daniel/dev_ws/install/ur5_ros2_moveit2/share/ur5_ros2_moveit2/environment/path.sh
[1.664s] -- Installing: /home/daniel/dev_ws/install/ur5_ros2_moveit2/share/ur5_ros2_moveit2/environment/path.dsv
[1.664s] -- Installing: /home/daniel/dev_ws/install/ur5_ros2_moveit2/share/ur5_ros2_moveit2/local_setup.bash
[1.664s] -- Installing: /home/daniel/dev_ws/install/ur5_ros2_moveit2/share/ur5_ros2_moveit2/local_setup.sh
[1.664s] -- Installing: /home/daniel/dev_ws/install/ur5_ros2_moveit2/share/ur5_ros2_moveit2/local_setup.zsh
[1.664s] -- Installing: /home/daniel/dev_ws/install/ur5_ros2_moveit2/share/ur5_ros2_moveit2/local_setup.dsv
[1.665s] -- Installing: /home/daniel/dev_ws/install/ur5_ros2_moveit2/share/ur5_ros2_moveit2/package.dsv
[1.665s] -- Installing: /home/daniel/dev_ws/install/ur5_ros2_moveit2/share/ament_index/resource_index/packages/ur5_ros2_moveit2
[1.665s] -- Installing: /home/daniel/dev_ws/install/ur5_ros2_moveit2/share/ur5_ros2_moveit2/cmake/ur5_ros2_moveit2Config.cmake
[1.665s] -- Installing: /home/daniel/dev_ws/install/ur5_ros2_moveit2/share/ur5_ros2_moveit2/cmake/ur5_ros2_moveit2Config-version.cmake
[1.666s] -- Installing: /home/daniel/dev_ws/install/ur5_ros2_moveit2/share/ur5_ros2_moveit2/package.xml
[1.668s] Invoked command in '/home/daniel/dev_ws/build/ur5_ros2_moveit2' returned '0': CMAKE_PREFIX_PATH=${CMAKE_PREFIX_PATH}:/home/daniel/dev_ws/install/robot_description:/home/daniel/dev_ws/install/my_doosan_pkg:/home/daniel/dev_ws/install/mobile_manipulator:/home/daniel/dev_ws/install/doosan_description:/home/daniel/dev_ws/install/bulldog_description:/opt/ros/foxy /usr/bin/cmake --install /home/daniel/dev_ws/build/ur5_ros2_moveit2
