[1.636s] Invoking command in '/home/daniel/dev_ws/build/ur5_ros2_gazebo': CMAKE_PREFIX_PATH=${CMAKE_PREFIX_PATH}:/home/daniel/dev_ws/install/robot_description:/home/daniel/dev_ws/install/my_doosan_pkg:/home/daniel/dev_ws/install/mobile_manipulator:/home/daniel/dev_ws/install/doosan_description:/home/daniel/dev_ws/install/bulldog_description:/opt/ros/foxy /usr/bin/cmake --build /home/daniel/dev_ws/build/ur5_ros2_gazebo -- -j8 -l8
[2.114s] Invoked command in '/home/daniel/dev_ws/build/ur5_ros2_gazebo' returned '0': CMAKE_PREFIX_PATH=${CMAKE_PREFIX_PATH}:/home/daniel/dev_ws/install/robot_description:/home/daniel/dev_ws/install/my_doosan_pkg:/home/daniel/dev_ws/install/mobile_manipulator:/home/daniel/dev_ws/install/doosan_description:/home/daniel/dev_ws/install/bulldog_description:/opt/ros/foxy /usr/bin/cmake --build /home/daniel/dev_ws/build/ur5_ros2_gazebo -- -j8 -l8
[2.212s] Invoking command in '/home/daniel/dev_ws/build/ur5_ros2_gazebo': CMAKE_PREFIX_PATH=${CMAKE_PREFIX_PATH}:/home/daniel/dev_ws/install/robot_description:/home/daniel/dev_ws/install/my_doosan_pkg:/home/daniel/dev_ws/install/mobile_manipulator:/home/daniel/dev_ws/install/doosan_description:/home/daniel/dev_ws/install/bulldog_description:/opt/ros/foxy /usr/bin/cmake --install /home/daniel/dev_ws/build/ur5_ros2_gazebo
[2.251s] -- Install configuration: ""
[2.252s] -- Execute custom install script
[2.275s] -- Up-to-date symlink: /home/daniel/dev_ws/install/ur5_ros2_gazebo/share/ur5_ros2_gazebo/config/default_kinematics.yaml
[2.275s] -- Up-to-date symlink: /home/daniel/dev_ws/install/ur5_ros2_gazebo/share/ur5_ros2_gazebo/config/initial_positions.yaml
[2.276s] -- Up-to-date symlink: /home/daniel/dev_ws/install/ur5_ros2_gazebo/share/ur5_ros2_gazebo/config/joint_limits.yaml
[2.277s] -- Up-to-date symlink: /home/daniel/dev_ws/install/ur5_ros2_gazebo/share/ur5_ros2_gazebo/config/physical_parameters.yaml
[2.278s] -- Up-to-date symlink: /home/daniel/dev_ws/install/ur5_ros2_gazebo/share/ur5_ros2_gazebo/config/ur5_controller.yaml
[2.279s] -- Up-to-date symlink: /home/daniel/dev_ws/install/ur5_ros2_gazebo/share/ur5_ros2_gazebo/config/visual_parameters.yaml
[2.280s] -- Up-to-date symlink: /home/daniel/dev_ws/install/ur5_ros2_gazebo/share/ur5_ros2_gazebo/launch/rsp.launch.py
[2.281s] -- Up-to-date symlink: /home/daniel/dev_ws/install/ur5_ros2_gazebo/share/ur5_ros2_gazebo/launch/ur5_simulation.launch.py
[2.283s] -- Up-to-date symlink: /home/daniel/dev_ws/install/ur5_ros2_gazebo/share/ur5_ros2_gazebo/urdf/ur5.urdf.xacro
[2.283s] -- Up-to-date symlink: /home/daniel/dev_ws/install/ur5_ros2_gazebo/share/ur5_ros2_gazebo/urdf/ur5_common.xacro
[2.284s] -- Up-to-date symlink: /home/daniel/dev_ws/install/ur5_ros2_gazebo/share/ur5_ros2_gazebo/urdf/ur5_macro.urdf.xacro
[2.285s] -- Up-to-date symlink: /home/daniel/dev_ws/install/ur5_ros2_gazebo/share/ur5_ros2_gazebo/urdf/ur5_ros2control.xacro
[2.285s] -- Up-to-date symlink: /home/daniel/dev_ws/install/ur5_ros2_gazebo/share/ur5_ros2_gazebo/urdf/ur5_transmission.xacro
[2.287s] -- Up-to-date symlink: /home/daniel/dev_ws/install/ur5_ros2_gazebo/share/ur5_ros2_gazebo/worlds/ur5.world
[2.289s] -- Up-to-date symlink: /home/daniel/dev_ws/install/ur5_ros2_gazebo/share/ur5_ros2_gazebo/meshes/collision/base.stl
[2.290s] -- Up-to-date symlink: /home/daniel/dev_ws/install/ur5_ros2_gazebo/share/ur5_ros2_gazebo/meshes/collision/forearm.stl
[2.291s] -- Up-to-date symlink: /home/daniel/dev_ws/install/ur5_ros2_gazebo/share/ur5_ros2_gazebo/meshes/collision/shoulder.stl
[2.291s] -- Up-to-date symlink: /home/daniel/dev_ws/install/ur5_ros2_gazebo/share/ur5_ros2_gazebo/meshes/collision/upperarm.stl
[2.293s] -- Up-to-date symlink: /home/daniel/dev_ws/install/ur5_ros2_gazebo/share/ur5_ros2_gazebo/meshes/collision/wrist1.stl
[2.294s] -- Up-to-date symlink: /home/daniel/dev_ws/install/ur5_ros2_gazebo/share/ur5_ros2_gazebo/meshes/collision/wrist2.stl
[2.295s] -- Up-to-date symlink: /home/daniel/dev_ws/install/ur5_ros2_gazebo/share/ur5_ros2_gazebo/meshes/collision/wrist3.stl
[2.295s] -- Up-to-date symlink: /home/daniel/dev_ws/install/ur5_ros2_gazebo/share/ur5_ros2_gazebo/meshes/visual/base.dae
[2.296s] -- Up-to-date symlink: /home/daniel/dev_ws/install/ur5_ros2_gazebo/share/ur5_ros2_gazebo/meshes/visual/forearm.dae
[2.297s] -- Up-to-date symlink: /home/daniel/dev_ws/install/ur5_ros2_gazebo/share/ur5_ros2_gazebo/meshes/visual/shoulder.dae
[2.298s] -- Up-to-date symlink: /home/daniel/dev_ws/install/ur5_ros2_gazebo/share/ur5_ros2_gazebo/meshes/visual/upperarm.dae
[2.298s] -- Up-to-date symlink: /home/daniel/dev_ws/install/ur5_ros2_gazebo/share/ur5_ros2_gazebo/meshes/visual/wrist1.dae
[2.299s] -- Up-to-date symlink: /home/daniel/dev_ws/install/ur5_ros2_gazebo/share/ur5_ros2_gazebo/meshes/visual/wrist2.dae
[2.299s] -- Up-to-date symlink: /home/daniel/dev_ws/install/ur5_ros2_gazebo/share/ur5_ros2_gazebo/meshes/visual/wrist3.dae
[2.301s] -- Up-to-date symlink: /home/daniel/dev_ws/install/ur5_ros2_gazebo/share/ament_index/resource_index/package_run_dependencies/ur5_ros2_gazebo
[2.302s] -- Up-to-date symlink: /home/daniel/dev_ws/install/ur5_ros2_gazebo/share/ament_index/resource_index/parent_prefix_path/ur5_ros2_gazebo
[2.303s] -- Up-to-date symlink: /home/daniel/dev_ws/install/ur5_ros2_gazebo/share/ur5_ros2_gazebo/environment/ament_prefix_path.sh
[2.304s] -- Up-to-date symlink: /home/daniel/dev_ws/install/ur5_ros2_gazebo/share/ur5_ros2_gazebo/environment/ament_prefix_path.dsv
[2.305s] -- Up-to-date symlink: /home/daniel/dev_ws/install/ur5_ros2_gazebo/share/ur5_ros2_gazebo/environment/path.sh
[2.306s] -- Up-to-date symlink: /home/daniel/dev_ws/install/ur5_ros2_gazebo/share/ur5_ros2_gazebo/environment/path.dsv
[2.307s] -- Up-to-date symlink: /home/daniel/dev_ws/install/ur5_ros2_gazebo/share/ur5_ros2_gazebo/local_setup.bash
[2.308s] -- Up-to-date symlink: /home/daniel/dev_ws/install/ur5_ros2_gazebo/share/ur5_ros2_gazebo/local_setup.sh
[2.309s] -- Up-to-date symlink: /home/daniel/dev_ws/install/ur5_ros2_gazebo/share/ur5_ros2_gazebo/local_setup.zsh
[2.310s] -- Up-to-date symlink: /home/daniel/dev_ws/install/ur5_ros2_gazebo/share/ur5_ros2_gazebo/local_setup.dsv
[2.311s] -- Symlinking: /home/daniel/dev_ws/install/ur5_ros2_gazebo/share/ur5_ros2_gazebo/package.dsv
[2.346s] -- Up-to-date symlink: /home/daniel/dev_ws/install/ur5_ros2_gazebo/share/ament_index/resource_index/packages/ur5_ros2_gazebo
[2.347s] -- Up-to-date symlink: /home/daniel/dev_ws/install/ur5_ros2_gazebo/share/ur5_ros2_gazebo/cmake/ur5_ros2_gazeboConfig.cmake
[2.348s] -- Up-to-date symlink: /home/daniel/dev_ws/install/ur5_ros2_gazebo/share/ur5_ros2_gazebo/cmake/ur5_ros2_gazeboConfig-version.cmake
[2.349s] -- Up-to-date symlink: /home/daniel/dev_ws/install/ur5_ros2_gazebo/share/ur5_ros2_gazebo/package.xml
[2.355s] Invoked command in '/home/daniel/dev_ws/build/ur5_ros2_gazebo' returned '0': CMAKE_PREFIX_PATH=${CMAKE_PREFIX_PATH}:/home/daniel/dev_ws/install/robot_description:/home/daniel/dev_ws/install/my_doosan_pkg:/home/daniel/dev_ws/install/mobile_manipulator:/home/daniel/dev_ws/install/doosan_description:/home/daniel/dev_ws/install/bulldog_description:/opt/ros/foxy /usr/bin/cmake --install /home/daniel/dev_ws/build/ur5_ros2_gazebo
