[3.343s] Invoking command in '/home/daniel/dev_ws/src/mobile_manipulator': PYTHONPATH=/home/daniel/dev_ws/build/mobile_manipulator/prefix_override:/home/daniel/dev_ws/install/mobile_manipulator/lib/python3.8/site-packages:${PYTHONPATH} /usr/bin/python3 setup.py egg_info --egg-base ../../build/mobile_manipulator build --build-base /home/daniel/dev_ws/build/mobile_manipulator/build install --record /home/daniel/dev_ws/build/mobile_manipulator/install.log --install-scripts $base/lib/mobile_manipulator --single-version-externally-managed
[3.587s] running egg_info
[3.588s] writing ../../build/mobile_manipulator/mobile_manipulator.egg-info/PKG-INFO
[3.588s] writing dependency_links to ../../build/mobile_manipulator/mobile_manipulator.egg-info/dependency_links.txt
[3.589s] writing entry points to ../../build/mobile_manipulator/mobile_manipulator.egg-info/entry_points.txt
[3.589s] writing requirements to ../../build/mobile_manipulator/mobile_manipulator.egg-info/requires.txt
[3.589s] writing top-level names to ../../build/mobile_manipulator/mobile_manipulator.egg-info/top_level.txt
[3.748s] reading manifest file '../../build/mobile_manipulator/mobile_manipulator.egg-info/SOURCES.txt'
[3.757s] writing manifest file '../../build/mobile_manipulator/mobile_manipulator.egg-info/SOURCES.txt'
[3.757s] running build
[3.758s] running build_py
[3.758s] copying mobile_manipulator/check_point_reachability_act_server.py -> /home/daniel/dev_ws/build/mobile_manipulator/build/lib/mobile_manipulator
[3.758s] running install
[3.759s] running install_lib
[3.761s] copying /home/daniel/dev_ws/build/mobile_manipulator/build/lib/mobile_manipulator/check_point_reachability_act_server.py -> /home/daniel/dev_ws/install/mobile_manipulator/lib/python3.8/site-packages/mobile_manipulator
[3.761s] byte-compiling /home/daniel/dev_ws/install/mobile_manipulator/lib/python3.8/site-packages/mobile_manipulator/check_point_reachability_act_server.py to check_point_reachability_act_server.cpython-38.pyc
[3.763s] running install_data
[3.764s] copying package.xml -> /home/daniel/dev_ws/install/mobile_manipulator/share/mobile_manipulator
[3.764s] creating /home/daniel/dev_ws/install/mobile_manipulator/share/mobile_manipulator/action
[3.764s] copying action/CheckPointReachability.action -> /home/daniel/dev_ws/install/mobile_manipulator/share/mobile_manipulator/action
[3.764s] running install_egg_info
[3.766s] removing '/home/daniel/dev_ws/install/mobile_manipulator/lib/python3.8/site-packages/mobile_manipulator-0.0.0-py3.8.egg-info' (and everything under it)
[3.767s] Copying ../../build/mobile_manipulator/mobile_manipulator.egg-info to /home/daniel/dev_ws/install/mobile_manipulator/lib/python3.8/site-packages/mobile_manipulator-0.0.0-py3.8.egg-info
[3.796s] running install_scripts
[3.817s] Installing trajectory_points_act_server script to /home/daniel/dev_ws/install/mobile_manipulator/lib/mobile_manipulator
[3.817s] writing list of installed files to '/home/daniel/dev_ws/build/mobile_manipulator/install.log'
[4.140s] Invoked command in '/home/daniel/dev_ws/src/mobile_manipulator' returned '0': PYTHONPATH=/home/daniel/dev_ws/build/mobile_manipulator/prefix_override:/home/daniel/dev_ws/install/mobile_manipulator/lib/python3.8/site-packages:${PYTHONPATH} /usr/bin/python3 setup.py egg_info --egg-base ../../build/mobile_manipulator build --build-base /home/daniel/dev_ws/build/mobile_manipulator/build install --record /home/daniel/dev_ws/build/mobile_manipulator/install.log --install-scripts $base/lib/mobile_manipulator --single-version-externally-managed
