[1.632s] Invoking command in '/home/daniel/dev_ws/build/mobile_manipulator': PYTHONPATH=/home/daniel/dev_ws/build/mobile_manipulator/prefix_override:/home/daniel/dev_ws/install/mobile_manipulator/lib/python3.8/site-packages:${PYTHONPATH} /usr/bin/python3 setup.py develop --editable --build-directory /home/daniel/dev_ws/build/mobile_manipulator/build --no-deps install_data
[1.897s] running develop
[2.064s] running egg_info
[2.064s] writing mobile_manipulator.egg-info/PKG-INFO
[2.064s] writing dependency_links to mobile_manipulator.egg-info/dependency_links.txt
[2.065s] writing entry points to mobile_manipulator.egg-info/entry_points.txt
[2.065s] writing requirements to mobile_manipulator.egg-info/requires.txt
[2.065s] writing top-level names to mobile_manipulator.egg-info/top_level.txt
[2.099s] reading manifest file 'mobile_manipulator.egg-info/SOURCES.txt'
[2.100s] writing manifest file 'mobile_manipulator.egg-info/SOURCES.txt'
[2.136s] running build_ext
[2.136s] Creating /home/daniel/dev_ws/install/mobile_manipulator/lib/python3.8/site-packages/mobile-manipulator.egg-link (link to .)
[2.138s] Installing get_path_action script to /home/daniel/dev_ws/install/mobile_manipulator/lib/mobile_manipulator
[2.138s] Installing move_arm script to /home/daniel/dev_ws/install/mobile_manipulator/lib/mobile_manipulator
[2.138s] Installing move_both script to /home/daniel/dev_ws/install/mobile_manipulator/lib/mobile_manipulator
[2.138s] Installing move_to_saved_config script to /home/daniel/dev_ws/install/mobile_manipulator/lib/mobile_manipulator
[2.139s] Installing send_goal_pose_action script to /home/daniel/dev_ws/install/mobile_manipulator/lib/mobile_manipulator
[2.139s] Installing set_gripper_status script to /home/daniel/dev_ws/install/mobile_manipulator/lib/mobile_manipulator
[2.139s] Installing tf_listener script to /home/daniel/dev_ws/install/mobile_manipulator/lib/mobile_manipulator
[2.139s] Installing trajectory_points_act_server script to /home/daniel/dev_ws/install/mobile_manipulator/lib/mobile_manipulator
[2.139s] Installing trajectory_points_from_ik_act_server script to /home/daniel/dev_ws/install/mobile_manipulator/lib/mobile_manipulator
[2.139s] 
[2.140s] Installed /home/daniel/dev_ws/build/mobile_manipulator
[2.140s] running install_data
[2.386s] Invoked command in '/home/daniel/dev_ws/build/mobile_manipulator' returned '0': PYTHONPATH=/home/daniel/dev_ws/build/mobile_manipulator/prefix_override:/home/daniel/dev_ws/install/mobile_manipulator/lib/python3.8/site-packages:${PYTHONPATH} /usr/bin/python3 setup.py develop --editable --build-directory /home/daniel/dev_ws/build/mobile_manipulator/build --no-deps install_data
