[2.718s] Invoking command in '/home/daniel/dev_ws/src/doosan_description': PYTHONPATH=/home/daniel/dev_ws/build/doosan_description/prefix_override:/home/daniel/dev_ws/install/doosan_description/lib/python3.8/site-packages:${PYTHONPATH} /usr/bin/python3 setup.py egg_info --egg-base ../../build/doosan_description build --build-base /home/daniel/dev_ws/build/doosan_description/build install --record /home/daniel/dev_ws/build/doosan_description/install.log --install-scripts $base/lib/doosan_description --single-version-externally-managed
[2.964s] running egg_info
[2.965s] writing ../../build/doosan_description/doosan_description.egg-info/PKG-INFO
[2.965s] writing dependency_links to ../../build/doosan_description/doosan_description.egg-info/dependency_links.txt
[2.965s] writing entry points to ../../build/doosan_description/doosan_description.egg-info/entry_points.txt
[2.966s] writing requirements to ../../build/doosan_description/doosan_description.egg-info/requires.txt
[2.966s] writing top-level names to ../../build/doosan_description/doosan_description.egg-info/top_level.txt
[3.003s] reading manifest file '../../build/doosan_description/doosan_description.egg-info/SOURCES.txt'
[3.004s] writing manifest file '../../build/doosan_description/doosan_description.egg-info/SOURCES.txt'
[3.004s] running build
[3.005s] running build_py
[3.005s] running install
[3.006s] running install_lib
[3.007s] running install_data
[3.009s] running install_egg_info
[3.011s] removing '/home/daniel/dev_ws/install/doosan_description/lib/python3.8/site-packages/doosan_description-0.0.0-py3.8.egg-info' (and everything under it)
[3.012s] Copying ../../build/doosan_description/doosan_description.egg-info to /home/daniel/dev_ws/install/doosan_description/lib/python3.8/site-packages/doosan_description-0.0.0-py3.8.egg-info
[3.012s] running install_scripts
[3.031s] Installing trajectory_points_act_server script to /home/daniel/dev_ws/install/doosan_description/lib/doosan_description
[3.032s] Installing trajectory_points_topic script to /home/daniel/dev_ws/install/doosan_description/lib/doosan_description
[3.032s] writing list of installed files to '/home/daniel/dev_ws/build/doosan_description/install.log'
[3.388s] Invoked command in '/home/daniel/dev_ws/src/doosan_description' returned '0': PYTHONPATH=/home/daniel/dev_ws/build/doosan_description/prefix_override:/home/daniel/dev_ws/install/doosan_description/lib/python3.8/site-packages:${PYTHONPATH} /usr/bin/python3 setup.py egg_info --egg-base ../../build/doosan_description build --build-base /home/daniel/dev_ws/build/doosan_description/build install --record /home/daniel/dev_ws/build/doosan_description/install.log --install-scripts $base/lib/doosan_description --single-version-externally-managed
