[2.624s] DEBUG:colcon:Command line arguments: ['/usr/bin/colcon', 'build']
[2.624s] DEBUG:colcon:Parsed command line arguments: Namespace(allow_overriding=[], ament_cmake_args=None, base_paths=['.'], build_base='build', catkin_cmake_args=None, catkin_skip_building_tests=False, cmake_args=None, cmake_clean_cache=False, cmake_clean_first=False, cmake_force_configure=False, cmake_target=None, cmake_target_skip_unavailable=False, continue_on_error=False, event_handlers=None, executor='parallel', ignore_user_meta=False, install_base='install', log_base=None, log_level=None, main=<bound method BuildVerb.main of <colcon_core.verb.build.BuildVerb object at 0x7fcfd06ca5b0>>, merge_install=False, metas=['./colcon.meta'], packages_above=None, packages_above_and_dependencies=None, packages_above_depth=None, packages_end=None, packages_ignore=None, packages_ignore_regex=None, packages_select=None, packages_select_build_failed=False, packages_select_by_dep=None, packages_select_regex=None, packages_select_test_failures=False, packages_skip=None, packages_skip_build_finished=False, packages_skip_by_dep=None, packages_skip_regex=None, packages_skip_test_passed=False, packages_skip_up_to=None, packages_start=None, packages_up_to=None, packages_up_to_regex=None, parallel_workers=8, paths=None, symlink_install=False, test_result_base=None, verb_extension=<colcon_core.verb.build.BuildVerb object at 0x7fcfd06ca5b0>, verb_name='build', verb_parser=<colcon_defaults.argument_parser.defaults.DefaultArgumentsDecorator object at 0x7fcfd06caac0>)
[2.740s] Level 1:colcon.colcon_core.package_discovery:discover_packages(colcon_meta) check parameters
[2.740s] Level 1:colcon.colcon_core.package_discovery:discover_packages(recursive) check parameters
[2.741s] Level 1:colcon.colcon_core.package_discovery:discover_packages(ignore) check parameters
[2.741s] Level 1:colcon.colcon_core.package_discovery:discover_packages(path) check parameters
[2.741s] Level 1:colcon.colcon_core.package_discovery:discover_packages(colcon_meta) discover
[2.741s] Level 1:colcon.colcon_core.package_discovery:discover_packages(recursive) discover
[2.741s] INFO:colcon.colcon_core.package_discovery:Crawling recursively for packages in '/home/daniel/dev_ws'
[2.741s] Level 1:colcon.colcon_core.package_identification:_identify(.) by extensions ['ignore', 'ignore_ament_install']
[2.741s] Level 1:colcon.colcon_core.package_identification:_identify(.) by extension 'ignore'
[2.741s] Level 1:colcon.colcon_core.package_identification:_identify(.) by extension 'ignore_ament_install'
[2.741s] Level 1:colcon.colcon_core.package_identification:_identify(.) by extensions ['colcon_pkg']
[2.741s] Level 1:colcon.colcon_core.package_identification:_identify(.) by extension 'colcon_pkg'
[2.741s] Level 1:colcon.colcon_core.package_identification:_identify(.) by extensions ['colcon_meta']
[2.741s] Level 1:colcon.colcon_core.package_identification:_identify(.) by extension 'colcon_meta'
[2.741s] Level 1:colcon.colcon_core.package_identification:_identify(.) by extensions ['ros']
[2.741s] Level 1:colcon.colcon_core.package_identification:_identify(.) by extension 'ros'
[2.751s] Level 1:colcon.colcon_core.package_identification:_identify(.) by extensions ['cmake', 'python']
[2.751s] Level 1:colcon.colcon_core.package_identification:_identify(.) by extension 'cmake'
[2.751s] Level 1:colcon.colcon_core.package_identification:_identify(.) by extension 'python'
[2.751s] Level 1:colcon.colcon_core.package_identification:_identify(.) by extensions ['python_setup_py']
[2.751s] Level 1:colcon.colcon_core.package_identification:_identify(.) by extension 'python_setup_py'
[2.752s] Level 1:colcon.colcon_core.package_identification:_identify(build) by extensions ['ignore', 'ignore_ament_install']
[2.752s] Level 1:colcon.colcon_core.package_identification:_identify(build) by extension 'ignore'
[2.752s] Level 1:colcon.colcon_core.package_identification:_identify(build) ignored
[2.752s] Level 1:colcon.colcon_core.package_identification:_identify(install) by extensions ['ignore', 'ignore_ament_install']
[2.752s] Level 1:colcon.colcon_core.package_identification:_identify(install) by extension 'ignore'
[2.752s] Level 1:colcon.colcon_core.package_identification:_identify(install) ignored
[2.752s] Level 1:colcon.colcon_core.package_identification:_identify(log) by extensions ['ignore', 'ignore_ament_install']
[2.752s] Level 1:colcon.colcon_core.package_identification:_identify(log) by extension 'ignore'
[2.752s] Level 1:colcon.colcon_core.package_identification:_identify(log) ignored
[2.753s] Level 1:colcon.colcon_core.package_identification:_identify(src) by extensions ['ignore', 'ignore_ament_install']
[2.753s] Level 1:colcon.colcon_core.package_identification:_identify(src) by extension 'ignore'
[2.753s] Level 1:colcon.colcon_core.package_identification:_identify(src) by extension 'ignore_ament_install'
[2.753s] Level 1:colcon.colcon_core.package_identification:_identify(src) by extensions ['colcon_pkg']
[2.753s] Level 1:colcon.colcon_core.package_identification:_identify(src) by extension 'colcon_pkg'
[2.753s] Level 1:colcon.colcon_core.package_identification:_identify(src) by extensions ['colcon_meta']
[2.753s] Level 1:colcon.colcon_core.package_identification:_identify(src) by extension 'colcon_meta'
[2.753s] Level 1:colcon.colcon_core.package_identification:_identify(src) by extensions ['ros']
[2.753s] Level 1:colcon.colcon_core.package_identification:_identify(src) by extension 'ros'
[2.753s] Level 1:colcon.colcon_core.package_identification:_identify(src) by extensions ['cmake', 'python']
[2.753s] Level 1:colcon.colcon_core.package_identification:_identify(src) by extension 'cmake'
[2.753s] Level 1:colcon.colcon_core.package_identification:_identify(src) by extension 'python'
[2.753s] Level 1:colcon.colcon_core.package_identification:_identify(src) by extensions ['python_setup_py']
[2.753s] Level 1:colcon.colcon_core.package_identification:_identify(src) by extension 'python_setup_py'
[2.753s] Level 1:colcon.colcon_core.package_identification:_identify(src/articubot_one) by extensions ['ignore', 'ignore_ament_install']
[2.754s] Level 1:colcon.colcon_core.package_identification:_identify(src/articubot_one) by extension 'ignore'
[2.754s] Level 1:colcon.colcon_core.package_identification:_identify(src/articubot_one) by extension 'ignore_ament_install'
[2.754s] Level 1:colcon.colcon_core.package_identification:_identify(src/articubot_one) by extensions ['colcon_pkg']
[2.754s] Level 1:colcon.colcon_core.package_identification:_identify(src/articubot_one) by extension 'colcon_pkg'
[2.754s] Level 1:colcon.colcon_core.package_identification:_identify(src/articubot_one) by extensions ['colcon_meta']
[2.754s] Level 1:colcon.colcon_core.package_identification:_identify(src/articubot_one) by extension 'colcon_meta'
[2.754s] Level 1:colcon.colcon_core.package_identification:_identify(src/articubot_one) by extensions ['ros']
[2.754s] Level 1:colcon.colcon_core.package_identification:_identify(src/articubot_one) by extension 'ros'
[2.756s] DEBUG:colcon.colcon_core.package_identification:Package 'src/articubot_one' with type 'ros.ament_cmake' and name 'articubot_one'
[2.756s] Level 1:colcon.colcon_core.package_identification:_identify(src/robot_description) by extensions ['ignore', 'ignore_ament_install']
[2.756s] Level 1:colcon.colcon_core.package_identification:_identify(src/robot_description) by extension 'ignore'
[2.756s] Level 1:colcon.colcon_core.package_identification:_identify(src/robot_description) by extension 'ignore_ament_install'
[2.756s] Level 1:colcon.colcon_core.package_identification:_identify(src/robot_description) by extensions ['colcon_pkg']
[2.756s] Level 1:colcon.colcon_core.package_identification:_identify(src/robot_description) by extension 'colcon_pkg'
[2.756s] Level 1:colcon.colcon_core.package_identification:_identify(src/robot_description) by extensions ['colcon_meta']
[2.757s] Level 1:colcon.colcon_core.package_identification:_identify(src/robot_description) by extension 'colcon_meta'
[2.757s] Level 1:colcon.colcon_core.package_identification:_identify(src/robot_description) by extensions ['ros']
[2.757s] Level 1:colcon.colcon_core.package_identification:_identify(src/robot_description) by extension 'ros'
[2.757s] DEBUG:colcon.colcon_core.package_identification:Package 'src/robot_description' with type 'ros.ament_python' and name 'robot_description'
[2.757s] Level 1:colcon.colcon_core.package_discovery:discover_packages(recursive) using defaults
[2.757s] Level 1:colcon.colcon_core.package_discovery:discover_packages(ignore) discover
[2.757s] Level 1:colcon.colcon_core.package_discovery:discover_packages(ignore) using defaults
[2.757s] Level 1:colcon.colcon_core.package_discovery:discover_packages(path) discover
[2.757s] Level 1:colcon.colcon_core.package_discovery:discover_packages(path) using defaults
[2.999s] Level 1:colcon.colcon_core.package_discovery:discover_packages(prefix_path) check parameters
[2.999s] Level 1:colcon.colcon_core.package_discovery:discover_packages(prefix_path) discover
[3.090s] DEBUG:colcon.colcon_installed_package_information.package_discovery:Found 2 installed packages in /home/daniel/dev_ws/install
[3.137s] DEBUG:colcon.colcon_installed_package_information.package_discovery:Found 289 installed packages in /opt/ros/foxy
[3.138s] Level 1:colcon.colcon_core.package_discovery:discover_packages(prefix_path) using defaults
[3.317s] Level 5:colcon.colcon_core.verb:set package 'articubot_one' build argument 'cmake_args' from command line to 'None'
[3.317s] Level 5:colcon.colcon_core.verb:set package 'articubot_one' build argument 'cmake_target' from command line to 'None'
[3.317s] Level 5:colcon.colcon_core.verb:set package 'articubot_one' build argument 'cmake_target_skip_unavailable' from command line to 'False'
[3.317s] Level 5:colcon.colcon_core.verb:set package 'articubot_one' build argument 'cmake_clean_cache' from command line to 'False'
[3.317s] Level 5:colcon.colcon_core.verb:set package 'articubot_one' build argument 'cmake_clean_first' from command line to 'False'
[3.317s] Level 5:colcon.colcon_core.verb:set package 'articubot_one' build argument 'cmake_force_configure' from command line to 'False'
[3.317s] Level 5:colcon.colcon_core.verb:set package 'articubot_one' build argument 'ament_cmake_args' from command line to 'None'
[3.317s] Level 5:colcon.colcon_core.verb:set package 'articubot_one' build argument 'catkin_cmake_args' from command line to 'None'
[3.317s] Level 5:colcon.colcon_core.verb:set package 'articubot_one' build argument 'catkin_skip_building_tests' from command line to 'False'
[3.317s] DEBUG:colcon.colcon_core.verb:Building package 'articubot_one' with the following arguments: {'ament_cmake_args': None, 'build_base': '/home/daniel/dev_ws/build/articubot_one', 'catkin_cmake_args': None, 'catkin_skip_building_tests': False, 'cmake_args': None, 'cmake_clean_cache': False, 'cmake_clean_first': False, 'cmake_force_configure': False, 'cmake_target': None, 'cmake_target_skip_unavailable': False, 'install_base': '/home/daniel/dev_ws/install/articubot_one', 'merge_install': False, 'path': '/home/daniel/dev_ws/src/articubot_one', 'symlink_install': False, 'test_result_base': None}
[3.362s] Level 5:colcon.colcon_core.verb:set package 'robot_description' build argument 'cmake_args' from command line to 'None'
[3.362s] Level 5:colcon.colcon_core.verb:set package 'robot_description' build argument 'cmake_target' from command line to 'None'
[3.362s] Level 5:colcon.colcon_core.verb:set package 'robot_description' build argument 'cmake_target_skip_unavailable' from command line to 'False'
[3.362s] Level 5:colcon.colcon_core.verb:set package 'robot_description' build argument 'cmake_clean_cache' from command line to 'False'
[3.362s] Level 5:colcon.colcon_core.verb:set package 'robot_description' build argument 'cmake_clean_first' from command line to 'False'
[3.362s] Level 5:colcon.colcon_core.verb:set package 'robot_description' build argument 'cmake_force_configure' from command line to 'False'
[3.362s] Level 5:colcon.colcon_core.verb:set package 'robot_description' build argument 'ament_cmake_args' from command line to 'None'
[3.362s] Level 5:colcon.colcon_core.verb:set package 'robot_description' build argument 'catkin_cmake_args' from command line to 'None'
[3.362s] Level 5:colcon.colcon_core.verb:set package 'robot_description' build argument 'catkin_skip_building_tests' from command line to 'False'
[3.362s] DEBUG:colcon.colcon_core.verb:Building package 'robot_description' with the following arguments: {'ament_cmake_args': None, 'build_base': '/home/daniel/dev_ws/build/robot_description', 'catkin_cmake_args': None, 'catkin_skip_building_tests': False, 'cmake_args': None, 'cmake_clean_cache': False, 'cmake_clean_first': False, 'cmake_force_configure': False, 'cmake_target': None, 'cmake_target_skip_unavailable': False, 'install_base': '/home/daniel/dev_ws/install/robot_description', 'merge_install': False, 'path': '/home/daniel/dev_ws/src/robot_description', 'symlink_install': False, 'test_result_base': None}
[3.406s] INFO:colcon.colcon_core.executor:Executing jobs using 'parallel' executor
[3.451s] DEBUG:colcon.colcon_parallel_executor.executor.parallel:run_until_complete
[3.451s] INFO:colcon.colcon_ros.task.ament_cmake.build:Building ROS package in '/home/daniel/dev_ws/src/articubot_one' with build type 'ament_cmake'
[3.451s] INFO:colcon.colcon_cmake.task.cmake.build:Building CMake package in '/home/daniel/dev_ws/src/articubot_one'
[3.500s] INFO:colcon.colcon_core.plugin_system:Skipping extension 'colcon_core.shell.bat': Not used on non-Windows systems
[3.500s] INFO:colcon.colcon_core.shell:Skip shell extension 'powershell' for command environment: Not usable outside of PowerShell
[3.500s] DEBUG:colcon.colcon_core.shell:Skip shell extension 'dsv' for command environment
[3.650s] INFO:colcon.colcon_ros.task.ament_python.build:Building ROS package in '/home/daniel/dev_ws/src/robot_description' with build type 'ament_python'
[3.651s] Level 1:colcon.colcon_core.shell:create_environment_hook('robot_description', 'ament_prefix_path')
[3.701s] INFO:colcon.colcon_core.shell:Creating environment hook '/home/daniel/dev_ws/install/robot_description/share/robot_description/hook/ament_prefix_path.ps1'
[3.702s] INFO:colcon.colcon_core.shell:Creating environment descriptor '/home/daniel/dev_ws/install/robot_description/share/robot_description/hook/ament_prefix_path.dsv'
[3.702s] INFO:colcon.colcon_core.shell:Creating environment hook '/home/daniel/dev_ws/install/robot_description/share/robot_description/hook/ament_prefix_path.sh'
[3.750s] INFO:colcon.colcon_core.shell:Skip shell extension 'powershell' for command environment: Not usable outside of PowerShell
[3.750s] DEBUG:colcon.colcon_core.shell:Skip shell extension 'dsv' for command environment
[3.900s] DEBUG:colcon.colcon_core.event_handler.log_command:Invoking command in '/home/daniel/dev_ws/build/articubot_one': CMAKE_PREFIX_PATH=${CMAKE_PREFIX_PATH}:/home/daniel/dev_ws/install/robot_description:/opt/ros/foxy /usr/bin/cmake --build /home/daniel/dev_ws/build/articubot_one -- -j8 -l8
[4.152s] INFO:colcon.colcon_core.task.python.build:Building Python package in '/home/daniel/dev_ws/src/robot_description'
[4.203s] INFO:colcon.colcon_core.shell:Skip shell extension 'powershell' for command environment: Not usable outside of PowerShell
[4.203s] DEBUG:colcon.colcon_core.shell:Skip shell extension 'dsv' for command environment
[4.455s] DEBUG:colcon.colcon_core.event_handler.log_command:Invoked command in '/home/daniel/dev_ws/build/articubot_one' returned '0': CMAKE_PREFIX_PATH=${CMAKE_PREFIX_PATH}:/home/daniel/dev_ws/install/robot_description:/opt/ros/foxy /usr/bin/cmake --build /home/daniel/dev_ws/build/articubot_one -- -j8 -l8
[4.490s] DEBUG:colcon.colcon_core.event_handler.log_command:Invoking command in '/home/daniel/dev_ws/build/articubot_one': CMAKE_PREFIX_PATH=${CMAKE_PREFIX_PATH}:/home/daniel/dev_ws/install/robot_description:/opt/ros/foxy /usr/bin/cmake --install /home/daniel/dev_ws/build/articubot_one
[4.542s] Level 1:colcon.colcon_core.environment:create_environment_scripts_only(articubot_one)
[4.542s] DEBUG:colcon.colcon_core.event_handler.log_command:Invoked command in '/home/daniel/dev_ws/build/articubot_one' returned '0': CMAKE_PREFIX_PATH=${CMAKE_PREFIX_PATH}:/home/daniel/dev_ws/install/robot_description:/opt/ros/foxy /usr/bin/cmake --install /home/daniel/dev_ws/build/articubot_one
[4.595s] Level 1:colcon.colcon_core.environment:checking '/home/daniel/dev_ws/install/articubot_one' for CMake module files
[4.595s] Level 1:colcon.colcon_core.environment:checking '/home/daniel/dev_ws/install/articubot_one' for CMake config files
[4.596s] Level 1:colcon.colcon_core.shell:create_environment_hook('articubot_one', 'cmake_prefix_path')
[4.645s] INFO:colcon.colcon_core.shell:Creating environment hook '/home/daniel/dev_ws/install/articubot_one/share/articubot_one/hook/cmake_prefix_path.ps1'
[4.645s] INFO:colcon.colcon_core.shell:Creating environment descriptor '/home/daniel/dev_ws/install/articubot_one/share/articubot_one/hook/cmake_prefix_path.dsv'
[4.646s] INFO:colcon.colcon_core.shell:Creating environment hook '/home/daniel/dev_ws/install/articubot_one/share/articubot_one/hook/cmake_prefix_path.sh'
[4.646s] Level 1:colcon.colcon_core.environment:checking '/home/daniel/dev_ws/install/articubot_one/bin'
[4.647s] Level 1:colcon.colcon_core.environment:checking '/home/daniel/dev_ws/install/articubot_one/lib/pkgconfig/articubot_one.pc'
[4.647s] Level 1:colcon.colcon_core.environment:checking '/home/daniel/dev_ws/install/articubot_one/lib/python3.8/site-packages'
[4.647s] Level 1:colcon.colcon_core.environment:checking '/home/daniel/dev_ws/install/articubot_one/bin'
[4.697s] INFO:colcon.colcon_core.shell:Creating package script '/home/daniel/dev_ws/install/articubot_one/share/articubot_one/package.ps1'
[4.698s] INFO:colcon.colcon_core.shell:Creating package descriptor '/home/daniel/dev_ws/install/articubot_one/share/articubot_one/package.dsv'
[4.698s] INFO:colcon.colcon_core.shell:Creating package script '/home/daniel/dev_ws/install/articubot_one/share/articubot_one/package.sh'
[4.699s] INFO:colcon.colcon_core.shell:Creating package script '/home/daniel/dev_ws/install/articubot_one/share/articubot_one/package.bash'
[4.700s] INFO:colcon.colcon_core.shell:Creating package script '/home/daniel/dev_ws/install/articubot_one/share/articubot_one/package.zsh'
[4.700s] Level 1:colcon.colcon_core.environment:create_file_with_runtime_dependencies(/home/daniel/dev_ws/install/articubot_one/share/colcon-core/packages/articubot_one)
[4.795s] Level 1:colcon.colcon_core.environment:create_environment_scripts_only(articubot_one)
[4.857s] Level 1:colcon.colcon_core.environment:checking '/home/daniel/dev_ws/install/articubot_one' for CMake module files
[4.857s] Level 1:colcon.colcon_core.environment:checking '/home/daniel/dev_ws/install/articubot_one' for CMake config files
[4.858s] Level 1:colcon.colcon_core.shell:create_environment_hook('articubot_one', 'cmake_prefix_path')
[4.906s] INFO:colcon.colcon_core.shell:Creating environment hook '/home/daniel/dev_ws/install/articubot_one/share/articubot_one/hook/cmake_prefix_path.ps1'
[4.906s] INFO:colcon.colcon_core.shell:Creating environment descriptor '/home/daniel/dev_ws/install/articubot_one/share/articubot_one/hook/cmake_prefix_path.dsv'
[4.907s] INFO:colcon.colcon_core.shell:Creating environment hook '/home/daniel/dev_ws/install/articubot_one/share/articubot_one/hook/cmake_prefix_path.sh'
[4.907s] Level 1:colcon.colcon_core.environment:checking '/home/daniel/dev_ws/install/articubot_one/bin'
[4.907s] Level 1:colcon.colcon_core.environment:checking '/home/daniel/dev_ws/install/articubot_one/lib/pkgconfig/articubot_one.pc'
[4.908s] Level 1:colcon.colcon_core.environment:checking '/home/daniel/dev_ws/install/articubot_one/lib/python3.8/site-packages'
[4.908s] Level 1:colcon.colcon_core.environment:checking '/home/daniel/dev_ws/install/articubot_one/bin'
[4.953s] INFO:colcon.colcon_core.shell:Creating package script '/home/daniel/dev_ws/install/articubot_one/share/articubot_one/package.ps1'
[4.954s] INFO:colcon.colcon_core.shell:Creating package descriptor '/home/daniel/dev_ws/install/articubot_one/share/articubot_one/package.dsv'
[4.954s] INFO:colcon.colcon_core.shell:Creating package script '/home/daniel/dev_ws/install/articubot_one/share/articubot_one/package.sh'
[4.955s] INFO:colcon.colcon_core.shell:Creating package script '/home/daniel/dev_ws/install/articubot_one/share/articubot_one/package.bash'
[4.955s] INFO:colcon.colcon_core.shell:Creating package script '/home/daniel/dev_ws/install/articubot_one/share/articubot_one/package.zsh'
[4.956s] Level 1:colcon.colcon_core.environment:create_file_with_runtime_dependencies(/home/daniel/dev_ws/install/articubot_one/share/colcon-core/packages/articubot_one)
[4.962s] DEBUG:colcon.colcon_core.event_handler.log_command:Invoking command in '/home/daniel/dev_ws/src/robot_description': PYTHONPATH=/home/daniel/dev_ws/build/robot_description/prefix_override:/home/daniel/dev_ws/install/robot_description/lib/python3.8/site-packages:${PYTHONPATH} /usr/bin/python3 setup.py egg_info --egg-base ../../build/robot_description build --build-base /home/daniel/dev_ws/build/robot_description/build install --record /home/daniel/dev_ws/build/robot_description/install.log --install-scripts $base/lib/robot_description --single-version-externally-managed
[5.253s] DEBUG:colcon.colcon_core.event_handler.log_command:Invoked command in '/home/daniel/dev_ws/src/robot_description' returned '0': PYTHONPATH=/home/daniel/dev_ws/build/robot_description/prefix_override:/home/daniel/dev_ws/install/robot_description/lib/python3.8/site-packages:${PYTHONPATH} /usr/bin/python3 setup.py egg_info --egg-base ../../build/robot_description build --build-base /home/daniel/dev_ws/build/robot_description/build install --record /home/daniel/dev_ws/build/robot_description/install.log --install-scripts $base/lib/robot_description --single-version-externally-managed
[5.304s] Level 1:colcon.colcon_core.environment:checking '/home/daniel/dev_ws/install/robot_description' for CMake module files
[5.305s] Level 1:colcon.colcon_core.environment:checking '/home/daniel/dev_ws/install/robot_description' for CMake config files
[5.305s] Level 1:colcon.colcon_core.environment:checking '/home/daniel/dev_ws/install/robot_description/lib'
[5.305s] Level 1:colcon.colcon_core.environment:checking '/home/daniel/dev_ws/install/robot_description/bin'
[5.305s] Level 1:colcon.colcon_core.environment:checking '/home/daniel/dev_ws/install/robot_description/lib/pkgconfig/robot_description.pc'
[5.306s] Level 1:colcon.colcon_core.environment:checking '/home/daniel/dev_ws/install/robot_description/lib/python3.8/site-packages'
[5.306s] Level 1:colcon.colcon_core.shell:create_environment_hook('robot_description', 'pythonpath')
[5.354s] INFO:colcon.colcon_core.shell:Creating environment hook '/home/daniel/dev_ws/install/robot_description/share/robot_description/hook/pythonpath.ps1'
[5.355s] INFO:colcon.colcon_core.shell:Creating environment descriptor '/home/daniel/dev_ws/install/robot_description/share/robot_description/hook/pythonpath.dsv'
[5.355s] INFO:colcon.colcon_core.shell:Creating environment hook '/home/daniel/dev_ws/install/robot_description/share/robot_description/hook/pythonpath.sh'
[5.356s] Level 1:colcon.colcon_core.environment:checking '/home/daniel/dev_ws/install/robot_description/bin'
[5.356s] Level 1:colcon.colcon_core.environment:create_environment_scripts_only(robot_description)
[5.404s] INFO:colcon.colcon_core.shell:Creating package script '/home/daniel/dev_ws/install/robot_description/share/robot_description/package.ps1'
[5.405s] INFO:colcon.colcon_core.shell:Creating package descriptor '/home/daniel/dev_ws/install/robot_description/share/robot_description/package.dsv'
[5.405s] INFO:colcon.colcon_core.shell:Creating package script '/home/daniel/dev_ws/install/robot_description/share/robot_description/package.sh'
[5.406s] INFO:colcon.colcon_core.shell:Creating package script '/home/daniel/dev_ws/install/robot_description/share/robot_description/package.bash'
[5.406s] INFO:colcon.colcon_core.shell:Creating package script '/home/daniel/dev_ws/install/robot_description/share/robot_description/package.zsh'
[5.407s] Level 1:colcon.colcon_core.environment:create_file_with_runtime_dependencies(/home/daniel/dev_ws/install/robot_description/share/colcon-core/packages/robot_description)
[5.407s] DEBUG:colcon.colcon_parallel_executor.executor.parallel:closing loop
[5.407s] DEBUG:colcon.colcon_parallel_executor.executor.parallel:loop closed
[5.408s] DEBUG:colcon.colcon_parallel_executor.executor.parallel:run_until_complete finished with '0'
[5.408s] DEBUG:colcon.colcon_core.event_reactor:joining thread
[5.462s] INFO:colcon.colcon_core.plugin_system:Skipping extension 'colcon_notification.desktop_notification.terminal_notifier': Not used on non-Darwin systems
[5.462s] INFO:colcon.colcon_core.plugin_system:Skipping extension 'colcon_notification.desktop_notification.win32': Not used on non-Windows systems
[5.462s] INFO:colcon.colcon_notification.desktop_notification:Sending desktop notification using 'notify2'
[5.476s] DEBUG:colcon.colcon_core.event_reactor:joined thread
[5.526s] INFO:colcon.colcon_core.shell:Creating prefix script '/home/daniel/dev_ws/install/local_setup.ps1'
[5.527s] INFO:colcon.colcon_core.shell:Creating prefix util module '/home/daniel/dev_ws/install/_local_setup_util_ps1.py'
[5.528s] INFO:colcon.colcon_core.shell:Creating prefix chain script '/home/daniel/dev_ws/install/setup.ps1'
[5.578s] INFO:colcon.colcon_core.shell:Creating prefix script '/home/daniel/dev_ws/install/local_setup.sh'
[5.579s] INFO:colcon.colcon_core.shell:Creating prefix util module '/home/daniel/dev_ws/install/_local_setup_util_sh.py'
[5.579s] INFO:colcon.colcon_core.shell:Creating prefix chain script '/home/daniel/dev_ws/install/setup.sh'
[5.630s] INFO:colcon.colcon_core.shell:Creating prefix script '/home/daniel/dev_ws/install/local_setup.bash'
[5.631s] INFO:colcon.colcon_core.shell:Creating prefix chain script '/home/daniel/dev_ws/install/setup.bash'
[5.680s] INFO:colcon.colcon_core.shell:Creating prefix script '/home/daniel/dev_ws/install/local_setup.zsh'
[5.681s] INFO:colcon.colcon_core.shell:Creating prefix chain script '/home/daniel/dev_ws/install/setup.zsh'
