[1.183s] Invoking command in '/home/daniel/dev_ws/build/ros2_data': CMAKE_PREFIX_PATH=/opt/ros/foxy /usr/bin/cmake --build /home/daniel/dev_ws/build/ros2_data -- -j8 -l8
[2.817s] [  0%] Built target ros2_data__cpp
[2.817s] [ 12%] Built target ros2_data__rosidl_generator_c
[2.817s] [ 24%] Built target ros2_data__rosidl_typesupport_introspection_c
[2.818s] [ 36%] Built target ros2_data__rosidl_typesupport_cpp
[2.818s] [ 48%] Built target ros2_data__rosidl_typesupport_introspection_cpp
[2.818s] [ 60%] Built target ros2_data__rosidl_typesupport_c
[2.818s] [ 71%] Built target ros2_data__rosidl_typesupport_fastrtps_cpp
[2.818s] [ 83%] Built target ros2_data__rosidl_typesupport_fastrtps_c
[2.819s] [ 83%] Built target ros2_data
[2.819s] [ 84%] Built target ros2_data__py
[2.819s] [35m[1mScanning dependencies of target ros2_data__python[0m
[2.819s] [ 85%] [32mBuilding C object CMakeFiles/ros2_data__python.dir/rosidl_generator_py/ros2_data/action/_move_js_s.c.o[0m
[2.819s] [ 87%] [32mBuilding C object CMakeFiles/ros2_data__python.dir/rosidl_generator_py/ros2_data/msg/_joint_pose_s_s.c.o[0m
[2.820s] [ 88%] [32mBuilding C object CMakeFiles/ros2_data__python.dir/rosidl_generator_py/ros2_data/msg/_joint_pose_s.c.o[0m
[2.820s] [ 88%] [32mBuilding C object CMakeFiles/ros2_data__python.dir/rosidl_generator_py/ros2_data/action/_move_j_s.c.o[0m
[2.820s] [ 88%] [32mBuilding C object CMakeFiles/ros2_data__python.dir/rosidl_generator_py/ros2_data/action/_move_g_s.c.o[0m
[2.820s] [ 89%] [32mBuilding C object CMakeFiles/ros2_data__python.dir/rosidl_generator_py/ros2_data/action/_move_xyzw_s.c.o[0m
[2.820s] [ 90%] [32mBuilding C object CMakeFiles/ros2_data__python.dir/rosidl_generator_py/ros2_data/action/_move_l_s.c.o[0m
[2.821s] [ 91%] [32mBuilding C object CMakeFiles/ros2_data__python.dir/rosidl_generator_py/ros2_data/action/_move_r_s.c.o[0m
[3.031s] [ 92%] [32mBuilding C object CMakeFiles/ros2_data__python.dir/rosidl_generator_py/ros2_data/action/_move_xyz_s.c.o[0m
[3.045s] [ 93%] [32mBuilding C object CMakeFiles/ros2_data__python.dir/rosidl_generator_py/ros2_data/action/_move_ypr_s.c.o[0m
[3.045s] [ 93%] [32mBuilding C object CMakeFiles/ros2_data__python.dir/rosidl_generator_py/ros2_data/action/_move_rot_s.c.o[0m
[3.057s] [ 94%] [32mBuilding C object CMakeFiles/ros2_data__python.dir/rosidl_generator_py/ros2_data/action/_move_rp_s.c.o[0m
[3.433s] [ 95%] [32m[1mLinking C shared library rosidl_generator_py/ros2_data/libros2_data__python.so[0m
[4.026s] [ 95%] Built target ros2_data__python
[4.141s] [35m[1mScanning dependencies of target ros2_data__rosidl_typesupport_introspection_c__pyext[0m
[4.142s] [35m[1mScanning dependencies of target ros2_data__rosidl_typesupport_fastrtps_c__pyext[0m
[4.142s] [35m[1mScanning dependencies of target ros2_data__rosidl_typesupport_c__pyext[0m
[4.350s] [ 95%] [32mBuilding C object CMakeFiles/ros2_data__rosidl_typesupport_c__pyext.dir/rosidl_generator_py/ros2_data/_ros2_data_s.ep.rosidl_typesupport_c.c.o[0m
[4.351s] [ 96%] [32mBuilding C object CMakeFiles/ros2_data__rosidl_typesupport_introspection_c__pyext.dir/rosidl_generator_py/ros2_data/_ros2_data_s.ep.rosidl_typesupport_introspection_c.c.o[0m
[4.360s] [ 97%] [32mBuilding C object CMakeFiles/ros2_data__rosidl_typesupport_fastrtps_c__pyext.dir/rosidl_generator_py/ros2_data/_ros2_data_s.ep.rosidl_typesupport_fastrtps_c.c.o[0m
[5.354s] [ 98%] [32m[1mLinking C shared library rosidl_generator_py/ros2_data/ros2_data_s__rosidl_typesupport_introspection_c.cpython-38-x86_64-linux-gnu.so[0m
[5.390s] [ 99%] [32m[1mLinking CXX shared library rosidl_generator_py/ros2_data/ros2_data_s__rosidl_typesupport_fastrtps_c.cpython-38-x86_64-linux-gnu.so[0m
[5.392s] [100%] [32m[1mLinking C shared library rosidl_generator_py/ros2_data/ros2_data_s__rosidl_typesupport_c.cpython-38-x86_64-linux-gnu.so[0m
[5.486s] [100%] Built target ros2_data__rosidl_typesupport_c__pyext
[5.486s] [100%] Built target ros2_data__rosidl_typesupport_introspection_c__pyext
[5.909s] [100%] Built target ros2_data__rosidl_typesupport_fastrtps_c__pyext
[5.922s] Invoked command in '/home/daniel/dev_ws/build/ros2_data' returned '0': CMAKE_PREFIX_PATH=/opt/ros/foxy /usr/bin/cmake --build /home/daniel/dev_ws/build/ros2_data -- -j8 -l8
[6.150s] Invoking command in '/home/daniel/dev_ws/build/ros2_data': CMAKE_PREFIX_PATH=/opt/ros/foxy /usr/bin/cmake --install /home/daniel/dev_ws/build/ros2_data
[6.193s] -- Install configuration: ""
[6.194s] -- Up-to-date: /home/daniel/dev_ws/install/ros2_data/share/ament_index/resource_index/rosidl_interfaces/ros2_data
[6.194s] -- Up-to-date: /home/daniel/dev_ws/install/ros2_data/include/ros2_data
[6.195s] -- Up-to-date: /home/daniel/dev_ws/install/ros2_data/include/ros2_data/msg
[6.196s] -- Up-to-date: /home/daniel/dev_ws/install/ros2_data/include/ros2_data/msg/rosidl_generator_c__visibility_control.h
[6.196s] -- Up-to-date: /home/daniel/dev_ws/install/ros2_data/include/ros2_data/msg/joint_pose_s.h
[6.197s] -- Up-to-date: /home/daniel/dev_ws/install/ros2_data/include/ros2_data/msg/joint_pose.h
[6.198s] -- Up-to-date: /home/daniel/dev_ws/install/ros2_data/include/ros2_data/msg/detail
[6.198s] -- Up-to-date: /home/daniel/dev_ws/install/ros2_data/include/ros2_data/msg/detail/joint_pose__type_support.h
[6.199s] -- Up-to-date: /home/daniel/dev_ws/install/ros2_data/include/ros2_data/msg/detail/joint_pose__functions.h
[6.199s] -- Up-to-date: /home/daniel/dev_ws/install/ros2_data/include/ros2_data/msg/detail/joint_pose_s__functions.h
[6.200s] -- Up-to-date: /home/daniel/dev_ws/install/ros2_data/include/ros2_data/msg/detail/joint_pose__functions.c
[6.200s] -- Up-to-date: /home/daniel/dev_ws/install/ros2_data/include/ros2_data/msg/detail/joint_pose__struct.h
[6.200s] -- Up-to-date: /home/daniel/dev_ws/install/ros2_data/include/ros2_data/msg/detail/joint_pose_s__struct.h
[6.201s] -- Up-to-date: /home/daniel/dev_ws/install/ros2_data/include/ros2_data/msg/detail/joint_pose_s__type_support.h
[6.201s] -- Up-to-date: /home/daniel/dev_ws/install/ros2_data/include/ros2_data/msg/detail/joint_pose_s__functions.c
[6.202s] -- Up-to-date: /home/daniel/dev_ws/install/ros2_data/include/ros2_data/action
[6.202s] -- Up-to-date: /home/daniel/dev_ws/install/ros2_data/include/ros2_data/action/move_js.h
[6.202s] -- Up-to-date: /home/daniel/dev_ws/install/ros2_data/include/ros2_data/action/move_xyz.h
[6.203s] -- Up-to-date: /home/daniel/dev_ws/install/ros2_data/include/ros2_data/action/move_j.h
[6.203s] -- Up-to-date: /home/daniel/dev_ws/install/ros2_data/include/ros2_data/action/move_xyzw.h
[6.204s] -- Up-to-date: /home/daniel/dev_ws/install/ros2_data/include/ros2_data/action/move_rot.h
[6.204s] -- Up-to-date: /home/daniel/dev_ws/install/ros2_data/include/ros2_data/action/move_g.h
[6.205s] -- Up-to-date: /home/daniel/dev_ws/install/ros2_data/include/ros2_data/action/move_rp.h
[6.205s] -- Up-to-date: /home/daniel/dev_ws/install/ros2_data/include/ros2_data/action/move_r.h
[6.206s] -- Up-to-date: /home/daniel/dev_ws/install/ros2_data/include/ros2_data/action/move_l.h
[6.206s] -- Up-to-date: /home/daniel/dev_ws/install/ros2_data/include/ros2_data/action/detail
[6.206s] -- Up-to-date: /home/daniel/dev_ws/install/ros2_data/include/ros2_data/action/detail/move_g__functions.h
[6.207s] -- Up-to-date: /home/daniel/dev_ws/install/ros2_data/include/ros2_data/action/detail/move_rp__functions.c
[6.207s] -- Up-to-date: /home/daniel/dev_ws/install/ros2_data/include/ros2_data/action/detail/move_r__functions.c
[6.207s] -- Up-to-date: /home/daniel/dev_ws/install/ros2_data/include/ros2_data/action/detail/move_r__functions.h
[6.207s] -- Up-to-date: /home/daniel/dev_ws/install/ros2_data/include/ros2_data/action/detail/move_ypr__functions.c
[6.208s] -- Up-to-date: /home/daniel/dev_ws/install/ros2_data/include/ros2_data/action/detail/move_rp__type_support.h
[6.208s] -- Up-to-date: /home/daniel/dev_ws/install/ros2_data/include/ros2_data/action/detail/move_rot__functions.c
[6.208s] -- Up-to-date: /home/daniel/dev_ws/install/ros2_data/include/ros2_data/action/detail/move_rot__type_support.h
[6.208s] -- Up-to-date: /home/daniel/dev_ws/install/ros2_data/include/ros2_data/action/detail/move_xyz__functions.c
[6.209s] -- Up-to-date: /home/daniel/dev_ws/install/ros2_data/include/ros2_data/action/detail/move_rp__functions.h
[6.209s] -- Up-to-date: /home/daniel/dev_ws/install/ros2_data/include/ros2_data/action/detail/move_xyz__struct.h
[6.209s] -- Up-to-date: /home/daniel/dev_ws/install/ros2_data/include/ros2_data/action/detail/move_js__functions.c
[6.210s] -- Up-to-date: /home/daniel/dev_ws/install/ros2_data/include/ros2_data/action/detail/move_j__type_support.h
[6.210s] -- Up-to-date: /home/daniel/dev_ws/install/ros2_data/include/ros2_data/action/detail/move_j__functions.c
[6.210s] -- Up-to-date: /home/daniel/dev_ws/install/ros2_data/include/ros2_data/action/detail/move_g__type_support.h
[6.210s] -- Up-to-date: /home/daniel/dev_ws/install/ros2_data/include/ros2_data/action/detail/move_ypr__functions.h
[6.211s] -- Up-to-date: /home/daniel/dev_ws/install/ros2_data/include/ros2_data/action/detail/move_js__functions.h
[6.211s] -- Up-to-date: /home/daniel/dev_ws/install/ros2_data/include/ros2_data/action/detail/move_l__type_support.h
[6.211s] -- Up-to-date: /home/daniel/dev_ws/install/ros2_data/include/ros2_data/action/detail/move_l__struct.h
[6.211s] -- Up-to-date: /home/daniel/dev_ws/install/ros2_data/include/ros2_data/action/detail/move_xyzw__functions.h
[6.212s] -- Up-to-date: /home/daniel/dev_ws/install/ros2_data/include/ros2_data/action/detail/move_xyz__functions.h
[6.212s] -- Up-to-date: /home/daniel/dev_ws/install/ros2_data/include/ros2_data/action/detail/move_g__struct.h
[6.212s] -- Up-to-date: /home/daniel/dev_ws/install/ros2_data/include/ros2_data/action/detail/move_l__functions.h
[6.212s] -- Up-to-date: /home/daniel/dev_ws/install/ros2_data/include/ros2_data/action/detail/move_ypr__type_support.h
[6.213s] -- Up-to-date: /home/daniel/dev_ws/install/ros2_data/include/ros2_data/action/detail/move_j__struct.h
[6.213s] -- Up-to-date: /home/daniel/dev_ws/install/ros2_data/include/ros2_data/action/detail/move_xyzw__struct.h
[6.213s] -- Up-to-date: /home/daniel/dev_ws/install/ros2_data/include/ros2_data/action/detail/move_xyzw__functions.c
[6.214s] -- Up-to-date: /home/daniel/dev_ws/install/ros2_data/include/ros2_data/action/detail/move_rot__functions.h
[6.214s] -- Up-to-date: /home/daniel/dev_ws/install/ros2_data/include/ros2_data/action/detail/move_r__type_support.h
[6.214s] -- Up-to-date: /home/daniel/dev_ws/install/ros2_data/include/ros2_data/action/detail/move_r__struct.h
[6.215s] -- Up-to-date: /home/daniel/dev_ws/install/ros2_data/include/ros2_data/action/detail/move_ypr__struct.h
[6.215s] -- Up-to-date: /home/daniel/dev_ws/install/ros2_data/include/ros2_data/action/detail/move_g__functions.c
[6.215s] -- Up-to-date: /home/daniel/dev_ws/install/ros2_data/include/ros2_data/action/detail/move_rot__struct.h
[6.215s] -- Up-to-date: /home/daniel/dev_ws/install/ros2_data/include/ros2_data/action/detail/move_xyzw__type_support.h
[6.216s] -- Up-to-date: /home/daniel/dev_ws/install/ros2_data/include/ros2_data/action/detail/move_xyz__type_support.h
[6.216s] -- Up-to-date: /home/daniel/dev_ws/install/ros2_data/include/ros2_data/action/detail/move_rp__struct.h
[6.216s] -- Up-to-date: /home/daniel/dev_ws/install/ros2_data/include/ros2_data/action/detail/move_j__functions.h
[6.216s] -- Up-to-date: /home/daniel/dev_ws/install/ros2_data/include/ros2_data/action/detail/move_l__functions.c
[6.217s] -- Up-to-date: /home/daniel/dev_ws/install/ros2_data/include/ros2_data/action/detail/move_js__type_support.h
[6.217s] -- Up-to-date: /home/daniel/dev_ws/install/ros2_data/include/ros2_data/action/detail/move_js__struct.h
[6.217s] -- Up-to-date: /home/daniel/dev_ws/install/ros2_data/include/ros2_data/action/move_ypr.h
[6.217s] -- Up-to-date: /home/daniel/dev_ws/install/ros2_data/share/ros2_data/environment/library_path.sh
[6.218s] -- Up-to-date: /home/daniel/dev_ws/install/ros2_data/share/ros2_data/environment/library_path.dsv
[6.219s] -- Up-to-date: /home/daniel/dev_ws/install/ros2_data/lib/libros2_data__rosidl_generator_c.so
[6.220s] -- Up-to-date: /home/daniel/dev_ws/install/ros2_data/include/ros2_data
[6.220s] -- Up-to-date: /home/daniel/dev_ws/install/ros2_data/include/ros2_data/msg
[6.221s] -- Up-to-date: /home/daniel/dev_ws/install/ros2_data/include/ros2_data/msg/rosidl_typesupport_fastrtps_c__visibility_control.h
[6.221s] -- Up-to-date: /home/daniel/dev_ws/install/ros2_data/include/ros2_data/msg/detail
[6.222s] -- Up-to-date: /home/daniel/dev_ws/install/ros2_data/include/ros2_data/msg/detail/joint_pose__rosidl_typesupport_fastrtps_c.h
[6.222s] -- Up-to-date: /home/daniel/dev_ws/install/ros2_data/include/ros2_data/msg/detail/joint_pose_s__rosidl_typesupport_fastrtps_c.h
[6.223s] -- Up-to-date: /home/daniel/dev_ws/install/ros2_data/include/ros2_data/action
[6.223s] -- Up-to-date: /home/daniel/dev_ws/install/ros2_data/include/ros2_data/action/detail
[6.223s] -- Up-to-date: /home/daniel/dev_ws/install/ros2_data/include/ros2_data/action/detail/move_xyz__rosidl_typesupport_fastrtps_c.h
[6.224s] -- Up-to-date: /home/daniel/dev_ws/install/ros2_data/include/ros2_data/action/detail/move_ypr__rosidl_typesupport_fastrtps_c.h
[6.224s] -- Up-to-date: /home/daniel/dev_ws/install/ros2_data/include/ros2_data/action/detail/move_r__rosidl_typesupport_fastrtps_c.h
[6.224s] -- Up-to-date: /home/daniel/dev_ws/install/ros2_data/include/ros2_data/action/detail/move_j__rosidl_typesupport_fastrtps_c.h
[6.224s] -- Up-to-date: /home/daniel/dev_ws/install/ros2_data/include/ros2_data/action/detail/move_g__rosidl_typesupport_fastrtps_c.h
[6.225s] -- Up-to-date: /home/daniel/dev_ws/install/ros2_data/include/ros2_data/action/detail/move_xyzw__rosidl_typesupport_fastrtps_c.h
[6.225s] -- Up-to-date: /home/daniel/dev_ws/install/ros2_data/include/ros2_data/action/detail/move_js__rosidl_typesupport_fastrtps_c.h
[6.225s] -- Up-to-date: /home/daniel/dev_ws/install/ros2_data/include/ros2_data/action/detail/move_l__rosidl_typesupport_fastrtps_c.h
[6.225s] -- Up-to-date: /home/daniel/dev_ws/install/ros2_data/include/ros2_data/action/detail/move_rot__rosidl_typesupport_fastrtps_c.h
[6.226s] -- Up-to-date: /home/daniel/dev_ws/install/ros2_data/include/ros2_data/action/detail/move_rp__rosidl_typesupport_fastrtps_c.h
[6.252s] -- Up-to-date: /home/daniel/dev_ws/install/ros2_data/lib/libros2_data__rosidl_typesupport_fastrtps_c.so
[6.253s] -- Up-to-date: /home/daniel/dev_ws/install/ros2_data/include/ros2_data
[6.254s] -- Up-to-date: /home/daniel/dev_ws/install/ros2_data/include/ros2_data/msg
[6.254s] -- Up-to-date: /home/daniel/dev_ws/install/ros2_data/include/ros2_data/msg/rosidl_typesupport_fastrtps_cpp__visibility_control.h
[6.254s] -- Up-to-date: /home/daniel/dev_ws/install/ros2_data/include/ros2_data/msg/detail
[6.254s] -- Up-to-date: /home/daniel/dev_ws/install/ros2_data/include/ros2_data/msg/detail/joint_pose_s__rosidl_typesupport_fastrtps_cpp.hpp
[6.254s] -- Up-to-date: /home/daniel/dev_ws/install/ros2_data/include/ros2_data/msg/detail/dds_fastrtps
[6.254s] -- Up-to-date: /home/daniel/dev_ws/install/ros2_data/include/ros2_data/msg/detail/joint_pose__rosidl_typesupport_fastrtps_cpp.hpp
[6.255s] -- Up-to-date: /home/daniel/dev_ws/install/ros2_data/include/ros2_data/action
[6.255s] -- Up-to-date: /home/daniel/dev_ws/install/ros2_data/include/ros2_data/action/detail
[6.255s] -- Up-to-date: /home/daniel/dev_ws/install/ros2_data/include/ros2_data/action/detail/move_rot__rosidl_typesupport_fastrtps_cpp.hpp
[6.255s] -- Up-to-date: /home/daniel/dev_ws/install/ros2_data/include/ros2_data/action/detail/move_rp__rosidl_typesupport_fastrtps_cpp.hpp
[6.255s] -- Up-to-date: /home/daniel/dev_ws/install/ros2_data/include/ros2_data/action/detail/move_j__rosidl_typesupport_fastrtps_cpp.hpp
[6.255s] -- Up-to-date: /home/daniel/dev_ws/install/ros2_data/include/ros2_data/action/detail/move_ypr__rosidl_typesupport_fastrtps_cpp.hpp
[6.255s] -- Up-to-date: /home/daniel/dev_ws/install/ros2_data/include/ros2_data/action/detail/move_g__rosidl_typesupport_fastrtps_cpp.hpp
[6.255s] -- Up-to-date: /home/daniel/dev_ws/install/ros2_data/include/ros2_data/action/detail/move_js__rosidl_typesupport_fastrtps_cpp.hpp
[6.256s] -- Up-to-date: /home/daniel/dev_ws/install/ros2_data/include/ros2_data/action/detail/move_xyzw__rosidl_typesupport_fastrtps_cpp.hpp
[6.256s] -- Up-to-date: /home/daniel/dev_ws/install/ros2_data/include/ros2_data/action/detail/move_l__rosidl_typesupport_fastrtps_cpp.hpp
[6.256s] -- Up-to-date: /home/daniel/dev_ws/install/ros2_data/include/ros2_data/action/detail/move_xyz__rosidl_typesupport_fastrtps_cpp.hpp
[6.256s] -- Up-to-date: /home/daniel/dev_ws/install/ros2_data/include/ros2_data/action/detail/dds_fastrtps
[6.256s] -- Up-to-date: /home/daniel/dev_ws/install/ros2_data/include/ros2_data/action/detail/move_r__rosidl_typesupport_fastrtps_cpp.hpp
[6.278s] -- Up-to-date: /home/daniel/dev_ws/install/ros2_data/lib/libros2_data__rosidl_typesupport_fastrtps_cpp.so
[6.279s] -- Up-to-date: /home/daniel/dev_ws/install/ros2_data/include/ros2_data
[6.279s] -- Up-to-date: /home/daniel/dev_ws/install/ros2_data/include/ros2_data/msg
[6.279s] -- Up-to-date: /home/daniel/dev_ws/install/ros2_data/include/ros2_data/msg/rosidl_typesupport_introspection_c__visibility_control.h
[6.279s] -- Up-to-date: /home/daniel/dev_ws/install/ros2_data/include/ros2_data/msg/detail
[6.279s] -- Up-to-date: /home/daniel/dev_ws/install/ros2_data/include/ros2_data/msg/detail/joint_pose__rosidl_typesupport_introspection_c.h
[6.280s] -- Up-to-date: /home/daniel/dev_ws/install/ros2_data/include/ros2_data/msg/detail/joint_pose__type_support.c
[6.280s] -- Up-to-date: /home/daniel/dev_ws/install/ros2_data/include/ros2_data/msg/detail/joint_pose_s__type_support.c
[6.280s] -- Up-to-date: /home/daniel/dev_ws/install/ros2_data/include/ros2_data/msg/detail/joint_pose_s__rosidl_typesupport_introspection_c.h
[6.280s] -- Up-to-date: /home/daniel/dev_ws/install/ros2_data/include/ros2_data/action
[6.280s] -- Up-to-date: /home/daniel/dev_ws/install/ros2_data/include/ros2_data/action/detail
[6.280s] -- Up-to-date: /home/daniel/dev_ws/install/ros2_data/include/ros2_data/action/detail/move_js__type_support.c
[6.280s] -- Up-to-date: /home/daniel/dev_ws/install/ros2_data/include/ros2_data/action/detail/move_j__type_support.c
[6.280s] -- Up-to-date: /home/daniel/dev_ws/install/ros2_data/include/ros2_data/action/detail/move_g__type_support.c
[6.281s] -- Up-to-date: /home/daniel/dev_ws/install/ros2_data/include/ros2_data/action/detail/move_l__rosidl_typesupport_introspection_c.h
[6.281s] -- Up-to-date: /home/daniel/dev_ws/install/ros2_data/include/ros2_data/action/detail/move_xyz__type_support.c
[6.281s] -- Up-to-date: /home/daniel/dev_ws/install/ros2_data/include/ros2_data/action/detail/move_j__rosidl_typesupport_introspection_c.h
[6.281s] -- Up-to-date: /home/daniel/dev_ws/install/ros2_data/include/ros2_data/action/detail/move_rot__rosidl_typesupport_introspection_c.h
[6.281s] -- Up-to-date: /home/daniel/dev_ws/install/ros2_data/include/ros2_data/action/detail/move_xyzw__rosidl_typesupport_introspection_c.h
[6.281s] -- Up-to-date: /home/daniel/dev_ws/install/ros2_data/include/ros2_data/action/detail/move_js__rosidl_typesupport_introspection_c.h
[6.281s] -- Up-to-date: /home/daniel/dev_ws/install/ros2_data/include/ros2_data/action/detail/move_xyz__rosidl_typesupport_introspection_c.h
[6.281s] -- Up-to-date: /home/daniel/dev_ws/install/ros2_data/include/ros2_data/action/detail/move_l__type_support.c
[6.281s] -- Up-to-date: /home/daniel/dev_ws/install/ros2_data/include/ros2_data/action/detail/move_r__type_support.c
[6.282s] -- Up-to-date: /home/daniel/dev_ws/install/ros2_data/include/ros2_data/action/detail/move_g__rosidl_typesupport_introspection_c.h
[6.282s] -- Up-to-date: /home/daniel/dev_ws/install/ros2_data/include/ros2_data/action/detail/move_xyzw__type_support.c
[6.282s] -- Up-to-date: /home/daniel/dev_ws/install/ros2_data/include/ros2_data/action/detail/move_r__rosidl_typesupport_introspection_c.h
[6.282s] -- Up-to-date: /home/daniel/dev_ws/install/ros2_data/include/ros2_data/action/detail/move_rp__rosidl_typesupport_introspection_c.h
[6.282s] -- Up-to-date: /home/daniel/dev_ws/install/ros2_data/include/ros2_data/action/detail/move_ypr__type_support.c
[6.282s] -- Up-to-date: /home/daniel/dev_ws/install/ros2_data/include/ros2_data/action/detail/move_ypr__rosidl_typesupport_introspection_c.h
[6.282s] -- Up-to-date: /home/daniel/dev_ws/install/ros2_data/include/ros2_data/action/detail/move_rp__type_support.c
[6.283s] -- Up-to-date: /home/daniel/dev_ws/install/ros2_data/include/ros2_data/action/detail/move_rot__type_support.c
[6.314s] -- Up-to-date: /home/daniel/dev_ws/install/ros2_data/lib/libros2_data__rosidl_typesupport_introspection_c.so
[6.353s] -- Up-to-date: /home/daniel/dev_ws/install/ros2_data/lib/libros2_data__rosidl_typesupport_c.so
[6.353s] -- Up-to-date: /home/daniel/dev_ws/install/ros2_data/include/ros2_data
[6.353s] -- Up-to-date: /home/daniel/dev_ws/install/ros2_data/include/ros2_data/msg
[6.353s] -- Up-to-date: /home/daniel/dev_ws/install/ros2_data/include/ros2_data/msg/joint_pose.hpp
[6.354s] -- Up-to-date: /home/daniel/dev_ws/install/ros2_data/include/ros2_data/msg/joint_pose_s.hpp
[6.354s] -- Up-to-date: /home/daniel/dev_ws/install/ros2_data/include/ros2_data/msg/detail
[6.354s] -- Up-to-date: /home/daniel/dev_ws/install/ros2_data/include/ros2_data/msg/detail/joint_pose_s__struct.hpp
[6.354s] -- Up-to-date: /home/daniel/dev_ws/install/ros2_data/include/ros2_data/msg/detail/joint_pose__builder.hpp
[6.354s] -- Up-to-date: /home/daniel/dev_ws/install/ros2_data/include/ros2_data/msg/detail/joint_pose__traits.hpp
[6.354s] -- Up-to-date: /home/daniel/dev_ws/install/ros2_data/include/ros2_data/msg/detail/joint_pose__struct.hpp
[6.355s] -- Up-to-date: /home/daniel/dev_ws/install/ros2_data/include/ros2_data/msg/detail/joint_pose_s__builder.hpp
[6.355s] -- Up-to-date: /home/daniel/dev_ws/install/ros2_data/include/ros2_data/msg/detail/joint_pose__type_support.hpp
[6.355s] -- Up-to-date: /home/daniel/dev_ws/install/ros2_data/include/ros2_data/msg/detail/joint_pose_s__traits.hpp
[6.355s] -- Up-to-date: /home/daniel/dev_ws/install/ros2_data/include/ros2_data/msg/detail/joint_pose_s__type_support.hpp
[6.356s] -- Up-to-date: /home/daniel/dev_ws/install/ros2_data/include/ros2_data/msg/rosidl_generator_cpp__visibility_control.hpp
[6.356s] -- Up-to-date: /home/daniel/dev_ws/install/ros2_data/include/ros2_data/action
[6.357s] -- Up-to-date: /home/daniel/dev_ws/install/ros2_data/include/ros2_data/action/move_g.hpp
[6.357s] -- Up-to-date: /home/daniel/dev_ws/install/ros2_data/include/ros2_data/action/move_r.hpp
[6.357s] -- Up-to-date: /home/daniel/dev_ws/install/ros2_data/include/ros2_data/action/move_l.hpp
[6.357s] -- Up-to-date: /home/daniel/dev_ws/install/ros2_data/include/ros2_data/action/move_js.hpp
[6.357s] -- Up-to-date: /home/daniel/dev_ws/install/ros2_data/include/ros2_data/action/move_ypr.hpp
[6.358s] -- Up-to-date: /home/daniel/dev_ws/install/ros2_data/include/ros2_data/action/move_xyzw.hpp
[6.358s] -- Up-to-date: /home/daniel/dev_ws/install/ros2_data/include/ros2_data/action/move_rot.hpp
[6.358s] -- Up-to-date: /home/daniel/dev_ws/install/ros2_data/include/ros2_data/action/move_j.hpp
[6.358s] -- Up-to-date: /home/daniel/dev_ws/install/ros2_data/include/ros2_data/action/move_xyz.hpp
[6.359s] -- Up-to-date: /home/daniel/dev_ws/install/ros2_data/include/ros2_data/action/detail
[6.359s] -- Up-to-date: /home/daniel/dev_ws/install/ros2_data/include/ros2_data/action/detail/move_ypr__struct.hpp
[6.359s] -- Up-to-date: /home/daniel/dev_ws/install/ros2_data/include/ros2_data/action/detail/move_r__traits.hpp
[6.359s] -- Up-to-date: /home/daniel/dev_ws/install/ros2_data/include/ros2_data/action/detail/move_l__traits.hpp
[6.359s] -- Up-to-date: /home/daniel/dev_ws/install/ros2_data/include/ros2_data/action/detail/move_ypr__type_support.hpp
[6.360s] -- Up-to-date: /home/daniel/dev_ws/install/ros2_data/include/ros2_data/action/detail/move_js__struct.hpp
[6.360s] -- Up-to-date: /home/daniel/dev_ws/install/ros2_data/include/ros2_data/action/detail/move_l__type_support.hpp
[6.360s] -- Up-to-date: /home/daniel/dev_ws/install/ros2_data/include/ros2_data/action/detail/move_xyzw__builder.hpp
[6.360s] -- Up-to-date: /home/daniel/dev_ws/install/ros2_data/include/ros2_data/action/detail/move_r__builder.hpp
[6.360s] -- Up-to-date: /home/daniel/dev_ws/install/ros2_data/include/ros2_data/action/detail/move_js__traits.hpp
[6.361s] -- Up-to-date: /home/daniel/dev_ws/install/ros2_data/include/ros2_data/action/detail/move_j__traits.hpp
[6.361s] -- Up-to-date: /home/daniel/dev_ws/install/ros2_data/include/ros2_data/action/detail/move_g__struct.hpp
[6.361s] -- Up-to-date: /home/daniel/dev_ws/install/ros2_data/include/ros2_data/action/detail/move_l__builder.hpp
[6.361s] -- Up-to-date: /home/daniel/dev_ws/install/ros2_data/include/ros2_data/action/detail/move_rot__type_support.hpp
[6.361s] -- Up-to-date: /home/daniel/dev_ws/install/ros2_data/include/ros2_data/action/detail/move_rp__type_support.hpp
[6.362s] -- Up-to-date: /home/daniel/dev_ws/install/ros2_data/include/ros2_data/action/detail/move_rot__traits.hpp
[6.362s] -- Up-to-date: /home/daniel/dev_ws/install/ros2_data/include/ros2_data/action/detail/move_xyzw__type_support.hpp
[6.362s] -- Up-to-date: /home/daniel/dev_ws/install/ros2_data/include/ros2_data/action/detail/move_l__struct.hpp
[6.362s] -- Up-to-date: /home/daniel/dev_ws/install/ros2_data/include/ros2_data/action/detail/move_xyzw__struct.hpp
[6.362s] -- Up-to-date: /home/daniel/dev_ws/install/ros2_data/include/ros2_data/action/detail/move_xyz__builder.hpp
[6.363s] -- Up-to-date: /home/daniel/dev_ws/install/ros2_data/include/ros2_data/action/detail/move_xyz__struct.hpp
[6.363s] -- Up-to-date: /home/daniel/dev_ws/install/ros2_data/include/ros2_data/action/detail/move_rp__builder.hpp
[6.363s] -- Up-to-date: /home/daniel/dev_ws/install/ros2_data/include/ros2_data/action/detail/move_j__builder.hpp
[6.363s] -- Up-to-date: /home/daniel/dev_ws/install/ros2_data/include/ros2_data/action/detail/move_rot__builder.hpp
[6.363s] -- Up-to-date: /home/daniel/dev_ws/install/ros2_data/include/ros2_data/action/detail/move_js__builder.hpp
[6.363s] -- Up-to-date: /home/daniel/dev_ws/install/ros2_data/include/ros2_data/action/detail/move_r__type_support.hpp
[6.364s] -- Up-to-date: /home/daniel/dev_ws/install/ros2_data/include/ros2_data/action/detail/move_xyzw__traits.hpp
[6.364s] -- Up-to-date: /home/daniel/dev_ws/install/ros2_data/include/ros2_data/action/detail/move_rp__struct.hpp
[6.364s] -- Up-to-date: /home/daniel/dev_ws/install/ros2_data/include/ros2_data/action/detail/move_js__type_support.hpp
[6.364s] -- Up-to-date: /home/daniel/dev_ws/install/ros2_data/include/ros2_data/action/detail/move_rp__traits.hpp
[6.365s] -- Up-to-date: /home/daniel/dev_ws/install/ros2_data/include/ros2_data/action/detail/move_g__builder.hpp
[6.365s] -- Up-to-date: /home/daniel/dev_ws/install/ros2_data/include/ros2_data/action/detail/move_xyz__traits.hpp
[6.365s] -- Up-to-date: /home/daniel/dev_ws/install/ros2_data/include/ros2_data/action/detail/move_j__struct.hpp
[6.365s] -- Up-to-date: /home/daniel/dev_ws/install/ros2_data/include/ros2_data/action/detail/move_j__type_support.hpp
[6.366s] -- Up-to-date: /home/daniel/dev_ws/install/ros2_data/include/ros2_data/action/detail/move_r__struct.hpp
[6.366s] -- Up-to-date: /home/daniel/dev_ws/install/ros2_data/include/ros2_data/action/detail/move_rot__struct.hpp
[6.366s] -- Up-to-date: /home/daniel/dev_ws/install/ros2_data/include/ros2_data/action/detail/move_g__type_support.hpp
[6.366s] -- Up-to-date: /home/daniel/dev_ws/install/ros2_data/include/ros2_data/action/detail/move_ypr__traits.hpp
[6.366s] -- Up-to-date: /home/daniel/dev_ws/install/ros2_data/include/ros2_data/action/detail/move_g__traits.hpp
[6.367s] -- Up-to-date: /home/daniel/dev_ws/install/ros2_data/include/ros2_data/action/detail/move_ypr__builder.hpp
[6.367s] -- Up-to-date: /home/daniel/dev_ws/install/ros2_data/include/ros2_data/action/detail/move_xyz__type_support.hpp
[6.367s] -- Up-to-date: /home/daniel/dev_ws/install/ros2_data/include/ros2_data/action/move_rp.hpp
[6.367s] -- Up-to-date: /home/daniel/dev_ws/install/ros2_data/include/ros2_data
[6.367s] -- Up-to-date: /home/daniel/dev_ws/install/ros2_data/include/ros2_data/msg
[6.368s] -- Up-to-date: /home/daniel/dev_ws/install/ros2_data/include/ros2_data/msg/detail
[6.368s] -- Up-to-date: /home/daniel/dev_ws/install/ros2_data/include/ros2_data/msg/detail/joint_pose__type_support.cpp
[6.368s] -- Up-to-date: /home/daniel/dev_ws/install/ros2_data/include/ros2_data/msg/detail/joint_pose_s__type_support.cpp
[6.368s] -- Up-to-date: /home/daniel/dev_ws/install/ros2_data/include/ros2_data/msg/detail/joint_pose_s__rosidl_typesupport_introspection_cpp.hpp
[6.368s] -- Up-to-date: /home/daniel/dev_ws/install/ros2_data/include/ros2_data/msg/detail/joint_pose__rosidl_typesupport_introspection_cpp.hpp
[6.368s] -- Up-to-date: /home/daniel/dev_ws/install/ros2_data/include/ros2_data/action
[6.369s] -- Up-to-date: /home/daniel/dev_ws/install/ros2_data/include/ros2_data/action/detail
[6.369s] -- Up-to-date: /home/daniel/dev_ws/install/ros2_data/include/ros2_data/action/detail/move_ypr__type_support.cpp
[6.369s] -- Up-to-date: /home/daniel/dev_ws/install/ros2_data/include/ros2_data/action/detail/move_l__rosidl_typesupport_introspection_cpp.hpp
[6.369s] -- Up-to-date: /home/daniel/dev_ws/install/ros2_data/include/ros2_data/action/detail/move_j__rosidl_typesupport_introspection_cpp.hpp
[6.369s] -- Up-to-date: /home/daniel/dev_ws/install/ros2_data/include/ros2_data/action/detail/move_rot__type_support.cpp
[6.370s] -- Up-to-date: /home/daniel/dev_ws/install/ros2_data/include/ros2_data/action/detail/move_g__rosidl_typesupport_introspection_cpp.hpp
[6.370s] -- Up-to-date: /home/daniel/dev_ws/install/ros2_data/include/ros2_data/action/detail/move_rp__rosidl_typesupport_introspection_cpp.hpp
[6.370s] -- Up-to-date: /home/daniel/dev_ws/install/ros2_data/include/ros2_data/action/detail/move_js__rosidl_typesupport_introspection_cpp.hpp
[6.370s] -- Up-to-date: /home/daniel/dev_ws/install/ros2_data/include/ros2_data/action/detail/move_rot__rosidl_typesupport_introspection_cpp.hpp
[6.370s] -- Up-to-date: /home/daniel/dev_ws/install/ros2_data/include/ros2_data/action/detail/move_r__rosidl_typesupport_introspection_cpp.hpp
[6.370s] -- Up-to-date: /home/daniel/dev_ws/install/ros2_data/include/ros2_data/action/detail/move_js__type_support.cpp
[6.370s] -- Up-to-date: /home/daniel/dev_ws/install/ros2_data/include/ros2_data/action/detail/move_xyzw__type_support.cpp
[6.370s] -- Up-to-date: /home/daniel/dev_ws/install/ros2_data/include/ros2_data/action/detail/move_xyzw__rosidl_typesupport_introspection_cpp.hpp
[6.370s] -- Up-to-date: /home/daniel/dev_ws/install/ros2_data/include/ros2_data/action/detail/move_l__type_support.cpp
[6.371s] -- Up-to-date: /home/daniel/dev_ws/install/ros2_data/include/ros2_data/action/detail/move_r__type_support.cpp
[6.371s] -- Up-to-date: /home/daniel/dev_ws/install/ros2_data/include/ros2_data/action/detail/move_g__type_support.cpp
[6.371s] -- Up-to-date: /home/daniel/dev_ws/install/ros2_data/include/ros2_data/action/detail/move_xyz__type_support.cpp
[6.371s] -- Up-to-date: /home/daniel/dev_ws/install/ros2_data/include/ros2_data/action/detail/move_rp__type_support.cpp
[6.371s] -- Up-to-date: /home/daniel/dev_ws/install/ros2_data/include/ros2_data/action/detail/move_ypr__rosidl_typesupport_introspection_cpp.hpp
[6.372s] -- Up-to-date: /home/daniel/dev_ws/install/ros2_data/include/ros2_data/action/detail/move_j__type_support.cpp
[6.372s] -- Up-to-date: /home/daniel/dev_ws/install/ros2_data/include/ros2_data/action/detail/move_xyz__rosidl_typesupport_introspection_cpp.hpp
[6.372s] -- Up-to-date: /home/daniel/dev_ws/install/ros2_data/lib/libros2_data__rosidl_typesupport_introspection_cpp.so
[6.386s] -- Up-to-date: /home/daniel/dev_ws/install/ros2_data/lib/libros2_data__rosidl_typesupport_cpp.so
[6.387s] -- Up-to-date: /home/daniel/dev_ws/install/ros2_data/share/ros2_data/environment/pythonpath.sh
[6.387s] -- Up-to-date: /home/daniel/dev_ws/install/ros2_data/share/ros2_data/environment/pythonpath.dsv
[6.387s] -- Up-to-date: /home/daniel/dev_ws/install/ros2_data/lib/python3.8/site-packages/ros2_data/__init__.py
[6.491s] -- Up-to-date: /home/daniel/dev_ws/install/ros2_data/lib/python3.8/site-packages/ros2_data/msg
[6.492s] -- Up-to-date: /home/daniel/dev_ws/install/ros2_data/lib/python3.8/site-packages/ros2_data/msg/__init__.py
[6.492s] -- Up-to-date: /home/daniel/dev_ws/install/ros2_data/lib/python3.8/site-packages/ros2_data/msg/_joint_pose_s.c
[6.492s] -- Up-to-date: /home/daniel/dev_ws/install/ros2_data/lib/python3.8/site-packages/ros2_data/msg/_joint_pose.py
[6.493s] -- Up-to-date: /home/daniel/dev_ws/install/ros2_data/lib/python3.8/site-packages/ros2_data/msg/_joint_pose_s_s.c
[6.493s] -- Up-to-date: /home/daniel/dev_ws/install/ros2_data/lib/python3.8/site-packages/ros2_data/msg/_joint_pose_s.py
[6.493s] -- Up-to-date: /home/daniel/dev_ws/install/ros2_data/lib/python3.8/site-packages/ros2_data/action
[6.493s] -- Up-to-date: /home/daniel/dev_ws/install/ros2_data/lib/python3.8/site-packages/ros2_data/action/_move_ypr.py
[6.493s] -- Up-to-date: /home/daniel/dev_ws/install/ros2_data/lib/python3.8/site-packages/ros2_data/action/_move_xyzw_s.c
[6.494s] -- Up-to-date: /home/daniel/dev_ws/install/ros2_data/lib/python3.8/site-packages/ros2_data/action/_move_g_s.c
[6.494s] -- Up-to-date: /home/daniel/dev_ws/install/ros2_data/lib/python3.8/site-packages/ros2_data/action/_move_rp.py
[6.494s] -- Up-to-date: /home/daniel/dev_ws/install/ros2_data/lib/python3.8/site-packages/ros2_data/action/_move_js.py
[6.494s] -- Up-to-date: /home/daniel/dev_ws/install/ros2_data/lib/python3.8/site-packages/ros2_data/action/_move_r_s.c
[6.494s] -- Up-to-date: /home/daniel/dev_ws/install/ros2_data/lib/python3.8/site-packages/ros2_data/action/_move_xyz_s.c
[6.494s] -- Up-to-date: /home/daniel/dev_ws/install/ros2_data/lib/python3.8/site-packages/ros2_data/action/_move_rot_s.c
[6.495s] -- Up-to-date: /home/daniel/dev_ws/install/ros2_data/lib/python3.8/site-packages/ros2_data/action/_move_xyzw.py
[6.495s] -- Up-to-date: /home/daniel/dev_ws/install/ros2_data/lib/python3.8/site-packages/ros2_data/action/__init__.py
[6.495s] -- Up-to-date: /home/daniel/dev_ws/install/ros2_data/lib/python3.8/site-packages/ros2_data/action/_move_js_s.c
[6.495s] -- Up-to-date: /home/daniel/dev_ws/install/ros2_data/lib/python3.8/site-packages/ros2_data/action/_move_rot.py
[6.495s] -- Up-to-date: /home/daniel/dev_ws/install/ros2_data/lib/python3.8/site-packages/ros2_data/action/_move_r.py
[6.496s] -- Up-to-date: /home/daniel/dev_ws/install/ros2_data/lib/python3.8/site-packages/ros2_data/action/_move_g.py
[6.496s] -- Up-to-date: /home/daniel/dev_ws/install/ros2_data/lib/python3.8/site-packages/ros2_data/action/_move_rp_s.c
[6.496s] -- Up-to-date: /home/daniel/dev_ws/install/ros2_data/lib/python3.8/site-packages/ros2_data/action/_move_j.py
[6.496s] -- Up-to-date: /home/daniel/dev_ws/install/ros2_data/lib/python3.8/site-packages/ros2_data/action/_move_j_s.c
[6.496s] -- Up-to-date: /home/daniel/dev_ws/install/ros2_data/lib/python3.8/site-packages/ros2_data/action/_move_l_s.c
[6.496s] -- Up-to-date: /home/daniel/dev_ws/install/ros2_data/lib/python3.8/site-packages/ros2_data/action/_move_l.py
[6.497s] -- Up-to-date: /home/daniel/dev_ws/install/ros2_data/lib/python3.8/site-packages/ros2_data/action/_move_xyz.py
[6.497s] -- Up-to-date: /home/daniel/dev_ws/install/ros2_data/lib/python3.8/site-packages/ros2_data/action/_move_ypr_s.c
[6.513s] -- Installing: /home/daniel/dev_ws/install/ros2_data/lib/python3.8/site-packages/ros2_data/ros2_data_s__rosidl_typesupport_fastrtps_c.cpython-38-x86_64-linux-gnu.so
[6.516s] -- Set runtime path of "/home/daniel/dev_ws/install/ros2_data/lib/python3.8/site-packages/ros2_data/ros2_data_s__rosidl_typesupport_fastrtps_c.cpython-38-x86_64-linux-gnu.so" to ""
[6.520s] -- Installing: /home/daniel/dev_ws/install/ros2_data/lib/python3.8/site-packages/ros2_data/ros2_data_s__rosidl_typesupport_introspection_c.cpython-38-x86_64-linux-gnu.so
[6.523s] -- Set runtime path of "/home/daniel/dev_ws/install/ros2_data/lib/python3.8/site-packages/ros2_data/ros2_data_s__rosidl_typesupport_introspection_c.cpython-38-x86_64-linux-gnu.so" to ""
[6.536s] -- Installing: /home/daniel/dev_ws/install/ros2_data/lib/python3.8/site-packages/ros2_data/ros2_data_s__rosidl_typesupport_c.cpython-38-x86_64-linux-gnu.so
[6.538s] -- Set runtime path of "/home/daniel/dev_ws/install/ros2_data/lib/python3.8/site-packages/ros2_data/ros2_data_s__rosidl_typesupport_c.cpython-38-x86_64-linux-gnu.so" to ""
[6.551s] -- Installing: /home/daniel/dev_ws/install/ros2_data/lib/libros2_data__python.so
[6.552s] -- Set runtime path of "/home/daniel/dev_ws/install/ros2_data/lib/libros2_data__python.so" to ""
[6.552s] -- Up-to-date: /home/daniel/dev_ws/install/ros2_data/share/ros2_data/msg/JointPose.idl
[6.552s] -- Up-to-date: /home/daniel/dev_ws/install/ros2_data/share/ros2_data/msg/JointPoseS.idl
[6.553s] -- Up-to-date: /home/daniel/dev_ws/install/ros2_data/share/ros2_data/action/MoveJ.idl
[6.553s] -- Up-to-date: /home/daniel/dev_ws/install/ros2_data/share/ros2_data/action/MoveJs.idl
[6.553s] -- Up-to-date: /home/daniel/dev_ws/install/ros2_data/share/ros2_data/action/MoveG.idl
[6.553s] -- Up-to-date: /home/daniel/dev_ws/install/ros2_data/share/ros2_data/action/MoveXYZW.idl
[6.553s] -- Up-to-date: /home/daniel/dev_ws/install/ros2_data/share/ros2_data/action/MoveL.idl
[6.554s] -- Up-to-date: /home/daniel/dev_ws/install/ros2_data/share/ros2_data/action/MoveR.idl
[6.554s] -- Up-to-date: /home/daniel/dev_ws/install/ros2_data/share/ros2_data/action/MoveXYZ.idl
[6.554s] -- Up-to-date: /home/daniel/dev_ws/install/ros2_data/share/ros2_data/action/MoveYPR.idl
[6.554s] -- Up-to-date: /home/daniel/dev_ws/install/ros2_data/share/ros2_data/action/MoveROT.idl
[6.554s] -- Up-to-date: /home/daniel/dev_ws/install/ros2_data/share/ros2_data/action/MoveRP.idl
[6.554s] -- Up-to-date: /home/daniel/dev_ws/install/ros2_data/share/ros2_data/msg/JointPose.msg
[6.555s] -- Up-to-date: /home/daniel/dev_ws/install/ros2_data/share/ros2_data/msg/JointPoseS.msg
[6.555s] -- Up-to-date: /home/daniel/dev_ws/install/ros2_data/share/ros2_data/action/MoveJ.action
[6.555s] -- Up-to-date: /home/daniel/dev_ws/install/ros2_data/share/ros2_data/action/MoveJs.action
[6.555s] -- Up-to-date: /home/daniel/dev_ws/install/ros2_data/share/ros2_data/action/MoveG.action
[6.555s] -- Up-to-date: /home/daniel/dev_ws/install/ros2_data/share/ros2_data/action/MoveXYZW.action
[6.555s] -- Up-to-date: /home/daniel/dev_ws/install/ros2_data/share/ros2_data/action/MoveL.action
[6.555s] -- Up-to-date: /home/daniel/dev_ws/install/ros2_data/share/ros2_data/action/MoveR.action
[6.556s] -- Up-to-date: /home/daniel/dev_ws/install/ros2_data/share/ros2_data/action/MoveXYZ.action
[6.556s] -- Up-to-date: /home/daniel/dev_ws/install/ros2_data/share/ros2_data/action/MoveYPR.action
[6.556s] -- Up-to-date: /home/daniel/dev_ws/install/ros2_data/share/ros2_data/action/MoveROT.action
[6.556s] -- Up-to-date: /home/daniel/dev_ws/install/ros2_data/share/ros2_data/action/MoveRP.action
[6.556s] -- Up-to-date: /home/daniel/dev_ws/install/ros2_data/share/ament_index/resource_index/package_run_dependencies/ros2_data
[6.556s] -- Up-to-date: /home/daniel/dev_ws/install/ros2_data/share/ament_index/resource_index/parent_prefix_path/ros2_data
[6.556s] -- Up-to-date: /home/daniel/dev_ws/install/ros2_data/share/ros2_data/environment/ament_prefix_path.sh
[6.556s] -- Up-to-date: /home/daniel/dev_ws/install/ros2_data/share/ros2_data/environment/ament_prefix_path.dsv
[6.557s] -- Up-to-date: /home/daniel/dev_ws/install/ros2_data/share/ros2_data/environment/path.sh
[6.557s] -- Up-to-date: /home/daniel/dev_ws/install/ros2_data/share/ros2_data/environment/path.dsv
[6.557s] -- Up-to-date: /home/daniel/dev_ws/install/ros2_data/share/ros2_data/local_setup.bash
[6.557s] -- Up-to-date: /home/daniel/dev_ws/install/ros2_data/share/ros2_data/local_setup.sh
[6.557s] -- Up-to-date: /home/daniel/dev_ws/install/ros2_data/share/ros2_data/local_setup.zsh
[6.557s] -- Up-to-date: /home/daniel/dev_ws/install/ros2_data/share/ros2_data/local_setup.dsv
[6.557s] -- Installing: /home/daniel/dev_ws/install/ros2_data/share/ros2_data/package.dsv
[6.585s] -- Up-to-date: /home/daniel/dev_ws/install/ros2_data/share/ament_index/resource_index/packages/ros2_data
[6.589s] -- Up-to-date: /home/daniel/dev_ws/install/ros2_data/share/ros2_data/cmake/ros2_data__rosidl_generator_cExport.cmake
[6.589s] -- Up-to-date: /home/daniel/dev_ws/install/ros2_data/share/ros2_data/cmake/ros2_data__rosidl_generator_cExport-noconfig.cmake
[6.590s] -- Up-to-date: /home/daniel/dev_ws/install/ros2_data/share/ros2_data/cmake/ros2_data__rosidl_typesupport_introspection_cExport.cmake
[6.590s] -- Up-to-date: /home/daniel/dev_ws/install/ros2_data/share/ros2_data/cmake/ros2_data__rosidl_typesupport_introspection_cExport-noconfig.cmake
[6.590s] -- Up-to-date: /home/daniel/dev_ws/install/ros2_data/share/ros2_data/cmake/ros2_data__rosidl_typesupport_cExport.cmake
[6.590s] -- Up-to-date: /home/daniel/dev_ws/install/ros2_data/share/ros2_data/cmake/ros2_data__rosidl_typesupport_cExport-noconfig.cmake
[6.590s] -- Up-to-date: /home/daniel/dev_ws/install/ros2_data/share/ros2_data/cmake/ros2_data__rosidl_generator_cppExport.cmake
[6.606s] -- Up-to-date: /home/daniel/dev_ws/install/ros2_data/share/ros2_data/cmake/ros2_data__rosidl_typesupport_introspection_cppExport.cmake
[6.606s] -- Up-to-date: /home/daniel/dev_ws/install/ros2_data/share/ros2_data/cmake/ros2_data__rosidl_typesupport_introspection_cppExport-noconfig.cmake
[6.606s] -- Up-to-date: /home/daniel/dev_ws/install/ros2_data/share/ros2_data/cmake/ros2_data__rosidl_typesupport_cppExport.cmake
[6.606s] -- Up-to-date: /home/daniel/dev_ws/install/ros2_data/share/ros2_data/cmake/ros2_data__rosidl_typesupport_cppExport-noconfig.cmake
[6.607s] -- Up-to-date: /home/daniel/dev_ws/install/ros2_data/share/ros2_data/cmake/rosidl_cmake-extras.cmake
[6.607s] -- Up-to-date: /home/daniel/dev_ws/install/ros2_data/share/ros2_data/cmake/ament_cmake_export_dependencies-extras.cmake
[6.608s] -- Up-to-date: /home/daniel/dev_ws/install/ros2_data/share/ros2_data/cmake/ament_cmake_export_libraries-extras.cmake
[6.608s] -- Up-to-date: /home/daniel/dev_ws/install/ros2_data/share/ros2_data/cmake/ament_cmake_export_targets-extras.cmake
[6.608s] -- Up-to-date: /home/daniel/dev_ws/install/ros2_data/share/ros2_data/cmake/ament_cmake_export_include_directories-extras.cmake
[6.608s] -- Up-to-date: /home/daniel/dev_ws/install/ros2_data/share/ros2_data/cmake/rosidl_cmake_export_typesupport_libraries-extras.cmake
[6.608s] -- Up-to-date: /home/daniel/dev_ws/install/ros2_data/share/ros2_data/cmake/rosidl_cmake_export_typesupport_targets-extras.cmake
[6.608s] -- Up-to-date: /home/daniel/dev_ws/install/ros2_data/share/ros2_data/cmake/ros2_dataConfig.cmake
[6.608s] -- Up-to-date: /home/daniel/dev_ws/install/ros2_data/share/ros2_data/cmake/ros2_dataConfig-version.cmake
[6.608s] -- Up-to-date: /home/daniel/dev_ws/install/ros2_data/share/ros2_data/package.xml
[6.612s] Invoked command in '/home/daniel/dev_ws/build/ros2_data' returned '0': CMAKE_PREFIX_PATH=/opt/ros/foxy /usr/bin/cmake --install /home/daniel/dev_ws/build/ros2_data
