[1.641s] Invoking command in '/home/daniel/dev_ws/build/mobile_manipulator': PYTHONPATH=/home/daniel/dev_ws/build/mobile_manipulator/prefix_override:/home/daniel/dev_ws/install/mobile_manipulator/lib/python3.8/site-packages:${PYTHONPATH} /usr/bin/python3 setup.py develop --editable --build-directory /home/daniel/dev_ws/build/mobile_manipulator/build --no-deps install_data
[1.984s] running develop
[2.232s] running egg_info
[2.232s] writing mobile_manipulator.egg-info/PKG-INFO
[2.232s] writing dependency_links to mobile_manipulator.egg-info/dependency_links.txt
[2.233s] writing entry points to mobile_manipulator.egg-info/entry_points.txt
[2.233s] writing requirements to mobile_manipulator.egg-info/requires.txt
[2.233s] writing top-level names to mobile_manipulator.egg-info/top_level.txt
[2.275s] reading manifest file 'mobile_manipulator.egg-info/SOURCES.txt'
[2.277s] writing manifest file 'mobile_manipulator.egg-info/SOURCES.txt'
[2.325s] running build_ext
[2.325s] Creating /home/daniel/dev_ws/install/mobile_manipulator/lib/python3.8/site-packages/mobile-manipulator.egg-link (link to .)
[2.326s] Installing get_path_action script to /home/daniel/dev_ws/install/mobile_manipulator/lib/mobile_manipulator
[2.327s] Installing reach_goal_action script to /home/daniel/dev_ws/install/mobile_manipulator/lib/mobile_manipulator
[2.327s] Installing send_goal_pose_action script to /home/daniel/dev_ws/install/mobile_manipulator/lib/mobile_manipulator
[2.327s] Installing trajectory_points_act_server script to /home/daniel/dev_ws/install/mobile_manipulator/lib/mobile_manipulator
[2.327s] Installing trajectory_points_from_ik_act_server script to /home/daniel/dev_ws/install/mobile_manipulator/lib/mobile_manipulator
[2.328s] 
[2.328s] Installed /home/daniel/dev_ws/build/mobile_manipulator
[2.328s] running install_data
[2.367s] Invoked command in '/home/daniel/dev_ws/build/mobile_manipulator' returned '0': PYTHONPATH=/home/daniel/dev_ws/build/mobile_manipulator/prefix_override:/home/daniel/dev_ws/install/mobile_manipulator/lib/python3.8/site-packages:${PYTHONPATH} /usr/bin/python3 setup.py develop --editable --build-directory /home/daniel/dev_ws/build/mobile_manipulator/build --no-deps install_data
