running develop
running egg_info
creating mobile_manipulator.egg-info
writing mobile_manipulator.egg-info/PKG-INFO
writing dependency_links to mobile_manipulator.egg-info/dependency_links.txt
writing entry points to mobile_manipulator.egg-info/entry_points.txt
writing requirements to mobile_manipulator.egg-info/requires.txt
writing top-level names to mobile_manipulator.egg-info/top_level.txt
writing manifest file 'mobile_manipulator.egg-info/SOURCES.txt'
reading manifest file 'mobile_manipulator.egg-info/SOURCES.txt'
writing manifest file 'mobile_manipulator.egg-info/SOURCES.txt'
running build_ext
Creating /home/daniel/dev_ws/install/mobile_manipulator/lib/python3.8/site-packages/site.py
Creating /home/daniel/dev_ws/install/mobile_manipulator/lib/python3.8/site-packages/mobile-manipulator.egg-link (link to .)

Installed /home/daniel/dev_ws/build/mobile_manipulator
running install_data
creating /home/daniel/dev_ws/install/mobile_manipulator/share/ament_index
creating /home/daniel/dev_ws/install/mobile_manipulator/share/ament_index/resource_index
creating /home/daniel/dev_ws/install/mobile_manipulator/share/ament_index/resource_index/packages
copying resource/mobile_manipulator -> /home/daniel/dev_ws/install/mobile_manipulator/share/ament_index/resource_index/packages
copying package.xml -> /home/daniel/dev_ws/install/mobile_manipulator/share/mobile_manipulator
