[1.294s] Invoking command in '/home/daniel/dev_ws/build/mobile_manipulator': PYTHONPATH=/home/daniel/dev_ws/build/mobile_manipulator/prefix_override:/home/daniel/dev_ws/install/mobile_manipulator/lib/python3.8/site-packages:${PYTHONPATH} /usr/bin/python3 setup.py develop --editable --build-directory /home/daniel/dev_ws/build/mobile_manipulator/build --no-deps install_data
[1.552s] running develop
[1.715s] running egg_info
[1.715s] creating mobile_manipulator.egg-info
[1.715s] writing mobile_manipulator.egg-info/PKG-INFO
[1.716s] writing dependency_links to mobile_manipulator.egg-info/dependency_links.txt
[1.716s] writing entry points to mobile_manipulator.egg-info/entry_points.txt
[1.716s] writing requirements to mobile_manipulator.egg-info/requires.txt
[1.716s] writing top-level names to mobile_manipulator.egg-info/top_level.txt
[1.717s] writing manifest file 'mobile_manipulator.egg-info/SOURCES.txt'
[1.748s] reading manifest file 'mobile_manipulator.egg-info/SOURCES.txt'
[1.748s] writing manifest file 'mobile_manipulator.egg-info/SOURCES.txt'
[1.782s] running build_ext
[1.783s] Creating /home/daniel/dev_ws/install/mobile_manipulator/lib/python3.8/site-packages/site.py
[1.785s] Creating /home/daniel/dev_ws/install/mobile_manipulator/lib/python3.8/site-packages/mobile-manipulator.egg-link (link to .)
[1.786s] 
[1.786s] Installed /home/daniel/dev_ws/build/mobile_manipulator
[1.787s] running install_data
[1.787s] creating /home/daniel/dev_ws/install/mobile_manipulator/share/ament_index
[1.787s] creating /home/daniel/dev_ws/install/mobile_manipulator/share/ament_index/resource_index
[1.787s] creating /home/daniel/dev_ws/install/mobile_manipulator/share/ament_index/resource_index/packages
[1.787s] copying resource/mobile_manipulator -> /home/daniel/dev_ws/install/mobile_manipulator/share/ament_index/resource_index/packages
[1.787s] copying package.xml -> /home/daniel/dev_ws/install/mobile_manipulator/share/mobile_manipulator
[1.812s] Invoked command in '/home/daniel/dev_ws/build/mobile_manipulator' returned '0': PYTHONPATH=/home/daniel/dev_ws/build/mobile_manipulator/prefix_override:/home/daniel/dev_ws/install/mobile_manipulator/lib/python3.8/site-packages:${PYTHONPATH} /usr/bin/python3 setup.py develop --editable --build-directory /home/daniel/dev_ws/build/mobile_manipulator/build --no-deps install_data
