running egg_info
writing ../../build/mobile_manipulator/mobile_manipulator.egg-info/PKG-INFO
writing dependency_links to ../../build/mobile_manipulator/mobile_manipulator.egg-info/dependency_links.txt
writing entry points to ../../build/mobile_manipulator/mobile_manipulator.egg-info/entry_points.txt
writing requirements to ../../build/mobile_manipulator/mobile_manipulator.egg-info/requires.txt
writing top-level names to ../../build/mobile_manipulator/mobile_manipulator.egg-info/top_level.txt
reading manifest file '../../build/mobile_manipulator/mobile_manipulator.egg-info/SOURCES.txt'
writing manifest file '../../build/mobile_manipulator/mobile_manipulator.egg-info/SOURCES.txt'
running build
running build_py
running install
running install_lib
running install_data
running install_egg_info
removing '/home/daniel/dev_ws/install/mobile_manipulator/lib/python3.8/site-packages/mobile_manipulator-0.0.0-py3.8.egg-info' (and everything under it)
Copying ../../build/mobile_manipulator/mobile_manipulator.egg-info to /home/daniel/dev_ws/install/mobile_manipulator/lib/python3.8/site-packages/mobile_manipulator-0.0.0-py3.8.egg-info
running install_scripts
Installing get_path_action script to /home/daniel/dev_ws/install/mobile_manipulator/lib/mobile_manipulator
Installing send_goal_pose_action script to /home/daniel/dev_ws/install/mobile_manipulator/lib/mobile_manipulator
Installing trajectory_points_act_server script to /home/daniel/dev_ws/install/mobile_manipulator/lib/mobile_manipulator
writing list of installed files to '/home/daniel/dev_ws/build/mobile_manipulator/install.log'
