[2.761s] DEBUG:colcon:Command line arguments: ['/usr/bin/colcon', 'build', '--symlink-install']
[2.761s] DEBUG:colcon:Parsed command line arguments: Namespace(allow_overriding=[], ament_cmake_args=None, base_paths=['.'], build_base='build', catkin_cmake_args=None, catkin_skip_building_tests=False, cmake_args=None, cmake_clean_cache=False, cmake_clean_first=False, cmake_force_configure=False, cmake_target=None, cmake_target_skip_unavailable=False, continue_on_error=False, event_handlers=None, executor='parallel', ignore_user_meta=False, install_base='install', log_base=None, log_level=None, main=<bound method BuildVerb.main of <colcon_core.verb.build.BuildVerb object at 0x7f33ba6c1ca0>>, merge_install=False, metas=['./colcon.meta'], packages_above=None, packages_above_and_dependencies=None, packages_above_depth=None, packages_end=None, packages_ignore=None, packages_ignore_regex=None, packages_select=None, packages_select_build_failed=False, packages_select_by_dep=None, packages_select_regex=None, packages_select_test_failures=False, packages_skip=None, packages_skip_build_finished=False, packages_skip_by_dep=None, packages_skip_regex=None, packages_skip_test_passed=False, packages_skip_up_to=None, packages_start=None, packages_up_to=None, packages_up_to_regex=None, parallel_workers=8, paths=None, symlink_install=True, test_result_base=None, verb_extension=<colcon_core.verb.build.BuildVerb object at 0x7f33ba6c1ca0>, verb_name='build', verb_parser=<colcon_defaults.argument_parser.defaults.DefaultArgumentsDecorator object at 0x7f33ba6ca220>)
[2.882s] Level 1:colcon.colcon_core.package_discovery:discover_packages(colcon_meta) check parameters
[2.882s] Level 1:colcon.colcon_core.package_discovery:discover_packages(recursive) check parameters
[2.882s] Level 1:colcon.colcon_core.package_discovery:discover_packages(ignore) check parameters
[2.882s] Level 1:colcon.colcon_core.package_discovery:discover_packages(path) check parameters
[2.882s] Level 1:colcon.colcon_core.package_discovery:discover_packages(colcon_meta) discover
[2.882s] Level 1:colcon.colcon_core.package_discovery:discover_packages(recursive) discover
[2.882s] INFO:colcon.colcon_core.package_discovery:Crawling recursively for packages in '/home/daniel/dev_ws'
[2.883s] Level 1:colcon.colcon_core.package_identification:_identify(.) by extensions ['ignore', 'ignore_ament_install']
[2.883s] Level 1:colcon.colcon_core.package_identification:_identify(.) by extension 'ignore'
[2.883s] Level 1:colcon.colcon_core.package_identification:_identify(.) by extension 'ignore_ament_install'
[2.883s] Level 1:colcon.colcon_core.package_identification:_identify(.) by extensions ['colcon_pkg']
[2.883s] Level 1:colcon.colcon_core.package_identification:_identify(.) by extension 'colcon_pkg'
[2.883s] Level 1:colcon.colcon_core.package_identification:_identify(.) by extensions ['colcon_meta']
[2.883s] Level 1:colcon.colcon_core.package_identification:_identify(.) by extension 'colcon_meta'
[2.883s] Level 1:colcon.colcon_core.package_identification:_identify(.) by extensions ['ros']
[2.883s] Level 1:colcon.colcon_core.package_identification:_identify(.) by extension 'ros'
[2.894s] Level 1:colcon.colcon_core.package_identification:_identify(.) by extensions ['cmake', 'python']
[2.894s] Level 1:colcon.colcon_core.package_identification:_identify(.) by extension 'cmake'
[2.894s] Level 1:colcon.colcon_core.package_identification:_identify(.) by extension 'python'
[2.894s] Level 1:colcon.colcon_core.package_identification:_identify(.) by extensions ['python_setup_py']
[2.894s] Level 1:colcon.colcon_core.package_identification:_identify(.) by extension 'python_setup_py'
[2.894s] Level 1:colcon.colcon_core.package_identification:_identify(build) by extensions ['ignore', 'ignore_ament_install']
[2.894s] Level 1:colcon.colcon_core.package_identification:_identify(build) by extension 'ignore'
[2.894s] Level 1:colcon.colcon_core.package_identification:_identify(build) ignored
[2.894s] Level 1:colcon.colcon_core.package_identification:_identify(install) by extensions ['ignore', 'ignore_ament_install']
[2.894s] Level 1:colcon.colcon_core.package_identification:_identify(install) by extension 'ignore'
[2.894s] Level 1:colcon.colcon_core.package_identification:_identify(install) ignored
[2.895s] Level 1:colcon.colcon_core.package_identification:_identify(log) by extensions ['ignore', 'ignore_ament_install']
[2.895s] Level 1:colcon.colcon_core.package_identification:_identify(log) by extension 'ignore'
[2.895s] Level 1:colcon.colcon_core.package_identification:_identify(log) ignored
[2.895s] Level 1:colcon.colcon_core.package_identification:_identify(src) by extensions ['ignore', 'ignore_ament_install']
[2.895s] Level 1:colcon.colcon_core.package_identification:_identify(src) by extension 'ignore'
[2.895s] Level 1:colcon.colcon_core.package_identification:_identify(src) by extension 'ignore_ament_install'
[2.895s] Level 1:colcon.colcon_core.package_identification:_identify(src) by extensions ['colcon_pkg']
[2.895s] Level 1:colcon.colcon_core.package_identification:_identify(src) by extension 'colcon_pkg'
[2.895s] Level 1:colcon.colcon_core.package_identification:_identify(src) by extensions ['colcon_meta']
[2.895s] Level 1:colcon.colcon_core.package_identification:_identify(src) by extension 'colcon_meta'
[2.895s] Level 1:colcon.colcon_core.package_identification:_identify(src) by extensions ['ros']
[2.895s] Level 1:colcon.colcon_core.package_identification:_identify(src) by extension 'ros'
[2.896s] Level 1:colcon.colcon_core.package_identification:_identify(src) by extensions ['cmake', 'python']
[2.896s] Level 1:colcon.colcon_core.package_identification:_identify(src) by extension 'cmake'
[2.896s] Level 1:colcon.colcon_core.package_identification:_identify(src) by extension 'python'
[2.896s] Level 1:colcon.colcon_core.package_identification:_identify(src) by extensions ['python_setup_py']
[2.896s] Level 1:colcon.colcon_core.package_identification:_identify(src) by extension 'python_setup_py'
[2.896s] Level 1:colcon.colcon_core.package_identification:_identify(src/bulldog_description) by extensions ['ignore', 'ignore_ament_install']
[2.896s] Level 1:colcon.colcon_core.package_identification:_identify(src/bulldog_description) by extension 'ignore'
[2.896s] Level 1:colcon.colcon_core.package_identification:_identify(src/bulldog_description) by extension 'ignore_ament_install'
[2.896s] Level 1:colcon.colcon_core.package_identification:_identify(src/bulldog_description) by extensions ['colcon_pkg']
[2.896s] Level 1:colcon.colcon_core.package_identification:_identify(src/bulldog_description) by extension 'colcon_pkg'
[2.896s] Level 1:colcon.colcon_core.package_identification:_identify(src/bulldog_description) by extensions ['colcon_meta']
[2.896s] Level 1:colcon.colcon_core.package_identification:_identify(src/bulldog_description) by extension 'colcon_meta'
[2.896s] Level 1:colcon.colcon_core.package_identification:_identify(src/bulldog_description) by extensions ['ros']
[2.896s] Level 1:colcon.colcon_core.package_identification:_identify(src/bulldog_description) by extension 'ros'
[2.899s] DEBUG:colcon.colcon_core.package_identification:Package 'src/bulldog_description' with type 'ros.ament_python' and name 'bulldog_description'
[2.899s] Level 1:colcon.colcon_core.package_identification:_identify(src/doosan_description) by extensions ['ignore', 'ignore_ament_install']
[2.899s] Level 1:colcon.colcon_core.package_identification:_identify(src/doosan_description) by extension 'ignore'
[2.899s] Level 1:colcon.colcon_core.package_identification:_identify(src/doosan_description) by extension 'ignore_ament_install'
[2.899s] Level 1:colcon.colcon_core.package_identification:_identify(src/doosan_description) by extensions ['colcon_pkg']
[2.899s] Level 1:colcon.colcon_core.package_identification:_identify(src/doosan_description) by extension 'colcon_pkg'
[2.899s] Level 1:colcon.colcon_core.package_identification:_identify(src/doosan_description) by extensions ['colcon_meta']
[2.899s] Level 1:colcon.colcon_core.package_identification:_identify(src/doosan_description) by extension 'colcon_meta'
[2.899s] Level 1:colcon.colcon_core.package_identification:_identify(src/doosan_description) by extensions ['ros']
[2.899s] Level 1:colcon.colcon_core.package_identification:_identify(src/doosan_description) by extension 'ros'
[2.900s] DEBUG:colcon.colcon_core.package_identification:Package 'src/doosan_description' with type 'ros.ament_python' and name 'doosan_description'
[2.900s] Level 1:colcon.colcon_core.package_identification:_identify(src/mobile_manipulator) by extensions ['ignore', 'ignore_ament_install']
[2.900s] Level 1:colcon.colcon_core.package_identification:_identify(src/mobile_manipulator) by extension 'ignore'
[2.900s] Level 1:colcon.colcon_core.package_identification:_identify(src/mobile_manipulator) by extension 'ignore_ament_install'
[2.901s] Level 1:colcon.colcon_core.package_identification:_identify(src/mobile_manipulator) by extensions ['colcon_pkg']
[2.901s] Level 1:colcon.colcon_core.package_identification:_identify(src/mobile_manipulator) by extension 'colcon_pkg'
[2.901s] Level 1:colcon.colcon_core.package_identification:_identify(src/mobile_manipulator) by extensions ['colcon_meta']
[2.901s] Level 1:colcon.colcon_core.package_identification:_identify(src/mobile_manipulator) by extension 'colcon_meta'
[2.901s] Level 1:colcon.colcon_core.package_identification:_identify(src/mobile_manipulator) by extensions ['ros']
[2.901s] Level 1:colcon.colcon_core.package_identification:_identify(src/mobile_manipulator) by extension 'ros'
[2.901s] DEBUG:colcon.colcon_core.package_identification:Package 'src/mobile_manipulator' with type 'ros.ament_python' and name 'mobile_manipulator'
[2.901s] Level 1:colcon.colcon_core.package_identification:_identify(src/ur5_ros2_gazebo) by extensions ['ignore', 'ignore_ament_install']
[2.902s] Level 1:colcon.colcon_core.package_identification:_identify(src/ur5_ros2_gazebo) by extension 'ignore'
[2.902s] Level 1:colcon.colcon_core.package_identification:_identify(src/ur5_ros2_gazebo) by extension 'ignore_ament_install'
[2.902s] Level 1:colcon.colcon_core.package_identification:_identify(src/ur5_ros2_gazebo) by extensions ['colcon_pkg']
[2.902s] Level 1:colcon.colcon_core.package_identification:_identify(src/ur5_ros2_gazebo) by extension 'colcon_pkg'
[2.902s] Level 1:colcon.colcon_core.package_identification:_identify(src/ur5_ros2_gazebo) by extensions ['colcon_meta']
[2.902s] Level 1:colcon.colcon_core.package_identification:_identify(src/ur5_ros2_gazebo) by extension 'colcon_meta'
[2.902s] Level 1:colcon.colcon_core.package_identification:_identify(src/ur5_ros2_gazebo) by extensions ['ros']
[2.902s] Level 1:colcon.colcon_core.package_identification:_identify(src/ur5_ros2_gazebo) by extension 'ros'
[2.902s] DEBUG:colcon.colcon_core.package_identification:Package 'src/ur5_ros2_gazebo' with type 'ros.ament_cmake' and name 'ur5_ros2_gazebo'
[2.902s] Level 1:colcon.colcon_core.package_discovery:discover_packages(recursive) using defaults
[2.902s] Level 1:colcon.colcon_core.package_discovery:discover_packages(ignore) discover
[2.903s] Level 1:colcon.colcon_core.package_discovery:discover_packages(ignore) using defaults
[2.903s] Level 1:colcon.colcon_core.package_discovery:discover_packages(path) discover
[2.903s] Level 1:colcon.colcon_core.package_discovery:discover_packages(path) using defaults
[3.156s] Level 1:colcon.colcon_core.package_discovery:discover_packages(prefix_path) check parameters
[3.157s] Level 1:colcon.colcon_core.package_discovery:discover_packages(prefix_path) discover
[3.252s] DEBUG:colcon.colcon_installed_package_information.package_discovery:Found 8 installed packages in /home/daniel/dev_ws/install
[3.302s] DEBUG:colcon.colcon_installed_package_information.package_discovery:Found 376 installed packages in /opt/ros/foxy
[3.304s] Level 1:colcon.colcon_core.package_discovery:discover_packages(prefix_path) using defaults
[3.522s] Level 5:colcon.colcon_core.verb:set package 'bulldog_description' build argument 'cmake_args' from command line to 'None'
[3.523s] Level 5:colcon.colcon_core.verb:set package 'bulldog_description' build argument 'cmake_target' from command line to 'None'
[3.523s] Level 5:colcon.colcon_core.verb:set package 'bulldog_description' build argument 'cmake_target_skip_unavailable' from command line to 'False'
[3.523s] Level 5:colcon.colcon_core.verb:set package 'bulldog_description' build argument 'cmake_clean_cache' from command line to 'False'
[3.523s] Level 5:colcon.colcon_core.verb:set package 'bulldog_description' build argument 'cmake_clean_first' from command line to 'False'
[3.523s] Level 5:colcon.colcon_core.verb:set package 'bulldog_description' build argument 'cmake_force_configure' from command line to 'False'
[3.523s] Level 5:colcon.colcon_core.verb:set package 'bulldog_description' build argument 'ament_cmake_args' from command line to 'None'
[3.523s] Level 5:colcon.colcon_core.verb:set package 'bulldog_description' build argument 'catkin_cmake_args' from command line to 'None'
[3.523s] Level 5:colcon.colcon_core.verb:set package 'bulldog_description' build argument 'catkin_skip_building_tests' from command line to 'False'
[3.523s] DEBUG:colcon.colcon_core.verb:Building package 'bulldog_description' with the following arguments: {'ament_cmake_args': None, 'build_base': '/home/daniel/dev_ws/build/bulldog_description', 'catkin_cmake_args': None, 'catkin_skip_building_tests': False, 'cmake_args': None, 'cmake_clean_cache': False, 'cmake_clean_first': False, 'cmake_force_configure': False, 'cmake_target': None, 'cmake_target_skip_unavailable': False, 'install_base': '/home/daniel/dev_ws/install/bulldog_description', 'merge_install': False, 'path': '/home/daniel/dev_ws/src/bulldog_description', 'symlink_install': True, 'test_result_base': None}
[3.570s] Level 5:colcon.colcon_core.verb:set package 'doosan_description' build argument 'cmake_args' from command line to 'None'
[3.570s] Level 5:colcon.colcon_core.verb:set package 'doosan_description' build argument 'cmake_target' from command line to 'None'
[3.570s] Level 5:colcon.colcon_core.verb:set package 'doosan_description' build argument 'cmake_target_skip_unavailable' from command line to 'False'
[3.570s] Level 5:colcon.colcon_core.verb:set package 'doosan_description' build argument 'cmake_clean_cache' from command line to 'False'
[3.571s] Level 5:colcon.colcon_core.verb:set package 'doosan_description' build argument 'cmake_clean_first' from command line to 'False'
[3.571s] Level 5:colcon.colcon_core.verb:set package 'doosan_description' build argument 'cmake_force_configure' from command line to 'False'
[3.571s] Level 5:colcon.colcon_core.verb:set package 'doosan_description' build argument 'ament_cmake_args' from command line to 'None'
[3.571s] Level 5:colcon.colcon_core.verb:set package 'doosan_description' build argument 'catkin_cmake_args' from command line to 'None'
[3.571s] Level 5:colcon.colcon_core.verb:set package 'doosan_description' build argument 'catkin_skip_building_tests' from command line to 'False'
[3.571s] DEBUG:colcon.colcon_core.verb:Building package 'doosan_description' with the following arguments: {'ament_cmake_args': None, 'build_base': '/home/daniel/dev_ws/build/doosan_description', 'catkin_cmake_args': None, 'catkin_skip_building_tests': False, 'cmake_args': None, 'cmake_clean_cache': False, 'cmake_clean_first': False, 'cmake_force_configure': False, 'cmake_target': None, 'cmake_target_skip_unavailable': False, 'install_base': '/home/daniel/dev_ws/install/doosan_description', 'merge_install': False, 'path': '/home/daniel/dev_ws/src/doosan_description', 'symlink_install': True, 'test_result_base': None}
[3.618s] Level 5:colcon.colcon_core.verb:set package 'mobile_manipulator' build argument 'cmake_args' from command line to 'None'
[3.618s] Level 5:colcon.colcon_core.verb:set package 'mobile_manipulator' build argument 'cmake_target' from command line to 'None'
[3.618s] Level 5:colcon.colcon_core.verb:set package 'mobile_manipulator' build argument 'cmake_target_skip_unavailable' from command line to 'False'
[3.618s] Level 5:colcon.colcon_core.verb:set package 'mobile_manipulator' build argument 'cmake_clean_cache' from command line to 'False'
[3.618s] Level 5:colcon.colcon_core.verb:set package 'mobile_manipulator' build argument 'cmake_clean_first' from command line to 'False'
[3.618s] Level 5:colcon.colcon_core.verb:set package 'mobile_manipulator' build argument 'cmake_force_configure' from command line to 'False'
[3.618s] Level 5:colcon.colcon_core.verb:set package 'mobile_manipulator' build argument 'ament_cmake_args' from command line to 'None'
[3.618s] Level 5:colcon.colcon_core.verb:set package 'mobile_manipulator' build argument 'catkin_cmake_args' from command line to 'None'
[3.618s] Level 5:colcon.colcon_core.verb:set package 'mobile_manipulator' build argument 'catkin_skip_building_tests' from command line to 'False'
[3.619s] DEBUG:colcon.colcon_core.verb:Building package 'mobile_manipulator' with the following arguments: {'ament_cmake_args': None, 'build_base': '/home/daniel/dev_ws/build/mobile_manipulator', 'catkin_cmake_args': None, 'catkin_skip_building_tests': False, 'cmake_args': None, 'cmake_clean_cache': False, 'cmake_clean_first': False, 'cmake_force_configure': False, 'cmake_target': None, 'cmake_target_skip_unavailable': False, 'install_base': '/home/daniel/dev_ws/install/mobile_manipulator', 'merge_install': False, 'path': '/home/daniel/dev_ws/src/mobile_manipulator', 'symlink_install': True, 'test_result_base': None}
[3.666s] Level 5:colcon.colcon_core.verb:set package 'ur5_ros2_gazebo' build argument 'cmake_args' from command line to 'None'
[3.666s] Level 5:colcon.colcon_core.verb:set package 'ur5_ros2_gazebo' build argument 'cmake_target' from command line to 'None'
[3.666s] Level 5:colcon.colcon_core.verb:set package 'ur5_ros2_gazebo' build argument 'cmake_target_skip_unavailable' from command line to 'False'
[3.666s] Level 5:colcon.colcon_core.verb:set package 'ur5_ros2_gazebo' build argument 'cmake_clean_cache' from command line to 'False'
[3.666s] Level 5:colcon.colcon_core.verb:set package 'ur5_ros2_gazebo' build argument 'cmake_clean_first' from command line to 'False'
[3.666s] Level 5:colcon.colcon_core.verb:set package 'ur5_ros2_gazebo' build argument 'cmake_force_configure' from command line to 'False'
[3.666s] Level 5:colcon.colcon_core.verb:set package 'ur5_ros2_gazebo' build argument 'ament_cmake_args' from command line to 'None'
[3.666s] Level 5:colcon.colcon_core.verb:set package 'ur5_ros2_gazebo' build argument 'catkin_cmake_args' from command line to 'None'
[3.666s] Level 5:colcon.colcon_core.verb:set package 'ur5_ros2_gazebo' build argument 'catkin_skip_building_tests' from command line to 'False'
[3.666s] DEBUG:colcon.colcon_core.verb:Building package 'ur5_ros2_gazebo' with the following arguments: {'ament_cmake_args': None, 'build_base': '/home/daniel/dev_ws/build/ur5_ros2_gazebo', 'catkin_cmake_args': None, 'catkin_skip_building_tests': False, 'cmake_args': None, 'cmake_clean_cache': False, 'cmake_clean_first': False, 'cmake_force_configure': False, 'cmake_target': None, 'cmake_target_skip_unavailable': False, 'install_base': '/home/daniel/dev_ws/install/ur5_ros2_gazebo', 'merge_install': False, 'path': '/home/daniel/dev_ws/src/ur5_ros2_gazebo', 'symlink_install': True, 'test_result_base': None}
[3.714s] INFO:colcon.colcon_core.executor:Executing jobs using 'parallel' executor
[3.762s] DEBUG:colcon.colcon_parallel_executor.executor.parallel:run_until_complete
[3.762s] INFO:colcon.colcon_ros.task.ament_python.build:Building ROS package in '/home/daniel/dev_ws/src/bulldog_description' with build type 'ament_python'
[3.762s] Level 1:colcon.colcon_core.shell:create_environment_hook('bulldog_description', 'ament_prefix_path')
[3.814s] INFO:colcon.colcon_core.plugin_system:Skipping extension 'colcon_core.shell.bat': Not used on non-Windows systems
[3.815s] INFO:colcon.colcon_core.shell:Creating environment hook '/home/daniel/dev_ws/install/bulldog_description/share/bulldog_description/hook/ament_prefix_path.ps1'
[3.815s] INFO:colcon.colcon_core.shell:Creating environment descriptor '/home/daniel/dev_ws/install/bulldog_description/share/bulldog_description/hook/ament_prefix_path.dsv'
[3.816s] INFO:colcon.colcon_core.shell:Creating environment hook '/home/daniel/dev_ws/install/bulldog_description/share/bulldog_description/hook/ament_prefix_path.sh'
[3.865s] INFO:colcon.colcon_core.shell:Skip shell extension 'powershell' for command environment: Not usable outside of PowerShell
[3.865s] DEBUG:colcon.colcon_core.shell:Skip shell extension 'dsv' for command environment
[4.028s] INFO:colcon.colcon_ros.task.ament_python.build:Building ROS package in '/home/daniel/dev_ws/src/doosan_description' with build type 'ament_python'
[4.028s] Level 1:colcon.colcon_core.shell:create_environment_hook('doosan_description', 'ament_prefix_path')
[4.080s] INFO:colcon.colcon_core.shell:Creating environment hook '/home/daniel/dev_ws/install/doosan_description/share/doosan_description/hook/ament_prefix_path.ps1'
[4.081s] INFO:colcon.colcon_core.shell:Creating environment descriptor '/home/daniel/dev_ws/install/doosan_description/share/doosan_description/hook/ament_prefix_path.dsv'
[4.081s] INFO:colcon.colcon_core.shell:Creating environment hook '/home/daniel/dev_ws/install/doosan_description/share/doosan_description/hook/ament_prefix_path.sh'
[4.134s] INFO:colcon.colcon_core.shell:Skip shell extension 'powershell' for command environment: Not usable outside of PowerShell
[4.134s] DEBUG:colcon.colcon_core.shell:Skip shell extension 'dsv' for command environment
[4.285s] INFO:colcon.colcon_ros.task.ament_python.build:Building ROS package in '/home/daniel/dev_ws/src/mobile_manipulator' with build type 'ament_python'
[4.285s] Level 1:colcon.colcon_core.shell:create_environment_hook('mobile_manipulator', 'ament_prefix_path')
[4.338s] INFO:colcon.colcon_core.shell:Creating environment hook '/home/daniel/dev_ws/install/mobile_manipulator/share/mobile_manipulator/hook/ament_prefix_path.ps1'
[4.338s] INFO:colcon.colcon_core.shell:Creating environment descriptor '/home/daniel/dev_ws/install/mobile_manipulator/share/mobile_manipulator/hook/ament_prefix_path.dsv'
[4.339s] INFO:colcon.colcon_core.shell:Creating environment hook '/home/daniel/dev_ws/install/mobile_manipulator/share/mobile_manipulator/hook/ament_prefix_path.sh'
[4.388s] INFO:colcon.colcon_core.shell:Skip shell extension 'powershell' for command environment: Not usable outside of PowerShell
[4.388s] DEBUG:colcon.colcon_core.shell:Skip shell extension 'dsv' for command environment
[4.542s] INFO:colcon.colcon_ros.task.ament_cmake.build:Building ROS package in '/home/daniel/dev_ws/src/ur5_ros2_gazebo' with build type 'ament_cmake'
[4.543s] INFO:colcon.colcon_cmake.task.cmake.build:Building CMake package in '/home/daniel/dev_ws/src/ur5_ros2_gazebo'
[4.596s] INFO:colcon.colcon_core.shell:Skip shell extension 'powershell' for command environment: Not usable outside of PowerShell
[4.596s] DEBUG:colcon.colcon_core.shell:Skip shell extension 'dsv' for command environment
[4.998s] INFO:colcon.colcon_core.task.python.build:Building Python package in '/home/daniel/dev_ws/src/bulldog_description'
[5.051s] INFO:colcon.colcon_core.shell:Skip shell extension 'powershell' for command environment: Not usable outside of PowerShell
[5.051s] DEBUG:colcon.colcon_core.shell:Skip shell extension 'dsv' for command environment
[5.454s] INFO:colcon.colcon_core.task.python.build:Building Python package in '/home/daniel/dev_ws/src/doosan_description'
[5.504s] INFO:colcon.colcon_core.shell:Skip shell extension 'powershell' for command environment: Not usable outside of PowerShell
[5.504s] DEBUG:colcon.colcon_core.shell:Skip shell extension 'dsv' for command environment
[5.902s] INFO:colcon.colcon_core.task.python.build:Building Python package in '/home/daniel/dev_ws/src/mobile_manipulator'
[5.952s] INFO:colcon.colcon_core.shell:Skip shell extension 'powershell' for command environment: Not usable outside of PowerShell
[5.952s] DEBUG:colcon.colcon_core.shell:Skip shell extension 'dsv' for command environment
[6.126s] DEBUG:colcon.colcon_core.event_handler.log_command:Invoking command in '/home/daniel/dev_ws/build/ur5_ros2_gazebo': CMAKE_PREFIX_PATH=${CMAKE_PREFIX_PATH}:/home/daniel/dev_ws/install/robot_description:/home/daniel/dev_ws/install/my_doosan_pkg:/home/daniel/dev_ws/install/mobile_manipulator:/home/daniel/dev_ws/install/doosan_description:/home/daniel/dev_ws/install/bulldog_description:/opt/ros/foxy /usr/bin/cmake --build /home/daniel/dev_ws/build/ur5_ros2_gazebo -- -j8 -l8
[6.171s] DEBUG:colcon.colcon_core.event_handler.log_command:Invoked command in '/home/daniel/dev_ws/build/ur5_ros2_gazebo' returned '0': CMAKE_PREFIX_PATH=${CMAKE_PREFIX_PATH}:/home/daniel/dev_ws/install/robot_description:/home/daniel/dev_ws/install/my_doosan_pkg:/home/daniel/dev_ws/install/mobile_manipulator:/home/daniel/dev_ws/install/doosan_description:/home/daniel/dev_ws/install/bulldog_description:/opt/ros/foxy /usr/bin/cmake --build /home/daniel/dev_ws/build/ur5_ros2_gazebo -- -j8 -l8
[6.211s] DEBUG:colcon.colcon_core.event_handler.log_command:Invoking command in '/home/daniel/dev_ws/build/ur5_ros2_gazebo': CMAKE_PREFIX_PATH=${CMAKE_PREFIX_PATH}:/home/daniel/dev_ws/install/robot_description:/home/daniel/dev_ws/install/my_doosan_pkg:/home/daniel/dev_ws/install/mobile_manipulator:/home/daniel/dev_ws/install/doosan_description:/home/daniel/dev_ws/install/bulldog_description:/opt/ros/foxy /usr/bin/cmake --install /home/daniel/dev_ws/build/ur5_ros2_gazebo
[6.245s] Level 1:colcon.colcon_core.environment:create_environment_scripts_only(ur5_ros2_gazebo)
[6.245s] DEBUG:colcon.colcon_core.event_handler.log_command:Invoked command in '/home/daniel/dev_ws/build/ur5_ros2_gazebo' returned '0': CMAKE_PREFIX_PATH=${CMAKE_PREFIX_PATH}:/home/daniel/dev_ws/install/robot_description:/home/daniel/dev_ws/install/my_doosan_pkg:/home/daniel/dev_ws/install/mobile_manipulator:/home/daniel/dev_ws/install/doosan_description:/home/daniel/dev_ws/install/bulldog_description:/opt/ros/foxy /usr/bin/cmake --install /home/daniel/dev_ws/build/ur5_ros2_gazebo
[6.318s] Level 1:colcon.colcon_core.environment:checking '/home/daniel/dev_ws/install/ur5_ros2_gazebo' for CMake module files
[6.319s] Level 1:colcon.colcon_core.environment:checking '/home/daniel/dev_ws/install/ur5_ros2_gazebo' for CMake config files
[6.319s] Level 1:colcon.colcon_core.shell:create_environment_hook('ur5_ros2_gazebo', 'cmake_prefix_path')
[6.374s] INFO:colcon.colcon_core.shell:Creating environment hook '/home/daniel/dev_ws/install/ur5_ros2_gazebo/share/ur5_ros2_gazebo/hook/cmake_prefix_path.ps1'
[6.375s] INFO:colcon.colcon_core.shell:Creating environment descriptor '/home/daniel/dev_ws/install/ur5_ros2_gazebo/share/ur5_ros2_gazebo/hook/cmake_prefix_path.dsv'
[6.375s] INFO:colcon.colcon_core.shell:Creating environment hook '/home/daniel/dev_ws/install/ur5_ros2_gazebo/share/ur5_ros2_gazebo/hook/cmake_prefix_path.sh'
[6.376s] Level 1:colcon.colcon_core.environment:checking '/home/daniel/dev_ws/install/ur5_ros2_gazebo/bin'
[6.376s] Level 1:colcon.colcon_core.environment:checking '/home/daniel/dev_ws/install/ur5_ros2_gazebo/lib/pkgconfig/ur5_ros2_gazebo.pc'
[6.376s] Level 1:colcon.colcon_core.environment:checking '/home/daniel/dev_ws/install/ur5_ros2_gazebo/lib/python3.8/site-packages'
[6.376s] Level 1:colcon.colcon_core.environment:checking '/home/daniel/dev_ws/install/ur5_ros2_gazebo/bin'
[6.431s] INFO:colcon.colcon_core.shell:Creating package script '/home/daniel/dev_ws/install/ur5_ros2_gazebo/share/ur5_ros2_gazebo/package.ps1'
[6.432s] INFO:colcon.colcon_core.shell:Creating package descriptor '/home/daniel/dev_ws/install/ur5_ros2_gazebo/share/ur5_ros2_gazebo/package.dsv'
[6.433s] INFO:colcon.colcon_core.shell:Creating package script '/home/daniel/dev_ws/install/ur5_ros2_gazebo/share/ur5_ros2_gazebo/package.sh'
[6.434s] INFO:colcon.colcon_core.shell:Creating package script '/home/daniel/dev_ws/install/ur5_ros2_gazebo/share/ur5_ros2_gazebo/package.bash'
[6.434s] INFO:colcon.colcon_core.shell:Creating package script '/home/daniel/dev_ws/install/ur5_ros2_gazebo/share/ur5_ros2_gazebo/package.zsh'
[6.435s] Level 1:colcon.colcon_core.environment:create_file_with_runtime_dependencies(/home/daniel/dev_ws/install/ur5_ros2_gazebo/share/colcon-core/packages/ur5_ros2_gazebo)
[6.534s] Level 1:colcon.colcon_core.environment:create_environment_scripts_only(ur5_ros2_gazebo)
[6.589s] Level 1:colcon.colcon_core.environment:checking '/home/daniel/dev_ws/install/ur5_ros2_gazebo' for CMake module files
[6.590s] Level 1:colcon.colcon_core.environment:checking '/home/daniel/dev_ws/install/ur5_ros2_gazebo' for CMake config files
[6.590s] Level 1:colcon.colcon_core.shell:create_environment_hook('ur5_ros2_gazebo', 'cmake_prefix_path')
[6.646s] INFO:colcon.colcon_core.shell:Creating environment hook '/home/daniel/dev_ws/install/ur5_ros2_gazebo/share/ur5_ros2_gazebo/hook/cmake_prefix_path.ps1'
[6.647s] INFO:colcon.colcon_core.shell:Creating environment descriptor '/home/daniel/dev_ws/install/ur5_ros2_gazebo/share/ur5_ros2_gazebo/hook/cmake_prefix_path.dsv'
[6.647s] INFO:colcon.colcon_core.shell:Creating environment hook '/home/daniel/dev_ws/install/ur5_ros2_gazebo/share/ur5_ros2_gazebo/hook/cmake_prefix_path.sh'
[6.648s] Level 1:colcon.colcon_core.environment:checking '/home/daniel/dev_ws/install/ur5_ros2_gazebo/bin'
[6.648s] Level 1:colcon.colcon_core.environment:checking '/home/daniel/dev_ws/install/ur5_ros2_gazebo/lib/pkgconfig/ur5_ros2_gazebo.pc'
[6.649s] Level 1:colcon.colcon_core.environment:checking '/home/daniel/dev_ws/install/ur5_ros2_gazebo/lib/python3.8/site-packages'
[6.649s] Level 1:colcon.colcon_core.environment:checking '/home/daniel/dev_ws/install/ur5_ros2_gazebo/bin'
[6.704s] INFO:colcon.colcon_core.shell:Creating package script '/home/daniel/dev_ws/install/ur5_ros2_gazebo/share/ur5_ros2_gazebo/package.ps1'
[6.704s] INFO:colcon.colcon_core.shell:Creating package descriptor '/home/daniel/dev_ws/install/ur5_ros2_gazebo/share/ur5_ros2_gazebo/package.dsv'
[6.705s] INFO:colcon.colcon_core.shell:Creating package script '/home/daniel/dev_ws/install/ur5_ros2_gazebo/share/ur5_ros2_gazebo/package.sh'
[6.705s] INFO:colcon.colcon_core.shell:Creating package script '/home/daniel/dev_ws/install/ur5_ros2_gazebo/share/ur5_ros2_gazebo/package.bash'
[6.706s] INFO:colcon.colcon_core.shell:Creating package script '/home/daniel/dev_ws/install/ur5_ros2_gazebo/share/ur5_ros2_gazebo/package.zsh'
[6.706s] Level 1:colcon.colcon_core.environment:create_file_with_runtime_dependencies(/home/daniel/dev_ws/install/ur5_ros2_gazebo/share/colcon-core/packages/ur5_ros2_gazebo)
[6.714s] DEBUG:colcon.colcon_core.event_handler.log_command:Invoking command in '/home/daniel/dev_ws/build/doosan_description': PYTHONPATH=/home/daniel/dev_ws/build/doosan_description/prefix_override:/home/daniel/dev_ws/install/doosan_description/lib/python3.8/site-packages:${PYTHONPATH} /usr/bin/python3 setup.py develop --editable --build-directory /home/daniel/dev_ws/build/doosan_description/build --no-deps install_data
[6.718s] DEBUG:colcon.colcon_core.event_handler.log_command:Invoking command in '/home/daniel/dev_ws/build/bulldog_description': PYTHONPATH=/home/daniel/dev_ws/build/bulldog_description/prefix_override:/home/daniel/dev_ws/install/bulldog_description/lib/python3.8/site-packages:${PYTHONPATH} /usr/bin/python3 setup.py develop --editable --build-directory /home/daniel/dev_ws/build/bulldog_description/build --no-deps install_data
[6.724s] DEBUG:colcon.colcon_core.event_handler.log_command:Invoking command in '/home/daniel/dev_ws/build/mobile_manipulator': PYTHONPATH=/home/daniel/dev_ws/build/mobile_manipulator/prefix_override:/home/daniel/dev_ws/install/mobile_manipulator/lib/python3.8/site-packages:${PYTHONPATH} /usr/bin/python3 setup.py develop --editable --build-directory /home/daniel/dev_ws/build/mobile_manipulator/build --no-deps install_data
[7.266s] Level 1:colcon.colcon_core.shell:create_environment_hook('doosan_description', 'pythonpath_develop')
[7.267s] DEBUG:colcon.colcon_core.event_handler.log_command:Invoked command in '/home/daniel/dev_ws/build/doosan_description' returned '0': PYTHONPATH=/home/daniel/dev_ws/build/doosan_description/prefix_override:/home/daniel/dev_ws/install/doosan_description/lib/python3.8/site-packages:${PYTHONPATH} /usr/bin/python3 setup.py develop --editable --build-directory /home/daniel/dev_ws/build/doosan_description/build --no-deps install_data
[7.324s] INFO:colcon.colcon_core.shell:Creating environment hook '/home/daniel/dev_ws/build/doosan_description/share/doosan_description/hook/pythonpath_develop.ps1'
[7.324s] INFO:colcon.colcon_core.shell:Creating environment descriptor '/home/daniel/dev_ws/build/doosan_description/share/doosan_description/hook/pythonpath_develop.dsv'
[7.325s] INFO:colcon.colcon_core.shell:Creating environment hook '/home/daniel/dev_ws/build/doosan_description/share/doosan_description/hook/pythonpath_develop.sh'
[7.373s] Level 1:colcon.colcon_core.environment:checking '/home/daniel/dev_ws/install/doosan_description' for CMake module files
[7.373s] Level 1:colcon.colcon_core.environment:checking '/home/daniel/dev_ws/install/doosan_description' for CMake config files
[7.374s] Level 1:colcon.colcon_core.environment:checking '/home/daniel/dev_ws/install/doosan_description/lib'
[7.374s] Level 1:colcon.colcon_core.environment:checking '/home/daniel/dev_ws/install/doosan_description/bin'
[7.374s] Level 1:colcon.colcon_core.environment:checking '/home/daniel/dev_ws/install/doosan_description/lib/pkgconfig/doosan_description.pc'
[7.375s] Level 1:colcon.colcon_core.environment:checking '/home/daniel/dev_ws/install/doosan_description/lib/python3.8/site-packages'
[7.375s] Level 1:colcon.colcon_core.shell:create_environment_hook('doosan_description', 'pythonpath')
[7.424s] INFO:colcon.colcon_core.shell:Creating environment hook '/home/daniel/dev_ws/install/doosan_description/share/doosan_description/hook/pythonpath.ps1'
[7.424s] INFO:colcon.colcon_core.shell:Creating environment descriptor '/home/daniel/dev_ws/install/doosan_description/share/doosan_description/hook/pythonpath.dsv'
[7.425s] INFO:colcon.colcon_core.shell:Creating environment hook '/home/daniel/dev_ws/install/doosan_description/share/doosan_description/hook/pythonpath.sh'
[7.425s] Level 1:colcon.colcon_core.environment:checking '/home/daniel/dev_ws/install/doosan_description/bin'
[7.425s] Level 1:colcon.colcon_core.environment:create_environment_scripts_only(doosan_description)
[7.474s] INFO:colcon.colcon_core.shell:Creating package script '/home/daniel/dev_ws/install/doosan_description/share/doosan_description/package.ps1'
[7.474s] INFO:colcon.colcon_core.shell:Creating package descriptor '/home/daniel/dev_ws/install/doosan_description/share/doosan_description/package.dsv'
[7.475s] INFO:colcon.colcon_core.shell:Creating package script '/home/daniel/dev_ws/install/doosan_description/share/doosan_description/package.sh'
[7.475s] INFO:colcon.colcon_core.shell:Creating package script '/home/daniel/dev_ws/install/doosan_description/share/doosan_description/package.bash'
[7.476s] INFO:colcon.colcon_core.shell:Creating package script '/home/daniel/dev_ws/install/doosan_description/share/doosan_description/package.zsh'
[7.476s] Level 1:colcon.colcon_core.environment:create_file_with_runtime_dependencies(/home/daniel/dev_ws/install/doosan_description/share/colcon-core/packages/doosan_description)
[7.477s] Level 1:colcon.colcon_core.shell:create_environment_hook('mobile_manipulator', 'pythonpath_develop')
[7.478s] DEBUG:colcon.colcon_core.event_handler.log_command:Invoked command in '/home/daniel/dev_ws/build/mobile_manipulator' returned '0': PYTHONPATH=/home/daniel/dev_ws/build/mobile_manipulator/prefix_override:/home/daniel/dev_ws/install/mobile_manipulator/lib/python3.8/site-packages:${PYTHONPATH} /usr/bin/python3 setup.py develop --editable --build-directory /home/daniel/dev_ws/build/mobile_manipulator/build --no-deps install_data
[7.531s] INFO:colcon.colcon_core.shell:Creating environment hook '/home/daniel/dev_ws/build/mobile_manipulator/share/mobile_manipulator/hook/pythonpath_develop.ps1'
[7.532s] INFO:colcon.colcon_core.shell:Creating environment descriptor '/home/daniel/dev_ws/build/mobile_manipulator/share/mobile_manipulator/hook/pythonpath_develop.dsv'
[7.532s] INFO:colcon.colcon_core.shell:Creating environment hook '/home/daniel/dev_ws/build/mobile_manipulator/share/mobile_manipulator/hook/pythonpath_develop.sh'
[7.581s] Level 1:colcon.colcon_core.environment:checking '/home/daniel/dev_ws/install/mobile_manipulator' for CMake module files
[7.581s] Level 1:colcon.colcon_core.environment:checking '/home/daniel/dev_ws/install/mobile_manipulator' for CMake config files
[7.582s] Level 1:colcon.colcon_core.environment:checking '/home/daniel/dev_ws/install/mobile_manipulator/lib'
[7.582s] Level 1:colcon.colcon_core.environment:checking '/home/daniel/dev_ws/install/mobile_manipulator/bin'
[7.582s] Level 1:colcon.colcon_core.environment:checking '/home/daniel/dev_ws/install/mobile_manipulator/lib/pkgconfig/mobile_manipulator.pc'
[7.582s] Level 1:colcon.colcon_core.environment:checking '/home/daniel/dev_ws/install/mobile_manipulator/lib/python3.8/site-packages'
[7.582s] Level 1:colcon.colcon_core.shell:create_environment_hook('mobile_manipulator', 'pythonpath')
[7.631s] INFO:colcon.colcon_core.shell:Creating environment hook '/home/daniel/dev_ws/install/mobile_manipulator/share/mobile_manipulator/hook/pythonpath.ps1'
[7.631s] INFO:colcon.colcon_core.shell:Creating environment descriptor '/home/daniel/dev_ws/install/mobile_manipulator/share/mobile_manipulator/hook/pythonpath.dsv'
[7.632s] INFO:colcon.colcon_core.shell:Creating environment hook '/home/daniel/dev_ws/install/mobile_manipulator/share/mobile_manipulator/hook/pythonpath.sh'
[7.632s] Level 1:colcon.colcon_core.environment:checking '/home/daniel/dev_ws/install/mobile_manipulator/bin'
[7.632s] Level 1:colcon.colcon_core.environment:create_environment_scripts_only(mobile_manipulator)
[7.681s] INFO:colcon.colcon_core.shell:Creating package script '/home/daniel/dev_ws/install/mobile_manipulator/share/mobile_manipulator/package.ps1'
[7.681s] INFO:colcon.colcon_core.shell:Creating package descriptor '/home/daniel/dev_ws/install/mobile_manipulator/share/mobile_manipulator/package.dsv'
[7.682s] INFO:colcon.colcon_core.shell:Creating package script '/home/daniel/dev_ws/install/mobile_manipulator/share/mobile_manipulator/package.sh'
[7.682s] INFO:colcon.colcon_core.shell:Creating package script '/home/daniel/dev_ws/install/mobile_manipulator/share/mobile_manipulator/package.bash'
[7.683s] INFO:colcon.colcon_core.shell:Creating package script '/home/daniel/dev_ws/install/mobile_manipulator/share/mobile_manipulator/package.zsh'
[7.683s] Level 1:colcon.colcon_core.environment:create_file_with_runtime_dependencies(/home/daniel/dev_ws/install/mobile_manipulator/share/colcon-core/packages/mobile_manipulator)
[7.684s] Level 1:colcon.colcon_core.shell:create_environment_hook('bulldog_description', 'pythonpath_develop')
[7.685s] DEBUG:colcon.colcon_core.event_handler.log_command:Invoked command in '/home/daniel/dev_ws/build/bulldog_description' returned '0': PYTHONPATH=/home/daniel/dev_ws/build/bulldog_description/prefix_override:/home/daniel/dev_ws/install/bulldog_description/lib/python3.8/site-packages:${PYTHONPATH} /usr/bin/python3 setup.py develop --editable --build-directory /home/daniel/dev_ws/build/bulldog_description/build --no-deps install_data
[7.736s] INFO:colcon.colcon_core.shell:Creating environment hook '/home/daniel/dev_ws/build/bulldog_description/share/bulldog_description/hook/pythonpath_develop.ps1'
[7.736s] INFO:colcon.colcon_core.shell:Creating environment descriptor '/home/daniel/dev_ws/build/bulldog_description/share/bulldog_description/hook/pythonpath_develop.dsv'
[7.737s] INFO:colcon.colcon_core.shell:Creating environment hook '/home/daniel/dev_ws/build/bulldog_description/share/bulldog_description/hook/pythonpath_develop.sh'
[7.788s] Level 1:colcon.colcon_core.environment:checking '/home/daniel/dev_ws/install/bulldog_description' for CMake module files
[7.789s] Level 1:colcon.colcon_core.environment:checking '/home/daniel/dev_ws/install/bulldog_description' for CMake config files
[7.790s] Level 1:colcon.colcon_core.environment:checking '/home/daniel/dev_ws/install/bulldog_description/lib'
[7.790s] Level 1:colcon.colcon_core.environment:checking '/home/daniel/dev_ws/install/bulldog_description/bin'
[7.790s] Level 1:colcon.colcon_core.environment:checking '/home/daniel/dev_ws/install/bulldog_description/lib/pkgconfig/bulldog_description.pc'
[7.791s] Level 1:colcon.colcon_core.environment:checking '/home/daniel/dev_ws/install/bulldog_description/lib/python3.8/site-packages'
[7.791s] Level 1:colcon.colcon_core.shell:create_environment_hook('bulldog_description', 'pythonpath')
[7.840s] INFO:colcon.colcon_core.shell:Creating environment hook '/home/daniel/dev_ws/install/bulldog_description/share/bulldog_description/hook/pythonpath.ps1'
[7.841s] INFO:colcon.colcon_core.shell:Creating environment descriptor '/home/daniel/dev_ws/install/bulldog_description/share/bulldog_description/hook/pythonpath.dsv'
[7.841s] INFO:colcon.colcon_core.shell:Creating environment hook '/home/daniel/dev_ws/install/bulldog_description/share/bulldog_description/hook/pythonpath.sh'
[7.842s] Level 1:colcon.colcon_core.environment:checking '/home/daniel/dev_ws/install/bulldog_description/bin'
[7.842s] Level 1:colcon.colcon_core.environment:create_environment_scripts_only(bulldog_description)
[7.891s] INFO:colcon.colcon_core.shell:Creating package script '/home/daniel/dev_ws/install/bulldog_description/share/bulldog_description/package.ps1'
[7.892s] INFO:colcon.colcon_core.shell:Creating package descriptor '/home/daniel/dev_ws/install/bulldog_description/share/bulldog_description/package.dsv'
[7.893s] INFO:colcon.colcon_core.shell:Creating package script '/home/daniel/dev_ws/install/bulldog_description/share/bulldog_description/package.sh'
[7.893s] INFO:colcon.colcon_core.shell:Creating package script '/home/daniel/dev_ws/install/bulldog_description/share/bulldog_description/package.bash'
[7.893s] INFO:colcon.colcon_core.shell:Creating package script '/home/daniel/dev_ws/install/bulldog_description/share/bulldog_description/package.zsh'
[7.894s] Level 1:colcon.colcon_core.environment:create_file_with_runtime_dependencies(/home/daniel/dev_ws/install/bulldog_description/share/colcon-core/packages/bulldog_description)
[7.894s] DEBUG:colcon.colcon_parallel_executor.executor.parallel:closing loop
[7.894s] DEBUG:colcon.colcon_parallel_executor.executor.parallel:loop closed
[7.895s] DEBUG:colcon.colcon_parallel_executor.executor.parallel:run_until_complete finished with '0'
[7.895s] DEBUG:colcon.colcon_core.event_reactor:joining thread
[7.952s] INFO:colcon.colcon_core.plugin_system:Skipping extension 'colcon_notification.desktop_notification.terminal_notifier': Not used on non-Darwin systems
[7.953s] INFO:colcon.colcon_core.plugin_system:Skipping extension 'colcon_notification.desktop_notification.win32': Not used on non-Windows systems
[7.953s] INFO:colcon.colcon_notification.desktop_notification:Sending desktop notification using 'notify2'
[7.967s] DEBUG:colcon.colcon_core.event_reactor:joined thread
[8.030s] INFO:colcon.colcon_core.shell:Creating prefix script '/home/daniel/dev_ws/install/local_setup.ps1'
[8.030s] INFO:colcon.colcon_core.shell:Creating prefix util module '/home/daniel/dev_ws/install/_local_setup_util_ps1.py'
[8.032s] INFO:colcon.colcon_core.shell:Creating prefix chain script '/home/daniel/dev_ws/install/setup.ps1'
[8.083s] INFO:colcon.colcon_core.shell:Creating prefix script '/home/daniel/dev_ws/install/local_setup.sh'
[8.083s] INFO:colcon.colcon_core.shell:Creating prefix util module '/home/daniel/dev_ws/install/_local_setup_util_sh.py'
[8.084s] INFO:colcon.colcon_core.shell:Creating prefix chain script '/home/daniel/dev_ws/install/setup.sh'
[8.137s] INFO:colcon.colcon_core.shell:Creating prefix script '/home/daniel/dev_ws/install/local_setup.bash'
[8.138s] INFO:colcon.colcon_core.shell:Creating prefix chain script '/home/daniel/dev_ws/install/setup.bash'
[8.194s] INFO:colcon.colcon_core.shell:Creating prefix script '/home/daniel/dev_ws/install/local_setup.zsh'
[8.194s] INFO:colcon.colcon_core.shell:Creating prefix chain script '/home/daniel/dev_ws/install/setup.zsh'
