running develop
Removing /home/daniel/dev_ws/install/mobile_manipulator/lib/python3.8/site-packages/mobile-manipulator.egg-link (link to .)
running egg_info
writing ../../build/mobile_manipulator/mobile_manipulator.egg-info/PKG-INFO
writing dependency_links to ../../build/mobile_manipulator/mobile_manipulator.egg-info/dependency_links.txt
writing entry points to ../../build/mobile_manipulator/mobile_manipulator.egg-info/entry_points.txt
writing requirements to ../../build/mobile_manipulator/mobile_manipulator.egg-info/requires.txt
writing top-level names to ../../build/mobile_manipulator/mobile_manipulator.egg-info/top_level.txt
reading manifest file '../../build/mobile_manipulator/mobile_manipulator.egg-info/SOURCES.txt'
writing manifest file '../../build/mobile_manipulator/mobile_manipulator.egg-info/SOURCES.txt'
running build
running build_py
copying mobile_manipulator/send_goal_pose_action.py -> /home/daniel/dev_ws/build/mobile_manipulator/build/lib/mobile_manipulator
copying mobile_manipulator/joint_points_act_service_from_ik.py -> /home/daniel/dev_ws/build/mobile_manipulator/build/lib/mobile_manipulator
copying mobile_manipulator/tf_listener_node.py -> /home/daniel/dev_ws/build/mobile_manipulator/build/lib/mobile_manipulator
copying mobile_manipulator/utils.py -> /home/daniel/dev_ws/build/mobile_manipulator/build/lib/mobile_manipulator
copying mobile_manipulator/reach_goal_action.py -> /home/daniel/dev_ws/build/mobile_manipulator/build/lib/mobile_manipulator
running install
running install_lib
copying /home/daniel/dev_ws/build/mobile_manipulator/build/lib/mobile_manipulator/joint_points_act_service.py -> /home/daniel/dev_ws/install/mobile_manipulator/lib/python3.8/site-packages/mobile_manipulator
copying /home/daniel/dev_ws/build/mobile_manipulator/build/lib/mobile_manipulator/__init__.py -> /home/daniel/dev_ws/install/mobile_manipulator/lib/python3.8/site-packages/mobile_manipulator
copying /home/daniel/dev_ws/build/mobile_manipulator/build/lib/mobile_manipulator/send_goal_pose_action.py -> /home/daniel/dev_ws/install/mobile_manipulator/lib/python3.8/site-packages/mobile_manipulator
copying /home/daniel/dev_ws/build/mobile_manipulator/build/lib/mobile_manipulator/get_path_action.py -> /home/daniel/dev_ws/install/mobile_manipulator/lib/python3.8/site-packages/mobile_manipulator
copying /home/daniel/dev_ws/build/mobile_manipulator/build/lib/mobile_manipulator/joint_points_act_service_from_ik.py -> /home/daniel/dev_ws/install/mobile_manipulator/lib/python3.8/site-packages/mobile_manipulator
copying /home/daniel/dev_ws/build/mobile_manipulator/build/lib/mobile_manipulator/tf_listener_node.py -> /home/daniel/dev_ws/install/mobile_manipulator/lib/python3.8/site-packages/mobile_manipulator
copying /home/daniel/dev_ws/build/mobile_manipulator/build/lib/mobile_manipulator/utils.py -> /home/daniel/dev_ws/install/mobile_manipulator/lib/python3.8/site-packages/mobile_manipulator
copying /home/daniel/dev_ws/build/mobile_manipulator/build/lib/mobile_manipulator/reach_goal_action.py -> /home/daniel/dev_ws/install/mobile_manipulator/lib/python3.8/site-packages/mobile_manipulator
byte-compiling /home/daniel/dev_ws/install/mobile_manipulator/lib/python3.8/site-packages/mobile_manipulator/joint_points_act_service.py to joint_points_act_service.cpython-38.pyc
byte-compiling /home/daniel/dev_ws/install/mobile_manipulator/lib/python3.8/site-packages/mobile_manipulator/__init__.py to __init__.cpython-38.pyc
byte-compiling /home/daniel/dev_ws/install/mobile_manipulator/lib/python3.8/site-packages/mobile_manipulator/send_goal_pose_action.py to send_goal_pose_action.cpython-38.pyc
byte-compiling /home/daniel/dev_ws/install/mobile_manipulator/lib/python3.8/site-packages/mobile_manipulator/get_path_action.py to get_path_action.cpython-38.pyc
byte-compiling /home/daniel/dev_ws/install/mobile_manipulator/lib/python3.8/site-packages/mobile_manipulator/joint_points_act_service_from_ik.py to joint_points_act_service_from_ik.cpython-38.pyc
byte-compiling /home/daniel/dev_ws/install/mobile_manipulator/lib/python3.8/site-packages/mobile_manipulator/tf_listener_node.py to tf_listener_node.cpython-38.pyc
byte-compiling /home/daniel/dev_ws/install/mobile_manipulator/lib/python3.8/site-packages/mobile_manipulator/utils.py to utils.cpython-38.pyc
byte-compiling /home/daniel/dev_ws/install/mobile_manipulator/lib/python3.8/site-packages/mobile_manipulator/reach_goal_action.py to reach_goal_action.cpython-38.pyc
running install_data
copying urdf/mm.urdf.xacro -> /home/daniel/dev_ws/install/mobile_manipulator/share/mobile_manipulator/urdf
copying urdf/gripper.xacro -> /home/daniel/dev_ws/install/mobile_manipulator/share/mobile_manipulator/urdf
creating /home/daniel/dev_ws/install/mobile_manipulator/share/mobile_manipulator/meshes
copying meshes/gripA_R_1.stl -> /home/daniel/dev_ws/install/mobile_manipulator/share/mobile_manipulator/meshes
copying meshes/gripA_L_1.stl -> /home/daniel/dev_ws/install/mobile_manipulator/share/mobile_manipulator/meshes
copying meshes/gripA_0.stl -> /home/daniel/dev_ws/install/mobile_manipulator/share/mobile_manipulator/meshes
running install_egg_info
Copying ../../build/mobile_manipulator/mobile_manipulator.egg-info to /home/daniel/dev_ws/install/mobile_manipulator/lib/python3.8/site-packages/mobile_manipulator-0.0.0-py3.8.egg-info
running install_scripts
Installing get_path_action script to /home/daniel/dev_ws/install/mobile_manipulator/lib/mobile_manipulator
Installing reach_goal_action script to /home/daniel/dev_ws/install/mobile_manipulator/lib/mobile_manipulator
Installing send_goal_pose_action script to /home/daniel/dev_ws/install/mobile_manipulator/lib/mobile_manipulator
Installing tf_listener script to /home/daniel/dev_ws/install/mobile_manipulator/lib/mobile_manipulator
Installing trajectory_points_act_server script to /home/daniel/dev_ws/install/mobile_manipulator/lib/mobile_manipulator
Installing trajectory_points_from_ik_act_server script to /home/daniel/dev_ws/install/mobile_manipulator/lib/mobile_manipulator
writing list of installed files to '/home/daniel/dev_ws/build/mobile_manipulator/install.log'
