[0.326s] Invoking command in '/home/daniel/dev_ws/build/articubot_one': CMAKE_PREFIX_PATH=${CMAKE_PREFIX_PATH}:/opt/ros/foxy /usr/bin/cmake --build /home/daniel/dev_ws/build/articubot_one -- -j8 -l8
[0.768s] Invoked command in '/home/daniel/dev_ws/build/articubot_one' returned '0': CMAKE_PREFIX_PATH=${CMAKE_PREFIX_PATH}:/opt/ros/foxy /usr/bin/cmake --build /home/daniel/dev_ws/build/articubot_one -- -j8 -l8
[0.807s] Invoking command in '/home/daniel/dev_ws/build/articubot_one': CMAKE_PREFIX_PATH=${CMAKE_PREFIX_PATH}:/opt/ros/foxy /usr/bin/cmake --install /home/daniel/dev_ws/build/articubot_one
[0.828s] -- Install configuration: ""
[0.839s] -- Execute custom install script
[0.840s] -- Up-to-date symlink: /home/daniel/dev_ws/install/articubot_one/share/articubot_one/config/empty.yaml
[0.841s] -- Up-to-date symlink: /home/daniel/dev_ws/install/articubot_one/share/articubot_one/config/view_bot.rviz
[0.841s] -- Up-to-date symlink: /home/daniel/dev_ws/install/articubot_one/share/articubot_one/description/robot.urdf.xacro
[0.842s] -- Symlinking: /home/daniel/dev_ws/install/articubot_one/share/articubot_one/description/robot_base.xacro
[0.856s] -- Up-to-date symlink: /home/daniel/dev_ws/install/articubot_one/share/articubot_one/description/robot_essentials.xacro
[0.856s] -- Up-to-date symlink: /home/daniel/dev_ws/install/articubot_one/share/articubot_one/launch/rsp.launch.py
[0.857s] -- Up-to-date symlink: /home/daniel/dev_ws/install/articubot_one/share/articubot_one/worlds/empty.world
[0.858s] -- Up-to-date symlink: /home/daniel/dev_ws/install/articubot_one/share/articubot_one/meshes/arm_base.stl
[0.858s] -- Up-to-date symlink: /home/daniel/dev_ws/install/articubot_one/share/articubot_one/meshes/bicep.stl
[0.858s] -- Up-to-date symlink: /home/daniel/dev_ws/install/articubot_one/share/articubot_one/meshes/elbow.stl
[0.859s] -- Up-to-date symlink: /home/daniel/dev_ws/install/articubot_one/share/articubot_one/meshes/robot_base.stl
[0.859s] -- Up-to-date symlink: /home/daniel/dev_ws/install/articubot_one/share/articubot_one/meshes/wheel.stl
[0.860s] -- Up-to-date symlink: /home/daniel/dev_ws/install/articubot_one/share/articubot_one/meshes/wrist.stl
[0.860s] -- Up-to-date symlink: /home/daniel/dev_ws/install/articubot_one/share/ament_index/resource_index/package_run_dependencies/articubot_one
[0.861s] -- Up-to-date symlink: /home/daniel/dev_ws/install/articubot_one/share/ament_index/resource_index/parent_prefix_path/articubot_one
[0.861s] -- Up-to-date symlink: /home/daniel/dev_ws/install/articubot_one/share/articubot_one/environment/ament_prefix_path.sh
[0.862s] -- Up-to-date symlink: /home/daniel/dev_ws/install/articubot_one/share/articubot_one/environment/ament_prefix_path.dsv
[0.862s] -- Up-to-date symlink: /home/daniel/dev_ws/install/articubot_one/share/articubot_one/environment/path.sh
[0.863s] -- Up-to-date symlink: /home/daniel/dev_ws/install/articubot_one/share/articubot_one/environment/path.dsv
[0.863s] -- Up-to-date symlink: /home/daniel/dev_ws/install/articubot_one/share/articubot_one/local_setup.bash
[0.864s] -- Up-to-date symlink: /home/daniel/dev_ws/install/articubot_one/share/articubot_one/local_setup.sh
[0.864s] -- Up-to-date symlink: /home/daniel/dev_ws/install/articubot_one/share/articubot_one/local_setup.zsh
[0.865s] -- Up-to-date symlink: /home/daniel/dev_ws/install/articubot_one/share/articubot_one/local_setup.dsv
[0.865s] -- Symlinking: /home/daniel/dev_ws/install/articubot_one/share/articubot_one/package.dsv
[0.892s] -- Up-to-date symlink: /home/daniel/dev_ws/install/articubot_one/share/ament_index/resource_index/packages/articubot_one
[0.892s] -- Up-to-date symlink: /home/daniel/dev_ws/install/articubot_one/share/articubot_one/cmake/ament_cmake_export_dependencies-extras.cmake
[0.893s] -- Up-to-date symlink: /home/daniel/dev_ws/install/articubot_one/share/articubot_one/cmake/articubot_oneConfig.cmake
[0.893s] -- Up-to-date symlink: /home/daniel/dev_ws/install/articubot_one/share/articubot_one/cmake/articubot_oneConfig-version.cmake
[0.894s] -- Up-to-date symlink: /home/daniel/dev_ws/install/articubot_one/share/articubot_one/package.xml
[0.898s] Invoked command in '/home/daniel/dev_ws/build/articubot_one' returned '0': CMAKE_PREFIX_PATH=${CMAKE_PREFIX_PATH}:/opt/ros/foxy /usr/bin/cmake --install /home/daniel/dev_ws/build/articubot_one
