[3.156s] DEBUG:colcon:Command line arguments: ['/usr/bin/colcon', 'build', '--packages-select', 'articubot_one', '--symlink-install']
[3.156s] DEBUG:colcon:Parsed command line arguments: Namespace(allow_overriding=[], ament_cmake_args=None, base_paths=['.'], build_base='build', catkin_cmake_args=None, catkin_skip_building_tests=False, cmake_args=None, cmake_clean_cache=False, cmake_clean_first=False, cmake_force_configure=False, cmake_target=None, cmake_target_skip_unavailable=False, continue_on_error=False, event_handlers=None, executor='parallel', ignore_user_meta=False, install_base='install', log_base=None, log_level=None, main=<bound method BuildVerb.main of <colcon_core.verb.build.BuildVerb object at 0x7f5d16f1b5e0>>, merge_install=False, metas=['./colcon.meta'], packages_above=None, packages_above_and_dependencies=None, packages_above_depth=None, packages_end=None, packages_ignore=None, packages_ignore_regex=None, packages_select=['articubot_one'], packages_select_build_failed=False, packages_select_by_dep=None, packages_select_regex=None, packages_select_test_failures=False, packages_skip=None, packages_skip_build_finished=False, packages_skip_by_dep=None, packages_skip_regex=None, packages_skip_test_passed=False, packages_skip_up_to=None, packages_start=None, packages_up_to=None, packages_up_to_regex=None, parallel_workers=8, paths=None, symlink_install=True, test_result_base=None, verb_extension=<colcon_core.verb.build.BuildVerb object at 0x7f5d16f1b5e0>, verb_name='build', verb_parser=<colcon_defaults.argument_parser.defaults.DefaultArgumentsDecorator object at 0x7f5d16f1baf0>)
[3.679s] Level 1:colcon.colcon_core.package_discovery:discover_packages(colcon_meta) check parameters
[3.679s] Level 1:colcon.colcon_core.package_discovery:discover_packages(recursive) check parameters
[3.679s] Level 1:colcon.colcon_core.package_discovery:discover_packages(ignore) check parameters
[3.679s] Level 1:colcon.colcon_core.package_discovery:discover_packages(path) check parameters
[3.679s] Level 1:colcon.colcon_core.package_discovery:discover_packages(colcon_meta) discover
[3.679s] Level 1:colcon.colcon_core.package_discovery:discover_packages(recursive) discover
[3.679s] INFO:colcon.colcon_core.package_discovery:Crawling recursively for packages in '/home/daniel/dev_ws'
[3.679s] Level 1:colcon.colcon_core.package_identification:_identify(.) by extensions ['ignore', 'ignore_ament_install']
[3.679s] Level 1:colcon.colcon_core.package_identification:_identify(.) by extension 'ignore'
[3.679s] Level 1:colcon.colcon_core.package_identification:_identify(.) by extension 'ignore_ament_install'
[3.680s] Level 1:colcon.colcon_core.package_identification:_identify(.) by extensions ['colcon_pkg']
[3.680s] Level 1:colcon.colcon_core.package_identification:_identify(.) by extension 'colcon_pkg'
[3.680s] Level 1:colcon.colcon_core.package_identification:_identify(.) by extensions ['colcon_meta']
[3.680s] Level 1:colcon.colcon_core.package_identification:_identify(.) by extension 'colcon_meta'
[3.680s] Level 1:colcon.colcon_core.package_identification:_identify(.) by extensions ['ros']
[3.680s] Level 1:colcon.colcon_core.package_identification:_identify(.) by extension 'ros'
[3.733s] Level 1:colcon.colcon_core.package_identification:_identify(.) by extensions ['cmake', 'python']
[3.733s] Level 1:colcon.colcon_core.package_identification:_identify(.) by extension 'cmake'
[3.733s] Level 1:colcon.colcon_core.package_identification:_identify(.) by extension 'python'
[3.733s] Level 1:colcon.colcon_core.package_identification:_identify(.) by extensions ['python_setup_py']
[3.733s] Level 1:colcon.colcon_core.package_identification:_identify(.) by extension 'python_setup_py'
[3.733s] Level 1:colcon.colcon_core.package_identification:_identify(build) by extensions ['ignore', 'ignore_ament_install']
[3.733s] Level 1:colcon.colcon_core.package_identification:_identify(build) by extension 'ignore'
[3.734s] Level 1:colcon.colcon_core.package_identification:_identify(build) ignored
[3.734s] Level 1:colcon.colcon_core.package_identification:_identify(install) by extensions ['ignore', 'ignore_ament_install']
[3.734s] Level 1:colcon.colcon_core.package_identification:_identify(install) by extension 'ignore'
[3.734s] Level 1:colcon.colcon_core.package_identification:_identify(install) ignored
[3.734s] Level 1:colcon.colcon_core.package_identification:_identify(log) by extensions ['ignore', 'ignore_ament_install']
[3.734s] Level 1:colcon.colcon_core.package_identification:_identify(log) by extension 'ignore'
[3.734s] Level 1:colcon.colcon_core.package_identification:_identify(log) ignored
[3.734s] Level 1:colcon.colcon_core.package_identification:_identify(src) by extensions ['ignore', 'ignore_ament_install']
[3.734s] Level 1:colcon.colcon_core.package_identification:_identify(src) by extension 'ignore'
[3.734s] Level 1:colcon.colcon_core.package_identification:_identify(src) by extension 'ignore_ament_install'
[3.735s] Level 1:colcon.colcon_core.package_identification:_identify(src) by extensions ['colcon_pkg']
[3.735s] Level 1:colcon.colcon_core.package_identification:_identify(src) by extension 'colcon_pkg'
[3.735s] Level 1:colcon.colcon_core.package_identification:_identify(src) by extensions ['colcon_meta']
[3.735s] Level 1:colcon.colcon_core.package_identification:_identify(src) by extension 'colcon_meta'
[3.735s] Level 1:colcon.colcon_core.package_identification:_identify(src) by extensions ['ros']
[3.735s] Level 1:colcon.colcon_core.package_identification:_identify(src) by extension 'ros'
[3.735s] Level 1:colcon.colcon_core.package_identification:_identify(src) by extensions ['cmake', 'python']
[3.735s] Level 1:colcon.colcon_core.package_identification:_identify(src) by extension 'cmake'
[3.735s] Level 1:colcon.colcon_core.package_identification:_identify(src) by extension 'python'
[3.735s] Level 1:colcon.colcon_core.package_identification:_identify(src) by extensions ['python_setup_py']
[3.735s] Level 1:colcon.colcon_core.package_identification:_identify(src) by extension 'python_setup_py'
[3.735s] Level 1:colcon.colcon_core.package_identification:_identify(src/articubot_one) by extensions ['ignore', 'ignore_ament_install']
[3.736s] Level 1:colcon.colcon_core.package_identification:_identify(src/articubot_one) by extension 'ignore'
[3.736s] Level 1:colcon.colcon_core.package_identification:_identify(src/articubot_one) by extension 'ignore_ament_install'
[3.736s] Level 1:colcon.colcon_core.package_identification:_identify(src/articubot_one) by extensions ['colcon_pkg']
[3.736s] Level 1:colcon.colcon_core.package_identification:_identify(src/articubot_one) by extension 'colcon_pkg'
[3.736s] Level 1:colcon.colcon_core.package_identification:_identify(src/articubot_one) by extensions ['colcon_meta']
[3.736s] Level 1:colcon.colcon_core.package_identification:_identify(src/articubot_one) by extension 'colcon_meta'
[3.736s] Level 1:colcon.colcon_core.package_identification:_identify(src/articubot_one) by extensions ['ros']
[3.736s] Level 1:colcon.colcon_core.package_identification:_identify(src/articubot_one) by extension 'ros'
[3.754s] DEBUG:colcon.colcon_core.package_identification:Package 'src/articubot_one' with type 'ros.ament_cmake' and name 'articubot_one'
[3.754s] Level 1:colcon.colcon_core.package_discovery:discover_packages(recursive) using defaults
[3.754s] Level 1:colcon.colcon_core.package_discovery:discover_packages(ignore) discover
[3.754s] Level 1:colcon.colcon_core.package_discovery:discover_packages(ignore) using defaults
[3.754s] Level 1:colcon.colcon_core.package_discovery:discover_packages(path) discover
[3.754s] Level 1:colcon.colcon_core.package_discovery:discover_packages(path) using defaults
[4.185s] Level 1:colcon.colcon_core.package_discovery:discover_packages(prefix_path) check parameters
[4.185s] Level 1:colcon.colcon_core.package_discovery:discover_packages(prefix_path) discover
[4.286s] DEBUG:colcon.colcon_installed_package_information.package_discovery:Found 2 installed packages in /home/daniel/dev_ws/install
[4.335s] DEBUG:colcon.colcon_installed_package_information.package_discovery:Found 289 installed packages in /opt/ros/foxy
[4.337s] Level 1:colcon.colcon_core.package_discovery:discover_packages(prefix_path) using defaults
[5.065s] Level 5:colcon.colcon_core.verb:set package 'articubot_one' build argument 'cmake_args' from command line to 'None'
[5.065s] Level 5:colcon.colcon_core.verb:set package 'articubot_one' build argument 'cmake_target' from command line to 'None'
[5.066s] Level 5:colcon.colcon_core.verb:set package 'articubot_one' build argument 'cmake_target_skip_unavailable' from command line to 'False'
[5.066s] Level 5:colcon.colcon_core.verb:set package 'articubot_one' build argument 'cmake_clean_cache' from command line to 'False'
[5.066s] Level 5:colcon.colcon_core.verb:set package 'articubot_one' build argument 'cmake_clean_first' from command line to 'False'
[5.066s] Level 5:colcon.colcon_core.verb:set package 'articubot_one' build argument 'cmake_force_configure' from command line to 'False'
[5.066s] Level 5:colcon.colcon_core.verb:set package 'articubot_one' build argument 'ament_cmake_args' from command line to 'None'
[5.066s] Level 5:colcon.colcon_core.verb:set package 'articubot_one' build argument 'catkin_cmake_args' from command line to 'None'
[5.066s] Level 5:colcon.colcon_core.verb:set package 'articubot_one' build argument 'catkin_skip_building_tests' from command line to 'False'
[5.066s] DEBUG:colcon.colcon_core.verb:Building package 'articubot_one' with the following arguments: {'ament_cmake_args': None, 'build_base': '/home/daniel/dev_ws/build/articubot_one', 'catkin_cmake_args': None, 'catkin_skip_building_tests': False, 'cmake_args': None, 'cmake_clean_cache': False, 'cmake_clean_first': False, 'cmake_force_configure': False, 'cmake_target': None, 'cmake_target_skip_unavailable': False, 'install_base': '/home/daniel/dev_ws/install/articubot_one', 'merge_install': False, 'path': '/home/daniel/dev_ws/src/articubot_one', 'symlink_install': True, 'test_result_base': None}
[5.113s] INFO:colcon.colcon_core.executor:Executing jobs using 'parallel' executor
[5.160s] DEBUG:colcon.colcon_parallel_executor.executor.parallel:run_until_complete
[5.161s] INFO:colcon.colcon_ros.task.ament_cmake.build:Building ROS package in '/home/daniel/dev_ws/src/articubot_one' with build type 'ament_cmake'
[5.161s] INFO:colcon.colcon_cmake.task.cmake.build:Building CMake package in '/home/daniel/dev_ws/src/articubot_one'
[5.276s] INFO:colcon.colcon_core.plugin_system:Skipping extension 'colcon_core.shell.bat': Not used on non-Windows systems
[5.276s] INFO:colcon.colcon_core.shell:Skip shell extension 'powershell' for command environment: Not usable outside of PowerShell
[5.276s] DEBUG:colcon.colcon_core.shell:Skip shell extension 'dsv' for command environment
[5.487s] DEBUG:colcon.colcon_core.event_handler.log_command:Invoking command in '/home/daniel/dev_ws/build/articubot_one': CMAKE_PREFIX_PATH=${CMAKE_PREFIX_PATH}:/opt/ros/foxy /usr/bin/cmake --build /home/daniel/dev_ws/build/articubot_one -- -j8 -l8
[5.931s] DEBUG:colcon.colcon_core.event_handler.log_command:Invoked command in '/home/daniel/dev_ws/build/articubot_one' returned '0': CMAKE_PREFIX_PATH=${CMAKE_PREFIX_PATH}:/opt/ros/foxy /usr/bin/cmake --build /home/daniel/dev_ws/build/articubot_one -- -j8 -l8
[5.968s] DEBUG:colcon.colcon_core.event_handler.log_command:Invoking command in '/home/daniel/dev_ws/build/articubot_one': CMAKE_PREFIX_PATH=${CMAKE_PREFIX_PATH}:/opt/ros/foxy /usr/bin/cmake --install /home/daniel/dev_ws/build/articubot_one
[6.058s] Level 1:colcon.colcon_core.environment:create_environment_scripts_only(articubot_one)
[6.059s] DEBUG:colcon.colcon_core.event_handler.log_command:Invoked command in '/home/daniel/dev_ws/build/articubot_one' returned '0': CMAKE_PREFIX_PATH=${CMAKE_PREFIX_PATH}:/opt/ros/foxy /usr/bin/cmake --install /home/daniel/dev_ws/build/articubot_one
[6.181s] Level 1:colcon.colcon_core.environment:checking '/home/daniel/dev_ws/install/articubot_one' for CMake module files
[6.182s] Level 1:colcon.colcon_core.environment:checking '/home/daniel/dev_ws/install/articubot_one' for CMake config files
[6.182s] Level 1:colcon.colcon_core.shell:create_environment_hook('articubot_one', 'cmake_prefix_path')
[6.233s] INFO:colcon.colcon_core.shell:Creating environment hook '/home/daniel/dev_ws/install/articubot_one/share/articubot_one/hook/cmake_prefix_path.ps1'
[6.245s] INFO:colcon.colcon_core.shell:Creating environment descriptor '/home/daniel/dev_ws/install/articubot_one/share/articubot_one/hook/cmake_prefix_path.dsv'
[6.254s] INFO:colcon.colcon_core.shell:Creating environment hook '/home/daniel/dev_ws/install/articubot_one/share/articubot_one/hook/cmake_prefix_path.sh'
[6.255s] Level 1:colcon.colcon_core.environment:checking '/home/daniel/dev_ws/install/articubot_one/bin'
[6.256s] Level 1:colcon.colcon_core.environment:checking '/home/daniel/dev_ws/install/articubot_one/lib/pkgconfig/articubot_one.pc'
[6.256s] Level 1:colcon.colcon_core.environment:checking '/home/daniel/dev_ws/install/articubot_one/lib/python3.8/site-packages'
[6.256s] Level 1:colcon.colcon_core.environment:checking '/home/daniel/dev_ws/install/articubot_one/bin'
[6.313s] INFO:colcon.colcon_core.shell:Creating package script '/home/daniel/dev_ws/install/articubot_one/share/articubot_one/package.ps1'
[6.314s] INFO:colcon.colcon_core.shell:Creating package descriptor '/home/daniel/dev_ws/install/articubot_one/share/articubot_one/package.dsv'
[6.315s] INFO:colcon.colcon_core.shell:Creating package script '/home/daniel/dev_ws/install/articubot_one/share/articubot_one/package.sh'
[6.316s] INFO:colcon.colcon_core.shell:Creating package script '/home/daniel/dev_ws/install/articubot_one/share/articubot_one/package.bash'
[6.352s] INFO:colcon.colcon_core.shell:Creating package script '/home/daniel/dev_ws/install/articubot_one/share/articubot_one/package.zsh'
[6.365s] Level 1:colcon.colcon_core.environment:create_file_with_runtime_dependencies(/home/daniel/dev_ws/install/articubot_one/share/colcon-core/packages/articubot_one)
[6.436s] Level 1:colcon.colcon_core.environment:create_environment_scripts_only(articubot_one)
[6.483s] Level 1:colcon.colcon_core.environment:checking '/home/daniel/dev_ws/install/articubot_one' for CMake module files
[6.484s] Level 1:colcon.colcon_core.environment:checking '/home/daniel/dev_ws/install/articubot_one' for CMake config files
[6.484s] Level 1:colcon.colcon_core.shell:create_environment_hook('articubot_one', 'cmake_prefix_path')
[6.533s] INFO:colcon.colcon_core.shell:Creating environment hook '/home/daniel/dev_ws/install/articubot_one/share/articubot_one/hook/cmake_prefix_path.ps1'
[6.534s] INFO:colcon.colcon_core.shell:Creating environment descriptor '/home/daniel/dev_ws/install/articubot_one/share/articubot_one/hook/cmake_prefix_path.dsv'
[6.534s] INFO:colcon.colcon_core.shell:Creating environment hook '/home/daniel/dev_ws/install/articubot_one/share/articubot_one/hook/cmake_prefix_path.sh'
[6.535s] Level 1:colcon.colcon_core.environment:checking '/home/daniel/dev_ws/install/articubot_one/bin'
[6.535s] Level 1:colcon.colcon_core.environment:checking '/home/daniel/dev_ws/install/articubot_one/lib/pkgconfig/articubot_one.pc'
[6.536s] Level 1:colcon.colcon_core.environment:checking '/home/daniel/dev_ws/install/articubot_one/lib/python3.8/site-packages'
[6.536s] Level 1:colcon.colcon_core.environment:checking '/home/daniel/dev_ws/install/articubot_one/bin'
[6.584s] INFO:colcon.colcon_core.shell:Creating package script '/home/daniel/dev_ws/install/articubot_one/share/articubot_one/package.ps1'
[6.584s] INFO:colcon.colcon_core.shell:Creating package descriptor '/home/daniel/dev_ws/install/articubot_one/share/articubot_one/package.dsv'
[6.585s] INFO:colcon.colcon_core.shell:Creating package script '/home/daniel/dev_ws/install/articubot_one/share/articubot_one/package.sh'
[6.585s] INFO:colcon.colcon_core.shell:Creating package script '/home/daniel/dev_ws/install/articubot_one/share/articubot_one/package.bash'
[6.586s] INFO:colcon.colcon_core.shell:Creating package script '/home/daniel/dev_ws/install/articubot_one/share/articubot_one/package.zsh'
[6.586s] Level 1:colcon.colcon_core.environment:create_file_with_runtime_dependencies(/home/daniel/dev_ws/install/articubot_one/share/colcon-core/packages/articubot_one)
[6.586s] DEBUG:colcon.colcon_parallel_executor.executor.parallel:closing loop
[6.587s] DEBUG:colcon.colcon_parallel_executor.executor.parallel:loop closed
[6.587s] DEBUG:colcon.colcon_parallel_executor.executor.parallel:run_until_complete finished with '0'
[6.587s] DEBUG:colcon.colcon_core.event_reactor:joining thread
[6.684s] INFO:colcon.colcon_core.plugin_system:Skipping extension 'colcon_notification.desktop_notification.terminal_notifier': Not used on non-Darwin systems
[6.685s] INFO:colcon.colcon_core.plugin_system:Skipping extension 'colcon_notification.desktop_notification.win32': Not used on non-Windows systems
[6.685s] INFO:colcon.colcon_notification.desktop_notification:Sending desktop notification using 'notify2'
[6.725s] DEBUG:colcon.colcon_core.event_reactor:joined thread
[6.788s] INFO:colcon.colcon_core.shell:Creating prefix script '/home/daniel/dev_ws/install/local_setup.ps1'
[6.789s] INFO:colcon.colcon_core.shell:Creating prefix util module '/home/daniel/dev_ws/install/_local_setup_util_ps1.py'
[6.821s] INFO:colcon.colcon_core.shell:Creating prefix chain script '/home/daniel/dev_ws/install/setup.ps1'
[6.892s] INFO:colcon.colcon_core.shell:Creating prefix script '/home/daniel/dev_ws/install/local_setup.sh'
[6.893s] INFO:colcon.colcon_core.shell:Creating prefix util module '/home/daniel/dev_ws/install/_local_setup_util_sh.py'
[6.894s] INFO:colcon.colcon_core.shell:Creating prefix chain script '/home/daniel/dev_ws/install/setup.sh'
[6.943s] INFO:colcon.colcon_core.shell:Creating prefix script '/home/daniel/dev_ws/install/local_setup.bash'
[6.944s] INFO:colcon.colcon_core.shell:Creating prefix chain script '/home/daniel/dev_ws/install/setup.bash'
[6.992s] INFO:colcon.colcon_core.shell:Creating prefix script '/home/daniel/dev_ws/install/local_setup.zsh'
[6.993s] INFO:colcon.colcon_core.shell:Creating prefix chain script '/home/daniel/dev_ws/install/setup.zsh'
