[3.195s] Invoking command in '/home/daniel/dev_ws/src/mobile_manipulator': PYTHONPATH=/home/daniel/dev_ws/build/mobile_manipulator/prefix_override:/home/daniel/dev_ws/install/mobile_manipulator/lib/python3.8/site-packages:${PYTHONPATH} /usr/bin/python3 setup.py egg_info --egg-base ../../build/mobile_manipulator build --build-base /home/daniel/dev_ws/build/mobile_manipulator/build install --record /home/daniel/dev_ws/build/mobile_manipulator/install.log --install-scripts $base/lib/mobile_manipulator --single-version-externally-managed
[3.546s] running egg_info
[3.547s] writing ../../build/mobile_manipulator/mobile_manipulator.egg-info/PKG-INFO
[3.547s] writing dependency_links to ../../build/mobile_manipulator/mobile_manipulator.egg-info/dependency_links.txt
[3.547s] writing entry points to ../../build/mobile_manipulator/mobile_manipulator.egg-info/entry_points.txt
[3.547s] writing requirements to ../../build/mobile_manipulator/mobile_manipulator.egg-info/requires.txt
[3.548s] writing top-level names to ../../build/mobile_manipulator/mobile_manipulator.egg-info/top_level.txt
[3.597s] reading manifest file '../../build/mobile_manipulator/mobile_manipulator.egg-info/SOURCES.txt'
[3.598s] writing manifest file '../../build/mobile_manipulator/mobile_manipulator.egg-info/SOURCES.txt'
[3.598s] running build
[3.598s] running build_py
[3.599s] running install
[3.600s] running install_lib
[3.602s] running install_data
[3.603s] running install_egg_info
[3.605s] removing '/home/daniel/dev_ws/install/mobile_manipulator/lib/python3.8/site-packages/mobile_manipulator-0.0.0-py3.8.egg-info' (and everything under it)
[3.606s] Copying ../../build/mobile_manipulator/mobile_manipulator.egg-info to /home/daniel/dev_ws/install/mobile_manipulator/lib/python3.8/site-packages/mobile_manipulator-0.0.0-py3.8.egg-info
[3.607s] running install_scripts
[3.630s] writing list of installed files to '/home/daniel/dev_ws/build/mobile_manipulator/install.log'
[4.008s] Invoked command in '/home/daniel/dev_ws/src/mobile_manipulator' returned '0': PYTHONPATH=/home/daniel/dev_ws/build/mobile_manipulator/prefix_override:/home/daniel/dev_ws/install/mobile_manipulator/lib/python3.8/site-packages:${PYTHONPATH} /usr/bin/python3 setup.py egg_info --egg-base ../../build/mobile_manipulator build --build-base /home/daniel/dev_ws/build/mobile_manipulator/build install --record /home/daniel/dev_ws/build/mobile_manipulator/install.log --install-scripts $base/lib/mobile_manipulator --single-version-externally-managed
