[3.933s] Invoking command in '/home/daniel/dev_ws/src/doosan_description': PYTHONPATH=/home/daniel/dev_ws/build/doosan_description/prefix_override:/home/daniel/dev_ws/install/doosan_description/lib/python3.8/site-packages:${PYTHONPATH} /usr/bin/python3 setup.py egg_info --egg-base ../../build/doosan_description build --build-base /home/daniel/dev_ws/build/doosan_description/build install --record /home/daniel/dev_ws/build/doosan_description/install.log --install-scripts $base/lib/doosan_description --single-version-externally-managed
[4.200s] running egg_info
[4.201s] writing ../../build/doosan_description/doosan_description.egg-info/PKG-INFO
[4.211s] writing dependency_links to ../../build/doosan_description/doosan_description.egg-info/dependency_links.txt
[4.212s] writing entry points to ../../build/doosan_description/doosan_description.egg-info/entry_points.txt
[4.212s] writing requirements to ../../build/doosan_description/doosan_description.egg-info/requires.txt
[4.212s] writing top-level names to ../../build/doosan_description/doosan_description.egg-info/top_level.txt
[4.421s] reading manifest file '../../build/doosan_description/doosan_description.egg-info/SOURCES.txt'
[4.440s] writing manifest file '../../build/doosan_description/doosan_description.egg-info/SOURCES.txt'
[4.440s] running build
[4.440s] running build_py
[4.454s] running install
[4.455s] running install_lib
[4.468s] running install_data
[4.483s] running install_egg_info
[4.487s] removing '/home/daniel/dev_ws/install/doosan_description/lib/python3.8/site-packages/doosan_description-0.0.0-py3.8.egg-info' (and everything under it)
[4.487s] Copying ../../build/doosan_description/doosan_description.egg-info to /home/daniel/dev_ws/install/doosan_description/lib/python3.8/site-packages/doosan_description-0.0.0-py3.8.egg-info
[4.489s] running install_scripts
[4.518s] Installing trajectory_points_act_server script to /home/daniel/dev_ws/install/doosan_description/lib/doosan_description
[4.519s] Installing trajectory_points_topic script to /home/daniel/dev_ws/install/doosan_description/lib/doosan_description
[4.519s] writing list of installed files to '/home/daniel/dev_ws/build/doosan_description/install.log'
[4.776s] Invoked command in '/home/daniel/dev_ws/src/doosan_description' returned '0': PYTHONPATH=/home/daniel/dev_ws/build/doosan_description/prefix_override:/home/daniel/dev_ws/install/doosan_description/lib/python3.8/site-packages:${PYTHONPATH} /usr/bin/python3 setup.py egg_info --egg-base ../../build/doosan_description build --build-base /home/daniel/dev_ws/build/doosan_description/build install --record /home/daniel/dev_ws/build/doosan_description/install.log --install-scripts $base/lib/doosan_description --single-version-externally-managed
