[1.618s] Invoking command in '/home/daniel/dev_ws/build/mobile_manipulator': PYTHONPATH=/home/daniel/dev_ws/build/mobile_manipulator/prefix_override:/home/daniel/dev_ws/install/mobile_manipulator/lib/python3.8/site-packages:${PYTHONPATH} /usr/bin/python3 setup.py develop --editable --build-directory /home/daniel/dev_ws/build/mobile_manipulator/build --no-deps install_data
[1.877s] running develop
[2.046s] running egg_info
[2.046s] writing mobile_manipulator.egg-info/PKG-INFO
[2.046s] writing dependency_links to mobile_manipulator.egg-info/dependency_links.txt
[2.046s] writing entry points to mobile_manipulator.egg-info/entry_points.txt
[2.046s] writing requirements to mobile_manipulator.egg-info/requires.txt
[2.047s] writing top-level names to mobile_manipulator.egg-info/top_level.txt
[2.079s] reading manifest file 'mobile_manipulator.egg-info/SOURCES.txt'
[2.080s] writing manifest file 'mobile_manipulator.egg-info/SOURCES.txt'
[2.116s] running build_ext
[2.116s] Creating /home/daniel/dev_ws/install/mobile_manipulator/lib/python3.8/site-packages/mobile-manipulator.egg-link (link to .)
[2.117s] Installing get_path_action script to /home/daniel/dev_ws/install/mobile_manipulator/lib/mobile_manipulator
[2.117s] Installing move_both script to /home/daniel/dev_ws/install/mobile_manipulator/lib/mobile_manipulator
[2.117s] Installing send_goal_pose_action script to /home/daniel/dev_ws/install/mobile_manipulator/lib/mobile_manipulator
[2.117s] Installing set_gripper_status script to /home/daniel/dev_ws/install/mobile_manipulator/lib/mobile_manipulator
[2.118s] Installing tf_listener script to /home/daniel/dev_ws/install/mobile_manipulator/lib/mobile_manipulator
[2.118s] Installing trajectory_points_act_server script to /home/daniel/dev_ws/install/mobile_manipulator/lib/mobile_manipulator
[2.118s] Installing trajectory_points_from_ik_act_server script to /home/daniel/dev_ws/install/mobile_manipulator/lib/mobile_manipulator
[2.118s] 
[2.118s] Installed /home/daniel/dev_ws/build/mobile_manipulator
[2.118s] running install_data
[2.151s] Invoked command in '/home/daniel/dev_ws/build/mobile_manipulator' returned '0': PYTHONPATH=/home/daniel/dev_ws/build/mobile_manipulator/prefix_override:/home/daniel/dev_ws/install/mobile_manipulator/lib/python3.8/site-packages:${PYTHONPATH} /usr/bin/python3 setup.py develop --editable --build-directory /home/daniel/dev_ws/build/mobile_manipulator/build --no-deps install_data
