[ 18%] [32m[1mLinking CXX executable moveRP_action[0m
[ 18%] [32m[1mLinking CXX executable moveJs_action[0m
[ 18%] [32m[1mLinking CXX executable moveJ_action[0m
[ 22%] [32m[1mLinking CXX executable moveXYZW_action[0m
[ 27%] [32m[1mLinking CXX executable moveL_action[0m
[ 27%] [32m[1mLinking CXX executable moveXYZ_action[0m
[ 31%] [32m[1mLinking CXX executable moveROT_action[0m
[ 36%] [32m[1mLinking CXX executable moveG_action[0m
[ 40%] Built target moveRP_action
[ 45%] Built target moveJ_action
[ 50%] Built target moveXYZ_action
[ 54%] Built target moveG_action
[ 59%] Built target moveROT_action
[ 63%] Built target moveL_action
[ 68%] [32m[1mLinking CXX executable moveR_action[0m
[ 72%] [32m[1mLinking CXX executable moveRs_action[0m
[ 77%] [32m[1mLinking CXX executable moveYPR_action[0m
[ 81%] Built target moveXYZW_action
[ 86%] Built target moveJs_action
[ 90%] Built target moveRs_action
[100%] Built target moveR_action
[100%] Built target moveYPR_action
-- Install configuration: ""
-- Installing: /home/daniel/dev_ws/install/ros2_actions/lib/ros2_actions/moveJ_action
-- Set runtime path of "/home/daniel/dev_ws/install/ros2_actions/lib/ros2_actions/moveJ_action" to ""
-- Installing: /home/daniel/dev_ws/install/ros2_actions/lib/ros2_actions/moveJs_action
-- Set runtime path of "/home/daniel/dev_ws/install/ros2_actions/lib/ros2_actions/moveJs_action" to ""
-- Installing: /home/daniel/dev_ws/install/ros2_actions/lib/ros2_actions/moveG_action
-- Set runtime path of "/home/daniel/dev_ws/install/ros2_actions/lib/ros2_actions/moveG_action" to ""
-- Installing: /home/daniel/dev_ws/install/ros2_actions/lib/ros2_actions/moveXYZW_action
-- Set runtime path of "/home/daniel/dev_ws/install/ros2_actions/lib/ros2_actions/moveXYZW_action" to ""
-- Installing: /home/daniel/dev_ws/install/ros2_actions/lib/ros2_actions/moveL_action
-- Set runtime path of "/home/daniel/dev_ws/install/ros2_actions/lib/ros2_actions/moveL_action" to ""
-- Installing: /home/daniel/dev_ws/install/ros2_actions/lib/ros2_actions/moveR_action
-- Set runtime path of "/home/daniel/dev_ws/install/ros2_actions/lib/ros2_actions/moveR_action" to ""
-- Installing: /home/daniel/dev_ws/install/ros2_actions/lib/ros2_actions/moveRs_action
-- Set runtime path of "/home/daniel/dev_ws/install/ros2_actions/lib/ros2_actions/moveRs_action" to ""
-- Installing: /home/daniel/dev_ws/install/ros2_actions/lib/ros2_actions/moveXYZ_action
-- Set runtime path of "/home/daniel/dev_ws/install/ros2_actions/lib/ros2_actions/moveXYZ_action" to ""
-- Installing: /home/daniel/dev_ws/install/ros2_actions/lib/ros2_actions/moveYPR_action
-- Set runtime path of "/home/daniel/dev_ws/install/ros2_actions/lib/ros2_actions/moveYPR_action" to ""
-- Installing: /home/daniel/dev_ws/install/ros2_actions/lib/ros2_actions/moveROT_action
-- Set runtime path of "/home/daniel/dev_ws/install/ros2_actions/lib/ros2_actions/moveROT_action" to ""
-- Installing: /home/daniel/dev_ws/install/ros2_actions/lib/ros2_actions/moveRP_action
-- Set runtime path of "/home/daniel/dev_ws/install/ros2_actions/lib/ros2_actions/moveRP_action" to ""
-- Up-to-date: /home/daniel/dev_ws/install/ros2_actions/share/ament_index/resource_index/package_run_dependencies/ros2_actions
-- Up-to-date: /home/daniel/dev_ws/install/ros2_actions/share/ament_index/resource_index/parent_prefix_path/ros2_actions
-- Up-to-date: /home/daniel/dev_ws/install/ros2_actions/share/ros2_actions/environment/ament_prefix_path.sh
-- Up-to-date: /home/daniel/dev_ws/install/ros2_actions/share/ros2_actions/environment/ament_prefix_path.dsv
-- Up-to-date: /home/daniel/dev_ws/install/ros2_actions/share/ros2_actions/environment/path.sh
-- Up-to-date: /home/daniel/dev_ws/install/ros2_actions/share/ros2_actions/environment/path.dsv
-- Up-to-date: /home/daniel/dev_ws/install/ros2_actions/share/ros2_actions/local_setup.bash
-- Up-to-date: /home/daniel/dev_ws/install/ros2_actions/share/ros2_actions/local_setup.sh
-- Up-to-date: /home/daniel/dev_ws/install/ros2_actions/share/ros2_actions/local_setup.zsh
-- Up-to-date: /home/daniel/dev_ws/install/ros2_actions/share/ros2_actions/local_setup.dsv
-- Installing: /home/daniel/dev_ws/install/ros2_actions/share/ros2_actions/package.dsv
-- Up-to-date: /home/daniel/dev_ws/install/ros2_actions/share/ament_index/resource_index/packages/ros2_actions
-- Up-to-date: /home/daniel/dev_ws/install/ros2_actions/share/ros2_actions/cmake/ros2_actionsConfig.cmake
-- Up-to-date: /home/daniel/dev_ws/install/ros2_actions/share/ros2_actions/cmake/ros2_actionsConfig-version.cmake
-- Up-to-date: /home/daniel/dev_ws/install/ros2_actions/share/ros2_actions/package.xml
