[2.689s] DEBUG:colcon:Command line arguments: ['/usr/bin/colcon', 'build', '--packages-up-to', 'ur5_ros2_gazebo']
[2.689s] DEBUG:colcon:Parsed command line arguments: Namespace(allow_overriding=[], ament_cmake_args=None, base_paths=['.'], build_base='build', catkin_cmake_args=None, catkin_skip_building_tests=False, cmake_args=None, cmake_clean_cache=False, cmake_clean_first=False, cmake_force_configure=False, cmake_target=None, cmake_target_skip_unavailable=False, continue_on_error=False, event_handlers=None, executor='parallel', ignore_user_meta=False, install_base='install', log_base=None, log_level=None, main=<bound method BuildVerb.main of <colcon_core.verb.build.BuildVerb object at 0x7fd9dcd65b20>>, merge_install=False, metas=['./colcon.meta'], packages_above=None, packages_above_and_dependencies=None, packages_above_depth=None, packages_end=None, packages_ignore=None, packages_ignore_regex=None, packages_select=None, packages_select_build_failed=False, packages_select_by_dep=None, packages_select_regex=None, packages_select_test_failures=False, packages_skip=None, packages_skip_build_finished=False, packages_skip_by_dep=None, packages_skip_regex=None, packages_skip_test_passed=False, packages_skip_up_to=None, packages_start=None, packages_up_to=['ur5_ros2_gazebo'], packages_up_to_regex=None, parallel_workers=8, paths=None, symlink_install=False, test_result_base=None, verb_extension=<colcon_core.verb.build.BuildVerb object at 0x7fd9dcd65b20>, verb_name='build', verb_parser=<colcon_defaults.argument_parser.defaults.DefaultArgumentsDecorator object at 0x7fd9dcd6d0a0>)
[2.807s] Level 1:colcon.colcon_core.package_discovery:discover_packages(colcon_meta) check parameters
[2.807s] Level 1:colcon.colcon_core.package_discovery:discover_packages(recursive) check parameters
[2.807s] Level 1:colcon.colcon_core.package_discovery:discover_packages(ignore) check parameters
[2.807s] Level 1:colcon.colcon_core.package_discovery:discover_packages(path) check parameters
[2.807s] Level 1:colcon.colcon_core.package_discovery:discover_packages(colcon_meta) discover
[2.807s] Level 1:colcon.colcon_core.package_discovery:discover_packages(recursive) discover
[2.807s] INFO:colcon.colcon_core.package_discovery:Crawling recursively for packages in '/home/daniel/dev_ws'
[2.807s] Level 1:colcon.colcon_core.package_identification:_identify(.) by extensions ['ignore', 'ignore_ament_install']
[2.807s] Level 1:colcon.colcon_core.package_identification:_identify(.) by extension 'ignore'
[2.807s] Level 1:colcon.colcon_core.package_identification:_identify(.) by extension 'ignore_ament_install'
[2.807s] Level 1:colcon.colcon_core.package_identification:_identify(.) by extensions ['colcon_pkg']
[2.807s] Level 1:colcon.colcon_core.package_identification:_identify(.) by extension 'colcon_pkg'
[2.808s] Level 1:colcon.colcon_core.package_identification:_identify(.) by extensions ['colcon_meta']
[2.808s] Level 1:colcon.colcon_core.package_identification:_identify(.) by extension 'colcon_meta'
[2.808s] Level 1:colcon.colcon_core.package_identification:_identify(.) by extensions ['ros']
[2.808s] Level 1:colcon.colcon_core.package_identification:_identify(.) by extension 'ros'
[2.818s] Level 1:colcon.colcon_core.package_identification:_identify(.) by extensions ['cmake', 'python']
[2.818s] Level 1:colcon.colcon_core.package_identification:_identify(.) by extension 'cmake'
[2.818s] Level 1:colcon.colcon_core.package_identification:_identify(.) by extension 'python'
[2.818s] Level 1:colcon.colcon_core.package_identification:_identify(.) by extensions ['python_setup_py']
[2.818s] Level 1:colcon.colcon_core.package_identification:_identify(.) by extension 'python_setup_py'
[2.818s] Level 1:colcon.colcon_core.package_identification:_identify(build) by extensions ['ignore', 'ignore_ament_install']
[2.818s] Level 1:colcon.colcon_core.package_identification:_identify(build) by extension 'ignore'
[2.818s] Level 1:colcon.colcon_core.package_identification:_identify(build) ignored
[2.818s] Level 1:colcon.colcon_core.package_identification:_identify(install) by extensions ['ignore', 'ignore_ament_install']
[2.818s] Level 1:colcon.colcon_core.package_identification:_identify(install) by extension 'ignore'
[2.818s] Level 1:colcon.colcon_core.package_identification:_identify(install) ignored
[2.819s] Level 1:colcon.colcon_core.package_identification:_identify(log) by extensions ['ignore', 'ignore_ament_install']
[2.819s] Level 1:colcon.colcon_core.package_identification:_identify(log) by extension 'ignore'
[2.819s] Level 1:colcon.colcon_core.package_identification:_identify(log) ignored
[2.819s] Level 1:colcon.colcon_core.package_identification:_identify(src) by extensions ['ignore', 'ignore_ament_install']
[2.819s] Level 1:colcon.colcon_core.package_identification:_identify(src) by extension 'ignore'
[2.819s] Level 1:colcon.colcon_core.package_identification:_identify(src) by extension 'ignore_ament_install'
[2.819s] Level 1:colcon.colcon_core.package_identification:_identify(src) by extensions ['colcon_pkg']
[2.819s] Level 1:colcon.colcon_core.package_identification:_identify(src) by extension 'colcon_pkg'
[2.819s] Level 1:colcon.colcon_core.package_identification:_identify(src) by extensions ['colcon_meta']
[2.819s] Level 1:colcon.colcon_core.package_identification:_identify(src) by extension 'colcon_meta'
[2.819s] Level 1:colcon.colcon_core.package_identification:_identify(src) by extensions ['ros']
[2.820s] Level 1:colcon.colcon_core.package_identification:_identify(src) by extension 'ros'
[2.820s] Level 1:colcon.colcon_core.package_identification:_identify(src) by extensions ['cmake', 'python']
[2.820s] Level 1:colcon.colcon_core.package_identification:_identify(src) by extension 'cmake'
[2.820s] Level 1:colcon.colcon_core.package_identification:_identify(src) by extension 'python'
[2.820s] Level 1:colcon.colcon_core.package_identification:_identify(src) by extensions ['python_setup_py']
[2.820s] Level 1:colcon.colcon_core.package_identification:_identify(src) by extension 'python_setup_py'
[2.820s] Level 1:colcon.colcon_core.package_identification:_identify(src/bulldog_description) by extensions ['ignore', 'ignore_ament_install']
[2.820s] Level 1:colcon.colcon_core.package_identification:_identify(src/bulldog_description) by extension 'ignore'
[2.820s] Level 1:colcon.colcon_core.package_identification:_identify(src/bulldog_description) by extension 'ignore_ament_install'
[2.820s] Level 1:colcon.colcon_core.package_identification:_identify(src/bulldog_description) by extensions ['colcon_pkg']
[2.820s] Level 1:colcon.colcon_core.package_identification:_identify(src/bulldog_description) by extension 'colcon_pkg'
[2.820s] Level 1:colcon.colcon_core.package_identification:_identify(src/bulldog_description) by extensions ['colcon_meta']
[2.820s] Level 1:colcon.colcon_core.package_identification:_identify(src/bulldog_description) by extension 'colcon_meta'
[2.820s] Level 1:colcon.colcon_core.package_identification:_identify(src/bulldog_description) by extensions ['ros']
[2.820s] Level 1:colcon.colcon_core.package_identification:_identify(src/bulldog_description) by extension 'ros'
[2.823s] DEBUG:colcon.colcon_core.package_identification:Package 'src/bulldog_description' with type 'ros.ament_python' and name 'bulldog_description'
[2.823s] Level 1:colcon.colcon_core.package_identification:_identify(src/doosan_description) by extensions ['ignore', 'ignore_ament_install']
[2.823s] Level 1:colcon.colcon_core.package_identification:_identify(src/doosan_description) by extension 'ignore'
[2.823s] Level 1:colcon.colcon_core.package_identification:_identify(src/doosan_description) by extension 'ignore_ament_install'
[2.823s] Level 1:colcon.colcon_core.package_identification:_identify(src/doosan_description) by extensions ['colcon_pkg']
[2.823s] Level 1:colcon.colcon_core.package_identification:_identify(src/doosan_description) by extension 'colcon_pkg'
[2.823s] Level 1:colcon.colcon_core.package_identification:_identify(src/doosan_description) by extensions ['colcon_meta']
[2.823s] Level 1:colcon.colcon_core.package_identification:_identify(src/doosan_description) by extension 'colcon_meta'
[2.823s] Level 1:colcon.colcon_core.package_identification:_identify(src/doosan_description) by extensions ['ros']
[2.823s] Level 1:colcon.colcon_core.package_identification:_identify(src/doosan_description) by extension 'ros'
[2.824s] DEBUG:colcon.colcon_core.package_identification:Package 'src/doosan_description' with type 'ros.ament_python' and name 'doosan_description'
[2.824s] Level 1:colcon.colcon_core.package_identification:_identify(src/mobile_manipulator) by extensions ['ignore', 'ignore_ament_install']
[2.824s] Level 1:colcon.colcon_core.package_identification:_identify(src/mobile_manipulator) by extension 'ignore'
[2.824s] Level 1:colcon.colcon_core.package_identification:_identify(src/mobile_manipulator) by extension 'ignore_ament_install'
[2.824s] Level 1:colcon.colcon_core.package_identification:_identify(src/mobile_manipulator) by extensions ['colcon_pkg']
[2.824s] Level 1:colcon.colcon_core.package_identification:_identify(src/mobile_manipulator) by extension 'colcon_pkg'
[2.824s] Level 1:colcon.colcon_core.package_identification:_identify(src/mobile_manipulator) by extensions ['colcon_meta']
[2.824s] Level 1:colcon.colcon_core.package_identification:_identify(src/mobile_manipulator) by extension 'colcon_meta'
[2.824s] Level 1:colcon.colcon_core.package_identification:_identify(src/mobile_manipulator) by extensions ['ros']
[2.825s] Level 1:colcon.colcon_core.package_identification:_identify(src/mobile_manipulator) by extension 'ros'
[2.825s] DEBUG:colcon.colcon_core.package_identification:Package 'src/mobile_manipulator' with type 'ros.ament_python' and name 'mobile_manipulator'
[2.825s] Level 1:colcon.colcon_core.package_identification:_identify(src/ur5_ros2_gazebo) by extensions ['ignore', 'ignore_ament_install']
[2.825s] Level 1:colcon.colcon_core.package_identification:_identify(src/ur5_ros2_gazebo) by extension 'ignore'
[2.825s] Level 1:colcon.colcon_core.package_identification:_identify(src/ur5_ros2_gazebo) by extension 'ignore_ament_install'
[2.825s] Level 1:colcon.colcon_core.package_identification:_identify(src/ur5_ros2_gazebo) by extensions ['colcon_pkg']
[2.825s] Level 1:colcon.colcon_core.package_identification:_identify(src/ur5_ros2_gazebo) by extension 'colcon_pkg'
[2.825s] Level 1:colcon.colcon_core.package_identification:_identify(src/ur5_ros2_gazebo) by extensions ['colcon_meta']
[2.826s] Level 1:colcon.colcon_core.package_identification:_identify(src/ur5_ros2_gazebo) by extension 'colcon_meta'
[2.826s] Level 1:colcon.colcon_core.package_identification:_identify(src/ur5_ros2_gazebo) by extensions ['ros']
[2.826s] Level 1:colcon.colcon_core.package_identification:_identify(src/ur5_ros2_gazebo) by extension 'ros'
[2.826s] DEBUG:colcon.colcon_core.package_identification:Package 'src/ur5_ros2_gazebo' with type 'ros.ament_cmake' and name 'ur5_ros2_gazebo'
[2.826s] Level 1:colcon.colcon_core.package_discovery:discover_packages(recursive) using defaults
[2.826s] Level 1:colcon.colcon_core.package_discovery:discover_packages(ignore) discover
[2.826s] Level 1:colcon.colcon_core.package_discovery:discover_packages(ignore) using defaults
[2.826s] Level 1:colcon.colcon_core.package_discovery:discover_packages(path) discover
[2.826s] Level 1:colcon.colcon_core.package_discovery:discover_packages(path) using defaults
[2.982s] INFO:colcon.colcon_core.package_selection:Skipping package 'mobile_manipulator' in 'src/mobile_manipulator'
[2.982s] INFO:colcon.colcon_core.package_selection:Skipping package 'doosan_description' in 'src/doosan_description'
[2.982s] INFO:colcon.colcon_core.package_selection:Skipping package 'bulldog_description' in 'src/bulldog_description'
[3.074s] Level 1:colcon.colcon_core.package_discovery:discover_packages(prefix_path) check parameters
[3.074s] Level 1:colcon.colcon_core.package_discovery:discover_packages(prefix_path) discover
[3.122s] WARNING:colcon.colcon_ros.prefix_path.catkin:The path '/home/daniel/dev_ws/install/ur5_ros2_gazebo' in the environment variable CMAKE_PREFIX_PATH doesn't exist
[3.122s] WARNING:colcon.colcon_ros.prefix_path.catkin:The path '/home/daniel/dev_ws/install/ur5_description' in the environment variable CMAKE_PREFIX_PATH doesn't exist
[3.122s] WARNING:colcon.colcon_ros.prefix_path.catkin:The path '/home/daniel/dev_ws/install/articubot_one' in the environment variable CMAKE_PREFIX_PATH doesn't exist
[3.171s] DEBUG:colcon.colcon_installed_package_information.package_discovery:Found 5 installed packages in /home/daniel/dev_ws/install
[3.218s] DEBUG:colcon.colcon_installed_package_information.package_discovery:Found 376 installed packages in /opt/ros/foxy
[3.220s] Level 1:colcon.colcon_core.package_discovery:discover_packages(prefix_path) using defaults
[3.418s] Level 5:colcon.colcon_core.verb:set package 'ur5_ros2_gazebo' build argument 'cmake_args' from command line to 'None'
[3.418s] Level 5:colcon.colcon_core.verb:set package 'ur5_ros2_gazebo' build argument 'cmake_target' from command line to 'None'
[3.418s] Level 5:colcon.colcon_core.verb:set package 'ur5_ros2_gazebo' build argument 'cmake_target_skip_unavailable' from command line to 'False'
[3.418s] Level 5:colcon.colcon_core.verb:set package 'ur5_ros2_gazebo' build argument 'cmake_clean_cache' from command line to 'False'
[3.418s] Level 5:colcon.colcon_core.verb:set package 'ur5_ros2_gazebo' build argument 'cmake_clean_first' from command line to 'False'
[3.418s] Level 5:colcon.colcon_core.verb:set package 'ur5_ros2_gazebo' build argument 'cmake_force_configure' from command line to 'False'
[3.418s] Level 5:colcon.colcon_core.verb:set package 'ur5_ros2_gazebo' build argument 'ament_cmake_args' from command line to 'None'
[3.418s] Level 5:colcon.colcon_core.verb:set package 'ur5_ros2_gazebo' build argument 'catkin_cmake_args' from command line to 'None'
[3.418s] Level 5:colcon.colcon_core.verb:set package 'ur5_ros2_gazebo' build argument 'catkin_skip_building_tests' from command line to 'False'
[3.418s] DEBUG:colcon.colcon_core.verb:Building package 'ur5_ros2_gazebo' with the following arguments: {'ament_cmake_args': None, 'build_base': '/home/daniel/dev_ws/build/ur5_ros2_gazebo', 'catkin_cmake_args': None, 'catkin_skip_building_tests': False, 'cmake_args': None, 'cmake_clean_cache': False, 'cmake_clean_first': False, 'cmake_force_configure': False, 'cmake_target': None, 'cmake_target_skip_unavailable': False, 'install_base': '/home/daniel/dev_ws/install/ur5_ros2_gazebo', 'merge_install': False, 'path': '/home/daniel/dev_ws/src/ur5_ros2_gazebo', 'symlink_install': False, 'test_result_base': None}
[3.469s] INFO:colcon.colcon_core.executor:Executing jobs using 'parallel' executor
[3.517s] DEBUG:colcon.colcon_parallel_executor.executor.parallel:run_until_complete
[3.518s] INFO:colcon.colcon_ros.task.ament_cmake.build:Building ROS package in '/home/daniel/dev_ws/src/ur5_ros2_gazebo' with build type 'ament_cmake'
[3.518s] INFO:colcon.colcon_cmake.task.cmake.build:Building CMake package in '/home/daniel/dev_ws/src/ur5_ros2_gazebo'
[3.569s] INFO:colcon.colcon_core.plugin_system:Skipping extension 'colcon_core.shell.bat': Not used on non-Windows systems
[3.569s] INFO:colcon.colcon_core.shell:Skip shell extension 'powershell' for command environment: Not usable outside of PowerShell
[3.569s] DEBUG:colcon.colcon_core.shell:Skip shell extension 'dsv' for command environment
[3.730s] DEBUG:colcon.colcon_core.event_handler.log_command:Invoking command in '/home/daniel/dev_ws/build/ur5_ros2_gazebo': CMAKE_PREFIX_PATH=${CMAKE_PREFIX_PATH}:/home/daniel/dev_ws/install/robot_description:/home/daniel/dev_ws/install/my_doosan_pkg:/home/daniel/dev_ws/install/mobile_manipulator:/home/daniel/dev_ws/install/doosan_description:/home/daniel/dev_ws/install/bulldog_description:/opt/ros/foxy /usr/bin/cmake --build /home/daniel/dev_ws/build/ur5_ros2_gazebo -- -j8 -l8
[4.024s] DEBUG:colcon.colcon_core.event_handler.log_command:Invoked command in '/home/daniel/dev_ws/build/ur5_ros2_gazebo' returned '0': CMAKE_PREFIX_PATH=${CMAKE_PREFIX_PATH}:/home/daniel/dev_ws/install/robot_description:/home/daniel/dev_ws/install/my_doosan_pkg:/home/daniel/dev_ws/install/mobile_manipulator:/home/daniel/dev_ws/install/doosan_description:/home/daniel/dev_ws/install/bulldog_description:/opt/ros/foxy /usr/bin/cmake --build /home/daniel/dev_ws/build/ur5_ros2_gazebo -- -j8 -l8
[4.070s] DEBUG:colcon.colcon_core.event_handler.log_command:Invoking command in '/home/daniel/dev_ws/build/ur5_ros2_gazebo': CMAKE_PREFIX_PATH=${CMAKE_PREFIX_PATH}:/home/daniel/dev_ws/install/robot_description:/home/daniel/dev_ws/install/my_doosan_pkg:/home/daniel/dev_ws/install/mobile_manipulator:/home/daniel/dev_ws/install/doosan_description:/home/daniel/dev_ws/install/bulldog_description:/opt/ros/foxy /usr/bin/cmake --install /home/daniel/dev_ws/build/ur5_ros2_gazebo
[4.485s] Level 1:colcon.colcon_core.environment:create_environment_scripts_only(ur5_ros2_gazebo)
[4.485s] DEBUG:colcon.colcon_core.event_handler.log_command:Invoked command in '/home/daniel/dev_ws/build/ur5_ros2_gazebo' returned '0': CMAKE_PREFIX_PATH=${CMAKE_PREFIX_PATH}:/home/daniel/dev_ws/install/robot_description:/home/daniel/dev_ws/install/my_doosan_pkg:/home/daniel/dev_ws/install/mobile_manipulator:/home/daniel/dev_ws/install/doosan_description:/home/daniel/dev_ws/install/bulldog_description:/opt/ros/foxy /usr/bin/cmake --install /home/daniel/dev_ws/build/ur5_ros2_gazebo
[4.538s] Level 1:colcon.colcon_core.environment:checking '/home/daniel/dev_ws/install/ur5_ros2_gazebo' for CMake module files
[4.539s] Level 1:colcon.colcon_core.environment:checking '/home/daniel/dev_ws/install/ur5_ros2_gazebo' for CMake config files
[4.539s] Level 1:colcon.colcon_core.shell:create_environment_hook('ur5_ros2_gazebo', 'cmake_prefix_path')
[4.588s] INFO:colcon.colcon_core.shell:Creating environment hook '/home/daniel/dev_ws/install/ur5_ros2_gazebo/share/ur5_ros2_gazebo/hook/cmake_prefix_path.ps1'
[4.589s] INFO:colcon.colcon_core.shell:Creating environment descriptor '/home/daniel/dev_ws/install/ur5_ros2_gazebo/share/ur5_ros2_gazebo/hook/cmake_prefix_path.dsv'
[4.589s] INFO:colcon.colcon_core.shell:Creating environment hook '/home/daniel/dev_ws/install/ur5_ros2_gazebo/share/ur5_ros2_gazebo/hook/cmake_prefix_path.sh'
[4.590s] Level 1:colcon.colcon_core.environment:checking '/home/daniel/dev_ws/install/ur5_ros2_gazebo/bin'
[4.590s] Level 1:colcon.colcon_core.environment:checking '/home/daniel/dev_ws/install/ur5_ros2_gazebo/lib/pkgconfig/ur5_ros2_gazebo.pc'
[4.590s] Level 1:colcon.colcon_core.environment:checking '/home/daniel/dev_ws/install/ur5_ros2_gazebo/lib/python3.8/site-packages'
[4.590s] Level 1:colcon.colcon_core.environment:checking '/home/daniel/dev_ws/install/ur5_ros2_gazebo/bin'
[4.638s] INFO:colcon.colcon_core.shell:Creating package script '/home/daniel/dev_ws/install/ur5_ros2_gazebo/share/ur5_ros2_gazebo/package.ps1'
[4.639s] INFO:colcon.colcon_core.shell:Creating package descriptor '/home/daniel/dev_ws/install/ur5_ros2_gazebo/share/ur5_ros2_gazebo/package.dsv'
[4.639s] INFO:colcon.colcon_core.shell:Creating package script '/home/daniel/dev_ws/install/ur5_ros2_gazebo/share/ur5_ros2_gazebo/package.sh'
[4.640s] INFO:colcon.colcon_core.shell:Creating package script '/home/daniel/dev_ws/install/ur5_ros2_gazebo/share/ur5_ros2_gazebo/package.bash'
[4.641s] INFO:colcon.colcon_core.shell:Creating package script '/home/daniel/dev_ws/install/ur5_ros2_gazebo/share/ur5_ros2_gazebo/package.zsh'
[4.641s] Level 1:colcon.colcon_core.environment:create_file_with_runtime_dependencies(/home/daniel/dev_ws/install/ur5_ros2_gazebo/share/colcon-core/packages/ur5_ros2_gazebo)
[4.723s] Level 1:colcon.colcon_core.environment:create_environment_scripts_only(ur5_ros2_gazebo)
[4.771s] Level 1:colcon.colcon_core.environment:checking '/home/daniel/dev_ws/install/ur5_ros2_gazebo' for CMake module files
[4.771s] Level 1:colcon.colcon_core.environment:checking '/home/daniel/dev_ws/install/ur5_ros2_gazebo' for CMake config files
[4.772s] Level 1:colcon.colcon_core.shell:create_environment_hook('ur5_ros2_gazebo', 'cmake_prefix_path')
[4.819s] INFO:colcon.colcon_core.shell:Creating environment hook '/home/daniel/dev_ws/install/ur5_ros2_gazebo/share/ur5_ros2_gazebo/hook/cmake_prefix_path.ps1'
[4.819s] INFO:colcon.colcon_core.shell:Creating environment descriptor '/home/daniel/dev_ws/install/ur5_ros2_gazebo/share/ur5_ros2_gazebo/hook/cmake_prefix_path.dsv'
[4.820s] INFO:colcon.colcon_core.shell:Creating environment hook '/home/daniel/dev_ws/install/ur5_ros2_gazebo/share/ur5_ros2_gazebo/hook/cmake_prefix_path.sh'
[4.820s] Level 1:colcon.colcon_core.environment:checking '/home/daniel/dev_ws/install/ur5_ros2_gazebo/bin'
[4.820s] Level 1:colcon.colcon_core.environment:checking '/home/daniel/dev_ws/install/ur5_ros2_gazebo/lib/pkgconfig/ur5_ros2_gazebo.pc'
[4.821s] Level 1:colcon.colcon_core.environment:checking '/home/daniel/dev_ws/install/ur5_ros2_gazebo/lib/python3.8/site-packages'
[4.821s] Level 1:colcon.colcon_core.environment:checking '/home/daniel/dev_ws/install/ur5_ros2_gazebo/bin'
[4.869s] INFO:colcon.colcon_core.shell:Creating package script '/home/daniel/dev_ws/install/ur5_ros2_gazebo/share/ur5_ros2_gazebo/package.ps1'
[4.869s] INFO:colcon.colcon_core.shell:Creating package descriptor '/home/daniel/dev_ws/install/ur5_ros2_gazebo/share/ur5_ros2_gazebo/package.dsv'
[4.870s] INFO:colcon.colcon_core.shell:Creating package script '/home/daniel/dev_ws/install/ur5_ros2_gazebo/share/ur5_ros2_gazebo/package.sh'
[4.870s] INFO:colcon.colcon_core.shell:Creating package script '/home/daniel/dev_ws/install/ur5_ros2_gazebo/share/ur5_ros2_gazebo/package.bash'
[4.871s] INFO:colcon.colcon_core.shell:Creating package script '/home/daniel/dev_ws/install/ur5_ros2_gazebo/share/ur5_ros2_gazebo/package.zsh'
[4.871s] Level 1:colcon.colcon_core.environment:create_file_with_runtime_dependencies(/home/daniel/dev_ws/install/ur5_ros2_gazebo/share/colcon-core/packages/ur5_ros2_gazebo)
[4.872s] DEBUG:colcon.colcon_parallel_executor.executor.parallel:closing loop
[4.872s] DEBUG:colcon.colcon_parallel_executor.executor.parallel:loop closed
[4.872s] DEBUG:colcon.colcon_parallel_executor.executor.parallel:run_until_complete finished with '0'
[4.872s] DEBUG:colcon.colcon_core.event_reactor:joining thread
[4.929s] INFO:colcon.colcon_core.plugin_system:Skipping extension 'colcon_notification.desktop_notification.terminal_notifier': Not used on non-Darwin systems
[4.929s] INFO:colcon.colcon_core.plugin_system:Skipping extension 'colcon_notification.desktop_notification.win32': Not used on non-Windows systems
[4.929s] INFO:colcon.colcon_notification.desktop_notification:Sending desktop notification using 'notify2'
[4.942s] DEBUG:colcon.colcon_core.event_reactor:joined thread
[4.990s] INFO:colcon.colcon_core.shell:Creating prefix script '/home/daniel/dev_ws/install/local_setup.ps1'
[4.991s] INFO:colcon.colcon_core.shell:Creating prefix util module '/home/daniel/dev_ws/install/_local_setup_util_ps1.py'
[4.993s] INFO:colcon.colcon_core.shell:Creating prefix chain script '/home/daniel/dev_ws/install/setup.ps1'
[5.042s] INFO:colcon.colcon_core.shell:Creating prefix script '/home/daniel/dev_ws/install/local_setup.sh'
[5.042s] INFO:colcon.colcon_core.shell:Creating prefix util module '/home/daniel/dev_ws/install/_local_setup_util_sh.py'
[5.043s] INFO:colcon.colcon_core.shell:Creating prefix chain script '/home/daniel/dev_ws/install/setup.sh'
[5.108s] INFO:colcon.colcon_core.shell:Creating prefix script '/home/daniel/dev_ws/install/local_setup.bash'
[5.109s] INFO:colcon.colcon_core.shell:Creating prefix chain script '/home/daniel/dev_ws/install/setup.bash'
[5.157s] INFO:colcon.colcon_core.shell:Creating prefix script '/home/daniel/dev_ws/install/local_setup.zsh'
[5.158s] INFO:colcon.colcon_core.shell:Creating prefix chain script '/home/daniel/dev_ws/install/setup.zsh'
