-- Found ament_cmake: 0.9.12 (/opt/ros/foxy/share/ament_cmake/cmake)
-- Using PYTHON_EXECUTABLE: /usr/bin/python3
-- Override CMake install command with custom implementation using symlinks instead of copying resources
-- Found ament_lint_auto: 0.9.8 (/opt/ros/foxy/share/ament_lint_auto/cmake)
-- Added test 'copyright' to check source files copyright and LICENSE
-- Added test 'flake8' to check Python code syntax and style conventions
-- Added test 'lint_cmake' to check CMake code style
-- Added test 'pep257' to check Python code against some of the style conventions in PEP 257
-- Added test 'xmllint' to check XML markup files
-- Configuring done
-- Generating done
-- Build files have been written to: /home/daniel/dev_ws/build/ur5_ros2_gazebo
-- Install configuration: ""
-- Execute custom install script
-- Up-to-date symlink: /home/daniel/dev_ws/install/ur5_ros2_gazebo/share/ur5_ros2_gazebo/config/default_kinematics.yaml
-- Up-to-date symlink: /home/daniel/dev_ws/install/ur5_ros2_gazebo/share/ur5_ros2_gazebo/config/initial_positions.yaml
-- Up-to-date symlink: /home/daniel/dev_ws/install/ur5_ros2_gazebo/share/ur5_ros2_gazebo/config/joint_limits.yaml
-- Up-to-date symlink: /home/daniel/dev_ws/install/ur5_ros2_gazebo/share/ur5_ros2_gazebo/config/physical_parameters.yaml
-- Up-to-date symlink: /home/daniel/dev_ws/install/ur5_ros2_gazebo/share/ur5_ros2_gazebo/config/ur5_controller.yaml
-- Up-to-date symlink: /home/daniel/dev_ws/install/ur5_ros2_gazebo/share/ur5_ros2_gazebo/config/visual_parameters.yaml
-- Up-to-date symlink: /home/daniel/dev_ws/install/ur5_ros2_gazebo/share/ur5_ros2_gazebo/launch/rsp.launch.py
-- Up-to-date symlink: /home/daniel/dev_ws/install/ur5_ros2_gazebo/share/ur5_ros2_gazebo/launch/ur5_simulation.launch.py
-- Up-to-date symlink: /home/daniel/dev_ws/install/ur5_ros2_gazebo/share/ur5_ros2_gazebo/urdf/ur5.urdf.xacro
-- Up-to-date symlink: /home/daniel/dev_ws/install/ur5_ros2_gazebo/share/ur5_ros2_gazebo/urdf/ur5_common.xacro
-- Up-to-date symlink: /home/daniel/dev_ws/install/ur5_ros2_gazebo/share/ur5_ros2_gazebo/urdf/ur5_macro.urdf.xacro
-- Up-to-date symlink: /home/daniel/dev_ws/install/ur5_ros2_gazebo/share/ur5_ros2_gazebo/urdf/ur5_ros2control.xacro
-- Up-to-date symlink: /home/daniel/dev_ws/install/ur5_ros2_gazebo/share/ur5_ros2_gazebo/urdf/ur5_transmission.xacro
-- Up-to-date symlink: /home/daniel/dev_ws/install/ur5_ros2_gazebo/share/ur5_ros2_gazebo/worlds/ur5.world
-- Up-to-date symlink: /home/daniel/dev_ws/install/ur5_ros2_gazebo/share/ur5_ros2_gazebo/meshes/collision/base.stl
-- Up-to-date symlink: /home/daniel/dev_ws/install/ur5_ros2_gazebo/share/ur5_ros2_gazebo/meshes/collision/forearm.stl
-- Up-to-date symlink: /home/daniel/dev_ws/install/ur5_ros2_gazebo/share/ur5_ros2_gazebo/meshes/collision/shoulder.stl
-- Up-to-date symlink: /home/daniel/dev_ws/install/ur5_ros2_gazebo/share/ur5_ros2_gazebo/meshes/collision/upperarm.stl
-- Up-to-date symlink: /home/daniel/dev_ws/install/ur5_ros2_gazebo/share/ur5_ros2_gazebo/meshes/collision/wrist1.stl
-- Up-to-date symlink: /home/daniel/dev_ws/install/ur5_ros2_gazebo/share/ur5_ros2_gazebo/meshes/collision/wrist2.stl
-- Up-to-date symlink: /home/daniel/dev_ws/install/ur5_ros2_gazebo/share/ur5_ros2_gazebo/meshes/collision/wrist3.stl
-- Up-to-date symlink: /home/daniel/dev_ws/install/ur5_ros2_gazebo/share/ur5_ros2_gazebo/meshes/visual/base.dae
-- Up-to-date symlink: /home/daniel/dev_ws/install/ur5_ros2_gazebo/share/ur5_ros2_gazebo/meshes/visual/forearm.dae
-- Up-to-date symlink: /home/daniel/dev_ws/install/ur5_ros2_gazebo/share/ur5_ros2_gazebo/meshes/visual/shoulder.dae
-- Up-to-date symlink: /home/daniel/dev_ws/install/ur5_ros2_gazebo/share/ur5_ros2_gazebo/meshes/visual/upperarm.dae
-- Up-to-date symlink: /home/daniel/dev_ws/install/ur5_ros2_gazebo/share/ur5_ros2_gazebo/meshes/visual/wrist1.dae
-- Up-to-date symlink: /home/daniel/dev_ws/install/ur5_ros2_gazebo/share/ur5_ros2_gazebo/meshes/visual/wrist2.dae
-- Up-to-date symlink: /home/daniel/dev_ws/install/ur5_ros2_gazebo/share/ur5_ros2_gazebo/meshes/visual/wrist3.dae
-- Up-to-date symlink: /home/daniel/dev_ws/install/ur5_ros2_gazebo/share/ament_index/resource_index/package_run_dependencies/ur5_ros2_gazebo
-- Up-to-date symlink: /home/daniel/dev_ws/install/ur5_ros2_gazebo/share/ament_index/resource_index/parent_prefix_path/ur5_ros2_gazebo
-- Up-to-date symlink: /home/daniel/dev_ws/install/ur5_ros2_gazebo/share/ur5_ros2_gazebo/environment/ament_prefix_path.sh
-- Up-to-date symlink: /home/daniel/dev_ws/install/ur5_ros2_gazebo/share/ur5_ros2_gazebo/environment/ament_prefix_path.dsv
-- Up-to-date symlink: /home/daniel/dev_ws/install/ur5_ros2_gazebo/share/ur5_ros2_gazebo/environment/path.sh
-- Up-to-date symlink: /home/daniel/dev_ws/install/ur5_ros2_gazebo/share/ur5_ros2_gazebo/environment/path.dsv
-- Up-to-date symlink: /home/daniel/dev_ws/install/ur5_ros2_gazebo/share/ur5_ros2_gazebo/local_setup.bash
-- Up-to-date symlink: /home/daniel/dev_ws/install/ur5_ros2_gazebo/share/ur5_ros2_gazebo/local_setup.sh
-- Up-to-date symlink: /home/daniel/dev_ws/install/ur5_ros2_gazebo/share/ur5_ros2_gazebo/local_setup.zsh
-- Up-to-date symlink: /home/daniel/dev_ws/install/ur5_ros2_gazebo/share/ur5_ros2_gazebo/local_setup.dsv
-- Symlinking: /home/daniel/dev_ws/install/ur5_ros2_gazebo/share/ur5_ros2_gazebo/package.dsv
-- Up-to-date symlink: /home/daniel/dev_ws/install/ur5_ros2_gazebo/share/ament_index/resource_index/packages/ur5_ros2_gazebo
-- Up-to-date symlink: /home/daniel/dev_ws/install/ur5_ros2_gazebo/share/ur5_ros2_gazebo/cmake/ur5_ros2_gazeboConfig.cmake
-- Up-to-date symlink: /home/daniel/dev_ws/install/ur5_ros2_gazebo/share/ur5_ros2_gazebo/cmake/ur5_ros2_gazeboConfig-version.cmake
-- Up-to-date symlink: /home/daniel/dev_ws/install/ur5_ros2_gazebo/share/ur5_ros2_gazebo/package.xml
