[0.202s] Invoking command in '/home/daniel/dev_ws/build/articubot_one': CMAKE_PREFIX_PATH=${CMAKE_PREFIX_PATH}:/home/daniel/dev_ws/install/robot_description:/opt/ros/foxy /usr/bin/cmake /home/daniel/dev_ws/src/articubot_one -DAMENT_CMAKE_SYMLINK_INSTALL=1 -DCMAKE_INSTALL_PREFIX=/home/daniel/dev_ws/install/articubot_one
[0.217s] -- Found ament_cmake: 0.9.12 (/opt/ros/foxy/share/ament_cmake/cmake)
[0.244s] -- Using PYTHON_EXECUTABLE: /usr/bin/python3
[0.423s] -- Override CMake install command with custom implementation using symlinks instead of copying resources
[0.431s] -- Found ament_lint_auto: 0.9.8 (/opt/ros/foxy/share/ament_lint_auto/cmake)
[0.493s] -- Added test 'copyright' to check source files copyright and LICENSE
[0.496s] -- Added test 'flake8' to check Python code syntax and style conventions
[0.497s] -- Added test 'lint_cmake' to check CMake code style
[0.497s] -- Added test 'pep257' to check Python code against some of the style conventions in PEP 257
[0.499s] -- Added test 'xmllint' to check XML markup files
[0.501s] -- Configuring done
[0.504s] -- Generating done
[0.505s] -- Build files have been written to: /home/daniel/dev_ws/build/articubot_one
[0.507s] Invoked command in '/home/daniel/dev_ws/build/articubot_one' returned '0': CMAKE_PREFIX_PATH=${CMAKE_PREFIX_PATH}:/home/daniel/dev_ws/install/robot_description:/opt/ros/foxy /usr/bin/cmake /home/daniel/dev_ws/src/articubot_one -DAMENT_CMAKE_SYMLINK_INSTALL=1 -DCMAKE_INSTALL_PREFIX=/home/daniel/dev_ws/install/articubot_one
[0.510s] Invoking command in '/home/daniel/dev_ws/build/articubot_one': CMAKE_PREFIX_PATH=${CMAKE_PREFIX_PATH}:/home/daniel/dev_ws/install/robot_description:/opt/ros/foxy /usr/bin/cmake --build /home/daniel/dev_ws/build/articubot_one -- -j8 -l8
[0.552s] Invoked command in '/home/daniel/dev_ws/build/articubot_one' returned '0': CMAKE_PREFIX_PATH=${CMAKE_PREFIX_PATH}:/home/daniel/dev_ws/install/robot_description:/opt/ros/foxy /usr/bin/cmake --build /home/daniel/dev_ws/build/articubot_one -- -j8 -l8
[0.585s] Invoking command in '/home/daniel/dev_ws/build/articubot_one': CMAKE_PREFIX_PATH=${CMAKE_PREFIX_PATH}:/home/daniel/dev_ws/install/robot_description:/opt/ros/foxy /usr/bin/cmake --install /home/daniel/dev_ws/build/articubot_one
[0.593s] -- Install configuration: ""
[0.594s] -- Execute custom install script
[0.594s] -- Up-to-date symlink: /home/daniel/dev_ws/install/articubot_one/share/articubot_one/config/empty.yaml
[0.595s] -- Up-to-date symlink: /home/daniel/dev_ws/install/articubot_one/share/articubot_one/config/view_bot.rviz
[0.595s] -- Up-to-date symlink: /home/daniel/dev_ws/install/articubot_one/share/articubot_one/description/inertial_macros.xacro
[0.595s] -- Symlinking: /home/daniel/dev_ws/install/articubot_one/share/articubot_one/description/meshes/arm_base.stl
[0.605s] -- Symlinking: /home/daniel/dev_ws/install/articubot_one/share/articubot_one/description/meshes/bicep.stl
[0.614s] -- Symlinking: /home/daniel/dev_ws/install/articubot_one/share/articubot_one/description/meshes/elbow.stl
[0.623s] -- Symlinking: /home/daniel/dev_ws/install/articubot_one/share/articubot_one/description/meshes/robot_base.stl
[0.632s] -- Symlinking: /home/daniel/dev_ws/install/articubot_one/share/articubot_one/description/meshes/wheel.stl
[0.641s] -- Symlinking: /home/daniel/dev_ws/install/articubot_one/share/articubot_one/description/meshes/wrist.stl
[0.650s] -- Up-to-date symlink: /home/daniel/dev_ws/install/articubot_one/share/articubot_one/description/robot.urdf.xacro
[0.651s] -- Symlinking: /home/daniel/dev_ws/install/articubot_one/share/articubot_one/description/robot_base.urdf.xacro
[0.660s] -- Up-to-date symlink: /home/daniel/dev_ws/install/articubot_one/share/articubot_one/description/robot_core.xacro
[0.660s] -- Symlinking: /home/daniel/dev_ws/install/articubot_one/share/articubot_one/description/robot_essentials.xacro
[0.669s] -- Up-to-date symlink: /home/daniel/dev_ws/install/articubot_one/share/articubot_one/launch/rsp.launch.py
[0.669s] -- Up-to-date symlink: /home/daniel/dev_ws/install/articubot_one/share/articubot_one/worlds/empty.world
[0.670s] -- Up-to-date symlink: /home/daniel/dev_ws/install/articubot_one/share/ament_index/resource_index/package_run_dependencies/articubot_one
[0.670s] -- Up-to-date symlink: /home/daniel/dev_ws/install/articubot_one/share/ament_index/resource_index/parent_prefix_path/articubot_one
[0.670s] -- Up-to-date symlink: /home/daniel/dev_ws/install/articubot_one/share/articubot_one/environment/ament_prefix_path.sh
[0.671s] -- Up-to-date symlink: /home/daniel/dev_ws/install/articubot_one/share/articubot_one/environment/ament_prefix_path.dsv
[0.671s] -- Up-to-date symlink: /home/daniel/dev_ws/install/articubot_one/share/articubot_one/environment/path.sh
[0.671s] -- Up-to-date symlink: /home/daniel/dev_ws/install/articubot_one/share/articubot_one/environment/path.dsv
[0.672s] -- Up-to-date symlink: /home/daniel/dev_ws/install/articubot_one/share/articubot_one/local_setup.bash
[0.672s] -- Up-to-date symlink: /home/daniel/dev_ws/install/articubot_one/share/articubot_one/local_setup.sh
[0.672s] -- Up-to-date symlink: /home/daniel/dev_ws/install/articubot_one/share/articubot_one/local_setup.zsh
[0.673s] -- Up-to-date symlink: /home/daniel/dev_ws/install/articubot_one/share/articubot_one/local_setup.dsv
[0.673s] -- Symlinking: /home/daniel/dev_ws/install/articubot_one/share/articubot_one/package.dsv
[0.682s] -- Up-to-date symlink: /home/daniel/dev_ws/install/articubot_one/share/ament_index/resource_index/packages/articubot_one
[0.682s] -- Up-to-date symlink: /home/daniel/dev_ws/install/articubot_one/share/articubot_one/cmake/articubot_oneConfig.cmake
[0.683s] -- Up-to-date symlink: /home/daniel/dev_ws/install/articubot_one/share/articubot_one/cmake/articubot_oneConfig-version.cmake
[0.683s] -- Up-to-date symlink: /home/daniel/dev_ws/install/articubot_one/share/articubot_one/package.xml
[0.685s] Invoked command in '/home/daniel/dev_ws/build/articubot_one' returned '0': CMAKE_PREFIX_PATH=${CMAKE_PREFIX_PATH}:/home/daniel/dev_ws/install/robot_description:/opt/ros/foxy /usr/bin/cmake --install /home/daniel/dev_ws/build/articubot_one
