[1.224s] Invoking command in '/home/daniel/dev_ws/src/bulldog_description': PYTHONPATH=/home/daniel/dev_ws/build/bulldog_description/prefix_override:/home/daniel/dev_ws/install/bulldog_description/lib/python3.8/site-packages:${PYTHONPATH} /usr/bin/python3 setup.py egg_info --egg-base ../../build/bulldog_description build --build-base /home/daniel/dev_ws/build/bulldog_description/build install --record /home/daniel/dev_ws/build/bulldog_description/install.log --install-scripts $base/lib/bulldog_description --single-version-externally-managed
[1.447s] running egg_info
[1.447s] writing ../../build/bulldog_description/bulldog_description.egg-info/PKG-INFO
[1.447s] writing dependency_links to ../../build/bulldog_description/bulldog_description.egg-info/dependency_links.txt
[1.448s] writing entry points to ../../build/bulldog_description/bulldog_description.egg-info/entry_points.txt
[1.448s] writing requirements to ../../build/bulldog_description/bulldog_description.egg-info/requires.txt
[1.448s] writing top-level names to ../../build/bulldog_description/bulldog_description.egg-info/top_level.txt
[1.479s] reading manifest file '../../build/bulldog_description/bulldog_description.egg-info/SOURCES.txt'
[1.480s] writing manifest file '../../build/bulldog_description/bulldog_description.egg-info/SOURCES.txt'
[1.480s] running build
[1.481s] running build_py
[1.481s] running install
[1.481s] running install_lib
[1.483s] running install_data
[1.483s] copying package.xml -> /home/daniel/dev_ws/install/bulldog_description/share/bulldog_description
[1.484s] creating /home/daniel/dev_ws/install/bulldog_description/share/bulldog_description/launch
[1.484s] creating /home/daniel/dev_ws/install/bulldog_description/share/bulldog_description/meshes
[1.484s] creating /home/daniel/dev_ws/install/bulldog_description/share/bulldog_description/urdf
[1.484s] running install_egg_info
[1.486s] removing '/home/daniel/dev_ws/install/bulldog_description/lib/python3.8/site-packages/bulldog_description-0.0.0-py3.8.egg-info' (and everything under it)
[1.486s] Copying ../../build/bulldog_description/bulldog_description.egg-info to /home/daniel/dev_ws/install/bulldog_description/lib/python3.8/site-packages/bulldog_description-0.0.0-py3.8.egg-info
[1.487s] running install_scripts
[1.503s] writing list of installed files to '/home/daniel/dev_ws/build/bulldog_description/install.log'
[1.522s] Invoked command in '/home/daniel/dev_ws/src/bulldog_description' returned '0': PYTHONPATH=/home/daniel/dev_ws/build/bulldog_description/prefix_override:/home/daniel/dev_ws/install/bulldog_description/lib/python3.8/site-packages:${PYTHONPATH} /usr/bin/python3 setup.py egg_info --egg-base ../../build/bulldog_description build --build-base /home/daniel/dev_ws/build/bulldog_description/build install --record /home/daniel/dev_ws/build/bulldog_description/install.log --install-scripts $base/lib/bulldog_description --single-version-externally-managed
