[3.914s] Invoking command in '/home/daniel/dev_ws/src/bulldog_description': PYTHONPATH=/home/daniel/dev_ws/build/bulldog_description/prefix_override:/home/daniel/dev_ws/install/bulldog_description/lib/python3.8/site-packages:${PYTHONPATH} /usr/bin/python3 setup.py egg_info --egg-base ../../build/bulldog_description build --build-base /home/daniel/dev_ws/build/bulldog_description/build install --record /home/daniel/dev_ws/build/bulldog_description/install.log --install-scripts $base/lib/bulldog_description --single-version-externally-managed
[4.211s] running egg_info
[4.212s] writing ../../build/bulldog_description/bulldog_description.egg-info/PKG-INFO
[4.212s] writing dependency_links to ../../build/bulldog_description/bulldog_description.egg-info/dependency_links.txt
[4.212s] writing entry points to ../../build/bulldog_description/bulldog_description.egg-info/entry_points.txt
[4.212s] writing requirements to ../../build/bulldog_description/bulldog_description.egg-info/requires.txt
[4.213s] writing top-level names to ../../build/bulldog_description/bulldog_description.egg-info/top_level.txt
[4.260s] reading manifest file '../../build/bulldog_description/bulldog_description.egg-info/SOURCES.txt'
[4.261s] writing manifest file '../../build/bulldog_description/bulldog_description.egg-info/SOURCES.txt'
[4.261s] running build
[4.261s] running build_py
[4.261s] running install
[4.262s] running install_lib
[4.264s] running install_data
[4.265s] running install_egg_info
[4.267s] removing '/home/daniel/dev_ws/install/bulldog_description/lib/python3.8/site-packages/bulldog_description-0.0.0-py3.8.egg-info' (and everything under it)
[4.268s] Copying ../../build/bulldog_description/bulldog_description.egg-info to /home/daniel/dev_ws/install/bulldog_description/lib/python3.8/site-packages/bulldog_description-0.0.0-py3.8.egg-info
[4.268s] running install_scripts
[4.293s] writing list of installed files to '/home/daniel/dev_ws/build/bulldog_description/install.log'
[4.324s] Invoked command in '/home/daniel/dev_ws/src/bulldog_description' returned '0': PYTHONPATH=/home/daniel/dev_ws/build/bulldog_description/prefix_override:/home/daniel/dev_ws/install/bulldog_description/lib/python3.8/site-packages:${PYTHONPATH} /usr/bin/python3 setup.py egg_info --egg-base ../../build/bulldog_description build --build-base /home/daniel/dev_ws/build/bulldog_description/build install --record /home/daniel/dev_ws/build/bulldog_description/install.log --install-scripts $base/lib/bulldog_description --single-version-externally-managed
