[2.649s] DEBUG:colcon:Command line arguments: ['/usr/bin/colcon', 'build', '--packages-select', 'articubot_one', '--symlink-install']
[2.650s] DEBUG:colcon:Parsed command line arguments: Namespace(allow_overriding=[], ament_cmake_args=None, base_paths=['.'], build_base='build', catkin_cmake_args=None, catkin_skip_building_tests=False, cmake_args=None, cmake_clean_cache=False, cmake_clean_first=False, cmake_force_configure=False, cmake_target=None, cmake_target_skip_unavailable=False, continue_on_error=False, event_handlers=None, executor='parallel', ignore_user_meta=False, install_base='install', log_base=None, log_level=None, main=<bound method BuildVerb.main of <colcon_core.verb.build.BuildVerb object at 0x7f5c94987610>>, merge_install=False, metas=['./colcon.meta'], packages_above=None, packages_above_and_dependencies=None, packages_above_depth=None, packages_end=None, packages_ignore=None, packages_ignore_regex=None, packages_select=['articubot_one'], packages_select_build_failed=False, packages_select_by_dep=None, packages_select_regex=None, packages_select_test_failures=False, packages_skip=None, packages_skip_build_finished=False, packages_skip_by_dep=None, packages_skip_regex=None, packages_skip_test_passed=False, packages_skip_up_to=None, packages_start=None, packages_up_to=None, packages_up_to_regex=None, parallel_workers=8, paths=None, symlink_install=True, test_result_base=None, verb_extension=<colcon_core.verb.build.BuildVerb object at 0x7f5c94987610>, verb_name='build', verb_parser=<colcon_defaults.argument_parser.defaults.DefaultArgumentsDecorator object at 0x7f5c94987b20>)
[2.766s] Level 1:colcon.colcon_core.package_discovery:discover_packages(colcon_meta) check parameters
[2.766s] Level 1:colcon.colcon_core.package_discovery:discover_packages(recursive) check parameters
[2.766s] Level 1:colcon.colcon_core.package_discovery:discover_packages(ignore) check parameters
[2.766s] Level 1:colcon.colcon_core.package_discovery:discover_packages(path) check parameters
[2.766s] Level 1:colcon.colcon_core.package_discovery:discover_packages(colcon_meta) discover
[2.766s] Level 1:colcon.colcon_core.package_discovery:discover_packages(recursive) discover
[2.766s] INFO:colcon.colcon_core.package_discovery:Crawling recursively for packages in '/home/daniel/dev_ws'
[2.766s] Level 1:colcon.colcon_core.package_identification:_identify(.) by extensions ['ignore', 'ignore_ament_install']
[2.766s] Level 1:colcon.colcon_core.package_identification:_identify(.) by extension 'ignore'
[2.766s] Level 1:colcon.colcon_core.package_identification:_identify(.) by extension 'ignore_ament_install'
[2.766s] Level 1:colcon.colcon_core.package_identification:_identify(.) by extensions ['colcon_pkg']
[2.766s] Level 1:colcon.colcon_core.package_identification:_identify(.) by extension 'colcon_pkg'
[2.766s] Level 1:colcon.colcon_core.package_identification:_identify(.) by extensions ['colcon_meta']
[2.766s] Level 1:colcon.colcon_core.package_identification:_identify(.) by extension 'colcon_meta'
[2.767s] Level 1:colcon.colcon_core.package_identification:_identify(.) by extensions ['ros']
[2.767s] Level 1:colcon.colcon_core.package_identification:_identify(.) by extension 'ros'
[2.776s] Level 1:colcon.colcon_core.package_identification:_identify(.) by extensions ['cmake', 'python']
[2.777s] Level 1:colcon.colcon_core.package_identification:_identify(.) by extension 'cmake'
[2.777s] Level 1:colcon.colcon_core.package_identification:_identify(.) by extension 'python'
[2.777s] Level 1:colcon.colcon_core.package_identification:_identify(.) by extensions ['python_setup_py']
[2.777s] Level 1:colcon.colcon_core.package_identification:_identify(.) by extension 'python_setup_py'
[2.777s] Level 1:colcon.colcon_core.package_identification:_identify(build) by extensions ['ignore', 'ignore_ament_install']
[2.777s] Level 1:colcon.colcon_core.package_identification:_identify(build) by extension 'ignore'
[2.777s] Level 1:colcon.colcon_core.package_identification:_identify(build) ignored
[2.777s] Level 1:colcon.colcon_core.package_identification:_identify(install) by extensions ['ignore', 'ignore_ament_install']
[2.777s] Level 1:colcon.colcon_core.package_identification:_identify(install) by extension 'ignore'
[2.777s] Level 1:colcon.colcon_core.package_identification:_identify(install) ignored
[2.778s] Level 1:colcon.colcon_core.package_identification:_identify(log) by extensions ['ignore', 'ignore_ament_install']
[2.778s] Level 1:colcon.colcon_core.package_identification:_identify(log) by extension 'ignore'
[2.778s] Level 1:colcon.colcon_core.package_identification:_identify(log) ignored
[2.778s] Level 1:colcon.colcon_core.package_identification:_identify(src) by extensions ['ignore', 'ignore_ament_install']
[2.778s] Level 1:colcon.colcon_core.package_identification:_identify(src) by extension 'ignore'
[2.778s] Level 1:colcon.colcon_core.package_identification:_identify(src) by extension 'ignore_ament_install'
[2.778s] Level 1:colcon.colcon_core.package_identification:_identify(src) by extensions ['colcon_pkg']
[2.778s] Level 1:colcon.colcon_core.package_identification:_identify(src) by extension 'colcon_pkg'
[2.778s] Level 1:colcon.colcon_core.package_identification:_identify(src) by extensions ['colcon_meta']
[2.778s] Level 1:colcon.colcon_core.package_identification:_identify(src) by extension 'colcon_meta'
[2.778s] Level 1:colcon.colcon_core.package_identification:_identify(src) by extensions ['ros']
[2.778s] Level 1:colcon.colcon_core.package_identification:_identify(src) by extension 'ros'
[2.778s] Level 1:colcon.colcon_core.package_identification:_identify(src) by extensions ['cmake', 'python']
[2.778s] Level 1:colcon.colcon_core.package_identification:_identify(src) by extension 'cmake'
[2.778s] Level 1:colcon.colcon_core.package_identification:_identify(src) by extension 'python'
[2.779s] Level 1:colcon.colcon_core.package_identification:_identify(src) by extensions ['python_setup_py']
[2.779s] Level 1:colcon.colcon_core.package_identification:_identify(src) by extension 'python_setup_py'
[2.779s] Level 1:colcon.colcon_core.package_identification:_identify(src/articubot_one) by extensions ['ignore', 'ignore_ament_install']
[2.779s] Level 1:colcon.colcon_core.package_identification:_identify(src/articubot_one) by extension 'ignore'
[2.779s] Level 1:colcon.colcon_core.package_identification:_identify(src/articubot_one) by extension 'ignore_ament_install'
[2.779s] Level 1:colcon.colcon_core.package_identification:_identify(src/articubot_one) by extensions ['colcon_pkg']
[2.779s] Level 1:colcon.colcon_core.package_identification:_identify(src/articubot_one) by extension 'colcon_pkg'
[2.779s] Level 1:colcon.colcon_core.package_identification:_identify(src/articubot_one) by extensions ['colcon_meta']
[2.779s] Level 1:colcon.colcon_core.package_identification:_identify(src/articubot_one) by extension 'colcon_meta'
[2.779s] Level 1:colcon.colcon_core.package_identification:_identify(src/articubot_one) by extensions ['ros']
[2.779s] Level 1:colcon.colcon_core.package_identification:_identify(src/articubot_one) by extension 'ros'
[2.781s] DEBUG:colcon.colcon_core.package_identification:Package 'src/articubot_one' with type 'ros.ament_cmake' and name 'articubot_one'
[2.781s] Level 1:colcon.colcon_core.package_discovery:discover_packages(recursive) using defaults
[2.781s] Level 1:colcon.colcon_core.package_discovery:discover_packages(ignore) discover
[2.781s] Level 1:colcon.colcon_core.package_discovery:discover_packages(ignore) using defaults
[2.781s] Level 1:colcon.colcon_core.package_discovery:discover_packages(path) discover
[2.781s] Level 1:colcon.colcon_core.package_discovery:discover_packages(path) using defaults
[3.024s] Level 1:colcon.colcon_core.package_discovery:discover_packages(prefix_path) check parameters
[3.024s] Level 1:colcon.colcon_core.package_discovery:discover_packages(prefix_path) discover
[3.127s] DEBUG:colcon.colcon_installed_package_information.package_discovery:Found 2 installed packages in /home/daniel/dev_ws/install
[3.173s] DEBUG:colcon.colcon_installed_package_information.package_discovery:Found 289 installed packages in /opt/ros/foxy
[3.175s] Level 1:colcon.colcon_core.package_discovery:discover_packages(prefix_path) using defaults
[3.363s] Level 5:colcon.colcon_core.verb:set package 'articubot_one' build argument 'cmake_args' from command line to 'None'
[3.363s] Level 5:colcon.colcon_core.verb:set package 'articubot_one' build argument 'cmake_target' from command line to 'None'
[3.363s] Level 5:colcon.colcon_core.verb:set package 'articubot_one' build argument 'cmake_target_skip_unavailable' from command line to 'False'
[3.363s] Level 5:colcon.colcon_core.verb:set package 'articubot_one' build argument 'cmake_clean_cache' from command line to 'False'
[3.363s] Level 5:colcon.colcon_core.verb:set package 'articubot_one' build argument 'cmake_clean_first' from command line to 'False'
[3.363s] Level 5:colcon.colcon_core.verb:set package 'articubot_one' build argument 'cmake_force_configure' from command line to 'False'
[3.363s] Level 5:colcon.colcon_core.verb:set package 'articubot_one' build argument 'ament_cmake_args' from command line to 'None'
[3.363s] Level 5:colcon.colcon_core.verb:set package 'articubot_one' build argument 'catkin_cmake_args' from command line to 'None'
[3.363s] Level 5:colcon.colcon_core.verb:set package 'articubot_one' build argument 'catkin_skip_building_tests' from command line to 'False'
[3.363s] DEBUG:colcon.colcon_core.verb:Building package 'articubot_one' with the following arguments: {'ament_cmake_args': None, 'build_base': '/home/daniel/dev_ws/build/articubot_one', 'catkin_cmake_args': None, 'catkin_skip_building_tests': False, 'cmake_args': None, 'cmake_clean_cache': False, 'cmake_clean_first': False, 'cmake_force_configure': False, 'cmake_target': None, 'cmake_target_skip_unavailable': False, 'install_base': '/home/daniel/dev_ws/install/articubot_one', 'merge_install': False, 'path': '/home/daniel/dev_ws/src/articubot_one', 'symlink_install': True, 'test_result_base': None}
[3.411s] INFO:colcon.colcon_core.executor:Executing jobs using 'parallel' executor
[3.458s] DEBUG:colcon.colcon_parallel_executor.executor.parallel:run_until_complete
[3.458s] INFO:colcon.colcon_ros.task.ament_cmake.build:Building ROS package in '/home/daniel/dev_ws/src/articubot_one' with build type 'ament_cmake'
[3.458s] INFO:colcon.colcon_cmake.task.cmake.build:Building CMake package in '/home/daniel/dev_ws/src/articubot_one'
[3.508s] INFO:colcon.colcon_core.plugin_system:Skipping extension 'colcon_core.shell.bat': Not used on non-Windows systems
[3.508s] INFO:colcon.colcon_core.shell:Skip shell extension 'powershell' for command environment: Not usable outside of PowerShell
[3.508s] DEBUG:colcon.colcon_core.shell:Skip shell extension 'dsv' for command environment
[3.660s] DEBUG:colcon.colcon_core.event_handler.log_command:Invoking command in '/home/daniel/dev_ws/build/articubot_one': CMAKE_PREFIX_PATH=${CMAKE_PREFIX_PATH}:/home/daniel/dev_ws/install/robot_description:/opt/ros/foxy /usr/bin/cmake /home/daniel/dev_ws/src/articubot_one -DAMENT_CMAKE_SYMLINK_INSTALL=1 -DCMAKE_INSTALL_PREFIX=/home/daniel/dev_ws/install/articubot_one
[3.991s] DEBUG:colcon.colcon_core.event_handler.log_command:Invoked command in '/home/daniel/dev_ws/build/articubot_one' returned '0': CMAKE_PREFIX_PATH=${CMAKE_PREFIX_PATH}:/home/daniel/dev_ws/install/robot_description:/opt/ros/foxy /usr/bin/cmake /home/daniel/dev_ws/src/articubot_one -DAMENT_CMAKE_SYMLINK_INSTALL=1 -DCMAKE_INSTALL_PREFIX=/home/daniel/dev_ws/install/articubot_one
[3.992s] DEBUG:colcon.colcon_core.event_handler.log_command:Invoking command in '/home/daniel/dev_ws/build/articubot_one': CMAKE_PREFIX_PATH=${CMAKE_PREFIX_PATH}:/home/daniel/dev_ws/install/robot_description:/opt/ros/foxy /usr/bin/cmake --build /home/daniel/dev_ws/build/articubot_one -- -j8 -l8
[4.033s] DEBUG:colcon.colcon_core.event_handler.log_command:Invoked command in '/home/daniel/dev_ws/build/articubot_one' returned '0': CMAKE_PREFIX_PATH=${CMAKE_PREFIX_PATH}:/home/daniel/dev_ws/install/robot_description:/opt/ros/foxy /usr/bin/cmake --build /home/daniel/dev_ws/build/articubot_one -- -j8 -l8
[4.066s] DEBUG:colcon.colcon_core.event_handler.log_command:Invoking command in '/home/daniel/dev_ws/build/articubot_one': CMAKE_PREFIX_PATH=${CMAKE_PREFIX_PATH}:/home/daniel/dev_ws/install/robot_description:/opt/ros/foxy /usr/bin/cmake --install /home/daniel/dev_ws/build/articubot_one
[4.095s] Level 1:colcon.colcon_core.environment:create_environment_scripts_only(articubot_one)
[4.095s] DEBUG:colcon.colcon_core.event_handler.log_command:Invoked command in '/home/daniel/dev_ws/build/articubot_one' returned '0': CMAKE_PREFIX_PATH=${CMAKE_PREFIX_PATH}:/home/daniel/dev_ws/install/robot_description:/opt/ros/foxy /usr/bin/cmake --install /home/daniel/dev_ws/build/articubot_one
[4.145s] Level 1:colcon.colcon_core.environment:checking '/home/daniel/dev_ws/install/articubot_one' for CMake module files
[4.146s] Level 1:colcon.colcon_core.environment:checking '/home/daniel/dev_ws/install/articubot_one' for CMake config files
[4.146s] Level 1:colcon.colcon_core.shell:create_environment_hook('articubot_one', 'cmake_prefix_path')
[4.193s] INFO:colcon.colcon_core.shell:Creating environment hook '/home/daniel/dev_ws/install/articubot_one/share/articubot_one/hook/cmake_prefix_path.ps1'
[4.194s] INFO:colcon.colcon_core.shell:Creating environment descriptor '/home/daniel/dev_ws/install/articubot_one/share/articubot_one/hook/cmake_prefix_path.dsv'
[4.195s] INFO:colcon.colcon_core.shell:Creating environment hook '/home/daniel/dev_ws/install/articubot_one/share/articubot_one/hook/cmake_prefix_path.sh'
[4.196s] Level 1:colcon.colcon_core.environment:checking '/home/daniel/dev_ws/install/articubot_one/bin'
[4.196s] Level 1:colcon.colcon_core.environment:checking '/home/daniel/dev_ws/install/articubot_one/lib/pkgconfig/articubot_one.pc'
[4.196s] Level 1:colcon.colcon_core.environment:checking '/home/daniel/dev_ws/install/articubot_one/lib/python3.8/site-packages'
[4.197s] Level 1:colcon.colcon_core.environment:checking '/home/daniel/dev_ws/install/articubot_one/bin'
[4.242s] INFO:colcon.colcon_core.shell:Creating package script '/home/daniel/dev_ws/install/articubot_one/share/articubot_one/package.ps1'
[4.243s] INFO:colcon.colcon_core.shell:Creating package descriptor '/home/daniel/dev_ws/install/articubot_one/share/articubot_one/package.dsv'
[4.244s] INFO:colcon.colcon_core.shell:Creating package script '/home/daniel/dev_ws/install/articubot_one/share/articubot_one/package.sh'
[4.245s] INFO:colcon.colcon_core.shell:Creating package script '/home/daniel/dev_ws/install/articubot_one/share/articubot_one/package.bash'
[4.246s] INFO:colcon.colcon_core.shell:Creating package script '/home/daniel/dev_ws/install/articubot_one/share/articubot_one/package.zsh'
[4.246s] Level 1:colcon.colcon_core.environment:create_file_with_runtime_dependencies(/home/daniel/dev_ws/install/articubot_one/share/colcon-core/packages/articubot_one)
[4.316s] Level 1:colcon.colcon_core.environment:create_environment_scripts_only(articubot_one)
[4.362s] Level 1:colcon.colcon_core.environment:checking '/home/daniel/dev_ws/install/articubot_one' for CMake module files
[4.362s] Level 1:colcon.colcon_core.environment:checking '/home/daniel/dev_ws/install/articubot_one' for CMake config files
[4.363s] Level 1:colcon.colcon_core.shell:create_environment_hook('articubot_one', 'cmake_prefix_path')
[4.411s] INFO:colcon.colcon_core.shell:Creating environment hook '/home/daniel/dev_ws/install/articubot_one/share/articubot_one/hook/cmake_prefix_path.ps1'
[4.412s] INFO:colcon.colcon_core.shell:Creating environment descriptor '/home/daniel/dev_ws/install/articubot_one/share/articubot_one/hook/cmake_prefix_path.dsv'
[4.412s] INFO:colcon.colcon_core.shell:Creating environment hook '/home/daniel/dev_ws/install/articubot_one/share/articubot_one/hook/cmake_prefix_path.sh'
[4.413s] Level 1:colcon.colcon_core.environment:checking '/home/daniel/dev_ws/install/articubot_one/bin'
[4.413s] Level 1:colcon.colcon_core.environment:checking '/home/daniel/dev_ws/install/articubot_one/lib/pkgconfig/articubot_one.pc'
[4.413s] Level 1:colcon.colcon_core.environment:checking '/home/daniel/dev_ws/install/articubot_one/lib/python3.8/site-packages'
[4.414s] Level 1:colcon.colcon_core.environment:checking '/home/daniel/dev_ws/install/articubot_one/bin'
[4.462s] INFO:colcon.colcon_core.shell:Creating package script '/home/daniel/dev_ws/install/articubot_one/share/articubot_one/package.ps1'
[4.462s] INFO:colcon.colcon_core.shell:Creating package descriptor '/home/daniel/dev_ws/install/articubot_one/share/articubot_one/package.dsv'
[4.463s] INFO:colcon.colcon_core.shell:Creating package script '/home/daniel/dev_ws/install/articubot_one/share/articubot_one/package.sh'
[4.463s] INFO:colcon.colcon_core.shell:Creating package script '/home/daniel/dev_ws/install/articubot_one/share/articubot_one/package.bash'
[4.464s] INFO:colcon.colcon_core.shell:Creating package script '/home/daniel/dev_ws/install/articubot_one/share/articubot_one/package.zsh'
[4.464s] Level 1:colcon.colcon_core.environment:create_file_with_runtime_dependencies(/home/daniel/dev_ws/install/articubot_one/share/colcon-core/packages/articubot_one)
[4.465s] DEBUG:colcon.colcon_parallel_executor.executor.parallel:closing loop
[4.465s] DEBUG:colcon.colcon_parallel_executor.executor.parallel:loop closed
[4.466s] DEBUG:colcon.colcon_parallel_executor.executor.parallel:run_until_complete finished with '0'
[4.466s] DEBUG:colcon.colcon_core.event_reactor:joining thread
[4.521s] INFO:colcon.colcon_core.plugin_system:Skipping extension 'colcon_notification.desktop_notification.terminal_notifier': Not used on non-Darwin systems
[4.521s] INFO:colcon.colcon_core.plugin_system:Skipping extension 'colcon_notification.desktop_notification.win32': Not used on non-Windows systems
[4.521s] INFO:colcon.colcon_notification.desktop_notification:Sending desktop notification using 'notify2'
[4.534s] DEBUG:colcon.colcon_core.event_reactor:joined thread
[4.583s] INFO:colcon.colcon_core.shell:Creating prefix script '/home/daniel/dev_ws/install/local_setup.ps1'
[4.584s] INFO:colcon.colcon_core.shell:Creating prefix util module '/home/daniel/dev_ws/install/_local_setup_util_ps1.py'
[4.585s] INFO:colcon.colcon_core.shell:Creating prefix chain script '/home/daniel/dev_ws/install/setup.ps1'
[4.634s] INFO:colcon.colcon_core.shell:Creating prefix script '/home/daniel/dev_ws/install/local_setup.sh'
[4.635s] INFO:colcon.colcon_core.shell:Creating prefix util module '/home/daniel/dev_ws/install/_local_setup_util_sh.py'
[4.635s] INFO:colcon.colcon_core.shell:Creating prefix chain script '/home/daniel/dev_ws/install/setup.sh'
[4.684s] INFO:colcon.colcon_core.shell:Creating prefix script '/home/daniel/dev_ws/install/local_setup.bash'
[4.684s] INFO:colcon.colcon_core.shell:Creating prefix chain script '/home/daniel/dev_ws/install/setup.bash'
[4.733s] INFO:colcon.colcon_core.shell:Creating prefix script '/home/daniel/dev_ws/install/local_setup.zsh'
[4.734s] INFO:colcon.colcon_core.shell:Creating prefix chain script '/home/daniel/dev_ws/install/setup.zsh'
