[2.614s] Invoking command in '/home/daniel/dev_ws/build/mobile_manipulator': PYTHONPATH=/home/daniel/dev_ws/build/mobile_manipulator/prefix_override:/home/daniel/dev_ws/install/mobile_manipulator/lib/python3.8/site-packages:${PYTHONPATH} /usr/bin/python3 setup.py develop --editable --build-directory /home/daniel/dev_ws/build/mobile_manipulator/build --no-deps install_data
[3.024s] running develop
[3.300s] running egg_info
[3.301s] writing mobile_manipulator.egg-info/PKG-INFO
[3.301s] writing dependency_links to mobile_manipulator.egg-info/dependency_links.txt
[3.301s] writing entry points to mobile_manipulator.egg-info/entry_points.txt
[3.301s] writing requirements to mobile_manipulator.egg-info/requires.txt
[3.301s] writing top-level names to mobile_manipulator.egg-info/top_level.txt
[3.410s] reading manifest file 'mobile_manipulator.egg-info/SOURCES.txt'
[3.412s] writing manifest file 'mobile_manipulator.egg-info/SOURCES.txt'
[3.469s] running build_ext
[3.479s] Creating /home/daniel/dev_ws/install/mobile_manipulator/lib/python3.8/site-packages/mobile-manipulator.egg-link (link to .)
[3.481s] Installing get_path_action script to /home/daniel/dev_ws/install/mobile_manipulator/lib/mobile_manipulator
[3.481s] Installing reach_goal_action script to /home/daniel/dev_ws/install/mobile_manipulator/lib/mobile_manipulator
[3.481s] Installing send_goal_pose_action script to /home/daniel/dev_ws/install/mobile_manipulator/lib/mobile_manipulator
[3.481s] Installing trajectory_points_act_server script to /home/daniel/dev_ws/install/mobile_manipulator/lib/mobile_manipulator
[3.481s] Installing trajectory_points_from_ik_act_server script to /home/daniel/dev_ws/install/mobile_manipulator/lib/mobile_manipulator
[3.482s] 
[3.482s] Installed /home/daniel/dev_ws/build/mobile_manipulator
[3.482s] running install_data
[3.527s] Invoked command in '/home/daniel/dev_ws/build/mobile_manipulator' returned '0': PYTHONPATH=/home/daniel/dev_ws/build/mobile_manipulator/prefix_override:/home/daniel/dev_ws/install/mobile_manipulator/lib/python3.8/site-packages:${PYTHONPATH} /usr/bin/python3 setup.py develop --editable --build-directory /home/daniel/dev_ws/build/mobile_manipulator/build --no-deps install_data
