[0.196s] Invoking command in '/home/daniel/dev_ws/build/robot_description': /usr/bin/cmake /home/daniel/dev_ws/src/robot_description -DCATKIN_INSTALL_INTO_PREFIX_ROOT=0 -DCATKIN_SYMLINK_INSTALL=ON -DCMAKE_INSTALL_PREFIX=/home/daniel/dev_ws/install/robot_description
[1.380s] -- The C compiler identification is GNU 9.4.0
[2.343s] -- The CXX compiler identification is GNU 9.4.0
[2.367s] -- Check for working C compiler: /usr/bin/cc
[2.452s] -- Check for working C compiler: /usr/bin/cc -- works
[2.454s] -- Detecting C compiler ABI info
[2.549s] -- Detecting C compiler ABI info - done
[2.570s] -- Detecting C compile features
[2.589s] -- Detecting C compile features - done
[2.595s] -- Check for working CXX compiler: /usr/bin/c++
[2.697s] -- Check for working CXX compiler: /usr/bin/c++ -- works
[2.698s] -- Detecting CXX compiler ABI info
[2.778s] -- Detecting CXX compiler ABI info - done
[2.793s] -- Detecting CXX compile features
[2.794s] -- Detecting CXX compile features - done
[2.807s] CMake Error at CMakeLists.txt:10 (find_package):
[2.807s]   By not providing "Findcatkin.cmake" in CMAKE_MODULE_PATH this project has
[2.807s]   asked CMake to find a package configuration file provided by "catkin", but
[2.807s]   CMake did not find one.
[2.807s] 
[2.807s]   Could not find a package configuration file provided by "catkin" with any
[2.807s]   of the following names:
[2.807s] 
[2.807s]     catkinConfig.cmake
[2.807s]     catkin-config.cmake
[2.807s] 
[2.807s]   Add the installation prefix of "catkin" to CMAKE_PREFIX_PATH or set
[2.807s]   "catkin_DIR" to a directory containing one of the above files.  If "catkin"
[2.808s]   provides a separate development package or SDK, be sure it has been
[2.808s]   installed.
[2.808s] 
[2.808s] 
[2.808s] -- Configuring incomplete, errors occurred!
[2.808s] See also "/home/daniel/dev_ws/build/robot_description/CMakeFiles/CMakeOutput.log".
[2.810s] Invoked command in '/home/daniel/dev_ws/build/robot_description' returned '1': /usr/bin/cmake /home/daniel/dev_ws/src/robot_description -DCATKIN_INSTALL_INTO_PREFIX_ROOT=0 -DCATKIN_SYMLINK_INSTALL=ON -DCMAKE_INSTALL_PREFIX=/home/daniel/dev_ws/install/robot_description
