[4.001s] Invoking command in '/home/daniel/dev_ws/src/doosan_description': PYTHONPATH=/home/daniel/dev_ws/build/doosan_description/prefix_override:/home/daniel/dev_ws/install/doosan_description/lib/python3.8/site-packages:${PYTHONPATH} /usr/bin/python3 setup.py egg_info --egg-base ../../build/doosan_description build --build-base /home/daniel/dev_ws/build/doosan_description/build install --record /home/daniel/dev_ws/build/doosan_description/install.log --install-scripts $base/lib/doosan_description --single-version-externally-managed
[4.243s] running egg_info
[4.244s] writing ../../build/doosan_description/doosan_description.egg-info/PKG-INFO
[4.244s] writing dependency_links to ../../build/doosan_description/doosan_description.egg-info/dependency_links.txt
[4.244s] writing entry points to ../../build/doosan_description/doosan_description.egg-info/entry_points.txt
[4.244s] writing requirements to ../../build/doosan_description/doosan_description.egg-info/requires.txt
[4.245s] writing top-level names to ../../build/doosan_description/doosan_description.egg-info/top_level.txt
[4.503s] reading manifest file '../../build/doosan_description/doosan_description.egg-info/SOURCES.txt'
[4.526s] writing manifest file '../../build/doosan_description/doosan_description.egg-info/SOURCES.txt'
[4.526s] running build
[4.526s] running build_py
[4.526s] running install
[4.527s] running install_lib
[4.529s] running install_data
[4.530s] running install_egg_info
[4.532s] removing '/home/daniel/dev_ws/install/doosan_description/lib/python3.8/site-packages/doosan_description-0.0.0-py3.8.egg-info' (and everything under it)
[4.533s] Copying ../../build/doosan_description/doosan_description.egg-info to /home/daniel/dev_ws/install/doosan_description/lib/python3.8/site-packages/doosan_description-0.0.0-py3.8.egg-info
[4.551s] running install_scripts
[4.569s] Installing trajectory_points_act_server script to /home/daniel/dev_ws/install/doosan_description/lib/doosan_description
[4.569s] Installing trajectory_points_topic script to /home/daniel/dev_ws/install/doosan_description/lib/doosan_description
[4.570s] writing list of installed files to '/home/daniel/dev_ws/build/doosan_description/install.log'
[4.743s] Invoked command in '/home/daniel/dev_ws/src/doosan_description' returned '0': PYTHONPATH=/home/daniel/dev_ws/build/doosan_description/prefix_override:/home/daniel/dev_ws/install/doosan_description/lib/python3.8/site-packages:${PYTHONPATH} /usr/bin/python3 setup.py egg_info --egg-base ../../build/doosan_description build --build-base /home/daniel/dev_ws/build/doosan_description/build install --record /home/daniel/dev_ws/build/doosan_description/install.log --install-scripts $base/lib/doosan_description --single-version-externally-managed
