running egg_info
writing ../../build/bulldog_description/bulldog_description.egg-info/PKG-INFO
writing dependency_links to ../../build/bulldog_description/bulldog_description.egg-info/dependency_links.txt
writing entry points to ../../build/bulldog_description/bulldog_description.egg-info/entry_points.txt
writing requirements to ../../build/bulldog_description/bulldog_description.egg-info/requires.txt
writing top-level names to ../../build/bulldog_description/bulldog_description.egg-info/top_level.txt
reading manifest file '../../build/bulldog_description/bulldog_description.egg-info/SOURCES.txt'
writing manifest file '../../build/bulldog_description/bulldog_description.egg-info/SOURCES.txt'
running build
running build_py
running install
running install_lib
running install_data
creating /home/daniel/dev_ws/install/bulldog_description/share/bulldog_description/urdf/accesories
creating /home/daniel/dev_ws/install/bulldog_description/share/bulldog_description/urdf/bulldog
copying urdf/bulldog/materials.xacro -> /home/daniel/dev_ws/install/bulldog_description/share/bulldog_description/urdf/bulldog
copying urdf/bulldog/wheel.urdf.xacro -> /home/daniel/dev_ws/install/bulldog_description/share/bulldog_description/urdf/bulldog
copying urdf/bulldog/bulldog.urdf.xacro -> /home/daniel/dev_ws/install/bulldog_description/share/bulldog_description/urdf/bulldog
running install_egg_info
removing '/home/daniel/dev_ws/install/bulldog_description/lib/python3.8/site-packages/bulldog_description-0.0.0-py3.8.egg-info' (and everything under it)
Copying ../../build/bulldog_description/bulldog_description.egg-info to /home/daniel/dev_ws/install/bulldog_description/lib/python3.8/site-packages/bulldog_description-0.0.0-py3.8.egg-info
running install_scripts
writing list of installed files to '/home/daniel/dev_ws/build/bulldog_description/install.log'
