[1.230s] Invoking command in '/home/daniel/dev_ws/src/bulldog_description': PYTHONPATH=/home/daniel/dev_ws/build/bulldog_description/prefix_override:/home/daniel/dev_ws/install/bulldog_description/lib/python3.8/site-packages:${PYTHONPATH} /usr/bin/python3 setup.py egg_info --egg-base ../../build/bulldog_description build --build-base /home/daniel/dev_ws/build/bulldog_description/build install --record /home/daniel/dev_ws/build/bulldog_description/install.log --install-scripts $base/lib/bulldog_description --single-version-externally-managed
[1.453s] running egg_info
[1.454s] writing ../../build/bulldog_description/bulldog_description.egg-info/PKG-INFO
[1.454s] writing dependency_links to ../../build/bulldog_description/bulldog_description.egg-info/dependency_links.txt
[1.454s] writing entry points to ../../build/bulldog_description/bulldog_description.egg-info/entry_points.txt
[1.455s] writing requirements to ../../build/bulldog_description/bulldog_description.egg-info/requires.txt
[1.455s] writing top-level names to ../../build/bulldog_description/bulldog_description.egg-info/top_level.txt
[1.486s] reading manifest file '../../build/bulldog_description/bulldog_description.egg-info/SOURCES.txt'
[1.487s] writing manifest file '../../build/bulldog_description/bulldog_description.egg-info/SOURCES.txt'
[1.487s] running build
[1.487s] running build_py
[1.487s] running install
[1.488s] running install_lib
[1.489s] running install_data
[1.490s] creating /home/daniel/dev_ws/install/bulldog_description/share/bulldog_description/urdf/accesories
[1.491s] creating /home/daniel/dev_ws/install/bulldog_description/share/bulldog_description/urdf/bulldog
[1.491s] copying urdf/bulldog/materials.xacro -> /home/daniel/dev_ws/install/bulldog_description/share/bulldog_description/urdf/bulldog
[1.491s] copying urdf/bulldog/wheel.urdf.xacro -> /home/daniel/dev_ws/install/bulldog_description/share/bulldog_description/urdf/bulldog
[1.491s] copying urdf/bulldog/bulldog.urdf.xacro -> /home/daniel/dev_ws/install/bulldog_description/share/bulldog_description/urdf/bulldog
[1.491s] running install_egg_info
[1.493s] removing '/home/daniel/dev_ws/install/bulldog_description/lib/python3.8/site-packages/bulldog_description-0.0.0-py3.8.egg-info' (and everything under it)
[1.493s] Copying ../../build/bulldog_description/bulldog_description.egg-info to /home/daniel/dev_ws/install/bulldog_description/lib/python3.8/site-packages/bulldog_description-0.0.0-py3.8.egg-info
[1.494s] running install_scripts
[1.510s] writing list of installed files to '/home/daniel/dev_ws/build/bulldog_description/install.log'
[1.528s] Invoked command in '/home/daniel/dev_ws/src/bulldog_description' returned '0': PYTHONPATH=/home/daniel/dev_ws/build/bulldog_description/prefix_override:/home/daniel/dev_ws/install/bulldog_description/lib/python3.8/site-packages:${PYTHONPATH} /usr/bin/python3 setup.py egg_info --egg-base ../../build/bulldog_description build --build-base /home/daniel/dev_ws/build/bulldog_description/build install --record /home/daniel/dev_ws/build/bulldog_description/install.log --install-scripts $base/lib/bulldog_description --single-version-externally-managed
