running egg_info
creating ../../build/bulldog_description/bulldog_description.egg-info
writing ../../build/bulldog_description/bulldog_description.egg-info/PKG-INFO
writing dependency_links to ../../build/bulldog_description/bulldog_description.egg-info/dependency_links.txt
writing entry points to ../../build/bulldog_description/bulldog_description.egg-info/entry_points.txt
writing requirements to ../../build/bulldog_description/bulldog_description.egg-info/requires.txt
writing top-level names to ../../build/bulldog_description/bulldog_description.egg-info/top_level.txt
writing manifest file '../../build/bulldog_description/bulldog_description.egg-info/SOURCES.txt'
reading manifest file '../../build/bulldog_description/bulldog_description.egg-info/SOURCES.txt'
writing manifest file '../../build/bulldog_description/bulldog_description.egg-info/SOURCES.txt'
running build
running build_py
creating /home/daniel/dev_ws/build/bulldog_description/build
creating /home/daniel/dev_ws/build/bulldog_description/build/lib
creating /home/daniel/dev_ws/build/bulldog_description/build/lib/bulldog_description
copying bulldog_description/__init__.py -> /home/daniel/dev_ws/build/bulldog_description/build/lib/bulldog_description
running install
running install_lib
creating /home/daniel/dev_ws/install/bulldog_description/lib/python3.8/site-packages/bulldog_description
copying /home/daniel/dev_ws/build/bulldog_description/build/lib/bulldog_description/__init__.py -> /home/daniel/dev_ws/install/bulldog_description/lib/python3.8/site-packages/bulldog_description
byte-compiling /home/daniel/dev_ws/install/bulldog_description/lib/python3.8/site-packages/bulldog_description/__init__.py to __init__.cpython-38.pyc
running install_data
creating /home/daniel/dev_ws/install/bulldog_description/share/ament_index
creating /home/daniel/dev_ws/install/bulldog_description/share/ament_index/resource_index
creating /home/daniel/dev_ws/install/bulldog_description/share/ament_index/resource_index/packages
copying resource/bulldog_description -> /home/daniel/dev_ws/install/bulldog_description/share/ament_index/resource_index/packages
copying package.xml -> /home/daniel/dev_ws/install/bulldog_description/share/bulldog_description
running install_egg_info
Copying ../../build/bulldog_description/bulldog_description.egg-info to /home/daniel/dev_ws/install/bulldog_description/lib/python3.8/site-packages/bulldog_description-0.0.0-py3.8.egg-info
running install_scripts
writing list of installed files to '/home/daniel/dev_ws/build/bulldog_description/install.log'
