[3.077s] DEBUG:colcon:Command line arguments: ['/usr/bin/colcon', 'build']
[3.077s] DEBUG:colcon:Parsed command line arguments: Namespace(allow_overriding=[], ament_cmake_args=None, base_paths=['.'], build_base='build', catkin_cmake_args=None, catkin_skip_building_tests=False, cmake_args=None, cmake_clean_cache=False, cmake_clean_first=False, cmake_force_configure=False, cmake_target=None, cmake_target_skip_unavailable=False, continue_on_error=False, event_handlers=None, executor='parallel', ignore_user_meta=False, install_base='install', log_base=None, log_level=None, main=<bound method BuildVerb.main of <colcon_core.verb.build.BuildVerb object at 0x7f48484df4f0>>, merge_install=False, metas=['./colcon.meta'], packages_above=None, packages_above_and_dependencies=None, packages_above_depth=None, packages_end=None, packages_ignore=None, packages_ignore_regex=None, packages_select=None, packages_select_build_failed=False, packages_select_by_dep=None, packages_select_regex=None, packages_select_test_failures=False, packages_skip=None, packages_skip_build_finished=False, packages_skip_by_dep=None, packages_skip_regex=None, packages_skip_test_passed=False, packages_skip_up_to=None, packages_start=None, packages_up_to=None, packages_up_to_regex=None, parallel_workers=8, paths=None, symlink_install=False, test_result_base=None, verb_extension=<colcon_core.verb.build.BuildVerb object at 0x7f48484df4f0>, verb_name='build', verb_parser=<colcon_defaults.argument_parser.defaults.DefaultArgumentsDecorator object at 0x7f48484dfa00>)
[3.563s] Level 1:colcon.colcon_core.package_discovery:discover_packages(colcon_meta) check parameters
[3.563s] Level 1:colcon.colcon_core.package_discovery:discover_packages(recursive) check parameters
[3.563s] Level 1:colcon.colcon_core.package_discovery:discover_packages(ignore) check parameters
[3.563s] Level 1:colcon.colcon_core.package_discovery:discover_packages(path) check parameters
[3.564s] Level 1:colcon.colcon_core.package_discovery:discover_packages(colcon_meta) discover
[3.564s] Level 1:colcon.colcon_core.package_discovery:discover_packages(recursive) discover
[3.564s] INFO:colcon.colcon_core.package_discovery:Crawling recursively for packages in '/home/daniel/dev_ws'
[3.564s] Level 1:colcon.colcon_core.package_identification:_identify(.) by extensions ['ignore', 'ignore_ament_install']
[3.564s] Level 1:colcon.colcon_core.package_identification:_identify(.) by extension 'ignore'
[3.564s] Level 1:colcon.colcon_core.package_identification:_identify(.) by extension 'ignore_ament_install'
[3.564s] Level 1:colcon.colcon_core.package_identification:_identify(.) by extensions ['colcon_pkg']
[3.564s] Level 1:colcon.colcon_core.package_identification:_identify(.) by extension 'colcon_pkg'
[3.564s] Level 1:colcon.colcon_core.package_identification:_identify(.) by extensions ['colcon_meta']
[3.564s] Level 1:colcon.colcon_core.package_identification:_identify(.) by extension 'colcon_meta'
[3.564s] Level 1:colcon.colcon_core.package_identification:_identify(.) by extensions ['ros']
[3.564s] Level 1:colcon.colcon_core.package_identification:_identify(.) by extension 'ros'
[3.618s] Level 1:colcon.colcon_core.package_identification:_identify(.) by extensions ['cmake', 'python']
[3.618s] Level 1:colcon.colcon_core.package_identification:_identify(.) by extension 'cmake'
[3.618s] Level 1:colcon.colcon_core.package_identification:_identify(.) by extension 'python'
[3.618s] Level 1:colcon.colcon_core.package_identification:_identify(.) by extensions ['python_setup_py']
[3.618s] Level 1:colcon.colcon_core.package_identification:_identify(.) by extension 'python_setup_py'
[3.618s] Level 1:colcon.colcon_core.package_identification:_identify(build) by extensions ['ignore', 'ignore_ament_install']
[3.619s] Level 1:colcon.colcon_core.package_identification:_identify(build) by extension 'ignore'
[3.619s] Level 1:colcon.colcon_core.package_identification:_identify(build) ignored
[3.619s] Level 1:colcon.colcon_core.package_identification:_identify(install) by extensions ['ignore', 'ignore_ament_install']
[3.619s] Level 1:colcon.colcon_core.package_identification:_identify(install) by extension 'ignore'
[3.619s] Level 1:colcon.colcon_core.package_identification:_identify(install) ignored
[3.619s] Level 1:colcon.colcon_core.package_identification:_identify(log) by extensions ['ignore', 'ignore_ament_install']
[3.619s] Level 1:colcon.colcon_core.package_identification:_identify(log) by extension 'ignore'
[3.619s] Level 1:colcon.colcon_core.package_identification:_identify(log) ignored
[3.619s] Level 1:colcon.colcon_core.package_identification:_identify(src) by extensions ['ignore', 'ignore_ament_install']
[3.619s] Level 1:colcon.colcon_core.package_identification:_identify(src) by extension 'ignore'
[3.619s] Level 1:colcon.colcon_core.package_identification:_identify(src) by extension 'ignore_ament_install'
[3.620s] Level 1:colcon.colcon_core.package_identification:_identify(src) by extensions ['colcon_pkg']
[3.620s] Level 1:colcon.colcon_core.package_identification:_identify(src) by extension 'colcon_pkg'
[3.620s] Level 1:colcon.colcon_core.package_identification:_identify(src) by extensions ['colcon_meta']
[3.620s] Level 1:colcon.colcon_core.package_identification:_identify(src) by extension 'colcon_meta'
[3.620s] Level 1:colcon.colcon_core.package_identification:_identify(src) by extensions ['ros']
[3.620s] Level 1:colcon.colcon_core.package_identification:_identify(src) by extension 'ros'
[3.620s] Level 1:colcon.colcon_core.package_identification:_identify(src) by extensions ['cmake', 'python']
[3.620s] Level 1:colcon.colcon_core.package_identification:_identify(src) by extension 'cmake'
[3.620s] Level 1:colcon.colcon_core.package_identification:_identify(src) by extension 'python'
[3.620s] Level 1:colcon.colcon_core.package_identification:_identify(src) by extensions ['python_setup_py']
[3.620s] Level 1:colcon.colcon_core.package_identification:_identify(src) by extension 'python_setup_py'
[3.620s] Level 1:colcon.colcon_core.package_identification:_identify(src/articubot_one) by extensions ['ignore', 'ignore_ament_install']
[3.620s] Level 1:colcon.colcon_core.package_identification:_identify(src/articubot_one) by extension 'ignore'
[3.620s] Level 1:colcon.colcon_core.package_identification:_identify(src/articubot_one) by extension 'ignore_ament_install'
[3.620s] Level 1:colcon.colcon_core.package_identification:_identify(src/articubot_one) by extensions ['colcon_pkg']
[3.620s] Level 1:colcon.colcon_core.package_identification:_identify(src/articubot_one) by extension 'colcon_pkg'
[3.620s] Level 1:colcon.colcon_core.package_identification:_identify(src/articubot_one) by extensions ['colcon_meta']
[3.620s] Level 1:colcon.colcon_core.package_identification:_identify(src/articubot_one) by extension 'colcon_meta'
[3.621s] Level 1:colcon.colcon_core.package_identification:_identify(src/articubot_one) by extensions ['ros']
[3.621s] Level 1:colcon.colcon_core.package_identification:_identify(src/articubot_one) by extension 'ros'
[3.640s] DEBUG:colcon.colcon_core.package_identification:Package 'src/articubot_one' with type 'ros.ament_cmake' and name 'articubot_one'
[3.640s] Level 1:colcon.colcon_core.package_identification:_identify(src/robot_description) by extensions ['ignore', 'ignore_ament_install']
[3.640s] Level 1:colcon.colcon_core.package_identification:_identify(src/robot_description) by extension 'ignore'
[3.640s] Level 1:colcon.colcon_core.package_identification:_identify(src/robot_description) by extension 'ignore_ament_install'
[3.640s] Level 1:colcon.colcon_core.package_identification:_identify(src/robot_description) by extensions ['colcon_pkg']
[3.640s] Level 1:colcon.colcon_core.package_identification:_identify(src/robot_description) by extension 'colcon_pkg'
[3.640s] Level 1:colcon.colcon_core.package_identification:_identify(src/robot_description) by extensions ['colcon_meta']
[3.640s] Level 1:colcon.colcon_core.package_identification:_identify(src/robot_description) by extension 'colcon_meta'
[3.640s] Level 1:colcon.colcon_core.package_identification:_identify(src/robot_description) by extensions ['ros']
[3.640s] Level 1:colcon.colcon_core.package_identification:_identify(src/robot_description) by extension 'ros'
[3.646s] DEBUG:colcon.colcon_core.package_identification:Package 'src/robot_description' with type 'ros.ament_python' and name 'robot_description'
[3.647s] Level 1:colcon.colcon_core.package_discovery:discover_packages(recursive) using defaults
[3.647s] Level 1:colcon.colcon_core.package_discovery:discover_packages(ignore) discover
[3.647s] Level 1:colcon.colcon_core.package_discovery:discover_packages(ignore) using defaults
[3.647s] Level 1:colcon.colcon_core.package_discovery:discover_packages(path) discover
[3.647s] Level 1:colcon.colcon_core.package_discovery:discover_packages(path) using defaults
[4.013s] Level 1:colcon.colcon_core.package_discovery:discover_packages(prefix_path) check parameters
[4.013s] Level 1:colcon.colcon_core.package_discovery:discover_packages(prefix_path) discover
[4.105s] DEBUG:colcon.colcon_installed_package_information.package_discovery:Found 2 installed packages in /home/daniel/dev_ws/install
[4.153s] DEBUG:colcon.colcon_installed_package_information.package_discovery:Found 289 installed packages in /opt/ros/foxy
[4.155s] Level 1:colcon.colcon_core.package_discovery:discover_packages(prefix_path) using defaults
[4.742s] Level 5:colcon.colcon_core.verb:set package 'articubot_one' build argument 'cmake_args' from command line to 'None'
[4.742s] Level 5:colcon.colcon_core.verb:set package 'articubot_one' build argument 'cmake_target' from command line to 'None'
[4.742s] Level 5:colcon.colcon_core.verb:set package 'articubot_one' build argument 'cmake_target_skip_unavailable' from command line to 'False'
[4.742s] Level 5:colcon.colcon_core.verb:set package 'articubot_one' build argument 'cmake_clean_cache' from command line to 'False'
[4.742s] Level 5:colcon.colcon_core.verb:set package 'articubot_one' build argument 'cmake_clean_first' from command line to 'False'
[4.742s] Level 5:colcon.colcon_core.verb:set package 'articubot_one' build argument 'cmake_force_configure' from command line to 'False'
[4.742s] Level 5:colcon.colcon_core.verb:set package 'articubot_one' build argument 'ament_cmake_args' from command line to 'None'
[4.742s] Level 5:colcon.colcon_core.verb:set package 'articubot_one' build argument 'catkin_cmake_args' from command line to 'None'
[4.742s] Level 5:colcon.colcon_core.verb:set package 'articubot_one' build argument 'catkin_skip_building_tests' from command line to 'False'
[4.742s] DEBUG:colcon.colcon_core.verb:Building package 'articubot_one' with the following arguments: {'ament_cmake_args': None, 'build_base': '/home/daniel/dev_ws/build/articubot_one', 'catkin_cmake_args': None, 'catkin_skip_building_tests': False, 'cmake_args': None, 'cmake_clean_cache': False, 'cmake_clean_first': False, 'cmake_force_configure': False, 'cmake_target': None, 'cmake_target_skip_unavailable': False, 'install_base': '/home/daniel/dev_ws/install/articubot_one', 'merge_install': False, 'path': '/home/daniel/dev_ws/src/articubot_one', 'symlink_install': False, 'test_result_base': None}
[4.788s] Level 5:colcon.colcon_core.verb:set package 'robot_description' build argument 'cmake_args' from command line to 'None'
[4.788s] Level 5:colcon.colcon_core.verb:set package 'robot_description' build argument 'cmake_target' from command line to 'None'
[4.788s] Level 5:colcon.colcon_core.verb:set package 'robot_description' build argument 'cmake_target_skip_unavailable' from command line to 'False'
[4.788s] Level 5:colcon.colcon_core.verb:set package 'robot_description' build argument 'cmake_clean_cache' from command line to 'False'
[4.788s] Level 5:colcon.colcon_core.verb:set package 'robot_description' build argument 'cmake_clean_first' from command line to 'False'
[4.788s] Level 5:colcon.colcon_core.verb:set package 'robot_description' build argument 'cmake_force_configure' from command line to 'False'
[4.789s] Level 5:colcon.colcon_core.verb:set package 'robot_description' build argument 'ament_cmake_args' from command line to 'None'
[4.789s] Level 5:colcon.colcon_core.verb:set package 'robot_description' build argument 'catkin_cmake_args' from command line to 'None'
[4.789s] Level 5:colcon.colcon_core.verb:set package 'robot_description' build argument 'catkin_skip_building_tests' from command line to 'False'
[4.789s] DEBUG:colcon.colcon_core.verb:Building package 'robot_description' with the following arguments: {'ament_cmake_args': None, 'build_base': '/home/daniel/dev_ws/build/robot_description', 'catkin_cmake_args': None, 'catkin_skip_building_tests': False, 'cmake_args': None, 'cmake_clean_cache': False, 'cmake_clean_first': False, 'cmake_force_configure': False, 'cmake_target': None, 'cmake_target_skip_unavailable': False, 'install_base': '/home/daniel/dev_ws/install/robot_description', 'merge_install': False, 'path': '/home/daniel/dev_ws/src/robot_description', 'symlink_install': False, 'test_result_base': None}
[4.833s] INFO:colcon.colcon_core.executor:Executing jobs using 'parallel' executor
[4.879s] DEBUG:colcon.colcon_parallel_executor.executor.parallel:run_until_complete
[4.879s] INFO:colcon.colcon_ros.task.ament_cmake.build:Building ROS package in '/home/daniel/dev_ws/src/articubot_one' with build type 'ament_cmake'
[4.879s] INFO:colcon.colcon_cmake.task.cmake.build:Building CMake package in '/home/daniel/dev_ws/src/articubot_one'
[4.978s] INFO:colcon.colcon_core.plugin_system:Skipping extension 'colcon_core.shell.bat': Not used on non-Windows systems
[4.980s] INFO:colcon.colcon_core.shell:Skip shell extension 'powershell' for command environment: Not usable outside of PowerShell
[4.980s] DEBUG:colcon.colcon_core.shell:Skip shell extension 'dsv' for command environment
[5.141s] INFO:colcon.colcon_ros.task.ament_python.build:Building ROS package in '/home/daniel/dev_ws/src/robot_description' with build type 'ament_python'
[5.141s] Level 1:colcon.colcon_core.shell:create_environment_hook('robot_description', 'ament_prefix_path')
[5.191s] INFO:colcon.colcon_core.shell:Creating environment hook '/home/daniel/dev_ws/install/robot_description/share/robot_description/hook/ament_prefix_path.ps1'
[5.204s] INFO:colcon.colcon_core.shell:Creating environment descriptor '/home/daniel/dev_ws/install/robot_description/share/robot_description/hook/ament_prefix_path.dsv'
[5.205s] INFO:colcon.colcon_core.shell:Creating environment hook '/home/daniel/dev_ws/install/robot_description/share/robot_description/hook/ament_prefix_path.sh'
[5.252s] INFO:colcon.colcon_core.shell:Skip shell extension 'powershell' for command environment: Not usable outside of PowerShell
[5.252s] DEBUG:colcon.colcon_core.shell:Skip shell extension 'dsv' for command environment
[5.428s] DEBUG:colcon.colcon_core.event_handler.log_command:Invoking command in '/home/daniel/dev_ws/build/articubot_one': CMAKE_PREFIX_PATH=${CMAKE_PREFIX_PATH}:/home/daniel/dev_ws/install/robot_description:/opt/ros/foxy /usr/bin/cmake /home/daniel/dev_ws/src/articubot_one -DCMAKE_INSTALL_PREFIX=/home/daniel/dev_ws/install/articubot_one
[5.745s] INFO:colcon.colcon_core.task.python.build:Building Python package in '/home/daniel/dev_ws/src/robot_description'
[5.794s] INFO:colcon.colcon_core.shell:Skip shell extension 'powershell' for command environment: Not usable outside of PowerShell
[5.794s] DEBUG:colcon.colcon_core.shell:Skip shell extension 'dsv' for command environment
[7.126s] DEBUG:colcon.colcon_core.event_handler.log_command:Invoked command in '/home/daniel/dev_ws/build/articubot_one' returned '0': CMAKE_PREFIX_PATH=${CMAKE_PREFIX_PATH}:/home/daniel/dev_ws/install/robot_description:/opt/ros/foxy /usr/bin/cmake /home/daniel/dev_ws/src/articubot_one -DCMAKE_INSTALL_PREFIX=/home/daniel/dev_ws/install/articubot_one
[7.137s] DEBUG:colcon.colcon_core.event_handler.log_command:Invoking command in '/home/daniel/dev_ws/build/articubot_one': CMAKE_PREFIX_PATH=${CMAKE_PREFIX_PATH}:/home/daniel/dev_ws/install/robot_description:/opt/ros/foxy /usr/bin/cmake --build /home/daniel/dev_ws/build/articubot_one -- -j8 -l8
[7.280s] DEBUG:colcon.colcon_core.event_handler.log_command:Invoked command in '/home/daniel/dev_ws/build/articubot_one' returned '0': CMAKE_PREFIX_PATH=${CMAKE_PREFIX_PATH}:/home/daniel/dev_ws/install/robot_description:/opt/ros/foxy /usr/bin/cmake --build /home/daniel/dev_ws/build/articubot_one -- -j8 -l8
[7.319s] DEBUG:colcon.colcon_core.event_handler.log_command:Invoking command in '/home/daniel/dev_ws/build/articubot_one': CMAKE_PREFIX_PATH=${CMAKE_PREFIX_PATH}:/home/daniel/dev_ws/install/robot_description:/opt/ros/foxy /usr/bin/cmake --install /home/daniel/dev_ws/build/articubot_one
[7.368s] Level 1:colcon.colcon_core.environment:create_environment_scripts_only(articubot_one)
[7.369s] DEBUG:colcon.colcon_core.event_handler.log_command:Invoked command in '/home/daniel/dev_ws/build/articubot_one' returned '0': CMAKE_PREFIX_PATH=${CMAKE_PREFIX_PATH}:/home/daniel/dev_ws/install/robot_description:/opt/ros/foxy /usr/bin/cmake --install /home/daniel/dev_ws/build/articubot_one
[7.529s] Level 1:colcon.colcon_core.environment:checking '/home/daniel/dev_ws/install/articubot_one' for CMake module files
[7.531s] Level 1:colcon.colcon_core.environment:checking '/home/daniel/dev_ws/install/articubot_one' for CMake config files
[7.533s] Level 1:colcon.colcon_core.shell:create_environment_hook('articubot_one', 'cmake_prefix_path')
[7.611s] INFO:colcon.colcon_core.shell:Creating environment hook '/home/daniel/dev_ws/install/articubot_one/share/articubot_one/hook/cmake_prefix_path.ps1'
[7.611s] INFO:colcon.colcon_core.shell:Creating environment descriptor '/home/daniel/dev_ws/install/articubot_one/share/articubot_one/hook/cmake_prefix_path.dsv'
[7.612s] INFO:colcon.colcon_core.shell:Creating environment hook '/home/daniel/dev_ws/install/articubot_one/share/articubot_one/hook/cmake_prefix_path.sh'
[7.613s] Level 1:colcon.colcon_core.environment:checking '/home/daniel/dev_ws/install/articubot_one/bin'
[7.613s] Level 1:colcon.colcon_core.environment:checking '/home/daniel/dev_ws/install/articubot_one/lib/pkgconfig/articubot_one.pc'
[7.613s] Level 1:colcon.colcon_core.environment:checking '/home/daniel/dev_ws/install/articubot_one/lib/python3.8/site-packages'
[7.614s] Level 1:colcon.colcon_core.environment:checking '/home/daniel/dev_ws/install/articubot_one/bin'
[7.662s] INFO:colcon.colcon_core.shell:Creating package script '/home/daniel/dev_ws/install/articubot_one/share/articubot_one/package.ps1'
[7.679s] INFO:colcon.colcon_core.shell:Creating package descriptor '/home/daniel/dev_ws/install/articubot_one/share/articubot_one/package.dsv'
[7.697s] INFO:colcon.colcon_core.shell:Creating package script '/home/daniel/dev_ws/install/articubot_one/share/articubot_one/package.sh'
[7.699s] INFO:colcon.colcon_core.shell:Creating package script '/home/daniel/dev_ws/install/articubot_one/share/articubot_one/package.bash'
[7.721s] INFO:colcon.colcon_core.shell:Creating package script '/home/daniel/dev_ws/install/articubot_one/share/articubot_one/package.zsh'
[7.734s] Level 1:colcon.colcon_core.environment:create_file_with_runtime_dependencies(/home/daniel/dev_ws/install/articubot_one/share/colcon-core/packages/articubot_one)
[7.810s] Level 1:colcon.colcon_core.environment:create_environment_scripts_only(articubot_one)
[7.860s] Level 1:colcon.colcon_core.environment:checking '/home/daniel/dev_ws/install/articubot_one' for CMake module files
[7.861s] Level 1:colcon.colcon_core.environment:checking '/home/daniel/dev_ws/install/articubot_one' for CMake config files
[7.862s] Level 1:colcon.colcon_core.shell:create_environment_hook('articubot_one', 'cmake_prefix_path')
[7.922s] INFO:colcon.colcon_core.shell:Creating environment hook '/home/daniel/dev_ws/install/articubot_one/share/articubot_one/hook/cmake_prefix_path.ps1'
[7.923s] INFO:colcon.colcon_core.shell:Creating environment descriptor '/home/daniel/dev_ws/install/articubot_one/share/articubot_one/hook/cmake_prefix_path.dsv'
[7.924s] INFO:colcon.colcon_core.shell:Creating environment hook '/home/daniel/dev_ws/install/articubot_one/share/articubot_one/hook/cmake_prefix_path.sh'
[7.924s] Level 1:colcon.colcon_core.environment:checking '/home/daniel/dev_ws/install/articubot_one/bin'
[7.924s] Level 1:colcon.colcon_core.environment:checking '/home/daniel/dev_ws/install/articubot_one/lib/pkgconfig/articubot_one.pc'
[7.925s] Level 1:colcon.colcon_core.environment:checking '/home/daniel/dev_ws/install/articubot_one/lib/python3.8/site-packages'
[7.925s] Level 1:colcon.colcon_core.environment:checking '/home/daniel/dev_ws/install/articubot_one/bin'
[7.972s] INFO:colcon.colcon_core.shell:Creating package script '/home/daniel/dev_ws/install/articubot_one/share/articubot_one/package.ps1'
[7.973s] INFO:colcon.colcon_core.shell:Creating package descriptor '/home/daniel/dev_ws/install/articubot_one/share/articubot_one/package.dsv'
[7.974s] INFO:colcon.colcon_core.shell:Creating package script '/home/daniel/dev_ws/install/articubot_one/share/articubot_one/package.sh'
[7.974s] INFO:colcon.colcon_core.shell:Creating package script '/home/daniel/dev_ws/install/articubot_one/share/articubot_one/package.bash'
[7.975s] INFO:colcon.colcon_core.shell:Creating package script '/home/daniel/dev_ws/install/articubot_one/share/articubot_one/package.zsh'
[7.975s] Level 1:colcon.colcon_core.environment:create_file_with_runtime_dependencies(/home/daniel/dev_ws/install/articubot_one/share/colcon-core/packages/articubot_one)
[8.223s] DEBUG:colcon.colcon_core.event_handler.log_command:Invoking command in '/home/daniel/dev_ws/build/robot_description': PYTHONPATH=/home/daniel/dev_ws/build/robot_description/prefix_override:/home/daniel/dev_ws/install/robot_description/lib/python3.8/site-packages:${PYTHONPATH} /usr/bin/python3 setup.py develop --uninstall --editable --build-directory /home/daniel/dev_ws/build/robot_description/build
[8.633s] DEBUG:colcon.colcon_core.event_handler.log_command:Invoked command in '/home/daniel/dev_ws/build/robot_description' returned '0': PYTHONPATH=/home/daniel/dev_ws/build/robot_description/prefix_override:/home/daniel/dev_ws/install/robot_description/lib/python3.8/site-packages:${PYTHONPATH} /usr/bin/python3 setup.py develop --uninstall --editable --build-directory /home/daniel/dev_ws/build/robot_description/build
[8.635s] DEBUG:colcon.colcon_core.event_handler.log_command:Invoking command in '/home/daniel/dev_ws/src/robot_description': PYTHONPATH=/home/daniel/dev_ws/build/robot_description/prefix_override:/home/daniel/dev_ws/install/robot_description/lib/python3.8/site-packages:${PYTHONPATH} /usr/bin/python3 setup.py egg_info --egg-base ../../build/robot_description build --build-base /home/daniel/dev_ws/build/robot_description/build install --record /home/daniel/dev_ws/build/robot_description/install.log --install-scripts $base/lib/robot_description --single-version-externally-managed
[9.043s] DEBUG:colcon.colcon_core.event_handler.log_command:Invoked command in '/home/daniel/dev_ws/src/robot_description' returned '0': PYTHONPATH=/home/daniel/dev_ws/build/robot_description/prefix_override:/home/daniel/dev_ws/install/robot_description/lib/python3.8/site-packages:${PYTHONPATH} /usr/bin/python3 setup.py egg_info --egg-base ../../build/robot_description build --build-base /home/daniel/dev_ws/build/robot_description/build install --record /home/daniel/dev_ws/build/robot_description/install.log --install-scripts $base/lib/robot_description --single-version-externally-managed
[9.090s] Level 1:colcon.colcon_core.environment:checking '/home/daniel/dev_ws/install/robot_description' for CMake module files
[9.090s] Level 1:colcon.colcon_core.environment:checking '/home/daniel/dev_ws/install/robot_description' for CMake config files
[9.091s] Level 1:colcon.colcon_core.environment:checking '/home/daniel/dev_ws/install/robot_description/lib'
[9.091s] Level 1:colcon.colcon_core.environment:checking '/home/daniel/dev_ws/install/robot_description/bin'
[9.091s] Level 1:colcon.colcon_core.environment:checking '/home/daniel/dev_ws/install/robot_description/lib/pkgconfig/robot_description.pc'
[9.092s] Level 1:colcon.colcon_core.environment:checking '/home/daniel/dev_ws/install/robot_description/lib/python3.8/site-packages'
[9.092s] Level 1:colcon.colcon_core.shell:create_environment_hook('robot_description', 'pythonpath')
[9.138s] INFO:colcon.colcon_core.shell:Creating environment hook '/home/daniel/dev_ws/install/robot_description/share/robot_description/hook/pythonpath.ps1'
[9.139s] INFO:colcon.colcon_core.shell:Creating environment descriptor '/home/daniel/dev_ws/install/robot_description/share/robot_description/hook/pythonpath.dsv'
[9.139s] INFO:colcon.colcon_core.shell:Creating environment hook '/home/daniel/dev_ws/install/robot_description/share/robot_description/hook/pythonpath.sh'
[9.140s] Level 1:colcon.colcon_core.environment:checking '/home/daniel/dev_ws/install/robot_description/bin'
[9.140s] Level 1:colcon.colcon_core.environment:create_environment_scripts_only(robot_description)
[9.186s] INFO:colcon.colcon_core.shell:Creating package script '/home/daniel/dev_ws/install/robot_description/share/robot_description/package.ps1'
[9.186s] INFO:colcon.colcon_core.shell:Creating package descriptor '/home/daniel/dev_ws/install/robot_description/share/robot_description/package.dsv'
[9.187s] INFO:colcon.colcon_core.shell:Creating package script '/home/daniel/dev_ws/install/robot_description/share/robot_description/package.sh'
[9.187s] INFO:colcon.colcon_core.shell:Creating package script '/home/daniel/dev_ws/install/robot_description/share/robot_description/package.bash'
[9.188s] INFO:colcon.colcon_core.shell:Creating package script '/home/daniel/dev_ws/install/robot_description/share/robot_description/package.zsh'
[9.188s] Level 1:colcon.colcon_core.environment:create_file_with_runtime_dependencies(/home/daniel/dev_ws/install/robot_description/share/colcon-core/packages/robot_description)
[9.189s] DEBUG:colcon.colcon_parallel_executor.executor.parallel:closing loop
[9.189s] DEBUG:colcon.colcon_parallel_executor.executor.parallel:loop closed
[9.189s] DEBUG:colcon.colcon_parallel_executor.executor.parallel:run_until_complete finished with '0'
[9.190s] DEBUG:colcon.colcon_core.event_reactor:joining thread
[9.277s] INFO:colcon.colcon_core.plugin_system:Skipping extension 'colcon_notification.desktop_notification.terminal_notifier': Not used on non-Darwin systems
[9.277s] INFO:colcon.colcon_core.plugin_system:Skipping extension 'colcon_notification.desktop_notification.win32': Not used on non-Windows systems
[9.277s] INFO:colcon.colcon_notification.desktop_notification:Sending desktop notification using 'notify2'
[9.290s] DEBUG:colcon.colcon_core.event_reactor:joined thread
[9.345s] INFO:colcon.colcon_core.shell:Creating prefix script '/home/daniel/dev_ws/install/local_setup.ps1'
[9.355s] INFO:colcon.colcon_core.shell:Creating prefix util module '/home/daniel/dev_ws/install/_local_setup_util_ps1.py'
[9.361s] INFO:colcon.colcon_core.shell:Creating prefix chain script '/home/daniel/dev_ws/install/setup.ps1'
[9.410s] INFO:colcon.colcon_core.shell:Creating prefix script '/home/daniel/dev_ws/install/local_setup.sh'
[9.411s] INFO:colcon.colcon_core.shell:Creating prefix util module '/home/daniel/dev_ws/install/_local_setup_util_sh.py'
[9.412s] INFO:colcon.colcon_core.shell:Creating prefix chain script '/home/daniel/dev_ws/install/setup.sh'
[9.460s] INFO:colcon.colcon_core.shell:Creating prefix script '/home/daniel/dev_ws/install/local_setup.bash'
[9.461s] INFO:colcon.colcon_core.shell:Creating prefix chain script '/home/daniel/dev_ws/install/setup.bash'
[9.508s] INFO:colcon.colcon_core.shell:Creating prefix script '/home/daniel/dev_ws/install/local_setup.zsh'
[9.525s] INFO:colcon.colcon_core.shell:Creating prefix chain script '/home/daniel/dev_ws/install/setup.zsh'
