[2.647s] DEBUG:colcon:Command line arguments: ['/usr/bin/colcon', 'build']
[2.647s] DEBUG:colcon:Parsed command line arguments: Namespace(allow_overriding=[], ament_cmake_args=None, base_paths=['.'], build_base='build', catkin_cmake_args=None, catkin_skip_building_tests=False, cmake_args=None, cmake_clean_cache=False, cmake_clean_first=False, cmake_force_configure=False, cmake_target=None, cmake_target_skip_unavailable=False, continue_on_error=False, event_handlers=None, executor='parallel', ignore_user_meta=False, install_base='install', log_base=None, log_level=None, main=<bound method BuildVerb.main of <colcon_core.verb.build.BuildVerb object at 0x7f62ef7e3670>>, merge_install=False, metas=['./colcon.meta'], packages_above=None, packages_above_and_dependencies=None, packages_above_depth=None, packages_end=None, packages_ignore=None, packages_ignore_regex=None, packages_select=None, packages_select_build_failed=False, packages_select_by_dep=None, packages_select_regex=None, packages_select_test_failures=False, packages_skip=None, packages_skip_build_finished=False, packages_skip_by_dep=None, packages_skip_regex=None, packages_skip_test_passed=False, packages_skip_up_to=None, packages_start=None, packages_up_to=None, packages_up_to_regex=None, parallel_workers=8, paths=None, symlink_install=False, test_result_base=None, verb_extension=<colcon_core.verb.build.BuildVerb object at 0x7f62ef7e3670>, verb_name='build', verb_parser=<colcon_defaults.argument_parser.defaults.DefaultArgumentsDecorator object at 0x7f62ef7e3b80>)
[2.764s] Level 1:colcon.colcon_core.package_discovery:discover_packages(colcon_meta) check parameters
[2.764s] Level 1:colcon.colcon_core.package_discovery:discover_packages(recursive) check parameters
[2.764s] Level 1:colcon.colcon_core.package_discovery:discover_packages(ignore) check parameters
[2.764s] Level 1:colcon.colcon_core.package_discovery:discover_packages(path) check parameters
[2.764s] Level 1:colcon.colcon_core.package_discovery:discover_packages(colcon_meta) discover
[2.765s] Level 1:colcon.colcon_core.package_discovery:discover_packages(recursive) discover
[2.765s] INFO:colcon.colcon_core.package_discovery:Crawling recursively for packages in '/home/daniel/dev_ws'
[2.765s] Level 1:colcon.colcon_core.package_identification:_identify(.) by extensions ['ignore', 'ignore_ament_install']
[2.765s] Level 1:colcon.colcon_core.package_identification:_identify(.) by extension 'ignore'
[2.765s] Level 1:colcon.colcon_core.package_identification:_identify(.) by extension 'ignore_ament_install'
[2.765s] Level 1:colcon.colcon_core.package_identification:_identify(.) by extensions ['colcon_pkg']
[2.765s] Level 1:colcon.colcon_core.package_identification:_identify(.) by extension 'colcon_pkg'
[2.765s] Level 1:colcon.colcon_core.package_identification:_identify(.) by extensions ['colcon_meta']
[2.765s] Level 1:colcon.colcon_core.package_identification:_identify(.) by extension 'colcon_meta'
[2.765s] Level 1:colcon.colcon_core.package_identification:_identify(.) by extensions ['ros']
[2.765s] Level 1:colcon.colcon_core.package_identification:_identify(.) by extension 'ros'
[2.775s] Level 1:colcon.colcon_core.package_identification:_identify(.) by extensions ['cmake', 'python']
[2.775s] Level 1:colcon.colcon_core.package_identification:_identify(.) by extension 'cmake'
[2.775s] Level 1:colcon.colcon_core.package_identification:_identify(.) by extension 'python'
[2.775s] Level 1:colcon.colcon_core.package_identification:_identify(.) by extensions ['python_setup_py']
[2.775s] Level 1:colcon.colcon_core.package_identification:_identify(.) by extension 'python_setup_py'
[2.775s] Level 1:colcon.colcon_core.package_identification:_identify(build) by extensions ['ignore', 'ignore_ament_install']
[2.776s] Level 1:colcon.colcon_core.package_identification:_identify(build) by extension 'ignore'
[2.776s] Level 1:colcon.colcon_core.package_identification:_identify(build) ignored
[2.776s] Level 1:colcon.colcon_core.package_identification:_identify(install) by extensions ['ignore', 'ignore_ament_install']
[2.776s] Level 1:colcon.colcon_core.package_identification:_identify(install) by extension 'ignore'
[2.776s] Level 1:colcon.colcon_core.package_identification:_identify(install) ignored
[2.776s] Level 1:colcon.colcon_core.package_identification:_identify(log) by extensions ['ignore', 'ignore_ament_install']
[2.776s] Level 1:colcon.colcon_core.package_identification:_identify(log) by extension 'ignore'
[2.776s] Level 1:colcon.colcon_core.package_identification:_identify(log) ignored
[2.776s] Level 1:colcon.colcon_core.package_identification:_identify(src) by extensions ['ignore', 'ignore_ament_install']
[2.776s] Level 1:colcon.colcon_core.package_identification:_identify(src) by extension 'ignore'
[2.777s] Level 1:colcon.colcon_core.package_identification:_identify(src) by extension 'ignore_ament_install'
[2.777s] Level 1:colcon.colcon_core.package_identification:_identify(src) by extensions ['colcon_pkg']
[2.777s] Level 1:colcon.colcon_core.package_identification:_identify(src) by extension 'colcon_pkg'
[2.777s] Level 1:colcon.colcon_core.package_identification:_identify(src) by extensions ['colcon_meta']
[2.777s] Level 1:colcon.colcon_core.package_identification:_identify(src) by extension 'colcon_meta'
[2.777s] Level 1:colcon.colcon_core.package_identification:_identify(src) by extensions ['ros']
[2.777s] Level 1:colcon.colcon_core.package_identification:_identify(src) by extension 'ros'
[2.777s] Level 1:colcon.colcon_core.package_identification:_identify(src) by extensions ['cmake', 'python']
[2.777s] Level 1:colcon.colcon_core.package_identification:_identify(src) by extension 'cmake'
[2.777s] Level 1:colcon.colcon_core.package_identification:_identify(src) by extension 'python'
[2.777s] Level 1:colcon.colcon_core.package_identification:_identify(src) by extensions ['python_setup_py']
[2.777s] Level 1:colcon.colcon_core.package_identification:_identify(src) by extension 'python_setup_py'
[2.777s] Level 1:colcon.colcon_core.package_identification:_identify(src/articubot_one) by extensions ['ignore', 'ignore_ament_install']
[2.777s] Level 1:colcon.colcon_core.package_identification:_identify(src/articubot_one) by extension 'ignore'
[2.777s] Level 1:colcon.colcon_core.package_identification:_identify(src/articubot_one) by extension 'ignore_ament_install'
[2.777s] Level 1:colcon.colcon_core.package_identification:_identify(src/articubot_one) by extensions ['colcon_pkg']
[2.777s] Level 1:colcon.colcon_core.package_identification:_identify(src/articubot_one) by extension 'colcon_pkg'
[2.777s] Level 1:colcon.colcon_core.package_identification:_identify(src/articubot_one) by extensions ['colcon_meta']
[2.778s] Level 1:colcon.colcon_core.package_identification:_identify(src/articubot_one) by extension 'colcon_meta'
[2.778s] Level 1:colcon.colcon_core.package_identification:_identify(src/articubot_one) by extensions ['ros']
[2.778s] Level 1:colcon.colcon_core.package_identification:_identify(src/articubot_one) by extension 'ros'
[2.780s] DEBUG:colcon.colcon_core.package_identification:Package 'src/articubot_one' with type 'ros.ament_cmake' and name 'articubot_one'
[2.780s] Level 1:colcon.colcon_core.package_identification:_identify(src/robot_description) by extensions ['ignore', 'ignore_ament_install']
[2.780s] Level 1:colcon.colcon_core.package_identification:_identify(src/robot_description) by extension 'ignore'
[2.780s] Level 1:colcon.colcon_core.package_identification:_identify(src/robot_description) by extension 'ignore_ament_install'
[2.780s] Level 1:colcon.colcon_core.package_identification:_identify(src/robot_description) by extensions ['colcon_pkg']
[2.780s] Level 1:colcon.colcon_core.package_identification:_identify(src/robot_description) by extension 'colcon_pkg'
[2.780s] Level 1:colcon.colcon_core.package_identification:_identify(src/robot_description) by extensions ['colcon_meta']
[2.780s] Level 1:colcon.colcon_core.package_identification:_identify(src/robot_description) by extension 'colcon_meta'
[2.780s] Level 1:colcon.colcon_core.package_identification:_identify(src/robot_description) by extensions ['ros']
[2.780s] Level 1:colcon.colcon_core.package_identification:_identify(src/robot_description) by extension 'ros'
[2.781s] DEBUG:colcon.colcon_core.package_identification:Package 'src/robot_description' with type 'ros.ament_python' and name 'robot_description'
[2.781s] Level 1:colcon.colcon_core.package_discovery:discover_packages(recursive) using defaults
[2.781s] Level 1:colcon.colcon_core.package_discovery:discover_packages(ignore) discover
[2.781s] Level 1:colcon.colcon_core.package_discovery:discover_packages(ignore) using defaults
[2.781s] Level 1:colcon.colcon_core.package_discovery:discover_packages(path) discover
[2.781s] Level 1:colcon.colcon_core.package_discovery:discover_packages(path) using defaults
[3.025s] Level 1:colcon.colcon_core.package_discovery:discover_packages(prefix_path) check parameters
[3.025s] Level 1:colcon.colcon_core.package_discovery:discover_packages(prefix_path) discover
[3.118s] DEBUG:colcon.colcon_installed_package_information.package_discovery:Found 2 installed packages in /home/daniel/dev_ws/install
[3.166s] DEBUG:colcon.colcon_installed_package_information.package_discovery:Found 289 installed packages in /opt/ros/foxy
[3.167s] Level 1:colcon.colcon_core.package_discovery:discover_packages(prefix_path) using defaults
[3.354s] Level 5:colcon.colcon_core.verb:set package 'articubot_one' build argument 'cmake_args' from command line to 'None'
[3.354s] Level 5:colcon.colcon_core.verb:set package 'articubot_one' build argument 'cmake_target' from command line to 'None'
[3.354s] Level 5:colcon.colcon_core.verb:set package 'articubot_one' build argument 'cmake_target_skip_unavailable' from command line to 'False'
[3.354s] Level 5:colcon.colcon_core.verb:set package 'articubot_one' build argument 'cmake_clean_cache' from command line to 'False'
[3.354s] Level 5:colcon.colcon_core.verb:set package 'articubot_one' build argument 'cmake_clean_first' from command line to 'False'
[3.354s] Level 5:colcon.colcon_core.verb:set package 'articubot_one' build argument 'cmake_force_configure' from command line to 'False'
[3.354s] Level 5:colcon.colcon_core.verb:set package 'articubot_one' build argument 'ament_cmake_args' from command line to 'None'
[3.354s] Level 5:colcon.colcon_core.verb:set package 'articubot_one' build argument 'catkin_cmake_args' from command line to 'None'
[3.354s] Level 5:colcon.colcon_core.verb:set package 'articubot_one' build argument 'catkin_skip_building_tests' from command line to 'False'
[3.354s] DEBUG:colcon.colcon_core.verb:Building package 'articubot_one' with the following arguments: {'ament_cmake_args': None, 'build_base': '/home/daniel/dev_ws/build/articubot_one', 'catkin_cmake_args': None, 'catkin_skip_building_tests': False, 'cmake_args': None, 'cmake_clean_cache': False, 'cmake_clean_first': False, 'cmake_force_configure': False, 'cmake_target': None, 'cmake_target_skip_unavailable': False, 'install_base': '/home/daniel/dev_ws/install/articubot_one', 'merge_install': False, 'path': '/home/daniel/dev_ws/src/articubot_one', 'symlink_install': False, 'test_result_base': None}
[3.404s] Level 5:colcon.colcon_core.verb:set package 'robot_description' build argument 'cmake_args' from command line to 'None'
[3.404s] Level 5:colcon.colcon_core.verb:set package 'robot_description' build argument 'cmake_target' from command line to 'None'
[3.404s] Level 5:colcon.colcon_core.verb:set package 'robot_description' build argument 'cmake_target_skip_unavailable' from command line to 'False'
[3.404s] Level 5:colcon.colcon_core.verb:set package 'robot_description' build argument 'cmake_clean_cache' from command line to 'False'
[3.404s] Level 5:colcon.colcon_core.verb:set package 'robot_description' build argument 'cmake_clean_first' from command line to 'False'
[3.404s] Level 5:colcon.colcon_core.verb:set package 'robot_description' build argument 'cmake_force_configure' from command line to 'False'
[3.404s] Level 5:colcon.colcon_core.verb:set package 'robot_description' build argument 'ament_cmake_args' from command line to 'None'
[3.404s] Level 5:colcon.colcon_core.verb:set package 'robot_description' build argument 'catkin_cmake_args' from command line to 'None'
[3.404s] Level 5:colcon.colcon_core.verb:set package 'robot_description' build argument 'catkin_skip_building_tests' from command line to 'False'
[3.404s] DEBUG:colcon.colcon_core.verb:Building package 'robot_description' with the following arguments: {'ament_cmake_args': None, 'build_base': '/home/daniel/dev_ws/build/robot_description', 'catkin_cmake_args': None, 'catkin_skip_building_tests': False, 'cmake_args': None, 'cmake_clean_cache': False, 'cmake_clean_first': False, 'cmake_force_configure': False, 'cmake_target': None, 'cmake_target_skip_unavailable': False, 'install_base': '/home/daniel/dev_ws/install/robot_description', 'merge_install': False, 'path': '/home/daniel/dev_ws/src/robot_description', 'symlink_install': False, 'test_result_base': None}
[3.449s] INFO:colcon.colcon_core.executor:Executing jobs using 'parallel' executor
[3.497s] DEBUG:colcon.colcon_parallel_executor.executor.parallel:run_until_complete
[3.497s] INFO:colcon.colcon_ros.task.ament_cmake.build:Building ROS package in '/home/daniel/dev_ws/src/articubot_one' with build type 'ament_cmake'
[3.497s] INFO:colcon.colcon_cmake.task.cmake.build:Building CMake package in '/home/daniel/dev_ws/src/articubot_one'
[3.550s] INFO:colcon.colcon_core.plugin_system:Skipping extension 'colcon_core.shell.bat': Not used on non-Windows systems
[3.550s] INFO:colcon.colcon_core.shell:Skip shell extension 'powershell' for command environment: Not usable outside of PowerShell
[3.550s] DEBUG:colcon.colcon_core.shell:Skip shell extension 'dsv' for command environment
[3.697s] INFO:colcon.colcon_ros.task.ament_python.build:Building ROS package in '/home/daniel/dev_ws/src/robot_description' with build type 'ament_python'
[3.698s] Level 1:colcon.colcon_core.shell:create_environment_hook('robot_description', 'ament_prefix_path')
[3.749s] INFO:colcon.colcon_core.shell:Creating environment hook '/home/daniel/dev_ws/install/robot_description/share/robot_description/hook/ament_prefix_path.ps1'
[3.750s] INFO:colcon.colcon_core.shell:Creating environment descriptor '/home/daniel/dev_ws/install/robot_description/share/robot_description/hook/ament_prefix_path.dsv'
[3.751s] INFO:colcon.colcon_core.shell:Creating environment hook '/home/daniel/dev_ws/install/robot_description/share/robot_description/hook/ament_prefix_path.sh'
[3.798s] INFO:colcon.colcon_core.shell:Skip shell extension 'powershell' for command environment: Not usable outside of PowerShell
[3.798s] DEBUG:colcon.colcon_core.shell:Skip shell extension 'dsv' for command environment
[3.953s] DEBUG:colcon.colcon_core.event_handler.log_command:Invoking command in '/home/daniel/dev_ws/build/articubot_one': CMAKE_PREFIX_PATH=${CMAKE_PREFIX_PATH}:/home/daniel/dev_ws/install/robot_description:/opt/ros/foxy /usr/bin/cmake --build /home/daniel/dev_ws/build/articubot_one -- -j8 -l8
[4.188s] INFO:colcon.colcon_core.task.python.build:Building Python package in '/home/daniel/dev_ws/src/robot_description'
[4.237s] INFO:colcon.colcon_core.shell:Skip shell extension 'powershell' for command environment: Not usable outside of PowerShell
[4.237s] DEBUG:colcon.colcon_core.shell:Skip shell extension 'dsv' for command environment
[4.384s] DEBUG:colcon.colcon_core.event_handler.log_command:Invoked command in '/home/daniel/dev_ws/build/articubot_one' returned '0': CMAKE_PREFIX_PATH=${CMAKE_PREFIX_PATH}:/home/daniel/dev_ws/install/robot_description:/opt/ros/foxy /usr/bin/cmake --build /home/daniel/dev_ws/build/articubot_one -- -j8 -l8
[4.421s] DEBUG:colcon.colcon_core.event_handler.log_command:Invoking command in '/home/daniel/dev_ws/build/articubot_one': CMAKE_PREFIX_PATH=${CMAKE_PREFIX_PATH}:/home/daniel/dev_ws/install/robot_description:/opt/ros/foxy /usr/bin/cmake --install /home/daniel/dev_ws/build/articubot_one
[4.448s] Level 1:colcon.colcon_core.environment:create_environment_scripts_only(articubot_one)
[4.449s] DEBUG:colcon.colcon_core.event_handler.log_command:Invoked command in '/home/daniel/dev_ws/build/articubot_one' returned '0': CMAKE_PREFIX_PATH=${CMAKE_PREFIX_PATH}:/home/daniel/dev_ws/install/robot_description:/opt/ros/foxy /usr/bin/cmake --install /home/daniel/dev_ws/build/articubot_one
[4.501s] Level 1:colcon.colcon_core.environment:checking '/home/daniel/dev_ws/install/articubot_one' for CMake module files
[4.502s] Level 1:colcon.colcon_core.environment:checking '/home/daniel/dev_ws/install/articubot_one' for CMake config files
[4.503s] Level 1:colcon.colcon_core.shell:create_environment_hook('articubot_one', 'cmake_prefix_path')
[4.552s] INFO:colcon.colcon_core.shell:Creating environment hook '/home/daniel/dev_ws/install/articubot_one/share/articubot_one/hook/cmake_prefix_path.ps1'
[4.553s] INFO:colcon.colcon_core.shell:Creating environment descriptor '/home/daniel/dev_ws/install/articubot_one/share/articubot_one/hook/cmake_prefix_path.dsv'
[4.553s] INFO:colcon.colcon_core.shell:Creating environment hook '/home/daniel/dev_ws/install/articubot_one/share/articubot_one/hook/cmake_prefix_path.sh'
[4.554s] Level 1:colcon.colcon_core.environment:checking '/home/daniel/dev_ws/install/articubot_one/bin'
[4.554s] Level 1:colcon.colcon_core.environment:checking '/home/daniel/dev_ws/install/articubot_one/lib/pkgconfig/articubot_one.pc'
[4.554s] Level 1:colcon.colcon_core.environment:checking '/home/daniel/dev_ws/install/articubot_one/lib/python3.8/site-packages'
[4.555s] Level 1:colcon.colcon_core.environment:checking '/home/daniel/dev_ws/install/articubot_one/bin'
[4.604s] INFO:colcon.colcon_core.shell:Creating package script '/home/daniel/dev_ws/install/articubot_one/share/articubot_one/package.ps1'
[4.605s] INFO:colcon.colcon_core.shell:Creating package descriptor '/home/daniel/dev_ws/install/articubot_one/share/articubot_one/package.dsv'
[4.606s] INFO:colcon.colcon_core.shell:Creating package script '/home/daniel/dev_ws/install/articubot_one/share/articubot_one/package.sh'
[4.606s] INFO:colcon.colcon_core.shell:Creating package script '/home/daniel/dev_ws/install/articubot_one/share/articubot_one/package.bash'
[4.607s] INFO:colcon.colcon_core.shell:Creating package script '/home/daniel/dev_ws/install/articubot_one/share/articubot_one/package.zsh'
[4.608s] Level 1:colcon.colcon_core.environment:create_file_with_runtime_dependencies(/home/daniel/dev_ws/install/articubot_one/share/colcon-core/packages/articubot_one)
[4.681s] Level 1:colcon.colcon_core.environment:create_environment_scripts_only(articubot_one)
[4.732s] Level 1:colcon.colcon_core.environment:checking '/home/daniel/dev_ws/install/articubot_one' for CMake module files
[4.732s] Level 1:colcon.colcon_core.environment:checking '/home/daniel/dev_ws/install/articubot_one' for CMake config files
[4.733s] Level 1:colcon.colcon_core.shell:create_environment_hook('articubot_one', 'cmake_prefix_path')
[4.798s] INFO:colcon.colcon_core.shell:Creating environment hook '/home/daniel/dev_ws/install/articubot_one/share/articubot_one/hook/cmake_prefix_path.ps1'
[4.799s] INFO:colcon.colcon_core.shell:Creating environment descriptor '/home/daniel/dev_ws/install/articubot_one/share/articubot_one/hook/cmake_prefix_path.dsv'
[4.799s] INFO:colcon.colcon_core.shell:Creating environment hook '/home/daniel/dev_ws/install/articubot_one/share/articubot_one/hook/cmake_prefix_path.sh'
[4.800s] Level 1:colcon.colcon_core.environment:checking '/home/daniel/dev_ws/install/articubot_one/bin'
[4.800s] Level 1:colcon.colcon_core.environment:checking '/home/daniel/dev_ws/install/articubot_one/lib/pkgconfig/articubot_one.pc'
[4.800s] Level 1:colcon.colcon_core.environment:checking '/home/daniel/dev_ws/install/articubot_one/lib/python3.8/site-packages'
[4.800s] Level 1:colcon.colcon_core.environment:checking '/home/daniel/dev_ws/install/articubot_one/bin'
[4.851s] INFO:colcon.colcon_core.shell:Creating package script '/home/daniel/dev_ws/install/articubot_one/share/articubot_one/package.ps1'
[4.851s] INFO:colcon.colcon_core.shell:Creating package descriptor '/home/daniel/dev_ws/install/articubot_one/share/articubot_one/package.dsv'
[4.852s] INFO:colcon.colcon_core.shell:Creating package script '/home/daniel/dev_ws/install/articubot_one/share/articubot_one/package.sh'
[4.852s] INFO:colcon.colcon_core.shell:Creating package script '/home/daniel/dev_ws/install/articubot_one/share/articubot_one/package.bash'
[4.852s] INFO:colcon.colcon_core.shell:Creating package script '/home/daniel/dev_ws/install/articubot_one/share/articubot_one/package.zsh'
[4.853s] Level 1:colcon.colcon_core.environment:create_file_with_runtime_dependencies(/home/daniel/dev_ws/install/articubot_one/share/colcon-core/packages/articubot_one)
[4.858s] DEBUG:colcon.colcon_core.event_handler.log_command:Invoking command in '/home/daniel/dev_ws/src/robot_description': PYTHONPATH=/home/daniel/dev_ws/build/robot_description/prefix_override:/home/daniel/dev_ws/install/robot_description/lib/python3.8/site-packages:${PYTHONPATH} /usr/bin/python3 setup.py egg_info --egg-base ../../build/robot_description build --build-base /home/daniel/dev_ws/build/robot_description/build install --record /home/daniel/dev_ws/build/robot_description/install.log --install-scripts $base/lib/robot_description --single-version-externally-managed
[5.142s] DEBUG:colcon.colcon_core.event_handler.log_command:Invoked command in '/home/daniel/dev_ws/src/robot_description' returned '0': PYTHONPATH=/home/daniel/dev_ws/build/robot_description/prefix_override:/home/daniel/dev_ws/install/robot_description/lib/python3.8/site-packages:${PYTHONPATH} /usr/bin/python3 setup.py egg_info --egg-base ../../build/robot_description build --build-base /home/daniel/dev_ws/build/robot_description/build install --record /home/daniel/dev_ws/build/robot_description/install.log --install-scripts $base/lib/robot_description --single-version-externally-managed
[5.189s] Level 1:colcon.colcon_core.environment:checking '/home/daniel/dev_ws/install/robot_description' for CMake module files
[5.190s] Level 1:colcon.colcon_core.environment:checking '/home/daniel/dev_ws/install/robot_description' for CMake config files
[5.190s] Level 1:colcon.colcon_core.environment:checking '/home/daniel/dev_ws/install/robot_description/lib'
[5.191s] Level 1:colcon.colcon_core.environment:checking '/home/daniel/dev_ws/install/robot_description/bin'
[5.191s] Level 1:colcon.colcon_core.environment:checking '/home/daniel/dev_ws/install/robot_description/lib/pkgconfig/robot_description.pc'
[5.191s] Level 1:colcon.colcon_core.environment:checking '/home/daniel/dev_ws/install/robot_description/lib/python3.8/site-packages'
[5.191s] Level 1:colcon.colcon_core.shell:create_environment_hook('robot_description', 'pythonpath')
[5.238s] INFO:colcon.colcon_core.shell:Creating environment hook '/home/daniel/dev_ws/install/robot_description/share/robot_description/hook/pythonpath.ps1'
[5.239s] INFO:colcon.colcon_core.shell:Creating environment descriptor '/home/daniel/dev_ws/install/robot_description/share/robot_description/hook/pythonpath.dsv'
[5.239s] INFO:colcon.colcon_core.shell:Creating environment hook '/home/daniel/dev_ws/install/robot_description/share/robot_description/hook/pythonpath.sh'
[5.240s] Level 1:colcon.colcon_core.environment:checking '/home/daniel/dev_ws/install/robot_description/bin'
[5.240s] Level 1:colcon.colcon_core.environment:create_environment_scripts_only(robot_description)
[5.286s] INFO:colcon.colcon_core.shell:Creating package script '/home/daniel/dev_ws/install/robot_description/share/robot_description/package.ps1'
[5.287s] INFO:colcon.colcon_core.shell:Creating package descriptor '/home/daniel/dev_ws/install/robot_description/share/robot_description/package.dsv'
[5.287s] INFO:colcon.colcon_core.shell:Creating package script '/home/daniel/dev_ws/install/robot_description/share/robot_description/package.sh'
[5.288s] INFO:colcon.colcon_core.shell:Creating package script '/home/daniel/dev_ws/install/robot_description/share/robot_description/package.bash'
[5.289s] INFO:colcon.colcon_core.shell:Creating package script '/home/daniel/dev_ws/install/robot_description/share/robot_description/package.zsh'
[5.289s] Level 1:colcon.colcon_core.environment:create_file_with_runtime_dependencies(/home/daniel/dev_ws/install/robot_description/share/colcon-core/packages/robot_description)
[5.290s] DEBUG:colcon.colcon_parallel_executor.executor.parallel:closing loop
[5.290s] DEBUG:colcon.colcon_parallel_executor.executor.parallel:loop closed
[5.290s] DEBUG:colcon.colcon_parallel_executor.executor.parallel:run_until_complete finished with '0'
[5.290s] DEBUG:colcon.colcon_core.event_reactor:joining thread
[5.346s] INFO:colcon.colcon_core.plugin_system:Skipping extension 'colcon_notification.desktop_notification.terminal_notifier': Not used on non-Darwin systems
[5.346s] INFO:colcon.colcon_core.plugin_system:Skipping extension 'colcon_notification.desktop_notification.win32': Not used on non-Windows systems
[5.346s] INFO:colcon.colcon_notification.desktop_notification:Sending desktop notification using 'notify2'
[5.359s] DEBUG:colcon.colcon_core.event_reactor:joined thread
[5.412s] INFO:colcon.colcon_core.shell:Creating prefix script '/home/daniel/dev_ws/install/local_setup.ps1'
[5.413s] INFO:colcon.colcon_core.shell:Creating prefix util module '/home/daniel/dev_ws/install/_local_setup_util_ps1.py'
[5.414s] INFO:colcon.colcon_core.shell:Creating prefix chain script '/home/daniel/dev_ws/install/setup.ps1'
[5.467s] INFO:colcon.colcon_core.shell:Creating prefix script '/home/daniel/dev_ws/install/local_setup.sh'
[5.467s] INFO:colcon.colcon_core.shell:Creating prefix util module '/home/daniel/dev_ws/install/_local_setup_util_sh.py'
[5.468s] INFO:colcon.colcon_core.shell:Creating prefix chain script '/home/daniel/dev_ws/install/setup.sh'
[5.519s] INFO:colcon.colcon_core.shell:Creating prefix script '/home/daniel/dev_ws/install/local_setup.bash'
[5.520s] INFO:colcon.colcon_core.shell:Creating prefix chain script '/home/daniel/dev_ws/install/setup.bash'
[5.570s] INFO:colcon.colcon_core.shell:Creating prefix script '/home/daniel/dev_ws/install/local_setup.zsh'
[5.571s] INFO:colcon.colcon_core.shell:Creating prefix chain script '/home/daniel/dev_ws/install/setup.zsh'
