[2.873s] DEBUG:colcon:Command line arguments: ['/usr/bin/colcon', 'build', '--packages-up-to', 'doosan_description', '--symlink-install']
[2.873s] DEBUG:colcon:Parsed command line arguments: Namespace(allow_overriding=[], ament_cmake_args=None, base_paths=['.'], build_base='build', catkin_cmake_args=None, catkin_skip_building_tests=False, cmake_args=None, cmake_clean_cache=False, cmake_clean_first=False, cmake_force_configure=False, cmake_target=None, cmake_target_skip_unavailable=False, continue_on_error=False, event_handlers=None, executor='parallel', ignore_user_meta=False, install_base='install', log_base=None, log_level=None, main=<bound method BuildVerb.main of <colcon_core.verb.build.BuildVerb object at 0x7f27da407070>>, merge_install=False, metas=['./colcon.meta'], packages_above=None, packages_above_and_dependencies=None, packages_above_depth=None, packages_end=None, packages_ignore=None, packages_ignore_regex=None, packages_select=None, packages_select_build_failed=False, packages_select_by_dep=None, packages_select_regex=None, packages_select_test_failures=False, packages_skip=None, packages_skip_build_finished=False, packages_skip_by_dep=None, packages_skip_regex=None, packages_skip_test_passed=False, packages_skip_up_to=None, packages_start=None, packages_up_to=['doosan_description'], packages_up_to_regex=None, parallel_workers=8, paths=None, symlink_install=True, test_result_base=None, verb_extension=<colcon_core.verb.build.BuildVerb object at 0x7f27da407070>, verb_name='build', verb_parser=<colcon_defaults.argument_parser.defaults.DefaultArgumentsDecorator object at 0x7f27da4075b0>)
[2.997s] Level 1:colcon.colcon_core.package_discovery:discover_packages(colcon_meta) check parameters
[2.997s] Level 1:colcon.colcon_core.package_discovery:discover_packages(recursive) check parameters
[2.997s] Level 1:colcon.colcon_core.package_discovery:discover_packages(ignore) check parameters
[2.997s] Level 1:colcon.colcon_core.package_discovery:discover_packages(path) check parameters
[2.998s] Level 1:colcon.colcon_core.package_discovery:discover_packages(colcon_meta) discover
[2.998s] Level 1:colcon.colcon_core.package_discovery:discover_packages(recursive) discover
[2.998s] INFO:colcon.colcon_core.package_discovery:Crawling recursively for packages in '/home/daniel/dev_ws'
[2.998s] Level 1:colcon.colcon_core.package_identification:_identify(.) by extensions ['ignore', 'ignore_ament_install']
[2.998s] Level 1:colcon.colcon_core.package_identification:_identify(.) by extension 'ignore'
[2.998s] Level 1:colcon.colcon_core.package_identification:_identify(.) by extension 'ignore_ament_install'
[2.998s] Level 1:colcon.colcon_core.package_identification:_identify(.) by extensions ['colcon_pkg']
[2.998s] Level 1:colcon.colcon_core.package_identification:_identify(.) by extension 'colcon_pkg'
[2.998s] Level 1:colcon.colcon_core.package_identification:_identify(.) by extensions ['colcon_meta']
[2.998s] Level 1:colcon.colcon_core.package_identification:_identify(.) by extension 'colcon_meta'
[2.998s] Level 1:colcon.colcon_core.package_identification:_identify(.) by extensions ['ros']
[2.998s] Level 1:colcon.colcon_core.package_identification:_identify(.) by extension 'ros'
[3.008s] Level 1:colcon.colcon_core.package_identification:_identify(.) by extensions ['cmake', 'python']
[3.009s] Level 1:colcon.colcon_core.package_identification:_identify(.) by extension 'cmake'
[3.009s] Level 1:colcon.colcon_core.package_identification:_identify(.) by extension 'python'
[3.009s] Level 1:colcon.colcon_core.package_identification:_identify(.) by extensions ['python_setup_py']
[3.009s] Level 1:colcon.colcon_core.package_identification:_identify(.) by extension 'python_setup_py'
[3.009s] Level 1:colcon.colcon_core.package_identification:_identify(build) by extensions ['ignore', 'ignore_ament_install']
[3.009s] Level 1:colcon.colcon_core.package_identification:_identify(build) by extension 'ignore'
[3.009s] Level 1:colcon.colcon_core.package_identification:_identify(build) ignored
[3.009s] Level 1:colcon.colcon_core.package_identification:_identify(install) by extensions ['ignore', 'ignore_ament_install']
[3.010s] Level 1:colcon.colcon_core.package_identification:_identify(install) by extension 'ignore'
[3.010s] Level 1:colcon.colcon_core.package_identification:_identify(install) ignored
[3.010s] Level 1:colcon.colcon_core.package_identification:_identify(log) by extensions ['ignore', 'ignore_ament_install']
[3.010s] Level 1:colcon.colcon_core.package_identification:_identify(log) by extension 'ignore'
[3.010s] Level 1:colcon.colcon_core.package_identification:_identify(log) ignored
[3.010s] Level 1:colcon.colcon_core.package_identification:_identify(src) by extensions ['ignore', 'ignore_ament_install']
[3.010s] Level 1:colcon.colcon_core.package_identification:_identify(src) by extension 'ignore'
[3.010s] Level 1:colcon.colcon_core.package_identification:_identify(src) by extension 'ignore_ament_install'
[3.010s] Level 1:colcon.colcon_core.package_identification:_identify(src) by extensions ['colcon_pkg']
[3.010s] Level 1:colcon.colcon_core.package_identification:_identify(src) by extension 'colcon_pkg'
[3.010s] Level 1:colcon.colcon_core.package_identification:_identify(src) by extensions ['colcon_meta']
[3.011s] Level 1:colcon.colcon_core.package_identification:_identify(src) by extension 'colcon_meta'
[3.011s] Level 1:colcon.colcon_core.package_identification:_identify(src) by extensions ['ros']
[3.011s] Level 1:colcon.colcon_core.package_identification:_identify(src) by extension 'ros'
[3.011s] Level 1:colcon.colcon_core.package_identification:_identify(src) by extensions ['cmake', 'python']
[3.011s] Level 1:colcon.colcon_core.package_identification:_identify(src) by extension 'cmake'
[3.011s] Level 1:colcon.colcon_core.package_identification:_identify(src) by extension 'python'
[3.011s] Level 1:colcon.colcon_core.package_identification:_identify(src) by extensions ['python_setup_py']
[3.011s] Level 1:colcon.colcon_core.package_identification:_identify(src) by extension 'python_setup_py'
[3.011s] Level 1:colcon.colcon_core.package_identification:_identify(src/bulldog_description) by extensions ['ignore', 'ignore_ament_install']
[3.011s] Level 1:colcon.colcon_core.package_identification:_identify(src/bulldog_description) by extension 'ignore'
[3.011s] Level 1:colcon.colcon_core.package_identification:_identify(src/bulldog_description) by extension 'ignore_ament_install'
[3.011s] Level 1:colcon.colcon_core.package_identification:_identify(src/bulldog_description) by extensions ['colcon_pkg']
[3.011s] Level 1:colcon.colcon_core.package_identification:_identify(src/bulldog_description) by extension 'colcon_pkg'
[3.011s] Level 1:colcon.colcon_core.package_identification:_identify(src/bulldog_description) by extensions ['colcon_meta']
[3.011s] Level 1:colcon.colcon_core.package_identification:_identify(src/bulldog_description) by extension 'colcon_meta'
[3.011s] Level 1:colcon.colcon_core.package_identification:_identify(src/bulldog_description) by extensions ['ros']
[3.011s] Level 1:colcon.colcon_core.package_identification:_identify(src/bulldog_description) by extension 'ros'
[3.014s] DEBUG:colcon.colcon_core.package_identification:Package 'src/bulldog_description' with type 'ros.ament_python' and name 'bulldog_description'
[3.015s] Level 1:colcon.colcon_core.package_identification:_identify(src/doosan_description) by extensions ['ignore', 'ignore_ament_install']
[3.015s] Level 1:colcon.colcon_core.package_identification:_identify(src/doosan_description) by extension 'ignore'
[3.015s] Level 1:colcon.colcon_core.package_identification:_identify(src/doosan_description) by extension 'ignore_ament_install'
[3.015s] Level 1:colcon.colcon_core.package_identification:_identify(src/doosan_description) by extensions ['colcon_pkg']
[3.015s] Level 1:colcon.colcon_core.package_identification:_identify(src/doosan_description) by extension 'colcon_pkg'
[3.015s] Level 1:colcon.colcon_core.package_identification:_identify(src/doosan_description) by extensions ['colcon_meta']
[3.015s] Level 1:colcon.colcon_core.package_identification:_identify(src/doosan_description) by extension 'colcon_meta'
[3.015s] Level 1:colcon.colcon_core.package_identification:_identify(src/doosan_description) by extensions ['ros']
[3.015s] Level 1:colcon.colcon_core.package_identification:_identify(src/doosan_description) by extension 'ros'
[3.016s] DEBUG:colcon.colcon_core.package_identification:Package 'src/doosan_description' with type 'ros.ament_python' and name 'doosan_description'
[3.016s] Level 1:colcon.colcon_core.package_identification:_identify(src/dsr_description2) by extensions ['ignore', 'ignore_ament_install']
[3.016s] Level 1:colcon.colcon_core.package_identification:_identify(src/dsr_description2) by extension 'ignore'
[3.016s] Level 1:colcon.colcon_core.package_identification:_identify(src/dsr_description2) by extension 'ignore_ament_install'
[3.016s] Level 1:colcon.colcon_core.package_identification:_identify(src/dsr_description2) by extensions ['colcon_pkg']
[3.016s] Level 1:colcon.colcon_core.package_identification:_identify(src/dsr_description2) by extension 'colcon_pkg'
[3.016s] Level 1:colcon.colcon_core.package_identification:_identify(src/dsr_description2) by extensions ['colcon_meta']
[3.016s] Level 1:colcon.colcon_core.package_identification:_identify(src/dsr_description2) by extension 'colcon_meta'
[3.016s] Level 1:colcon.colcon_core.package_identification:_identify(src/dsr_description2) by extensions ['ros']
[3.016s] Level 1:colcon.colcon_core.package_identification:_identify(src/dsr_description2) by extension 'ros'
[3.017s] DEBUG:colcon.colcon_core.package_identification:Package 'src/dsr_description2' with type 'ros.ament_cmake' and name 'dsr_description2'
[3.017s] Level 1:colcon.colcon_core.package_identification:_identify(src/mobile_manipulator) by extensions ['ignore', 'ignore_ament_install']
[3.017s] Level 1:colcon.colcon_core.package_identification:_identify(src/mobile_manipulator) by extension 'ignore'
[3.017s] Level 1:colcon.colcon_core.package_identification:_identify(src/mobile_manipulator) by extension 'ignore_ament_install'
[3.017s] Level 1:colcon.colcon_core.package_identification:_identify(src/mobile_manipulator) by extensions ['colcon_pkg']
[3.017s] Level 1:colcon.colcon_core.package_identification:_identify(src/mobile_manipulator) by extension 'colcon_pkg'
[3.017s] Level 1:colcon.colcon_core.package_identification:_identify(src/mobile_manipulator) by extensions ['colcon_meta']
[3.017s] Level 1:colcon.colcon_core.package_identification:_identify(src/mobile_manipulator) by extension 'colcon_meta'
[3.017s] Level 1:colcon.colcon_core.package_identification:_identify(src/mobile_manipulator) by extensions ['ros']
[3.017s] Level 1:colcon.colcon_core.package_identification:_identify(src/mobile_manipulator) by extension 'ros'
[3.018s] DEBUG:colcon.colcon_core.package_identification:Package 'src/mobile_manipulator' with type 'ros.ament_python' and name 'mobile_manipulator'
[3.018s] Level 1:colcon.colcon_core.package_identification:_identify(src/ros2_actions) by extensions ['ignore', 'ignore_ament_install']
[3.018s] Level 1:colcon.colcon_core.package_identification:_identify(src/ros2_actions) by extension 'ignore'
[3.018s] Level 1:colcon.colcon_core.package_identification:_identify(src/ros2_actions) by extension 'ignore_ament_install'
[3.018s] Level 1:colcon.colcon_core.package_identification:_identify(src/ros2_actions) by extensions ['colcon_pkg']
[3.018s] Level 1:colcon.colcon_core.package_identification:_identify(src/ros2_actions) by extension 'colcon_pkg'
[3.018s] Level 1:colcon.colcon_core.package_identification:_identify(src/ros2_actions) by extensions ['colcon_meta']
[3.018s] Level 1:colcon.colcon_core.package_identification:_identify(src/ros2_actions) by extension 'colcon_meta'
[3.019s] Level 1:colcon.colcon_core.package_identification:_identify(src/ros2_actions) by extensions ['ros']
[3.019s] Level 1:colcon.colcon_core.package_identification:_identify(src/ros2_actions) by extension 'ros'
[3.019s] DEBUG:colcon.colcon_core.package_identification:Package 'src/ros2_actions' with type 'ros.ament_cmake' and name 'ros2_actions'
[3.019s] Level 1:colcon.colcon_core.package_identification:_identify(src/ros2_data) by extensions ['ignore', 'ignore_ament_install']
[3.019s] Level 1:colcon.colcon_core.package_identification:_identify(src/ros2_data) by extension 'ignore'
[3.019s] Level 1:colcon.colcon_core.package_identification:_identify(src/ros2_data) by extension 'ignore_ament_install'
[3.020s] Level 1:colcon.colcon_core.package_identification:_identify(src/ros2_data) by extensions ['colcon_pkg']
[3.020s] Level 1:colcon.colcon_core.package_identification:_identify(src/ros2_data) by extension 'colcon_pkg'
[3.020s] Level 1:colcon.colcon_core.package_identification:_identify(src/ros2_data) by extensions ['colcon_meta']
[3.020s] Level 1:colcon.colcon_core.package_identification:_identify(src/ros2_data) by extension 'colcon_meta'
[3.020s] Level 1:colcon.colcon_core.package_identification:_identify(src/ros2_data) by extensions ['ros']
[3.020s] Level 1:colcon.colcon_core.package_identification:_identify(src/ros2_data) by extension 'ros'
[3.020s] DEBUG:colcon.colcon_core.package_identification:Package 'src/ros2_data' with type 'ros.ament_cmake' and name 'ros2_data'
[3.021s] Level 1:colcon.colcon_core.package_identification:_identify(src/ur5_ros2_gazebo) by extensions ['ignore', 'ignore_ament_install']
[3.021s] Level 1:colcon.colcon_core.package_identification:_identify(src/ur5_ros2_gazebo) by extension 'ignore'
[3.021s] Level 1:colcon.colcon_core.package_identification:_identify(src/ur5_ros2_gazebo) by extension 'ignore_ament_install'
[3.021s] Level 1:colcon.colcon_core.package_identification:_identify(src/ur5_ros2_gazebo) by extensions ['colcon_pkg']
[3.021s] Level 1:colcon.colcon_core.package_identification:_identify(src/ur5_ros2_gazebo) by extension 'colcon_pkg'
[3.021s] Level 1:colcon.colcon_core.package_identification:_identify(src/ur5_ros2_gazebo) by extensions ['colcon_meta']
[3.021s] Level 1:colcon.colcon_core.package_identification:_identify(src/ur5_ros2_gazebo) by extension 'colcon_meta'
[3.021s] Level 1:colcon.colcon_core.package_identification:_identify(src/ur5_ros2_gazebo) by extensions ['ros']
[3.021s] Level 1:colcon.colcon_core.package_identification:_identify(src/ur5_ros2_gazebo) by extension 'ros'
[3.022s] DEBUG:colcon.colcon_core.package_identification:Package 'src/ur5_ros2_gazebo' with type 'ros.ament_cmake' and name 'ur5_ros2_gazebo'
[3.022s] Level 1:colcon.colcon_core.package_identification:_identify(src/ur5_ros2_moveit2) by extensions ['ignore', 'ignore_ament_install']
[3.022s] Level 1:colcon.colcon_core.package_identification:_identify(src/ur5_ros2_moveit2) by extension 'ignore'
[3.022s] Level 1:colcon.colcon_core.package_identification:_identify(src/ur5_ros2_moveit2) by extension 'ignore_ament_install'
[3.022s] Level 1:colcon.colcon_core.package_identification:_identify(src/ur5_ros2_moveit2) by extensions ['colcon_pkg']
[3.022s] Level 1:colcon.colcon_core.package_identification:_identify(src/ur5_ros2_moveit2) by extension 'colcon_pkg'
[3.022s] Level 1:colcon.colcon_core.package_identification:_identify(src/ur5_ros2_moveit2) by extensions ['colcon_meta']
[3.022s] Level 1:colcon.colcon_core.package_identification:_identify(src/ur5_ros2_moveit2) by extension 'colcon_meta'
[3.022s] Level 1:colcon.colcon_core.package_identification:_identify(src/ur5_ros2_moveit2) by extensions ['ros']
[3.022s] Level 1:colcon.colcon_core.package_identification:_identify(src/ur5_ros2_moveit2) by extension 'ros'
[3.023s] DEBUG:colcon.colcon_core.package_identification:Package 'src/ur5_ros2_moveit2' with type 'ros.ament_cmake' and name 'ur5_ros2_moveit2'
[3.023s] Level 1:colcon.colcon_core.package_discovery:discover_packages(recursive) using defaults
[3.023s] Level 1:colcon.colcon_core.package_discovery:discover_packages(ignore) discover
[3.023s] Level 1:colcon.colcon_core.package_discovery:discover_packages(ignore) using defaults
[3.023s] Level 1:colcon.colcon_core.package_discovery:discover_packages(path) discover
[3.023s] Level 1:colcon.colcon_core.package_discovery:discover_packages(path) using defaults
[3.185s] INFO:colcon.colcon_core.package_selection:Skipping package 'ur5_ros2_moveit2' in 'src/ur5_ros2_moveit2'
[3.185s] INFO:colcon.colcon_core.package_selection:Skipping package 'ros2_actions' in 'src/ros2_actions'
[3.185s] INFO:colcon.colcon_core.package_selection:Skipping package 'ur5_ros2_gazebo' in 'src/ur5_ros2_gazebo'
[3.185s] INFO:colcon.colcon_core.package_selection:Skipping package 'ros2_data' in 'src/ros2_data'
[3.185s] INFO:colcon.colcon_core.package_selection:Skipping package 'mobile_manipulator' in 'src/mobile_manipulator'
[3.185s] INFO:colcon.colcon_core.package_selection:Skipping package 'dsr_description2' in 'src/dsr_description2'
[3.185s] INFO:colcon.colcon_core.package_selection:Skipping package 'bulldog_description' in 'src/bulldog_description'
[3.282s] Level 1:colcon.colcon_core.package_discovery:discover_packages(prefix_path) check parameters
[3.282s] Level 1:colcon.colcon_core.package_discovery:discover_packages(prefix_path) discover
[3.381s] DEBUG:colcon.colcon_installed_package_information.package_discovery:Found 10 installed packages in /home/daniel/dev_ws/install
[3.440s] DEBUG:colcon.colcon_installed_package_information.package_discovery:Found 376 installed packages in /opt/ros/foxy
[3.442s] Level 1:colcon.colcon_core.package_discovery:discover_packages(prefix_path) using defaults
[3.638s] Level 5:colcon.colcon_core.verb:set package 'doosan_description' build argument 'cmake_args' from command line to 'None'
[3.638s] Level 5:colcon.colcon_core.verb:set package 'doosan_description' build argument 'cmake_target' from command line to 'None'
[3.638s] Level 5:colcon.colcon_core.verb:set package 'doosan_description' build argument 'cmake_target_skip_unavailable' from command line to 'False'
[3.638s] Level 5:colcon.colcon_core.verb:set package 'doosan_description' build argument 'cmake_clean_cache' from command line to 'False'
[3.638s] Level 5:colcon.colcon_core.verb:set package 'doosan_description' build argument 'cmake_clean_first' from command line to 'False'
[3.638s] Level 5:colcon.colcon_core.verb:set package 'doosan_description' build argument 'cmake_force_configure' from command line to 'False'
[3.638s] Level 5:colcon.colcon_core.verb:set package 'doosan_description' build argument 'ament_cmake_args' from command line to 'None'
[3.638s] Level 5:colcon.colcon_core.verb:set package 'doosan_description' build argument 'catkin_cmake_args' from command line to 'None'
[3.638s] Level 5:colcon.colcon_core.verb:set package 'doosan_description' build argument 'catkin_skip_building_tests' from command line to 'False'
[3.638s] DEBUG:colcon.colcon_core.verb:Building package 'doosan_description' with the following arguments: {'ament_cmake_args': None, 'build_base': '/home/daniel/dev_ws/build/doosan_description', 'catkin_cmake_args': None, 'catkin_skip_building_tests': False, 'cmake_args': None, 'cmake_clean_cache': False, 'cmake_clean_first': False, 'cmake_force_configure': False, 'cmake_target': None, 'cmake_target_skip_unavailable': False, 'install_base': '/home/daniel/dev_ws/install/doosan_description', 'merge_install': False, 'path': '/home/daniel/dev_ws/src/doosan_description', 'symlink_install': True, 'test_result_base': None}
[3.686s] INFO:colcon.colcon_core.executor:Executing jobs using 'parallel' executor
[3.735s] DEBUG:colcon.colcon_parallel_executor.executor.parallel:run_until_complete
[3.735s] INFO:colcon.colcon_ros.task.ament_python.build:Building ROS package in '/home/daniel/dev_ws/src/doosan_description' with build type 'ament_python'
[3.735s] Level 1:colcon.colcon_core.shell:create_environment_hook('doosan_description', 'ament_prefix_path')
[3.788s] INFO:colcon.colcon_core.plugin_system:Skipping extension 'colcon_core.shell.bat': Not used on non-Windows systems
[3.788s] INFO:colcon.colcon_core.shell:Creating environment hook '/home/daniel/dev_ws/install/doosan_description/share/doosan_description/hook/ament_prefix_path.ps1'
[3.788s] INFO:colcon.colcon_core.shell:Creating environment descriptor '/home/daniel/dev_ws/install/doosan_description/share/doosan_description/hook/ament_prefix_path.dsv'
[3.789s] INFO:colcon.colcon_core.shell:Creating environment hook '/home/daniel/dev_ws/install/doosan_description/share/doosan_description/hook/ament_prefix_path.sh'
[3.839s] INFO:colcon.colcon_core.shell:Skip shell extension 'powershell' for command environment: Not usable outside of PowerShell
[3.839s] DEBUG:colcon.colcon_core.shell:Skip shell extension 'dsv' for command environment
[4.255s] INFO:colcon.colcon_core.task.python.build:Building Python package in '/home/daniel/dev_ws/src/doosan_description'
[4.306s] INFO:colcon.colcon_core.shell:Skip shell extension 'powershell' for command environment: Not usable outside of PowerShell
[4.306s] DEBUG:colcon.colcon_core.shell:Skip shell extension 'dsv' for command environment
[4.906s] DEBUG:colcon.colcon_core.event_handler.log_command:Invoking command in '/home/daniel/dev_ws/build/doosan_description': PYTHONPATH=/home/daniel/dev_ws/build/doosan_description/prefix_override:/home/daniel/dev_ws/install/doosan_description/lib/python3.8/site-packages:${PYTHONPATH} /usr/bin/python3 setup.py develop --editable --build-directory /home/daniel/dev_ws/build/doosan_description/build --no-deps install_data
[5.412s] Level 1:colcon.colcon_core.shell:create_environment_hook('doosan_description', 'pythonpath_develop')
[5.412s] DEBUG:colcon.colcon_core.event_handler.log_command:Invoked command in '/home/daniel/dev_ws/build/doosan_description' returned '0': PYTHONPATH=/home/daniel/dev_ws/build/doosan_description/prefix_override:/home/daniel/dev_ws/install/doosan_description/lib/python3.8/site-packages:${PYTHONPATH} /usr/bin/python3 setup.py develop --editable --build-directory /home/daniel/dev_ws/build/doosan_description/build --no-deps install_data
[5.464s] INFO:colcon.colcon_core.shell:Creating environment hook '/home/daniel/dev_ws/build/doosan_description/share/doosan_description/hook/pythonpath_develop.ps1'
[5.465s] INFO:colcon.colcon_core.shell:Creating environment descriptor '/home/daniel/dev_ws/build/doosan_description/share/doosan_description/hook/pythonpath_develop.dsv'
[5.465s] INFO:colcon.colcon_core.shell:Creating environment hook '/home/daniel/dev_ws/build/doosan_description/share/doosan_description/hook/pythonpath_develop.sh'
[5.518s] Level 1:colcon.colcon_core.environment:checking '/home/daniel/dev_ws/install/doosan_description' for CMake module files
[5.519s] Level 1:colcon.colcon_core.environment:checking '/home/daniel/dev_ws/install/doosan_description' for CMake config files
[5.520s] Level 1:colcon.colcon_core.environment:checking '/home/daniel/dev_ws/install/doosan_description/lib'
[5.520s] Level 1:colcon.colcon_core.environment:checking '/home/daniel/dev_ws/install/doosan_description/bin'
[5.520s] Level 1:colcon.colcon_core.environment:checking '/home/daniel/dev_ws/install/doosan_description/lib/pkgconfig/doosan_description.pc'
[5.520s] Level 1:colcon.colcon_core.environment:checking '/home/daniel/dev_ws/install/doosan_description/lib/python3.8/site-packages'
[5.520s] Level 1:colcon.colcon_core.shell:create_environment_hook('doosan_description', 'pythonpath')
[5.570s] INFO:colcon.colcon_core.shell:Creating environment hook '/home/daniel/dev_ws/install/doosan_description/share/doosan_description/hook/pythonpath.ps1'
[5.571s] INFO:colcon.colcon_core.shell:Creating environment descriptor '/home/daniel/dev_ws/install/doosan_description/share/doosan_description/hook/pythonpath.dsv'
[5.571s] INFO:colcon.colcon_core.shell:Creating environment hook '/home/daniel/dev_ws/install/doosan_description/share/doosan_description/hook/pythonpath.sh'
[5.572s] Level 1:colcon.colcon_core.environment:checking '/home/daniel/dev_ws/install/doosan_description/bin'
[5.572s] Level 1:colcon.colcon_core.environment:create_environment_scripts_only(doosan_description)
[5.623s] INFO:colcon.colcon_core.shell:Creating package script '/home/daniel/dev_ws/install/doosan_description/share/doosan_description/package.ps1'
[5.624s] INFO:colcon.colcon_core.shell:Creating package descriptor '/home/daniel/dev_ws/install/doosan_description/share/doosan_description/package.dsv'
[5.625s] INFO:colcon.colcon_core.shell:Creating package script '/home/daniel/dev_ws/install/doosan_description/share/doosan_description/package.sh'
[5.626s] INFO:colcon.colcon_core.shell:Creating package script '/home/daniel/dev_ws/install/doosan_description/share/doosan_description/package.bash'
[5.626s] INFO:colcon.colcon_core.shell:Creating package script '/home/daniel/dev_ws/install/doosan_description/share/doosan_description/package.zsh'
[5.627s] Level 1:colcon.colcon_core.environment:create_file_with_runtime_dependencies(/home/daniel/dev_ws/install/doosan_description/share/colcon-core/packages/doosan_description)
[5.627s] DEBUG:colcon.colcon_parallel_executor.executor.parallel:closing loop
[5.628s] DEBUG:colcon.colcon_parallel_executor.executor.parallel:loop closed
[5.628s] DEBUG:colcon.colcon_parallel_executor.executor.parallel:run_until_complete finished with '0'
[5.628s] DEBUG:colcon.colcon_core.event_reactor:joining thread
[5.685s] INFO:colcon.colcon_core.plugin_system:Skipping extension 'colcon_notification.desktop_notification.terminal_notifier': Not used on non-Darwin systems
[5.685s] INFO:colcon.colcon_core.plugin_system:Skipping extension 'colcon_notification.desktop_notification.win32': Not used on non-Windows systems
[5.685s] INFO:colcon.colcon_notification.desktop_notification:Sending desktop notification using 'notify2'
[5.697s] DEBUG:colcon.colcon_core.event_reactor:joined thread
[5.749s] INFO:colcon.colcon_core.shell:Creating prefix script '/home/daniel/dev_ws/install/local_setup.ps1'
[5.750s] INFO:colcon.colcon_core.shell:Creating prefix util module '/home/daniel/dev_ws/install/_local_setup_util_ps1.py'
[5.751s] INFO:colcon.colcon_core.shell:Creating prefix chain script '/home/daniel/dev_ws/install/setup.ps1'
[5.803s] INFO:colcon.colcon_core.shell:Creating prefix script '/home/daniel/dev_ws/install/local_setup.sh'
[5.803s] INFO:colcon.colcon_core.shell:Creating prefix util module '/home/daniel/dev_ws/install/_local_setup_util_sh.py'
[5.804s] INFO:colcon.colcon_core.shell:Creating prefix chain script '/home/daniel/dev_ws/install/setup.sh'
[5.856s] INFO:colcon.colcon_core.shell:Creating prefix script '/home/daniel/dev_ws/install/local_setup.bash'
[5.856s] INFO:colcon.colcon_core.shell:Creating prefix chain script '/home/daniel/dev_ws/install/setup.bash'
[5.908s] INFO:colcon.colcon_core.shell:Creating prefix script '/home/daniel/dev_ws/install/local_setup.zsh'
[5.908s] INFO:colcon.colcon_core.shell:Creating prefix chain script '/home/daniel/dev_ws/install/setup.zsh'
