[4.668s] Invoking command in '/home/daniel/dev_ws/src/bulldog_description': PYTHONPATH=/home/daniel/dev_ws/build/bulldog_description/prefix_override:/home/daniel/dev_ws/install/bulldog_description/lib/python3.8/site-packages:${PYTHONPATH} /usr/bin/python3 setup.py egg_info --egg-base ../../build/bulldog_description build --build-base /home/daniel/dev_ws/build/bulldog_description/build install --record /home/daniel/dev_ws/build/bulldog_description/install.log --install-scripts $base/lib/bulldog_description --single-version-externally-managed
[4.909s] running egg_info
[4.910s] writing ../../build/bulldog_description/bulldog_description.egg-info/PKG-INFO
[4.910s] writing dependency_links to ../../build/bulldog_description/bulldog_description.egg-info/dependency_links.txt
[4.910s] writing entry points to ../../build/bulldog_description/bulldog_description.egg-info/entry_points.txt
[4.911s] writing requirements to ../../build/bulldog_description/bulldog_description.egg-info/requires.txt
[4.911s] writing top-level names to ../../build/bulldog_description/bulldog_description.egg-info/top_level.txt
[5.025s] reading manifest file '../../build/bulldog_description/bulldog_description.egg-info/SOURCES.txt'
[5.026s] writing manifest file '../../build/bulldog_description/bulldog_description.egg-info/SOURCES.txt'
[5.027s] running build
[5.027s] running build_py
[5.027s] running install
[5.028s] running install_lib
[5.031s] running install_data
[5.033s] running install_egg_info
[5.036s] removing '/home/daniel/dev_ws/install/bulldog_description/lib/python3.8/site-packages/bulldog_description-0.0.0-py3.8.egg-info' (and everything under it)
[5.037s] Copying ../../build/bulldog_description/bulldog_description.egg-info to /home/daniel/dev_ws/install/bulldog_description/lib/python3.8/site-packages/bulldog_description-0.0.0-py3.8.egg-info
[5.056s] running install_scripts
[5.086s] writing list of installed files to '/home/daniel/dev_ws/build/bulldog_description/install.log'
[5.422s] Invoked command in '/home/daniel/dev_ws/src/bulldog_description' returned '0': PYTHONPATH=/home/daniel/dev_ws/build/bulldog_description/prefix_override:/home/daniel/dev_ws/install/bulldog_description/lib/python3.8/site-packages:${PYTHONPATH} /usr/bin/python3 setup.py egg_info --egg-base ../../build/bulldog_description build --build-base /home/daniel/dev_ws/build/bulldog_description/build install --record /home/daniel/dev_ws/build/bulldog_description/install.log --install-scripts $base/lib/bulldog_description --single-version-externally-managed
