[2.574s] Invoking command in '/home/daniel/dev_ws/src/robot_description': PYTHONPATH=/home/daniel/dev_ws/build/robot_description/prefix_override:/home/daniel/dev_ws/install/robot_description/lib/python3.8/site-packages:${PYTHONPATH} /usr/bin/python3 setup.py egg_info --egg-base ../../build/robot_description build --build-base /home/daniel/dev_ws/build/robot_description/build install --record /home/daniel/dev_ws/build/robot_description/install.log --install-scripts $base/lib/robot_description --single-version-externally-managed
[2.809s] running egg_info
[2.810s] writing ../../build/robot_description/robot_description.egg-info/PKG-INFO
[2.810s] writing dependency_links to ../../build/robot_description/robot_description.egg-info/dependency_links.txt
[2.811s] writing entry points to ../../build/robot_description/robot_description.egg-info/entry_points.txt
[2.811s] writing requirements to ../../build/robot_description/robot_description.egg-info/requires.txt
[2.811s] writing top-level names to ../../build/robot_description/robot_description.egg-info/top_level.txt
[2.926s] reading manifest file '../../build/robot_description/robot_description.egg-info/SOURCES.txt'
[2.946s] writing manifest file '../../build/robot_description/robot_description.egg-info/SOURCES.txt'
[2.946s] running build
[2.947s] running build_py
[2.947s] running install
[2.947s] running install_lib
[2.949s] running install_data
[2.950s] running install_egg_info
[2.951s] removing '/home/daniel/dev_ws/install/robot_description/lib/python3.8/site-packages/robot_description-0.0.0-py3.8.egg-info' (and everything under it)
[2.952s] Copying ../../build/robot_description/robot_description.egg-info to /home/daniel/dev_ws/install/robot_description/lib/python3.8/site-packages/robot_description-0.0.0-py3.8.egg-info
[2.979s] running install_scripts
[2.999s] writing list of installed files to '/home/daniel/dev_ws/build/robot_description/install.log'
[3.020s] Invoked command in '/home/daniel/dev_ws/src/robot_description' returned '0': PYTHONPATH=/home/daniel/dev_ws/build/robot_description/prefix_override:/home/daniel/dev_ws/install/robot_description/lib/python3.8/site-packages:${PYTHONPATH} /usr/bin/python3 setup.py egg_info --egg-base ../../build/robot_description build --build-base /home/daniel/dev_ws/build/robot_description/build install --record /home/daniel/dev_ws/build/robot_description/install.log --install-scripts $base/lib/robot_description --single-version-externally-managed
