[3.149s] Invoking command in '/home/daniel/dev_ws/src/doosan_description': PYTHONPATH=/home/daniel/dev_ws/build/doosan_description/prefix_override:/home/daniel/dev_ws/install/doosan_description/lib/python3.8/site-packages:${PYTHONPATH} /usr/bin/python3 setup.py egg_info --egg-base ../../build/doosan_description build --build-base /home/daniel/dev_ws/build/doosan_description/build install --record /home/daniel/dev_ws/build/doosan_description/install.log --install-scripts $base/lib/doosan_description --single-version-externally-managed
[3.409s] running egg_info
[3.409s] writing ../../build/doosan_description/doosan_description.egg-info/PKG-INFO
[3.409s] writing dependency_links to ../../build/doosan_description/doosan_description.egg-info/dependency_links.txt
[3.410s] writing entry points to ../../build/doosan_description/doosan_description.egg-info/entry_points.txt
[3.410s] writing requirements to ../../build/doosan_description/doosan_description.egg-info/requires.txt
[3.410s] writing top-level names to ../../build/doosan_description/doosan_description.egg-info/top_level.txt
[3.446s] reading manifest file '../../build/doosan_description/doosan_description.egg-info/SOURCES.txt'
[3.448s] writing manifest file '../../build/doosan_description/doosan_description.egg-info/SOURCES.txt'
[3.448s] running build
[3.448s] running build_py
[3.448s] running install
[3.449s] running install_lib
[3.451s] running install_data
[3.452s] running install_egg_info
[3.455s] removing '/home/daniel/dev_ws/install/doosan_description/lib/python3.8/site-packages/doosan_description-0.0.0-py3.8.egg-info' (and everything under it)
[3.455s] Copying ../../build/doosan_description/doosan_description.egg-info to /home/daniel/dev_ws/install/doosan_description/lib/python3.8/site-packages/doosan_description-0.0.0-py3.8.egg-info
[3.456s] running install_scripts
[3.476s] Installing trajectory_points_act_server script to /home/daniel/dev_ws/install/doosan_description/lib/doosan_description
[3.476s] Installing trajectory_points_topic script to /home/daniel/dev_ws/install/doosan_description/lib/doosan_description
[3.476s] writing list of installed files to '/home/daniel/dev_ws/build/doosan_description/install.log'
[3.505s] Invoked command in '/home/daniel/dev_ws/src/doosan_description' returned '0': PYTHONPATH=/home/daniel/dev_ws/build/doosan_description/prefix_override:/home/daniel/dev_ws/install/doosan_description/lib/python3.8/site-packages:${PYTHONPATH} /usr/bin/python3 setup.py egg_info --egg-base ../../build/doosan_description build --build-base /home/daniel/dev_ws/build/doosan_description/build install --record /home/daniel/dev_ws/build/doosan_description/install.log --install-scripts $base/lib/doosan_description --single-version-externally-managed
