-- The C compiler identification is GNU 9.4.0
-- The CXX compiler identification is GNU 9.4.0
-- Check for working C compiler: /usr/bin/cc
-- Check for working C compiler: /usr/bin/cc -- works
-- Detecting C compiler ABI info
-- Detecting C compiler ABI info - done
-- Detecting C compile features
-- Detecting C compile features - done
-- Check for working CXX compiler: /usr/bin/c++
-- Check for working CXX compiler: /usr/bin/c++ -- works
-- Detecting CXX compiler ABI info
-- Detecting CXX compiler ABI info - done
-- Detecting CXX compile features
-- Detecting CXX compile features - done
-- Found ament_cmake: 0.9.12 (/opt/ros/foxy/share/ament_cmake/cmake)
-- Found PythonInterp: /usr/bin/python3 (found suitable version "3.8.10", minimum required is "3") 
-- Using PYTHON_EXECUTABLE: /usr/bin/python3
-- Found rosidl_default_generators: 1.0.1 (/opt/ros/foxy/share/rosidl_default_generators/cmake)
-- Using all available rosidl_typesupport_c: rosidl_typesupport_fastrtps_c;rosidl_typesupport_introspection_c
-- Found rosidl_adapter: 1.3.1 (/opt/ros/foxy/share/rosidl_adapter/cmake)
-- Found OpenSSL: /usr/lib/x86_64-linux-gnu/libcrypto.so (found version "1.1.1f")  
-- Found FastRTPS: /opt/ros/foxy/include  
-- Using all available rosidl_typesupport_cpp: rosidl_typesupport_fastrtps_cpp;rosidl_typesupport_introspection_cpp
-- Found PythonInterp: /usr/bin/python3 (found version "3.8.10") 
-- Found ament_cmake_ros: 0.9.2 (/opt/ros/foxy/share/ament_cmake_ros/cmake)
-- Using all available rosidl_typesupport_c: rosidl_typesupport_fastrtps_c;rosidl_typesupport_introspection_c
-- Using all available rosidl_typesupport_cpp: rosidl_typesupport_fastrtps_cpp;rosidl_typesupport_introspection_cpp
-- Found PythonInterp: /usr/bin/python3 (found suitable version "3.8.10", minimum required is "3.5") 
-- Found python_cmake_module: 0.8.1 (/opt/ros/foxy/share/python_cmake_module/cmake)
-- Found PythonLibs: /usr/lib/x86_64-linux-gnu/libpython3.8.so (found suitable version "3.8.10", minimum required is "3.5") 
-- Using PYTHON_EXECUTABLE: /usr/bin/python3
-- Using PYTHON_INCLUDE_DIRS: /usr/include/python3.8
-- Using PYTHON_LIBRARIES: /usr/lib/x86_64-linux-gnu/libpython3.8.so
-- Found PythonExtra: .so  
-- Found ament_lint_auto: 0.9.8 (/opt/ros/foxy/share/ament_lint_auto/cmake)
-- Added test 'copyright' to check source files copyright and LICENSE
-- Added test 'lint_cmake' to check CMake code style
-- Added test 'xmllint' to check XML markup files
-- Configuring done
-- Generating done
-- Build files have been written to: /home/daniel/dev_ws/build/ros2_data
[  1%] [34m[1mGenerating C code for ROS interfaces[0m
[35m[1mScanning dependencies of target ros2_data__cpp[0m
[  1%] [34m[1mGenerating C++ code for ROS interfaces[0m
[  1%] Built target ros2_data__cpp
[  3%] [34m[1mGenerating C++ introspection for ROS interfaces[0m
[  3%] [34m[1mGenerating C++ type support for eProsima Fast-RTPS[0m
[  3%] [34m[1mGenerating C++ type support dispatch for ROS interfaces[0m
[35m[1mScanning dependencies of target ros2_data__rosidl_generator_c[0m
[  4%] [32mBuilding C object CMakeFiles/ros2_data__rosidl_generator_c.dir/rosidl_generator_c/ros2_data/msg/detail/joint_pose__functions.c.o[0m
[  5%] [32mBuilding C object CMakeFiles/ros2_data__rosidl_generator_c.dir/rosidl_generator_c/ros2_data/msg/detail/joint_pose_s__functions.c.o[0m
[  5%] [32mBuilding C object CMakeFiles/ros2_data__rosidl_generator_c.dir/rosidl_generator_c/ros2_data/action/detail/move_j__functions.c.o[0m
[  6%] [32mBuilding C object CMakeFiles/ros2_data__rosidl_generator_c.dir/rosidl_generator_c/ros2_data/action/detail/move_g__functions.c.o[0m
[  7%] [32mBuilding C object CMakeFiles/ros2_data__rosidl_generator_c.dir/rosidl_generator_c/ros2_data/action/detail/move_js__functions.c.o[0m
[  8%] [32mBuilding C object CMakeFiles/ros2_data__rosidl_generator_c.dir/rosidl_generator_c/ros2_data/action/detail/move_xyzw__functions.c.o[0m
[  9%] [32mBuilding C object CMakeFiles/ros2_data__rosidl_generator_c.dir/rosidl_generator_c/ros2_data/action/detail/move_l__functions.c.o[0m
[ 10%] [32mBuilding C object CMakeFiles/ros2_data__rosidl_generator_c.dir/rosidl_generator_c/ros2_data/action/detail/move_xyz__functions.c.o[0m
[ 11%] [32mBuilding C object CMakeFiles/ros2_data__rosidl_generator_c.dir/rosidl_generator_c/ros2_data/action/detail/move_r__functions.c.o[0m
[ 11%] [32mBuilding C object CMakeFiles/ros2_data__rosidl_generator_c.dir/rosidl_generator_c/ros2_data/action/detail/move_ypr__functions.c.o[0m
[ 12%] [32mBuilding C object CMakeFiles/ros2_data__rosidl_generator_c.dir/rosidl_generator_c/ros2_data/action/detail/move_rot__functions.c.o[0m
[ 13%] [32mBuilding C object CMakeFiles/ros2_data__rosidl_generator_c.dir/rosidl_generator_c/ros2_data/action/detail/move_rp__functions.c.o[0m
[ 14%] [32m[1mLinking C shared library libros2_data__rosidl_generator_c.so[0m
[ 14%] Built target ros2_data__rosidl_generator_c
[ 15%] [34m[1mGenerating C introspection for ROS interfaces[0m
[ 16%] [34m[1mGenerating C type support dispatch for ROS interfaces[0m
[35m[1mScanning dependencies of target ros2_data__rosidl_typesupport_cpp[0m
[ 17%] [32mBuilding CXX object CMakeFiles/ros2_data__rosidl_typesupport_cpp.dir/rosidl_typesupport_cpp/ros2_data/msg/joint_pose_s__type_support.cpp.o[0m
[ 18%] [32mBuilding CXX object CMakeFiles/ros2_data__rosidl_typesupport_cpp.dir/rosidl_typesupport_cpp/ros2_data/msg/joint_pose__type_support.cpp.o[0m
[ 19%] [32mBuilding CXX object CMakeFiles/ros2_data__rosidl_typesupport_cpp.dir/rosidl_typesupport_cpp/ros2_data/action/move_j__type_support.cpp.o[0m
[ 20%] [32mBuilding CXX object CMakeFiles/ros2_data__rosidl_typesupport_cpp.dir/rosidl_typesupport_cpp/ros2_data/action/move_js__type_support.cpp.o[0m
[35m[1mScanning dependencies of target ros2_data__rosidl_typesupport_introspection_cpp[0m
[ 20%] [32mBuilding CXX object CMakeFiles/ros2_data__rosidl_typesupport_introspection_cpp.dir/rosidl_typesupport_introspection_cpp/ros2_data/msg/detail/joint_pose__type_support.cpp.o[0m
[ 20%] [32mBuilding CXX object CMakeFiles/ros2_data__rosidl_typesupport_cpp.dir/rosidl_typesupport_cpp/ros2_data/action/move_g__type_support.cpp.o[0m
[ 21%] [32mBuilding CXX object CMakeFiles/ros2_data__rosidl_typesupport_introspection_cpp.dir/rosidl_typesupport_introspection_cpp/ros2_data/msg/detail/joint_pose_s__type_support.cpp.o[0m
[ 22%] [32mBuilding CXX object CMakeFiles/ros2_data__rosidl_typesupport_introspection_cpp.dir/rosidl_typesupport_introspection_cpp/ros2_data/action/detail/move_j__type_support.cpp.o[0m
[ 23%] [32mBuilding CXX object CMakeFiles/ros2_data__rosidl_typesupport_introspection_cpp.dir/rosidl_typesupport_introspection_cpp/ros2_data/action/detail/move_js__type_support.cpp.o[0m
[ 24%] [32mBuilding CXX object CMakeFiles/ros2_data__rosidl_typesupport_introspection_cpp.dir/rosidl_typesupport_introspection_cpp/ros2_data/action/detail/move_g__type_support.cpp.o[0m
[ 25%] [32mBuilding CXX object CMakeFiles/ros2_data__rosidl_typesupport_cpp.dir/rosidl_typesupport_cpp/ros2_data/action/move_xyzw__type_support.cpp.o[0m
[ 26%] [32mBuilding CXX object CMakeFiles/ros2_data__rosidl_typesupport_cpp.dir/rosidl_typesupport_cpp/ros2_data/action/move_l__type_support.cpp.o[0m
[ 27%] [32mBuilding CXX object CMakeFiles/ros2_data__rosidl_typesupport_introspection_cpp.dir/rosidl_typesupport_introspection_cpp/ros2_data/action/detail/move_xyzw__type_support.cpp.o[0m
[ 27%] [32mBuilding CXX object CMakeFiles/ros2_data__rosidl_typesupport_introspection_cpp.dir/rosidl_typesupport_introspection_cpp/ros2_data/action/detail/move_l__type_support.cpp.o[0m
[35m[1mScanning dependencies of target ros2_data__rosidl_typesupport_c[0m
[ 28%] [32mBuilding CXX object CMakeFiles/ros2_data__rosidl_typesupport_c.dir/rosidl_typesupport_c/ros2_data/msg/joint_pose__type_support.cpp.o[0m
[35m[1mScanning dependencies of target ros2_data__rosidl_typesupport_fastrtps_cpp[0m
[ 28%] [32mBuilding CXX object CMakeFiles/ros2_data__rosidl_typesupport_c.dir/rosidl_typesupport_c/ros2_data/msg/joint_pose_s__type_support.cpp.o[0m
[ 29%] [32mBuilding CXX object CMakeFiles/ros2_data__rosidl_typesupport_cpp.dir/rosidl_typesupport_cpp/ros2_data/action/move_r__type_support.cpp.o[0m
[ 30%] [32mBuilding CXX object CMakeFiles/ros2_data__rosidl_typesupport_introspection_cpp.dir/rosidl_typesupport_introspection_cpp/ros2_data/action/detail/move_r__type_support.cpp.o[0m
[ 31%] [32mBuilding CXX object CMakeFiles/ros2_data__rosidl_typesupport_fastrtps_cpp.dir/rosidl_typesupport_fastrtps_cpp/ros2_data/msg/detail/dds_fastrtps/joint_pose__type_support.cpp.o[0m
[ 32%] [32mBuilding CXX object CMakeFiles/ros2_data__rosidl_typesupport_cpp.dir/rosidl_typesupport_cpp/ros2_data/action/move_xyz__type_support.cpp.o[0m
[ 33%] [32mBuilding CXX object CMakeFiles/ros2_data__rosidl_typesupport_c.dir/rosidl_typesupport_c/ros2_data/action/move_j__type_support.cpp.o[0m
[ 34%] [32mBuilding CXX object CMakeFiles/ros2_data__rosidl_typesupport_c.dir/rosidl_typesupport_c/ros2_data/action/move_js__type_support.cpp.o[0m
[ 35%] [32mBuilding CXX object CMakeFiles/ros2_data__rosidl_typesupport_cpp.dir/rosidl_typesupport_cpp/ros2_data/action/move_ypr__type_support.cpp.o[0m
[ 36%] [32mBuilding CXX object CMakeFiles/ros2_data__rosidl_typesupport_c.dir/rosidl_typesupport_c/ros2_data/action/move_g__type_support.cpp.o[0m
[ 37%] [32mBuilding CXX object CMakeFiles/ros2_data__rosidl_typesupport_c.dir/rosidl_typesupport_c/ros2_data/action/move_xyzw__type_support.cpp.o[0m
[ 38%] [32mBuilding CXX object CMakeFiles/ros2_data__rosidl_typesupport_cpp.dir/rosidl_typesupport_cpp/ros2_data/action/move_rp__type_support.cpp.o[0m
[ 38%] [32mBuilding CXX object CMakeFiles/ros2_data__rosidl_typesupport_cpp.dir/rosidl_typesupport_cpp/ros2_data/action/move_rot__type_support.cpp.o[0m
[ 39%] [32mBuilding CXX object CMakeFiles/ros2_data__rosidl_typesupport_introspection_cpp.dir/rosidl_typesupport_introspection_cpp/ros2_data/action/detail/move_xyz__type_support.cpp.o[0m
[ 40%] [32mBuilding CXX object CMakeFiles/ros2_data__rosidl_typesupport_c.dir/rosidl_typesupport_c/ros2_data/action/move_l__type_support.cpp.o[0m
[ 41%] [32mBuilding CXX object CMakeFiles/ros2_data__rosidl_typesupport_introspection_cpp.dir/rosidl_typesupport_introspection_cpp/ros2_data/action/detail/move_ypr__type_support.cpp.o[0m
[ 41%] [32mBuilding CXX object CMakeFiles/ros2_data__rosidl_typesupport_c.dir/rosidl_typesupport_c/ros2_data/action/move_r__type_support.cpp.o[0m
[ 42%] [32mBuilding CXX object CMakeFiles/ros2_data__rosidl_typesupport_c.dir/rosidl_typesupport_c/ros2_data/action/move_xyz__type_support.cpp.o[0m
[ 43%] [32mBuilding CXX object CMakeFiles/ros2_data__rosidl_typesupport_c.dir/rosidl_typesupport_c/ros2_data/action/move_ypr__type_support.cpp.o[0m
[ 44%] [32mBuilding CXX object CMakeFiles/ros2_data__rosidl_typesupport_fastrtps_cpp.dir/rosidl_typesupport_fastrtps_cpp/ros2_data/action/detail/dds_fastrtps/move_j__type_support.cpp.o[0m
[ 45%] [32mBuilding CXX object CMakeFiles/ros2_data__rosidl_typesupport_fastrtps_cpp.dir/rosidl_typesupport_fastrtps_cpp/ros2_data/msg/detail/dds_fastrtps/joint_pose_s__type_support.cpp.o[0m
[ 46%] [32mBuilding CXX object CMakeFiles/ros2_data__rosidl_typesupport_c.dir/rosidl_typesupport_c/ros2_data/action/move_rot__type_support.cpp.o[0m
[ 47%] [32mBuilding CXX object CMakeFiles/ros2_data__rosidl_typesupport_introspection_cpp.dir/rosidl_typesupport_introspection_cpp/ros2_data/action/detail/move_rot__type_support.cpp.o[0m
[ 48%] [32mBuilding CXX object CMakeFiles/ros2_data__rosidl_typesupport_c.dir/rosidl_typesupport_c/ros2_data/action/move_rp__type_support.cpp.o[0m
[ 49%] [32m[1mLinking CXX shared library libros2_data__rosidl_typesupport_cpp.so[0m
[ 50%] [32mBuilding CXX object CMakeFiles/ros2_data__rosidl_typesupport_fastrtps_cpp.dir/rosidl_typesupport_fastrtps_cpp/ros2_data/action/detail/dds_fastrtps/move_js__type_support.cpp.o[0m
[35m[1mScanning dependencies of target ros2_data__rosidl_typesupport_introspection_c[0m
[ 51%] [32m[1mLinking CXX shared library libros2_data__rosidl_typesupport_c.so[0m
[ 51%] Built target ros2_data__rosidl_typesupport_cpp
[ 52%] [32mBuilding CXX object CMakeFiles/ros2_data__rosidl_typesupport_fastrtps_cpp.dir/rosidl_typesupport_fastrtps_cpp/ros2_data/action/detail/dds_fastrtps/move_g__type_support.cpp.o[0m
[ 53%] [32mBuilding CXX object CMakeFiles/ros2_data__rosidl_typesupport_introspection_cpp.dir/rosidl_typesupport_introspection_cpp/ros2_data/action/detail/move_rp__type_support.cpp.o[0m
[ 54%] [32mBuilding C object CMakeFiles/ros2_data__rosidl_typesupport_introspection_c.dir/rosidl_typesupport_introspection_c/ros2_data/msg/detail/joint_pose__type_support.c.o[0m
[ 54%] Built target ros2_data__rosidl_typesupport_c
[ 54%] [32mBuilding CXX object CMakeFiles/ros2_data__rosidl_typesupport_fastrtps_cpp.dir/rosidl_typesupport_fastrtps_cpp/ros2_data/action/detail/dds_fastrtps/move_xyzw__type_support.cpp.o[0m
[ 55%] [32mBuilding C object CMakeFiles/ros2_data__rosidl_typesupport_introspection_c.dir/rosidl_typesupport_introspection_c/ros2_data/msg/detail/joint_pose_s__type_support.c.o[0m
[ 56%] [32mBuilding C object CMakeFiles/ros2_data__rosidl_typesupport_introspection_c.dir/rosidl_typesupport_introspection_c/ros2_data/action/detail/move_j__type_support.c.o[0m
[ 56%] [32mBuilding C object CMakeFiles/ros2_data__rosidl_typesupport_introspection_c.dir/rosidl_typesupport_introspection_c/ros2_data/action/detail/move_js__type_support.c.o[0m
[ 57%] [32mBuilding C object CMakeFiles/ros2_data__rosidl_typesupport_introspection_c.dir/rosidl_typesupport_introspection_c/ros2_data/action/detail/move_g__type_support.c.o[0m
[ 58%] [32mBuilding CXX object CMakeFiles/ros2_data__rosidl_typesupport_fastrtps_cpp.dir/rosidl_typesupport_fastrtps_cpp/ros2_data/action/detail/dds_fastrtps/move_l__type_support.cpp.o[0m
[ 59%] [32mBuilding C object CMakeFiles/ros2_data__rosidl_typesupport_introspection_c.dir/rosidl_typesupport_introspection_c/ros2_data/action/detail/move_xyzw__type_support.c.o[0m
[ 60%] [32m[1mLinking CXX shared library libros2_data__rosidl_typesupport_introspection_cpp.so[0m
[ 61%] [32mBuilding C object CMakeFiles/ros2_data__rosidl_typesupport_introspection_c.dir/rosidl_typesupport_introspection_c/ros2_data/action/detail/move_l__type_support.c.o[0m
[ 62%] [32mBuilding CXX object CMakeFiles/ros2_data__rosidl_typesupport_fastrtps_cpp.dir/rosidl_typesupport_fastrtps_cpp/ros2_data/action/detail/dds_fastrtps/move_r__type_support.cpp.o[0m
[ 63%] [32mBuilding CXX object CMakeFiles/ros2_data__rosidl_typesupport_fastrtps_cpp.dir/rosidl_typesupport_fastrtps_cpp/ros2_data/action/detail/dds_fastrtps/move_xyz__type_support.cpp.o[0m
[ 64%] [32mBuilding C object CMakeFiles/ros2_data__rosidl_typesupport_introspection_c.dir/rosidl_typesupport_introspection_c/ros2_data/action/detail/move_r__type_support.c.o[0m
[ 65%] [32mBuilding CXX object CMakeFiles/ros2_data__rosidl_typesupport_fastrtps_cpp.dir/rosidl_typesupport_fastrtps_cpp/ros2_data/action/detail/dds_fastrtps/move_ypr__type_support.cpp.o[0m
[ 65%] Built target ros2_data__rosidl_typesupport_introspection_cpp
[ 66%] [32mBuilding C object CMakeFiles/ros2_data__rosidl_typesupport_introspection_c.dir/rosidl_typesupport_introspection_c/ros2_data/action/detail/move_xyz__type_support.c.o[0m
[ 66%] [32mBuilding C object CMakeFiles/ros2_data__rosidl_typesupport_introspection_c.dir/rosidl_typesupport_introspection_c/ros2_data/action/detail/move_rot__type_support.c.o[0m
[ 67%] [32mBuilding C object CMakeFiles/ros2_data__rosidl_typesupport_introspection_c.dir/rosidl_typesupport_introspection_c/ros2_data/action/detail/move_ypr__type_support.c.o[0m
[ 68%] [32mBuilding CXX object CMakeFiles/ros2_data__rosidl_typesupport_fastrtps_cpp.dir/rosidl_typesupport_fastrtps_cpp/ros2_data/action/detail/dds_fastrtps/move_rot__type_support.cpp.o[0m
[ 69%] [32mBuilding C object CMakeFiles/ros2_data__rosidl_typesupport_introspection_c.dir/rosidl_typesupport_introspection_c/ros2_data/action/detail/move_rp__type_support.c.o[0m
[ 69%] [32mBuilding CXX object CMakeFiles/ros2_data__rosidl_typesupport_fastrtps_cpp.dir/rosidl_typesupport_fastrtps_cpp/ros2_data/action/detail/dds_fastrtps/move_rp__type_support.cpp.o[0m
[ 70%] [32m[1mLinking C shared library libros2_data__rosidl_typesupport_introspection_c.so[0m
[ 70%] Built target ros2_data__rosidl_typesupport_introspection_c
[ 71%] [32m[1mLinking CXX shared library libros2_data__rosidl_typesupport_fastrtps_cpp.so[0m
[ 71%] Built target ros2_data__rosidl_typesupport_fastrtps_cpp
[ 72%] [34m[1mGenerating C type support for eProsima Fast-RTPS[0m
[35m[1mScanning dependencies of target ros2_data__rosidl_typesupport_fastrtps_c[0m
[ 73%] [32mBuilding CXX object CMakeFiles/ros2_data__rosidl_typesupport_fastrtps_c.dir/rosidl_typesupport_fastrtps_c/ros2_data/msg/detail/joint_pose_s__type_support_c.cpp.o[0m
[ 73%] [32mBuilding CXX object CMakeFiles/ros2_data__rosidl_typesupport_fastrtps_c.dir/rosidl_typesupport_fastrtps_c/ros2_data/action/detail/move_j__type_support_c.cpp.o[0m
[ 74%] [32mBuilding CXX object CMakeFiles/ros2_data__rosidl_typesupport_fastrtps_c.dir/rosidl_typesupport_fastrtps_c/ros2_data/action/detail/move_js__type_support_c.cpp.o[0m
[ 75%] [32mBuilding CXX object CMakeFiles/ros2_data__rosidl_typesupport_fastrtps_c.dir/rosidl_typesupport_fastrtps_c/ros2_data/action/detail/move_xyzw__type_support_c.cpp.o[0m
[ 77%] [32mBuilding CXX object CMakeFiles/ros2_data__rosidl_typesupport_fastrtps_c.dir/rosidl_typesupport_fastrtps_c/ros2_data/msg/detail/joint_pose__type_support_c.cpp.o[0m
[ 77%] [32mBuilding CXX object CMakeFiles/ros2_data__rosidl_typesupport_fastrtps_c.dir/rosidl_typesupport_fastrtps_c/ros2_data/action/detail/move_r__type_support_c.cpp.o[0m
[ 78%] [32mBuilding CXX object CMakeFiles/ros2_data__rosidl_typesupport_fastrtps_c.dir/rosidl_typesupport_fastrtps_c/ros2_data/action/detail/move_l__type_support_c.cpp.o[0m
[ 79%] [32mBuilding CXX object CMakeFiles/ros2_data__rosidl_typesupport_fastrtps_c.dir/rosidl_typesupport_fastrtps_c/ros2_data/action/detail/move_g__type_support_c.cpp.o[0m
[ 79%] [32mBuilding CXX object CMakeFiles/ros2_data__rosidl_typesupport_fastrtps_c.dir/rosidl_typesupport_fastrtps_c/ros2_data/action/detail/move_xyz__type_support_c.cpp.o[0m
[ 80%] [32mBuilding CXX object CMakeFiles/ros2_data__rosidl_typesupport_fastrtps_c.dir/rosidl_typesupport_fastrtps_c/ros2_data/action/detail/move_rot__type_support_c.cpp.o[0m
[ 81%] [32mBuilding CXX object CMakeFiles/ros2_data__rosidl_typesupport_fastrtps_c.dir/rosidl_typesupport_fastrtps_c/ros2_data/action/detail/move_ypr__type_support_c.cpp.o[0m
[ 82%] [32mBuilding CXX object CMakeFiles/ros2_data__rosidl_typesupport_fastrtps_c.dir/rosidl_typesupport_fastrtps_c/ros2_data/action/detail/move_rp__type_support_c.cpp.o[0m
[ 83%] [32m[1mLinking CXX shared library libros2_data__rosidl_typesupport_fastrtps_c.so[0m
[ 83%] Built target ros2_data__rosidl_typesupport_fastrtps_c
[35m[1mScanning dependencies of target ros2_data[0m
[ 83%] Built target ros2_data
[35m[1mScanning dependencies of target ros2_data__py[0m
[ 84%] [34m[1mGenerating Python code for ROS interfaces[0m
[ 84%] Built target ros2_data__py
[35m[1mScanning dependencies of target ros2_data__python[0m
[ 87%] [32mBuilding C object CMakeFiles/ros2_data__python.dir/rosidl_generator_py/ros2_data/action/_move_js_s.c.o[0m
[ 87%] [32mBuilding C object CMakeFiles/ros2_data__python.dir/rosidl_generator_py/ros2_data/msg/_joint_pose_s.c.o[0m
[ 87%] [32mBuilding C object CMakeFiles/ros2_data__python.dir/rosidl_generator_py/ros2_data/msg/_joint_pose_s_s.c.o[0m
[ 88%] [32mBuilding C object CMakeFiles/ros2_data__python.dir/rosidl_generator_py/ros2_data/action/_move_j_s.c.o[0m
[ 88%] [32mBuilding C object CMakeFiles/ros2_data__python.dir/rosidl_generator_py/ros2_data/action/_move_g_s.c.o[0m
[ 89%] [32mBuilding C object CMakeFiles/ros2_data__python.dir/rosidl_generator_py/ros2_data/action/_move_xyzw_s.c.o[0m
[ 90%] [32mBuilding C object CMakeFiles/ros2_data__python.dir/rosidl_generator_py/ros2_data/action/_move_l_s.c.o[0m
[ 91%] [32mBuilding C object CMakeFiles/ros2_data__python.dir/rosidl_generator_py/ros2_data/action/_move_r_s.c.o[0m
[ 92%] [32mBuilding C object CMakeFiles/ros2_data__python.dir/rosidl_generator_py/ros2_data/action/_move_xyz_s.c.o[0m
[ 93%] [32mBuilding C object CMakeFiles/ros2_data__python.dir/rosidl_generator_py/ros2_data/action/_move_ypr_s.c.o[0m
[ 93%] [32mBuilding C object CMakeFiles/ros2_data__python.dir/rosidl_generator_py/ros2_data/action/_move_rot_s.c.o[0m
[ 94%] [32mBuilding C object CMakeFiles/ros2_data__python.dir/rosidl_generator_py/ros2_data/action/_move_rp_s.c.o[0m
[ 95%] [32m[1mLinking C shared library rosidl_generator_py/ros2_data/libros2_data__python.so[0m
[ 95%] Built target ros2_data__python
[35m[1mScanning dependencies of target ros2_data__rosidl_typesupport_introspection_c__pyext[0m
[35m[1mScanning dependencies of target ros2_data__rosidl_typesupport_c__pyext[0m
[35m[1mScanning dependencies of target ros2_data__rosidl_typesupport_fastrtps_c__pyext[0m
[ 96%] [32mBuilding C object CMakeFiles/ros2_data__rosidl_typesupport_introspection_c__pyext.dir/rosidl_generator_py/ros2_data/_ros2_data_s.ep.rosidl_typesupport_introspection_c.c.o[0m
[ 97%] [32mBuilding C object CMakeFiles/ros2_data__rosidl_typesupport_fastrtps_c__pyext.dir/rosidl_generator_py/ros2_data/_ros2_data_s.ep.rosidl_typesupport_fastrtps_c.c.o[0m
[ 97%] [32mBuilding C object CMakeFiles/ros2_data__rosidl_typesupport_c__pyext.dir/rosidl_generator_py/ros2_data/_ros2_data_s.ep.rosidl_typesupport_c.c.o[0m
[ 98%] [32m[1mLinking C shared library rosidl_generator_py/ros2_data/ros2_data_s__rosidl_typesupport_introspection_c.cpython-38-x86_64-linux-gnu.so[0m
[ 99%] [32m[1mLinking CXX shared library rosidl_generator_py/ros2_data/ros2_data_s__rosidl_typesupport_fastrtps_c.cpython-38-x86_64-linux-gnu.so[0m
[100%] [32m[1mLinking C shared library rosidl_generator_py/ros2_data/ros2_data_s__rosidl_typesupport_c.cpython-38-x86_64-linux-gnu.so[0m
[100%] Built target ros2_data__rosidl_typesupport_introspection_c__pyext
[100%] Built target ros2_data__rosidl_typesupport_c__pyext
[100%] Built target ros2_data__rosidl_typesupport_fastrtps_c__pyext
-- Install configuration: ""
-- Installing: /home/daniel/dev_ws/install/ros2_data/share/ament_index/resource_index/rosidl_interfaces/ros2_data
-- Installing: /home/daniel/dev_ws/install/ros2_data/include/ros2_data
-- Installing: /home/daniel/dev_ws/install/ros2_data/include/ros2_data/msg
-- Installing: /home/daniel/dev_ws/install/ros2_data/include/ros2_data/msg/rosidl_generator_c__visibility_control.h
-- Installing: /home/daniel/dev_ws/install/ros2_data/include/ros2_data/msg/joint_pose_s.h
-- Installing: /home/daniel/dev_ws/install/ros2_data/include/ros2_data/msg/joint_pose.h
-- Installing: /home/daniel/dev_ws/install/ros2_data/include/ros2_data/msg/detail
-- Installing: /home/daniel/dev_ws/install/ros2_data/include/ros2_data/msg/detail/joint_pose__type_support.h
-- Installing: /home/daniel/dev_ws/install/ros2_data/include/ros2_data/msg/detail/joint_pose__functions.h
-- Installing: /home/daniel/dev_ws/install/ros2_data/include/ros2_data/msg/detail/joint_pose_s__functions.h
-- Installing: /home/daniel/dev_ws/install/ros2_data/include/ros2_data/msg/detail/joint_pose__functions.c
-- Installing: /home/daniel/dev_ws/install/ros2_data/include/ros2_data/msg/detail/joint_pose__struct.h
-- Installing: /home/daniel/dev_ws/install/ros2_data/include/ros2_data/msg/detail/joint_pose_s__struct.h
-- Installing: /home/daniel/dev_ws/install/ros2_data/include/ros2_data/msg/detail/joint_pose_s__type_support.h
-- Installing: /home/daniel/dev_ws/install/ros2_data/include/ros2_data/msg/detail/joint_pose_s__functions.c
-- Installing: /home/daniel/dev_ws/install/ros2_data/include/ros2_data/action
-- Installing: /home/daniel/dev_ws/install/ros2_data/include/ros2_data/action/move_js.h
-- Installing: /home/daniel/dev_ws/install/ros2_data/include/ros2_data/action/move_xyz.h
-- Installing: /home/daniel/dev_ws/install/ros2_data/include/ros2_data/action/move_j.h
-- Installing: /home/daniel/dev_ws/install/ros2_data/include/ros2_data/action/move_xyzw.h
-- Installing: /home/daniel/dev_ws/install/ros2_data/include/ros2_data/action/move_rot.h
-- Installing: /home/daniel/dev_ws/install/ros2_data/include/ros2_data/action/move_g.h
-- Installing: /home/daniel/dev_ws/install/ros2_data/include/ros2_data/action/move_rp.h
-- Installing: /home/daniel/dev_ws/install/ros2_data/include/ros2_data/action/move_r.h
-- Installing: /home/daniel/dev_ws/install/ros2_data/include/ros2_data/action/move_l.h
-- Installing: /home/daniel/dev_ws/install/ros2_data/include/ros2_data/action/detail
-- Installing: /home/daniel/dev_ws/install/ros2_data/include/ros2_data/action/detail/move_g__functions.h
-- Installing: /home/daniel/dev_ws/install/ros2_data/include/ros2_data/action/detail/move_rp__functions.c
-- Installing: /home/daniel/dev_ws/install/ros2_data/include/ros2_data/action/detail/move_r__functions.c
-- Installing: /home/daniel/dev_ws/install/ros2_data/include/ros2_data/action/detail/move_r__functions.h
-- Installing: /home/daniel/dev_ws/install/ros2_data/include/ros2_data/action/detail/move_ypr__functions.c
-- Installing: /home/daniel/dev_ws/install/ros2_data/include/ros2_data/action/detail/move_rp__type_support.h
-- Installing: /home/daniel/dev_ws/install/ros2_data/include/ros2_data/action/detail/move_rot__functions.c
-- Installing: /home/daniel/dev_ws/install/ros2_data/include/ros2_data/action/detail/move_rot__type_support.h
-- Installing: /home/daniel/dev_ws/install/ros2_data/include/ros2_data/action/detail/move_xyz__functions.c
-- Installing: /home/daniel/dev_ws/install/ros2_data/include/ros2_data/action/detail/move_rp__functions.h
-- Installing: /home/daniel/dev_ws/install/ros2_data/include/ros2_data/action/detail/move_xyz__struct.h
-- Installing: /home/daniel/dev_ws/install/ros2_data/include/ros2_data/action/detail/move_js__functions.c
-- Installing: /home/daniel/dev_ws/install/ros2_data/include/ros2_data/action/detail/move_j__type_support.h
-- Installing: /home/daniel/dev_ws/install/ros2_data/include/ros2_data/action/detail/move_j__functions.c
-- Installing: /home/daniel/dev_ws/install/ros2_data/include/ros2_data/action/detail/move_g__type_support.h
-- Installing: /home/daniel/dev_ws/install/ros2_data/include/ros2_data/action/detail/move_ypr__functions.h
-- Installing: /home/daniel/dev_ws/install/ros2_data/include/ros2_data/action/detail/move_js__functions.h
-- Installing: /home/daniel/dev_ws/install/ros2_data/include/ros2_data/action/detail/move_l__type_support.h
-- Installing: /home/daniel/dev_ws/install/ros2_data/include/ros2_data/action/detail/move_l__struct.h
-- Installing: /home/daniel/dev_ws/install/ros2_data/include/ros2_data/action/detail/move_xyzw__functions.h
-- Installing: /home/daniel/dev_ws/install/ros2_data/include/ros2_data/action/detail/move_xyz__functions.h
-- Installing: /home/daniel/dev_ws/install/ros2_data/include/ros2_data/action/detail/move_g__struct.h
-- Installing: /home/daniel/dev_ws/install/ros2_data/include/ros2_data/action/detail/move_l__functions.h
-- Installing: /home/daniel/dev_ws/install/ros2_data/include/ros2_data/action/detail/move_ypr__type_support.h
-- Installing: /home/daniel/dev_ws/install/ros2_data/include/ros2_data/action/detail/move_j__struct.h
-- Installing: /home/daniel/dev_ws/install/ros2_data/include/ros2_data/action/detail/move_xyzw__struct.h
-- Installing: /home/daniel/dev_ws/install/ros2_data/include/ros2_data/action/detail/move_xyzw__functions.c
-- Installing: /home/daniel/dev_ws/install/ros2_data/include/ros2_data/action/detail/move_rot__functions.h
-- Installing: /home/daniel/dev_ws/install/ros2_data/include/ros2_data/action/detail/move_r__type_support.h
-- Installing: /home/daniel/dev_ws/install/ros2_data/include/ros2_data/action/detail/move_r__struct.h
-- Installing: /home/daniel/dev_ws/install/ros2_data/include/ros2_data/action/detail/move_ypr__struct.h
-- Installing: /home/daniel/dev_ws/install/ros2_data/include/ros2_data/action/detail/move_g__functions.c
-- Installing: /home/daniel/dev_ws/install/ros2_data/include/ros2_data/action/detail/move_rot__struct.h
-- Installing: /home/daniel/dev_ws/install/ros2_data/include/ros2_data/action/detail/move_xyzw__type_support.h
-- Installing: /home/daniel/dev_ws/install/ros2_data/include/ros2_data/action/detail/move_xyz__type_support.h
-- Installing: /home/daniel/dev_ws/install/ros2_data/include/ros2_data/action/detail/move_rp__struct.h
-- Installing: /home/daniel/dev_ws/install/ros2_data/include/ros2_data/action/detail/move_j__functions.h
-- Installing: /home/daniel/dev_ws/install/ros2_data/include/ros2_data/action/detail/move_l__functions.c
-- Installing: /home/daniel/dev_ws/install/ros2_data/include/ros2_data/action/detail/move_js__type_support.h
-- Installing: /home/daniel/dev_ws/install/ros2_data/include/ros2_data/action/detail/move_js__struct.h
-- Installing: /home/daniel/dev_ws/install/ros2_data/include/ros2_data/action/move_ypr.h
-- Installing: /home/daniel/dev_ws/install/ros2_data/share/ros2_data/environment/library_path.sh
-- Installing: /home/daniel/dev_ws/install/ros2_data/share/ros2_data/environment/library_path.dsv
-- Installing: /home/daniel/dev_ws/install/ros2_data/lib/libros2_data__rosidl_generator_c.so
-- Set runtime path of "/home/daniel/dev_ws/install/ros2_data/lib/libros2_data__rosidl_generator_c.so" to ""
-- Up-to-date: /home/daniel/dev_ws/install/ros2_data/include/ros2_data
-- Up-to-date: /home/daniel/dev_ws/install/ros2_data/include/ros2_data/msg
-- Installing: /home/daniel/dev_ws/install/ros2_data/include/ros2_data/msg/rosidl_typesupport_fastrtps_c__visibility_control.h
-- Up-to-date: /home/daniel/dev_ws/install/ros2_data/include/ros2_data/msg/detail
-- Installing: /home/daniel/dev_ws/install/ros2_data/include/ros2_data/msg/detail/joint_pose__rosidl_typesupport_fastrtps_c.h
-- Installing: /home/daniel/dev_ws/install/ros2_data/include/ros2_data/msg/detail/joint_pose_s__rosidl_typesupport_fastrtps_c.h
-- Up-to-date: /home/daniel/dev_ws/install/ros2_data/include/ros2_data/action
-- Up-to-date: /home/daniel/dev_ws/install/ros2_data/include/ros2_data/action/detail
-- Installing: /home/daniel/dev_ws/install/ros2_data/include/ros2_data/action/detail/move_xyz__rosidl_typesupport_fastrtps_c.h
-- Installing: /home/daniel/dev_ws/install/ros2_data/include/ros2_data/action/detail/move_ypr__rosidl_typesupport_fastrtps_c.h
-- Installing: /home/daniel/dev_ws/install/ros2_data/include/ros2_data/action/detail/move_r__rosidl_typesupport_fastrtps_c.h
-- Installing: /home/daniel/dev_ws/install/ros2_data/include/ros2_data/action/detail/move_j__rosidl_typesupport_fastrtps_c.h
-- Installing: /home/daniel/dev_ws/install/ros2_data/include/ros2_data/action/detail/move_g__rosidl_typesupport_fastrtps_c.h
-- Installing: /home/daniel/dev_ws/install/ros2_data/include/ros2_data/action/detail/move_xyzw__rosidl_typesupport_fastrtps_c.h
-- Installing: /home/daniel/dev_ws/install/ros2_data/include/ros2_data/action/detail/move_js__rosidl_typesupport_fastrtps_c.h
-- Installing: /home/daniel/dev_ws/install/ros2_data/include/ros2_data/action/detail/move_l__rosidl_typesupport_fastrtps_c.h
-- Installing: /home/daniel/dev_ws/install/ros2_data/include/ros2_data/action/detail/move_rot__rosidl_typesupport_fastrtps_c.h
-- Installing: /home/daniel/dev_ws/install/ros2_data/include/ros2_data/action/detail/move_rp__rosidl_typesupport_fastrtps_c.h
-- Installing: /home/daniel/dev_ws/install/ros2_data/lib/libros2_data__rosidl_typesupport_fastrtps_c.so
-- Set runtime path of "/home/daniel/dev_ws/install/ros2_data/lib/libros2_data__rosidl_typesupport_fastrtps_c.so" to ""
-- Up-to-date: /home/daniel/dev_ws/install/ros2_data/include/ros2_data
-- Up-to-date: /home/daniel/dev_ws/install/ros2_data/include/ros2_data/msg
-- Installing: /home/daniel/dev_ws/install/ros2_data/include/ros2_data/msg/rosidl_typesupport_fastrtps_cpp__visibility_control.h
-- Up-to-date: /home/daniel/dev_ws/install/ros2_data/include/ros2_data/msg/detail
-- Installing: /home/daniel/dev_ws/install/ros2_data/include/ros2_data/msg/detail/joint_pose_s__rosidl_typesupport_fastrtps_cpp.hpp
-- Installing: /home/daniel/dev_ws/install/ros2_data/include/ros2_data/msg/detail/dds_fastrtps
-- Installing: /home/daniel/dev_ws/install/ros2_data/include/ros2_data/msg/detail/joint_pose__rosidl_typesupport_fastrtps_cpp.hpp
-- Up-to-date: /home/daniel/dev_ws/install/ros2_data/include/ros2_data/action
-- Up-to-date: /home/daniel/dev_ws/install/ros2_data/include/ros2_data/action/detail
-- Installing: /home/daniel/dev_ws/install/ros2_data/include/ros2_data/action/detail/move_rot__rosidl_typesupport_fastrtps_cpp.hpp
-- Installing: /home/daniel/dev_ws/install/ros2_data/include/ros2_data/action/detail/move_rp__rosidl_typesupport_fastrtps_cpp.hpp
-- Installing: /home/daniel/dev_ws/install/ros2_data/include/ros2_data/action/detail/move_j__rosidl_typesupport_fastrtps_cpp.hpp
-- Installing: /home/daniel/dev_ws/install/ros2_data/include/ros2_data/action/detail/move_ypr__rosidl_typesupport_fastrtps_cpp.hpp
-- Installing: /home/daniel/dev_ws/install/ros2_data/include/ros2_data/action/detail/move_g__rosidl_typesupport_fastrtps_cpp.hpp
-- Installing: /home/daniel/dev_ws/install/ros2_data/include/ros2_data/action/detail/move_js__rosidl_typesupport_fastrtps_cpp.hpp
-- Installing: /home/daniel/dev_ws/install/ros2_data/include/ros2_data/action/detail/move_xyzw__rosidl_typesupport_fastrtps_cpp.hpp
-- Installing: /home/daniel/dev_ws/install/ros2_data/include/ros2_data/action/detail/move_l__rosidl_typesupport_fastrtps_cpp.hpp
-- Installing: /home/daniel/dev_ws/install/ros2_data/include/ros2_data/action/detail/move_xyz__rosidl_typesupport_fastrtps_cpp.hpp
-- Installing: /home/daniel/dev_ws/install/ros2_data/include/ros2_data/action/detail/dds_fastrtps
-- Installing: /home/daniel/dev_ws/install/ros2_data/include/ros2_data/action/detail/move_r__rosidl_typesupport_fastrtps_cpp.hpp
-- Installing: /home/daniel/dev_ws/install/ros2_data/lib/libros2_data__rosidl_typesupport_fastrtps_cpp.so
-- Set runtime path of "/home/daniel/dev_ws/install/ros2_data/lib/libros2_data__rosidl_typesupport_fastrtps_cpp.so" to ""
-- Up-to-date: /home/daniel/dev_ws/install/ros2_data/include/ros2_data
-- Up-to-date: /home/daniel/dev_ws/install/ros2_data/include/ros2_data/msg
-- Installing: /home/daniel/dev_ws/install/ros2_data/include/ros2_data/msg/rosidl_typesupport_introspection_c__visibility_control.h
-- Up-to-date: /home/daniel/dev_ws/install/ros2_data/include/ros2_data/msg/detail
-- Installing: /home/daniel/dev_ws/install/ros2_data/include/ros2_data/msg/detail/joint_pose__rosidl_typesupport_introspection_c.h
-- Installing: /home/daniel/dev_ws/install/ros2_data/include/ros2_data/msg/detail/joint_pose__type_support.c
-- Installing: /home/daniel/dev_ws/install/ros2_data/include/ros2_data/msg/detail/joint_pose_s__type_support.c
-- Installing: /home/daniel/dev_ws/install/ros2_data/include/ros2_data/msg/detail/joint_pose_s__rosidl_typesupport_introspection_c.h
-- Up-to-date: /home/daniel/dev_ws/install/ros2_data/include/ros2_data/action
-- Up-to-date: /home/daniel/dev_ws/install/ros2_data/include/ros2_data/action/detail
-- Installing: /home/daniel/dev_ws/install/ros2_data/include/ros2_data/action/detail/move_js__type_support.c
-- Installing: /home/daniel/dev_ws/install/ros2_data/include/ros2_data/action/detail/move_j__type_support.c
-- Installing: /home/daniel/dev_ws/install/ros2_data/include/ros2_data/action/detail/move_g__type_support.c
-- Installing: /home/daniel/dev_ws/install/ros2_data/include/ros2_data/action/detail/move_l__rosidl_typesupport_introspection_c.h
-- Installing: /home/daniel/dev_ws/install/ros2_data/include/ros2_data/action/detail/move_xyz__type_support.c
-- Installing: /home/daniel/dev_ws/install/ros2_data/include/ros2_data/action/detail/move_j__rosidl_typesupport_introspection_c.h
-- Installing: /home/daniel/dev_ws/install/ros2_data/include/ros2_data/action/detail/move_rot__rosidl_typesupport_introspection_c.h
-- Installing: /home/daniel/dev_ws/install/ros2_data/include/ros2_data/action/detail/move_xyzw__rosidl_typesupport_introspection_c.h
-- Installing: /home/daniel/dev_ws/install/ros2_data/include/ros2_data/action/detail/move_js__rosidl_typesupport_introspection_c.h
-- Installing: /home/daniel/dev_ws/install/ros2_data/include/ros2_data/action/detail/move_xyz__rosidl_typesupport_introspection_c.h
-- Installing: /home/daniel/dev_ws/install/ros2_data/include/ros2_data/action/detail/move_l__type_support.c
-- Installing: /home/daniel/dev_ws/install/ros2_data/include/ros2_data/action/detail/move_r__type_support.c
-- Installing: /home/daniel/dev_ws/install/ros2_data/include/ros2_data/action/detail/move_g__rosidl_typesupport_introspection_c.h
-- Installing: /home/daniel/dev_ws/install/ros2_data/include/ros2_data/action/detail/move_xyzw__type_support.c
-- Installing: /home/daniel/dev_ws/install/ros2_data/include/ros2_data/action/detail/move_r__rosidl_typesupport_introspection_c.h
-- Installing: /home/daniel/dev_ws/install/ros2_data/include/ros2_data/action/detail/move_rp__rosidl_typesupport_introspection_c.h
-- Installing: /home/daniel/dev_ws/install/ros2_data/include/ros2_data/action/detail/move_ypr__type_support.c
-- Installing: /home/daniel/dev_ws/install/ros2_data/include/ros2_data/action/detail/move_ypr__rosidl_typesupport_introspection_c.h
-- Installing: /home/daniel/dev_ws/install/ros2_data/include/ros2_data/action/detail/move_rp__type_support.c
-- Installing: /home/daniel/dev_ws/install/ros2_data/include/ros2_data/action/detail/move_rot__type_support.c
-- Installing: /home/daniel/dev_ws/install/ros2_data/lib/libros2_data__rosidl_typesupport_introspection_c.so
-- Set runtime path of "/home/daniel/dev_ws/install/ros2_data/lib/libros2_data__rosidl_typesupport_introspection_c.so" to ""
-- Installing: /home/daniel/dev_ws/install/ros2_data/lib/libros2_data__rosidl_typesupport_c.so
-- Set runtime path of "/home/daniel/dev_ws/install/ros2_data/lib/libros2_data__rosidl_typesupport_c.so" to ""
-- Up-to-date: /home/daniel/dev_ws/install/ros2_data/include/ros2_data
-- Up-to-date: /home/daniel/dev_ws/install/ros2_data/include/ros2_data/msg
-- Installing: /home/daniel/dev_ws/install/ros2_data/include/ros2_data/msg/joint_pose.hpp
-- Installing: /home/daniel/dev_ws/install/ros2_data/include/ros2_data/msg/joint_pose_s.hpp
-- Up-to-date: /home/daniel/dev_ws/install/ros2_data/include/ros2_data/msg/detail
-- Installing: /home/daniel/dev_ws/install/ros2_data/include/ros2_data/msg/detail/joint_pose_s__struct.hpp
-- Installing: /home/daniel/dev_ws/install/ros2_data/include/ros2_data/msg/detail/joint_pose__builder.hpp
-- Installing: /home/daniel/dev_ws/install/ros2_data/include/ros2_data/msg/detail/joint_pose__traits.hpp
-- Installing: /home/daniel/dev_ws/install/ros2_data/include/ros2_data/msg/detail/joint_pose__struct.hpp
-- Installing: /home/daniel/dev_ws/install/ros2_data/include/ros2_data/msg/detail/joint_pose_s__builder.hpp
-- Installing: /home/daniel/dev_ws/install/ros2_data/include/ros2_data/msg/detail/joint_pose__type_support.hpp
-- Installing: /home/daniel/dev_ws/install/ros2_data/include/ros2_data/msg/detail/joint_pose_s__traits.hpp
-- Installing: /home/daniel/dev_ws/install/ros2_data/include/ros2_data/msg/detail/joint_pose_s__type_support.hpp
-- Installing: /home/daniel/dev_ws/install/ros2_data/include/ros2_data/msg/rosidl_generator_cpp__visibility_control.hpp
-- Up-to-date: /home/daniel/dev_ws/install/ros2_data/include/ros2_data/action
-- Installing: /home/daniel/dev_ws/install/ros2_data/include/ros2_data/action/move_g.hpp
-- Installing: /home/daniel/dev_ws/install/ros2_data/include/ros2_data/action/move_r.hpp
-- Installing: /home/daniel/dev_ws/install/ros2_data/include/ros2_data/action/move_l.hpp
-- Installing: /home/daniel/dev_ws/install/ros2_data/include/ros2_data/action/move_js.hpp
-- Installing: /home/daniel/dev_ws/install/ros2_data/include/ros2_data/action/move_ypr.hpp
-- Installing: /home/daniel/dev_ws/install/ros2_data/include/ros2_data/action/move_xyzw.hpp
-- Installing: /home/daniel/dev_ws/install/ros2_data/include/ros2_data/action/move_rot.hpp
-- Installing: /home/daniel/dev_ws/install/ros2_data/include/ros2_data/action/move_j.hpp
-- Installing: /home/daniel/dev_ws/install/ros2_data/include/ros2_data/action/move_xyz.hpp
-- Up-to-date: /home/daniel/dev_ws/install/ros2_data/include/ros2_data/action/detail
-- Installing: /home/daniel/dev_ws/install/ros2_data/include/ros2_data/action/detail/move_ypr__struct.hpp
-- Installing: /home/daniel/dev_ws/install/ros2_data/include/ros2_data/action/detail/move_r__traits.hpp
-- Installing: /home/daniel/dev_ws/install/ros2_data/include/ros2_data/action/detail/move_l__traits.hpp
-- Installing: /home/daniel/dev_ws/install/ros2_data/include/ros2_data/action/detail/move_ypr__type_support.hpp
-- Installing: /home/daniel/dev_ws/install/ros2_data/include/ros2_data/action/detail/move_js__struct.hpp
-- Installing: /home/daniel/dev_ws/install/ros2_data/include/ros2_data/action/detail/move_l__type_support.hpp
-- Installing: /home/daniel/dev_ws/install/ros2_data/include/ros2_data/action/detail/move_xyzw__builder.hpp
-- Installing: /home/daniel/dev_ws/install/ros2_data/include/ros2_data/action/detail/move_r__builder.hpp
-- Installing: /home/daniel/dev_ws/install/ros2_data/include/ros2_data/action/detail/move_js__traits.hpp
-- Installing: /home/daniel/dev_ws/install/ros2_data/include/ros2_data/action/detail/move_j__traits.hpp
-- Installing: /home/daniel/dev_ws/install/ros2_data/include/ros2_data/action/detail/move_g__struct.hpp
-- Installing: /home/daniel/dev_ws/install/ros2_data/include/ros2_data/action/detail/move_l__builder.hpp
-- Installing: /home/daniel/dev_ws/install/ros2_data/include/ros2_data/action/detail/move_rot__type_support.hpp
-- Installing: /home/daniel/dev_ws/install/ros2_data/include/ros2_data/action/detail/move_rp__type_support.hpp
-- Installing: /home/daniel/dev_ws/install/ros2_data/include/ros2_data/action/detail/move_rot__traits.hpp
-- Installing: /home/daniel/dev_ws/install/ros2_data/include/ros2_data/action/detail/move_xyzw__type_support.hpp
-- Installing: /home/daniel/dev_ws/install/ros2_data/include/ros2_data/action/detail/move_l__struct.hpp
-- Installing: /home/daniel/dev_ws/install/ros2_data/include/ros2_data/action/detail/move_xyzw__struct.hpp
-- Installing: /home/daniel/dev_ws/install/ros2_data/include/ros2_data/action/detail/move_xyz__builder.hpp
-- Installing: /home/daniel/dev_ws/install/ros2_data/include/ros2_data/action/detail/move_xyz__struct.hpp
-- Installing: /home/daniel/dev_ws/install/ros2_data/include/ros2_data/action/detail/move_rp__builder.hpp
-- Installing: /home/daniel/dev_ws/install/ros2_data/include/ros2_data/action/detail/move_j__builder.hpp
-- Installing: /home/daniel/dev_ws/install/ros2_data/include/ros2_data/action/detail/move_rot__builder.hpp
-- Installing: /home/daniel/dev_ws/install/ros2_data/include/ros2_data/action/detail/move_js__builder.hpp
-- Installing: /home/daniel/dev_ws/install/ros2_data/include/ros2_data/action/detail/move_r__type_support.hpp
-- Installing: /home/daniel/dev_ws/install/ros2_data/include/ros2_data/action/detail/move_xyzw__traits.hpp
-- Installing: /home/daniel/dev_ws/install/ros2_data/include/ros2_data/action/detail/move_rp__struct.hpp
-- Installing: /home/daniel/dev_ws/install/ros2_data/include/ros2_data/action/detail/move_js__type_support.hpp
-- Installing: /home/daniel/dev_ws/install/ros2_data/include/ros2_data/action/detail/move_rp__traits.hpp
-- Installing: /home/daniel/dev_ws/install/ros2_data/include/ros2_data/action/detail/move_g__builder.hpp
-- Installing: /home/daniel/dev_ws/install/ros2_data/include/ros2_data/action/detail/move_xyz__traits.hpp
-- Installing: /home/daniel/dev_ws/install/ros2_data/include/ros2_data/action/detail/move_j__struct.hpp
-- Installing: /home/daniel/dev_ws/install/ros2_data/include/ros2_data/action/detail/move_j__type_support.hpp
-- Installing: /home/daniel/dev_ws/install/ros2_data/include/ros2_data/action/detail/move_r__struct.hpp
-- Installing: /home/daniel/dev_ws/install/ros2_data/include/ros2_data/action/detail/move_rot__struct.hpp
-- Installing: /home/daniel/dev_ws/install/ros2_data/include/ros2_data/action/detail/move_g__type_support.hpp
-- Installing: /home/daniel/dev_ws/install/ros2_data/include/ros2_data/action/detail/move_ypr__traits.hpp
-- Installing: /home/daniel/dev_ws/install/ros2_data/include/ros2_data/action/detail/move_g__traits.hpp
-- Installing: /home/daniel/dev_ws/install/ros2_data/include/ros2_data/action/detail/move_ypr__builder.hpp
-- Installing: /home/daniel/dev_ws/install/ros2_data/include/ros2_data/action/detail/move_xyz__type_support.hpp
-- Installing: /home/daniel/dev_ws/install/ros2_data/include/ros2_data/action/move_rp.hpp
-- Up-to-date: /home/daniel/dev_ws/install/ros2_data/include/ros2_data
-- Up-to-date: /home/daniel/dev_ws/install/ros2_data/include/ros2_data/msg
-- Up-to-date: /home/daniel/dev_ws/install/ros2_data/include/ros2_data/msg/detail
-- Installing: /home/daniel/dev_ws/install/ros2_data/include/ros2_data/msg/detail/joint_pose__type_support.cpp
-- Installing: /home/daniel/dev_ws/install/ros2_data/include/ros2_data/msg/detail/joint_pose_s__type_support.cpp
-- Installing: /home/daniel/dev_ws/install/ros2_data/include/ros2_data/msg/detail/joint_pose_s__rosidl_typesupport_introspection_cpp.hpp
-- Installing: /home/daniel/dev_ws/install/ros2_data/include/ros2_data/msg/detail/joint_pose__rosidl_typesupport_introspection_cpp.hpp
-- Up-to-date: /home/daniel/dev_ws/install/ros2_data/include/ros2_data/action
-- Up-to-date: /home/daniel/dev_ws/install/ros2_data/include/ros2_data/action/detail
-- Installing: /home/daniel/dev_ws/install/ros2_data/include/ros2_data/action/detail/move_ypr__type_support.cpp
-- Installing: /home/daniel/dev_ws/install/ros2_data/include/ros2_data/action/detail/move_l__rosidl_typesupport_introspection_cpp.hpp
-- Installing: /home/daniel/dev_ws/install/ros2_data/include/ros2_data/action/detail/move_j__rosidl_typesupport_introspection_cpp.hpp
-- Installing: /home/daniel/dev_ws/install/ros2_data/include/ros2_data/action/detail/move_rot__type_support.cpp
-- Installing: /home/daniel/dev_ws/install/ros2_data/include/ros2_data/action/detail/move_g__rosidl_typesupport_introspection_cpp.hpp
-- Installing: /home/daniel/dev_ws/install/ros2_data/include/ros2_data/action/detail/move_rp__rosidl_typesupport_introspection_cpp.hpp
-- Installing: /home/daniel/dev_ws/install/ros2_data/include/ros2_data/action/detail/move_js__rosidl_typesupport_introspection_cpp.hpp
-- Installing: /home/daniel/dev_ws/install/ros2_data/include/ros2_data/action/detail/move_rot__rosidl_typesupport_introspection_cpp.hpp
-- Installing: /home/daniel/dev_ws/install/ros2_data/include/ros2_data/action/detail/move_r__rosidl_typesupport_introspection_cpp.hpp
-- Installing: /home/daniel/dev_ws/install/ros2_data/include/ros2_data/action/detail/move_js__type_support.cpp
-- Installing: /home/daniel/dev_ws/install/ros2_data/include/ros2_data/action/detail/move_xyzw__type_support.cpp
-- Installing: /home/daniel/dev_ws/install/ros2_data/include/ros2_data/action/detail/move_xyzw__rosidl_typesupport_introspection_cpp.hpp
-- Installing: /home/daniel/dev_ws/install/ros2_data/include/ros2_data/action/detail/move_l__type_support.cpp
-- Installing: /home/daniel/dev_ws/install/ros2_data/include/ros2_data/action/detail/move_r__type_support.cpp
-- Installing: /home/daniel/dev_ws/install/ros2_data/include/ros2_data/action/detail/move_g__type_support.cpp
-- Installing: /home/daniel/dev_ws/install/ros2_data/include/ros2_data/action/detail/move_xyz__type_support.cpp
-- Installing: /home/daniel/dev_ws/install/ros2_data/include/ros2_data/action/detail/move_rp__type_support.cpp
-- Installing: /home/daniel/dev_ws/install/ros2_data/include/ros2_data/action/detail/move_ypr__rosidl_typesupport_introspection_cpp.hpp
-- Installing: /home/daniel/dev_ws/install/ros2_data/include/ros2_data/action/detail/move_j__type_support.cpp
-- Installing: /home/daniel/dev_ws/install/ros2_data/include/ros2_data/action/detail/move_xyz__rosidl_typesupport_introspection_cpp.hpp
-- Installing: /home/daniel/dev_ws/install/ros2_data/lib/libros2_data__rosidl_typesupport_introspection_cpp.so
-- Set runtime path of "/home/daniel/dev_ws/install/ros2_data/lib/libros2_data__rosidl_typesupport_introspection_cpp.so" to ""
-- Installing: /home/daniel/dev_ws/install/ros2_data/lib/libros2_data__rosidl_typesupport_cpp.so
-- Set runtime path of "/home/daniel/dev_ws/install/ros2_data/lib/libros2_data__rosidl_typesupport_cpp.so" to ""
-- Installing: /home/daniel/dev_ws/install/ros2_data/share/ros2_data/environment/pythonpath.sh
-- Installing: /home/daniel/dev_ws/install/ros2_data/share/ros2_data/environment/pythonpath.dsv
-- Installing: /home/daniel/dev_ws/install/ros2_data/lib/python3.8/site-packages/ros2_data/__init__.py
Compiling '/home/daniel/dev_ws/install/ros2_data/lib/python3.8/site-packages/ros2_data/__init__.py'...
-- Installing: /home/daniel/dev_ws/install/ros2_data/lib/python3.8/site-packages/ros2_data/msg
-- Installing: /home/daniel/dev_ws/install/ros2_data/lib/python3.8/site-packages/ros2_data/msg/__init__.py
-- Installing: /home/daniel/dev_ws/install/ros2_data/lib/python3.8/site-packages/ros2_data/msg/_joint_pose_s.c
-- Installing: /home/daniel/dev_ws/install/ros2_data/lib/python3.8/site-packages/ros2_data/msg/_joint_pose.py
-- Installing: /home/daniel/dev_ws/install/ros2_data/lib/python3.8/site-packages/ros2_data/msg/_joint_pose_s_s.c
-- Installing: /home/daniel/dev_ws/install/ros2_data/lib/python3.8/site-packages/ros2_data/msg/_joint_pose_s.py
-- Installing: /home/daniel/dev_ws/install/ros2_data/lib/python3.8/site-packages/ros2_data/action
-- Installing: /home/daniel/dev_ws/install/ros2_data/lib/python3.8/site-packages/ros2_data/action/_move_ypr.py
-- Installing: /home/daniel/dev_ws/install/ros2_data/lib/python3.8/site-packages/ros2_data/action/_move_xyzw_s.c
-- Installing: /home/daniel/dev_ws/install/ros2_data/lib/python3.8/site-packages/ros2_data/action/_move_g_s.c
-- Installing: /home/daniel/dev_ws/install/ros2_data/lib/python3.8/site-packages/ros2_data/action/_move_rp.py
-- Installing: /home/daniel/dev_ws/install/ros2_data/lib/python3.8/site-packages/ros2_data/action/_move_js.py
-- Installing: /home/daniel/dev_ws/install/ros2_data/lib/python3.8/site-packages/ros2_data/action/_move_r_s.c
-- Installing: /home/daniel/dev_ws/install/ros2_data/lib/python3.8/site-packages/ros2_data/action/_move_xyz_s.c
-- Installing: /home/daniel/dev_ws/install/ros2_data/lib/python3.8/site-packages/ros2_data/action/_move_rot_s.c
-- Installing: /home/daniel/dev_ws/install/ros2_data/lib/python3.8/site-packages/ros2_data/action/_move_xyzw.py
-- Installing: /home/daniel/dev_ws/install/ros2_data/lib/python3.8/site-packages/ros2_data/action/__init__.py
-- Installing: /home/daniel/dev_ws/install/ros2_data/lib/python3.8/site-packages/ros2_data/action/_move_js_s.c
-- Installing: /home/daniel/dev_ws/install/ros2_data/lib/python3.8/site-packages/ros2_data/action/_move_rot.py
-- Installing: /home/daniel/dev_ws/install/ros2_data/lib/python3.8/site-packages/ros2_data/action/_move_r.py
-- Installing: /home/daniel/dev_ws/install/ros2_data/lib/python3.8/site-packages/ros2_data/action/_move_g.py
-- Installing: /home/daniel/dev_ws/install/ros2_data/lib/python3.8/site-packages/ros2_data/action/_move_rp_s.c
-- Installing: /home/daniel/dev_ws/install/ros2_data/lib/python3.8/site-packages/ros2_data/action/_move_j.py
-- Installing: /home/daniel/dev_ws/install/ros2_data/lib/python3.8/site-packages/ros2_data/action/_move_j_s.c
-- Installing: /home/daniel/dev_ws/install/ros2_data/lib/python3.8/site-packages/ros2_data/action/_move_l_s.c
-- Installing: /home/daniel/dev_ws/install/ros2_data/lib/python3.8/site-packages/ros2_data/action/_move_l.py
-- Installing: /home/daniel/dev_ws/install/ros2_data/lib/python3.8/site-packages/ros2_data/action/_move_xyz.py
-- Installing: /home/daniel/dev_ws/install/ros2_data/lib/python3.8/site-packages/ros2_data/action/_move_ypr_s.c
-- Installing: /home/daniel/dev_ws/install/ros2_data/lib/python3.8/site-packages/ros2_data/ros2_data_s__rosidl_typesupport_fastrtps_c.cpython-38-x86_64-linux-gnu.so
-- Set runtime path of "/home/daniel/dev_ws/install/ros2_data/lib/python3.8/site-packages/ros2_data/ros2_data_s__rosidl_typesupport_fastrtps_c.cpython-38-x86_64-linux-gnu.so" to ""
-- Installing: /home/daniel/dev_ws/install/ros2_data/lib/python3.8/site-packages/ros2_data/ros2_data_s__rosidl_typesupport_introspection_c.cpython-38-x86_64-linux-gnu.so
-- Set runtime path of "/home/daniel/dev_ws/install/ros2_data/lib/python3.8/site-packages/ros2_data/ros2_data_s__rosidl_typesupport_introspection_c.cpython-38-x86_64-linux-gnu.so" to ""
-- Installing: /home/daniel/dev_ws/install/ros2_data/lib/python3.8/site-packages/ros2_data/ros2_data_s__rosidl_typesupport_c.cpython-38-x86_64-linux-gnu.so
-- Set runtime path of "/home/daniel/dev_ws/install/ros2_data/lib/python3.8/site-packages/ros2_data/ros2_data_s__rosidl_typesupport_c.cpython-38-x86_64-linux-gnu.so" to ""
-- Installing: /home/daniel/dev_ws/install/ros2_data/lib/libros2_data__python.so
-- Set runtime path of "/home/daniel/dev_ws/install/ros2_data/lib/libros2_data__python.so" to ""
-- Installing: /home/daniel/dev_ws/install/ros2_data/share/ros2_data/msg/JointPose.idl
-- Installing: /home/daniel/dev_ws/install/ros2_data/share/ros2_data/msg/JointPoseS.idl
-- Installing: /home/daniel/dev_ws/install/ros2_data/share/ros2_data/action/MoveJ.idl
-- Installing: /home/daniel/dev_ws/install/ros2_data/share/ros2_data/action/MoveJs.idl
-- Installing: /home/daniel/dev_ws/install/ros2_data/share/ros2_data/action/MoveG.idl
-- Installing: /home/daniel/dev_ws/install/ros2_data/share/ros2_data/action/MoveXYZW.idl
-- Installing: /home/daniel/dev_ws/install/ros2_data/share/ros2_data/action/MoveL.idl
-- Installing: /home/daniel/dev_ws/install/ros2_data/share/ros2_data/action/MoveR.idl
-- Installing: /home/daniel/dev_ws/install/ros2_data/share/ros2_data/action/MoveXYZ.idl
-- Installing: /home/daniel/dev_ws/install/ros2_data/share/ros2_data/action/MoveYPR.idl
-- Installing: /home/daniel/dev_ws/install/ros2_data/share/ros2_data/action/MoveROT.idl
-- Installing: /home/daniel/dev_ws/install/ros2_data/share/ros2_data/action/MoveRP.idl
-- Installing: /home/daniel/dev_ws/install/ros2_data/share/ros2_data/msg/JointPose.msg
-- Installing: /home/daniel/dev_ws/install/ros2_data/share/ros2_data/msg/JointPoseS.msg
-- Installing: /home/daniel/dev_ws/install/ros2_data/share/ros2_data/action/MoveJ.action
-- Installing: /home/daniel/dev_ws/install/ros2_data/share/ros2_data/action/MoveJs.action
-- Installing: /home/daniel/dev_ws/install/ros2_data/share/ros2_data/action/MoveG.action
-- Installing: /home/daniel/dev_ws/install/ros2_data/share/ros2_data/action/MoveXYZW.action
-- Installing: /home/daniel/dev_ws/install/ros2_data/share/ros2_data/action/MoveL.action
-- Installing: /home/daniel/dev_ws/install/ros2_data/share/ros2_data/action/MoveR.action
-- Installing: /home/daniel/dev_ws/install/ros2_data/share/ros2_data/action/MoveXYZ.action
-- Installing: /home/daniel/dev_ws/install/ros2_data/share/ros2_data/action/MoveYPR.action
-- Installing: /home/daniel/dev_ws/install/ros2_data/share/ros2_data/action/MoveROT.action
-- Installing: /home/daniel/dev_ws/install/ros2_data/share/ros2_data/action/MoveRP.action
-- Installing: /home/daniel/dev_ws/install/ros2_data/share/ament_index/resource_index/package_run_dependencies/ros2_data
-- Installing: /home/daniel/dev_ws/install/ros2_data/share/ament_index/resource_index/parent_prefix_path/ros2_data
-- Installing: /home/daniel/dev_ws/install/ros2_data/share/ros2_data/environment/ament_prefix_path.sh
-- Installing: /home/daniel/dev_ws/install/ros2_data/share/ros2_data/environment/ament_prefix_path.dsv
-- Installing: /home/daniel/dev_ws/install/ros2_data/share/ros2_data/environment/path.sh
-- Installing: /home/daniel/dev_ws/install/ros2_data/share/ros2_data/environment/path.dsv
-- Installing: /home/daniel/dev_ws/install/ros2_data/share/ros2_data/local_setup.bash
-- Installing: /home/daniel/dev_ws/install/ros2_data/share/ros2_data/local_setup.sh
-- Installing: /home/daniel/dev_ws/install/ros2_data/share/ros2_data/local_setup.zsh
-- Installing: /home/daniel/dev_ws/install/ros2_data/share/ros2_data/local_setup.dsv
-- Installing: /home/daniel/dev_ws/install/ros2_data/share/ros2_data/package.dsv
-- Installing: /home/daniel/dev_ws/install/ros2_data/share/ament_index/resource_index/packages/ros2_data
-- Installing: /home/daniel/dev_ws/install/ros2_data/share/ros2_data/cmake/ros2_data__rosidl_generator_cExport.cmake
-- Installing: /home/daniel/dev_ws/install/ros2_data/share/ros2_data/cmake/ros2_data__rosidl_generator_cExport-noconfig.cmake
-- Installing: /home/daniel/dev_ws/install/ros2_data/share/ros2_data/cmake/ros2_data__rosidl_typesupport_introspection_cExport.cmake
-- Installing: /home/daniel/dev_ws/install/ros2_data/share/ros2_data/cmake/ros2_data__rosidl_typesupport_introspection_cExport-noconfig.cmake
-- Installing: /home/daniel/dev_ws/install/ros2_data/share/ros2_data/cmake/ros2_data__rosidl_typesupport_cExport.cmake
-- Installing: /home/daniel/dev_ws/install/ros2_data/share/ros2_data/cmake/ros2_data__rosidl_typesupport_cExport-noconfig.cmake
-- Installing: /home/daniel/dev_ws/install/ros2_data/share/ros2_data/cmake/ros2_data__rosidl_generator_cppExport.cmake
-- Installing: /home/daniel/dev_ws/install/ros2_data/share/ros2_data/cmake/ros2_data__rosidl_typesupport_introspection_cppExport.cmake
-- Installing: /home/daniel/dev_ws/install/ros2_data/share/ros2_data/cmake/ros2_data__rosidl_typesupport_introspection_cppExport-noconfig.cmake
-- Installing: /home/daniel/dev_ws/install/ros2_data/share/ros2_data/cmake/ros2_data__rosidl_typesupport_cppExport.cmake
-- Installing: /home/daniel/dev_ws/install/ros2_data/share/ros2_data/cmake/ros2_data__rosidl_typesupport_cppExport-noconfig.cmake
-- Installing: /home/daniel/dev_ws/install/ros2_data/share/ros2_data/cmake/rosidl_cmake-extras.cmake
-- Installing: /home/daniel/dev_ws/install/ros2_data/share/ros2_data/cmake/ament_cmake_export_dependencies-extras.cmake
-- Installing: /home/daniel/dev_ws/install/ros2_data/share/ros2_data/cmake/ament_cmake_export_libraries-extras.cmake
-- Installing: /home/daniel/dev_ws/install/ros2_data/share/ros2_data/cmake/ament_cmake_export_targets-extras.cmake
-- Installing: /home/daniel/dev_ws/install/ros2_data/share/ros2_data/cmake/ament_cmake_export_include_directories-extras.cmake
-- Installing: /home/daniel/dev_ws/install/ros2_data/share/ros2_data/cmake/rosidl_cmake_export_typesupport_libraries-extras.cmake
-- Installing: /home/daniel/dev_ws/install/ros2_data/share/ros2_data/cmake/rosidl_cmake_export_typesupport_targets-extras.cmake
-- Installing: /home/daniel/dev_ws/install/ros2_data/share/ros2_data/cmake/ros2_dataConfig.cmake
-- Installing: /home/daniel/dev_ws/install/ros2_data/share/ros2_data/cmake/ros2_dataConfig-version.cmake
-- Installing: /home/daniel/dev_ws/install/ros2_data/share/ros2_data/package.xml
