[1.247s] Invoking command in '/home/daniel/dev_ws/build/ros2_data': CMAKE_PREFIX_PATH=${CMAKE_PREFIX_PATH}:/home/daniel/dev_ws/install/robot_description:/home/daniel/dev_ws/install/my_doosan_pkg:/home/daniel/dev_ws/install/mobile_manipulator:/home/daniel/dev_ws/install/doosan_description:/home/daniel/dev_ws/install/bulldog_description:/opt/ros/foxy /usr/bin/cmake /home/daniel/dev_ws/src/ros2_data -DCMAKE_INSTALL_PREFIX=/home/daniel/dev_ws/install/ros2_data
[2.717s] -- The C compiler identification is GNU 9.4.0
[2.717s] -- The CXX compiler identification is GNU 9.4.0
[2.718s] -- Check for working C compiler: /usr/bin/cc
[2.718s] -- Check for working C compiler: /usr/bin/cc -- works
[2.720s] -- Detecting C compiler ABI info
[2.721s] -- Detecting C compiler ABI info - done
[2.721s] -- Detecting C compile features
[2.721s] -- Detecting C compile features - done
[2.724s] -- Check for working CXX compiler: /usr/bin/c++
[2.746s] -- Check for working CXX compiler: /usr/bin/c++ -- works
[2.748s] -- Detecting CXX compiler ABI info
[2.866s] -- Detecting CXX compiler ABI info - done
[2.887s] -- Detecting CXX compile features
[2.888s] -- Detecting CXX compile features - done
[2.936s] -- Found ament_cmake: 0.9.12 (/opt/ros/foxy/share/ament_cmake/cmake)
[3.043s] -- Found PythonInterp: /usr/bin/python3 (found suitable version "3.8.10", minimum required is "3") 
[3.043s] -- Using PYTHON_EXECUTABLE: /usr/bin/python3
[3.426s] -- Found rosidl_default_generators: 1.0.1 (/opt/ros/foxy/share/rosidl_default_generators/cmake)
[3.458s] -- Using all available rosidl_typesupport_c: rosidl_typesupport_fastrtps_c;rosidl_typesupport_introspection_c
[3.481s] -- Found rosidl_adapter: 1.3.1 (/opt/ros/foxy/share/rosidl_adapter/cmake)
[3.909s] -- Found OpenSSL: /usr/lib/x86_64-linux-gnu/libcrypto.so (found version "1.1.1f")  
[3.946s] -- Found FastRTPS: /opt/ros/foxy/include  
[4.150s] -- Using all available rosidl_typesupport_cpp: rosidl_typesupport_fastrtps_cpp;rosidl_typesupport_introspection_cpp
[4.276s] -- Found PythonInterp: /usr/bin/python3 (found version "3.8.10") 
[4.742s] -- Found ament_cmake_ros: 0.9.2 (/opt/ros/foxy/share/ament_cmake_ros/cmake)
[4.964s] -- Using all available rosidl_typesupport_c: rosidl_typesupport_fastrtps_c;rosidl_typesupport_introspection_c
[5.048s] -- Using all available rosidl_typesupport_cpp: rosidl_typesupport_fastrtps_cpp;rosidl_typesupport_introspection_cpp
[5.095s] -- Found PythonInterp: /usr/bin/python3 (found suitable version "3.8.10", minimum required is "3.5") 
[5.115s] -- Found python_cmake_module: 0.8.1 (/opt/ros/foxy/share/python_cmake_module/cmake)
[5.249s] -- Found PythonLibs: /usr/lib/x86_64-linux-gnu/libpython3.8.so (found suitable version "3.8.10", minimum required is "3.5") 
[5.249s] -- Using PYTHON_EXECUTABLE: /usr/bin/python3
[5.249s] -- Using PYTHON_INCLUDE_DIRS: /usr/include/python3.8
[5.250s] -- Using PYTHON_LIBRARIES: /usr/lib/x86_64-linux-gnu/libpython3.8.so
[5.284s] -- Found PythonExtra: .so  
[5.357s] -- Found ament_lint_auto: 0.9.8 (/opt/ros/foxy/share/ament_lint_auto/cmake)
[5.470s] -- Added test 'copyright' to check source files copyright and LICENSE
[5.484s] -- Added test 'lint_cmake' to check CMake code style
[5.487s] -- Added test 'xmllint' to check XML markup files
[5.496s] -- Configuring done
[5.586s] -- Generating done
[5.589s] -- Build files have been written to: /home/daniel/dev_ws/build/ros2_data
[5.599s] Invoked command in '/home/daniel/dev_ws/build/ros2_data' returned '0': CMAKE_PREFIX_PATH=${CMAKE_PREFIX_PATH}:/home/daniel/dev_ws/install/robot_description:/home/daniel/dev_ws/install/my_doosan_pkg:/home/daniel/dev_ws/install/mobile_manipulator:/home/daniel/dev_ws/install/doosan_description:/home/daniel/dev_ws/install/bulldog_description:/opt/ros/foxy /usr/bin/cmake /home/daniel/dev_ws/src/ros2_data -DCMAKE_INSTALL_PREFIX=/home/daniel/dev_ws/install/ros2_data
[5.602s] Invoking command in '/home/daniel/dev_ws/build/ros2_data': CMAKE_PREFIX_PATH=${CMAKE_PREFIX_PATH}:/home/daniel/dev_ws/install/robot_description:/home/daniel/dev_ws/install/my_doosan_pkg:/home/daniel/dev_ws/install/mobile_manipulator:/home/daniel/dev_ws/install/doosan_description:/home/daniel/dev_ws/install/bulldog_description:/opt/ros/foxy /usr/bin/cmake --build /home/daniel/dev_ws/build/ros2_data -- -j8 -l8
[5.646s] [  1%] [34m[1mGenerating C code for ROS interfaces[0m
[5.646s] [35m[1mScanning dependencies of target ros2_data__cpp[0m
[5.658s] [  1%] [34m[1mGenerating C++ code for ROS interfaces[0m
[8.041s] [  1%] Built target ros2_data__cpp
[8.053s] [  3%] [34m[1mGenerating C++ introspection for ROS interfaces[0m
[8.053s] [  3%] [34m[1mGenerating C++ type support for eProsima Fast-RTPS[0m
[8.053s] [  3%] [34m[1mGenerating C++ type support dispatch for ROS interfaces[0m
[8.407s] [35m[1mScanning dependencies of target ros2_data__rosidl_generator_c[0m
[8.524s] [  4%] [32mBuilding C object CMakeFiles/ros2_data__rosidl_generator_c.dir/rosidl_generator_c/ros2_data/msg/detail/joint_pose__functions.c.o[0m
[8.530s] [  5%] [32mBuilding C object CMakeFiles/ros2_data__rosidl_generator_c.dir/rosidl_generator_c/ros2_data/msg/detail/joint_pose_s__functions.c.o[0m
[8.533s] [  5%] [32mBuilding C object CMakeFiles/ros2_data__rosidl_generator_c.dir/rosidl_generator_c/ros2_data/action/detail/move_j__functions.c.o[0m
[8.546s] [  6%] [32mBuilding C object CMakeFiles/ros2_data__rosidl_generator_c.dir/rosidl_generator_c/ros2_data/action/detail/move_g__functions.c.o[0m
[8.549s] [  7%] [32mBuilding C object CMakeFiles/ros2_data__rosidl_generator_c.dir/rosidl_generator_c/ros2_data/action/detail/move_js__functions.c.o[0m
[8.750s] [  8%] [32mBuilding C object CMakeFiles/ros2_data__rosidl_generator_c.dir/rosidl_generator_c/ros2_data/action/detail/move_xyzw__functions.c.o[0m
[8.802s] [  9%] [32mBuilding C object CMakeFiles/ros2_data__rosidl_generator_c.dir/rosidl_generator_c/ros2_data/action/detail/move_l__functions.c.o[0m
[8.886s] [ 10%] [32mBuilding C object CMakeFiles/ros2_data__rosidl_generator_c.dir/rosidl_generator_c/ros2_data/action/detail/move_xyz__functions.c.o[0m
[8.899s] [ 11%] [32mBuilding C object CMakeFiles/ros2_data__rosidl_generator_c.dir/rosidl_generator_c/ros2_data/action/detail/move_r__functions.c.o[0m
[8.933s] [ 11%] [32mBuilding C object CMakeFiles/ros2_data__rosidl_generator_c.dir/rosidl_generator_c/ros2_data/action/detail/move_ypr__functions.c.o[0m
[9.140s] [ 12%] [32mBuilding C object CMakeFiles/ros2_data__rosidl_generator_c.dir/rosidl_generator_c/ros2_data/action/detail/move_rot__functions.c.o[0m
[9.161s] [ 13%] [32mBuilding C object CMakeFiles/ros2_data__rosidl_generator_c.dir/rosidl_generator_c/ros2_data/action/detail/move_rp__functions.c.o[0m
[9.428s] [ 14%] [32m[1mLinking C shared library libros2_data__rosidl_generator_c.so[0m
[9.525s] [ 14%] Built target ros2_data__rosidl_generator_c
[9.538s] [ 15%] [34m[1mGenerating C introspection for ROS interfaces[0m
[9.541s] [ 16%] [34m[1mGenerating C type support dispatch for ROS interfaces[0m
[10.057s] [35m[1mScanning dependencies of target ros2_data__rosidl_typesupport_cpp[0m
[10.197s] [ 17%] [32mBuilding CXX object CMakeFiles/ros2_data__rosidl_typesupport_cpp.dir/rosidl_typesupport_cpp/ros2_data/msg/joint_pose_s__type_support.cpp.o[0m
[10.198s] [ 18%] [32mBuilding CXX object CMakeFiles/ros2_data__rosidl_typesupport_cpp.dir/rosidl_typesupport_cpp/ros2_data/msg/joint_pose__type_support.cpp.o[0m
[10.216s] [ 19%] [32mBuilding CXX object CMakeFiles/ros2_data__rosidl_typesupport_cpp.dir/rosidl_typesupport_cpp/ros2_data/action/move_j__type_support.cpp.o[0m
[10.244s] [ 20%] [32mBuilding CXX object CMakeFiles/ros2_data__rosidl_typesupport_cpp.dir/rosidl_typesupport_cpp/ros2_data/action/move_js__type_support.cpp.o[0m
[11.114s] [35m[1mScanning dependencies of target ros2_data__rosidl_typesupport_introspection_cpp[0m
[11.245s] [ 20%] [32mBuilding CXX object CMakeFiles/ros2_data__rosidl_typesupport_introspection_cpp.dir/rosidl_typesupport_introspection_cpp/ros2_data/msg/detail/joint_pose__type_support.cpp.o[0m
[11.335s] [ 20%] [32mBuilding CXX object CMakeFiles/ros2_data__rosidl_typesupport_cpp.dir/rosidl_typesupport_cpp/ros2_data/action/move_g__type_support.cpp.o[0m
[11.340s] [ 21%] [32mBuilding CXX object CMakeFiles/ros2_data__rosidl_typesupport_introspection_cpp.dir/rosidl_typesupport_introspection_cpp/ros2_data/msg/detail/joint_pose_s__type_support.cpp.o[0m
[11.411s] [ 22%] [32mBuilding CXX object CMakeFiles/ros2_data__rosidl_typesupport_introspection_cpp.dir/rosidl_typesupport_introspection_cpp/ros2_data/action/detail/move_j__type_support.cpp.o[0m
[11.514s] [ 23%] [32mBuilding CXX object CMakeFiles/ros2_data__rosidl_typesupport_introspection_cpp.dir/rosidl_typesupport_introspection_cpp/ros2_data/action/detail/move_js__type_support.cpp.o[0m
[11.956s] [ 24%] [32mBuilding CXX object CMakeFiles/ros2_data__rosidl_typesupport_introspection_cpp.dir/rosidl_typesupport_introspection_cpp/ros2_data/action/detail/move_g__type_support.cpp.o[0m
[11.998s] [ 25%] [32mBuilding CXX object CMakeFiles/ros2_data__rosidl_typesupport_cpp.dir/rosidl_typesupport_cpp/ros2_data/action/move_xyzw__type_support.cpp.o[0m
[12.023s] [ 26%] [32mBuilding CXX object CMakeFiles/ros2_data__rosidl_typesupport_cpp.dir/rosidl_typesupport_cpp/ros2_data/action/move_l__type_support.cpp.o[0m
[12.254s] [ 27%] [32mBuilding CXX object CMakeFiles/ros2_data__rosidl_typesupport_introspection_cpp.dir/rosidl_typesupport_introspection_cpp/ros2_data/action/detail/move_xyzw__type_support.cpp.o[0m
[12.364s] [ 27%] [32mBuilding CXX object CMakeFiles/ros2_data__rosidl_typesupport_introspection_cpp.dir/rosidl_typesupport_introspection_cpp/ros2_data/action/detail/move_l__type_support.cpp.o[0m
[12.373s] [35m[1mScanning dependencies of target ros2_data__rosidl_typesupport_c[0m
[12.523s] [ 28%] [32mBuilding CXX object CMakeFiles/ros2_data__rosidl_typesupport_c.dir/rosidl_typesupport_c/ros2_data/msg/joint_pose__type_support.cpp.o[0m
[12.549s] [35m[1mScanning dependencies of target ros2_data__rosidl_typesupport_fastrtps_cpp[0m
[12.622s] [ 28%] [32mBuilding CXX object CMakeFiles/ros2_data__rosidl_typesupport_c.dir/rosidl_typesupport_c/ros2_data/msg/joint_pose_s__type_support.cpp.o[0m
[12.630s] [ 29%] [32mBuilding CXX object CMakeFiles/ros2_data__rosidl_typesupport_cpp.dir/rosidl_typesupport_cpp/ros2_data/action/move_r__type_support.cpp.o[0m
[12.661s] [ 30%] [32mBuilding CXX object CMakeFiles/ros2_data__rosidl_typesupport_introspection_cpp.dir/rosidl_typesupport_introspection_cpp/ros2_data/action/detail/move_r__type_support.cpp.o[0m
[12.730s] [ 31%] [32mBuilding CXX object CMakeFiles/ros2_data__rosidl_typesupport_fastrtps_cpp.dir/rosidl_typesupport_fastrtps_cpp/ros2_data/msg/detail/dds_fastrtps/joint_pose__type_support.cpp.o[0m
[12.754s] [ 32%] [32mBuilding CXX object CMakeFiles/ros2_data__rosidl_typesupport_cpp.dir/rosidl_typesupport_cpp/ros2_data/action/move_xyz__type_support.cpp.o[0m
[12.754s] [ 33%] [32mBuilding CXX object CMakeFiles/ros2_data__rosidl_typesupport_c.dir/rosidl_typesupport_c/ros2_data/action/move_j__type_support.cpp.o[0m
[12.970s] [ 34%] [32mBuilding CXX object CMakeFiles/ros2_data__rosidl_typesupport_c.dir/rosidl_typesupport_c/ros2_data/action/move_js__type_support.cpp.o[0m
[13.098s] [ 35%] [32mBuilding CXX object CMakeFiles/ros2_data__rosidl_typesupport_cpp.dir/rosidl_typesupport_cpp/ros2_data/action/move_ypr__type_support.cpp.o[0m
[13.148s] [ 36%] [32mBuilding CXX object CMakeFiles/ros2_data__rosidl_typesupport_c.dir/rosidl_typesupport_c/ros2_data/action/move_g__type_support.cpp.o[0m
[13.262s] [ 37%] [32mBuilding CXX object CMakeFiles/ros2_data__rosidl_typesupport_c.dir/rosidl_typesupport_c/ros2_data/action/move_xyzw__type_support.cpp.o[0m
[13.277s] [ 38%] [32mBuilding CXX object CMakeFiles/ros2_data__rosidl_typesupport_cpp.dir/rosidl_typesupport_cpp/ros2_data/action/move_rp__type_support.cpp.o[0m
[13.324s] [ 38%] [32mBuilding CXX object CMakeFiles/ros2_data__rosidl_typesupport_cpp.dir/rosidl_typesupport_cpp/ros2_data/action/move_rot__type_support.cpp.o[0m
[13.359s] [ 39%] [32mBuilding CXX object CMakeFiles/ros2_data__rosidl_typesupport_introspection_cpp.dir/rosidl_typesupport_introspection_cpp/ros2_data/action/detail/move_xyz__type_support.cpp.o[0m
[13.392s] [ 40%] [32mBuilding CXX object CMakeFiles/ros2_data__rosidl_typesupport_c.dir/rosidl_typesupport_c/ros2_data/action/move_l__type_support.cpp.o[0m
[13.468s] [ 41%] [32mBuilding CXX object CMakeFiles/ros2_data__rosidl_typesupport_introspection_cpp.dir/rosidl_typesupport_introspection_cpp/ros2_data/action/detail/move_ypr__type_support.cpp.o[0m
[13.566s] [ 41%] [32mBuilding CXX object CMakeFiles/ros2_data__rosidl_typesupport_c.dir/rosidl_typesupport_c/ros2_data/action/move_r__type_support.cpp.o[0m
[13.656s] [ 42%] [32mBuilding CXX object CMakeFiles/ros2_data__rosidl_typesupport_c.dir/rosidl_typesupport_c/ros2_data/action/move_xyz__type_support.cpp.o[0m
[13.753s] [ 43%] [32mBuilding CXX object CMakeFiles/ros2_data__rosidl_typesupport_c.dir/rosidl_typesupport_c/ros2_data/action/move_ypr__type_support.cpp.o[0m
[13.809s] [ 44%] [32mBuilding CXX object CMakeFiles/ros2_data__rosidl_typesupport_fastrtps_cpp.dir/rosidl_typesupport_fastrtps_cpp/ros2_data/action/detail/dds_fastrtps/move_j__type_support.cpp.o[0m
[13.833s] [ 45%] [32mBuilding CXX object CMakeFiles/ros2_data__rosidl_typesupport_fastrtps_cpp.dir/rosidl_typesupport_fastrtps_cpp/ros2_data/msg/detail/dds_fastrtps/joint_pose_s__type_support.cpp.o[0m
[13.863s] [ 46%] [32mBuilding CXX object CMakeFiles/ros2_data__rosidl_typesupport_c.dir/rosidl_typesupport_c/ros2_data/action/move_rot__type_support.cpp.o[0m
[13.932s] [ 47%] [32mBuilding CXX object CMakeFiles/ros2_data__rosidl_typesupport_introspection_cpp.dir/rosidl_typesupport_introspection_cpp/ros2_data/action/detail/move_rot__type_support.cpp.o[0m
[13.972s] [ 48%] [32mBuilding CXX object CMakeFiles/ros2_data__rosidl_typesupport_c.dir/rosidl_typesupport_c/ros2_data/action/move_rp__type_support.cpp.o[0m
[13.996s] [ 49%] [32m[1mLinking CXX shared library libros2_data__rosidl_typesupport_cpp.so[0m
[14.002s] [ 50%] [32mBuilding CXX object CMakeFiles/ros2_data__rosidl_typesupport_fastrtps_cpp.dir/rosidl_typesupport_fastrtps_cpp/ros2_data/action/detail/dds_fastrtps/move_js__type_support.cpp.o[0m
[14.052s] [35m[1mScanning dependencies of target ros2_data__rosidl_typesupport_introspection_c[0m
[14.075s] [ 51%] [32m[1mLinking CXX shared library libros2_data__rosidl_typesupport_c.so[0m
[14.125s] [ 51%] Built target ros2_data__rosidl_typesupport_cpp
[14.140s] [ 52%] [32mBuilding CXX object CMakeFiles/ros2_data__rosidl_typesupport_fastrtps_cpp.dir/rosidl_typesupport_fastrtps_cpp/ros2_data/action/detail/dds_fastrtps/move_g__type_support.cpp.o[0m
[14.157s] [ 53%] [32mBuilding CXX object CMakeFiles/ros2_data__rosidl_typesupport_introspection_cpp.dir/rosidl_typesupport_introspection_cpp/ros2_data/action/detail/move_rp__type_support.cpp.o[0m
[14.177s] [ 54%] [32mBuilding C object CMakeFiles/ros2_data__rosidl_typesupport_introspection_c.dir/rosidl_typesupport_introspection_c/ros2_data/msg/detail/joint_pose__type_support.c.o[0m
[14.178s] [ 54%] Built target ros2_data__rosidl_typesupport_c
[14.192s] [ 54%] [32mBuilding CXX object CMakeFiles/ros2_data__rosidl_typesupport_fastrtps_cpp.dir/rosidl_typesupport_fastrtps_cpp/ros2_data/action/detail/dds_fastrtps/move_xyzw__type_support.cpp.o[0m
[14.309s] [ 55%] [32mBuilding C object CMakeFiles/ros2_data__rosidl_typesupport_introspection_c.dir/rosidl_typesupport_introspection_c/ros2_data/msg/detail/joint_pose_s__type_support.c.o[0m
[14.447s] [ 56%] [32mBuilding C object CMakeFiles/ros2_data__rosidl_typesupport_introspection_c.dir/rosidl_typesupport_introspection_c/ros2_data/action/detail/move_j__type_support.c.o[0m
[14.616s] [ 56%] [32mBuilding C object CMakeFiles/ros2_data__rosidl_typesupport_introspection_c.dir/rosidl_typesupport_introspection_c/ros2_data/action/detail/move_js__type_support.c.o[0m
[14.671s] [ 57%] [32mBuilding C object CMakeFiles/ros2_data__rosidl_typesupport_introspection_c.dir/rosidl_typesupport_introspection_c/ros2_data/action/detail/move_g__type_support.c.o[0m
[14.789s] [ 58%] [32mBuilding CXX object CMakeFiles/ros2_data__rosidl_typesupport_fastrtps_cpp.dir/rosidl_typesupport_fastrtps_cpp/ros2_data/action/detail/dds_fastrtps/move_l__type_support.cpp.o[0m
[14.797s] [ 59%] [32mBuilding C object CMakeFiles/ros2_data__rosidl_typesupport_introspection_c.dir/rosidl_typesupport_introspection_c/ros2_data/action/detail/move_xyzw__type_support.c.o[0m
[14.911s] [ 60%] [32m[1mLinking CXX shared library libros2_data__rosidl_typesupport_introspection_cpp.so[0m
[14.916s] [ 61%] [32mBuilding C object CMakeFiles/ros2_data__rosidl_typesupport_introspection_c.dir/rosidl_typesupport_introspection_c/ros2_data/action/detail/move_l__type_support.c.o[0m
[14.925s] [ 62%] [32mBuilding CXX object CMakeFiles/ros2_data__rosidl_typesupport_fastrtps_cpp.dir/rosidl_typesupport_fastrtps_cpp/ros2_data/action/detail/dds_fastrtps/move_r__type_support.cpp.o[0m
[14.944s] [ 63%] [32mBuilding CXX object CMakeFiles/ros2_data__rosidl_typesupport_fastrtps_cpp.dir/rosidl_typesupport_fastrtps_cpp/ros2_data/action/detail/dds_fastrtps/move_xyz__type_support.cpp.o[0m
[15.054s] [ 64%] [32mBuilding C object CMakeFiles/ros2_data__rosidl_typesupport_introspection_c.dir/rosidl_typesupport_introspection_c/ros2_data/action/detail/move_r__type_support.c.o[0m
[15.063s] [ 65%] [32mBuilding CXX object CMakeFiles/ros2_data__rosidl_typesupport_fastrtps_cpp.dir/rosidl_typesupport_fastrtps_cpp/ros2_data/action/detail/dds_fastrtps/move_ypr__type_support.cpp.o[0m
[15.210s] [ 65%] Built target ros2_data__rosidl_typesupport_introspection_cpp
[15.233s] [ 66%] [32mBuilding C object CMakeFiles/ros2_data__rosidl_typesupport_introspection_c.dir/rosidl_typesupport_introspection_c/ros2_data/action/detail/move_xyz__type_support.c.o[0m
[15.252s] [ 66%] [32mBuilding C object CMakeFiles/ros2_data__rosidl_typesupport_introspection_c.dir/rosidl_typesupport_introspection_c/ros2_data/action/detail/move_rot__type_support.c.o[0m
[15.258s] [ 67%] [32mBuilding C object CMakeFiles/ros2_data__rosidl_typesupport_introspection_c.dir/rosidl_typesupport_introspection_c/ros2_data/action/detail/move_ypr__type_support.c.o[0m
[15.376s] [ 68%] [32mBuilding CXX object CMakeFiles/ros2_data__rosidl_typesupport_fastrtps_cpp.dir/rosidl_typesupport_fastrtps_cpp/ros2_data/action/detail/dds_fastrtps/move_rot__type_support.cpp.o[0m
[15.401s] [ 69%] [32mBuilding C object CMakeFiles/ros2_data__rosidl_typesupport_introspection_c.dir/rosidl_typesupport_introspection_c/ros2_data/action/detail/move_rp__type_support.c.o[0m
[15.444s] [ 69%] [32mBuilding CXX object CMakeFiles/ros2_data__rosidl_typesupport_fastrtps_cpp.dir/rosidl_typesupport_fastrtps_cpp/ros2_data/action/detail/dds_fastrtps/move_rp__type_support.cpp.o[0m
[15.582s] [ 70%] [32m[1mLinking C shared library libros2_data__rosidl_typesupport_introspection_c.so[0m
[15.753s] [ 70%] Built target ros2_data__rosidl_typesupport_introspection_c
[16.371s] [ 71%] [32m[1mLinking CXX shared library libros2_data__rosidl_typesupport_fastrtps_cpp.so[0m
[16.513s] [ 71%] Built target ros2_data__rosidl_typesupport_fastrtps_cpp
[16.528s] [ 72%] [34m[1mGenerating C type support for eProsima Fast-RTPS[0m
[18.871s] [35m[1mScanning dependencies of target ros2_data__rosidl_typesupport_fastrtps_c[0m
[18.934s] [ 73%] [32mBuilding CXX object CMakeFiles/ros2_data__rosidl_typesupport_fastrtps_c.dir/rosidl_typesupport_fastrtps_c/ros2_data/msg/detail/joint_pose_s__type_support_c.cpp.o[0m
[18.936s] [ 73%] [32mBuilding CXX object CMakeFiles/ros2_data__rosidl_typesupport_fastrtps_c.dir/rosidl_typesupport_fastrtps_c/ros2_data/action/detail/move_j__type_support_c.cpp.o[0m
[18.936s] [ 74%] [32mBuilding CXX object CMakeFiles/ros2_data__rosidl_typesupport_fastrtps_c.dir/rosidl_typesupport_fastrtps_c/ros2_data/action/detail/move_js__type_support_c.cpp.o[0m
[18.937s] [ 75%] [32mBuilding CXX object CMakeFiles/ros2_data__rosidl_typesupport_fastrtps_c.dir/rosidl_typesupport_fastrtps_c/ros2_data/action/detail/move_xyzw__type_support_c.cpp.o[0m
[18.944s] [ 77%] [32mBuilding CXX object CMakeFiles/ros2_data__rosidl_typesupport_fastrtps_c.dir/rosidl_typesupport_fastrtps_c/ros2_data/msg/detail/joint_pose__type_support_c.cpp.o[0m
[18.944s] [ 77%] [32mBuilding CXX object CMakeFiles/ros2_data__rosidl_typesupport_fastrtps_c.dir/rosidl_typesupport_fastrtps_c/ros2_data/action/detail/move_r__type_support_c.cpp.o[0m
[18.947s] [ 78%] [32mBuilding CXX object CMakeFiles/ros2_data__rosidl_typesupport_fastrtps_c.dir/rosidl_typesupport_fastrtps_c/ros2_data/action/detail/move_l__type_support_c.cpp.o[0m
[18.948s] [ 79%] [32mBuilding CXX object CMakeFiles/ros2_data__rosidl_typesupport_fastrtps_c.dir/rosidl_typesupport_fastrtps_c/ros2_data/action/detail/move_g__type_support_c.cpp.o[0m
[19.800s] [ 79%] [32mBuilding CXX object CMakeFiles/ros2_data__rosidl_typesupport_fastrtps_c.dir/rosidl_typesupport_fastrtps_c/ros2_data/action/detail/move_xyz__type_support_c.cpp.o[0m
[19.813s] [ 80%] [32mBuilding CXX object CMakeFiles/ros2_data__rosidl_typesupport_fastrtps_c.dir/rosidl_typesupport_fastrtps_c/ros2_data/action/detail/move_rot__type_support_c.cpp.o[0m
[19.815s] [ 81%] [32mBuilding CXX object CMakeFiles/ros2_data__rosidl_typesupport_fastrtps_c.dir/rosidl_typesupport_fastrtps_c/ros2_data/action/detail/move_ypr__type_support_c.cpp.o[0m
[19.905s] [ 82%] [32mBuilding CXX object CMakeFiles/ros2_data__rosidl_typesupport_fastrtps_c.dir/rosidl_typesupport_fastrtps_c/ros2_data/action/detail/move_rp__type_support_c.cpp.o[0m
[20.675s] [ 83%] [32m[1mLinking CXX shared library libros2_data__rosidl_typesupport_fastrtps_c.so[0m
[20.806s] [ 83%] Built target ros2_data__rosidl_typesupport_fastrtps_c
[20.818s] [35m[1mScanning dependencies of target ros2_data[0m
[20.832s] [ 83%] Built target ros2_data
[20.845s] [35m[1mScanning dependencies of target ros2_data__py[0m
[20.859s] [ 84%] [34m[1mGenerating Python code for ROS interfaces[0m
[26.952s] [ 84%] Built target ros2_data__py
[26.963s] [35m[1mScanning dependencies of target ros2_data__python[0m
[27.123s] [ 87%] [32mBuilding C object CMakeFiles/ros2_data__python.dir/rosidl_generator_py/ros2_data/action/_move_js_s.c.o[0m
[27.124s] [ 87%] [32mBuilding C object CMakeFiles/ros2_data__python.dir/rosidl_generator_py/ros2_data/msg/_joint_pose_s.c.o[0m
[27.124s] [ 87%] [32mBuilding C object CMakeFiles/ros2_data__python.dir/rosidl_generator_py/ros2_data/msg/_joint_pose_s_s.c.o[0m
[27.124s] [ 88%] [32mBuilding C object CMakeFiles/ros2_data__python.dir/rosidl_generator_py/ros2_data/action/_move_j_s.c.o[0m
[27.124s] [ 88%] [32mBuilding C object CMakeFiles/ros2_data__python.dir/rosidl_generator_py/ros2_data/action/_move_g_s.c.o[0m
[27.124s] [ 89%] [32mBuilding C object CMakeFiles/ros2_data__python.dir/rosidl_generator_py/ros2_data/action/_move_xyzw_s.c.o[0m
[27.128s] [ 90%] [32mBuilding C object CMakeFiles/ros2_data__python.dir/rosidl_generator_py/ros2_data/action/_move_l_s.c.o[0m
[27.139s] [ 91%] [32mBuilding C object CMakeFiles/ros2_data__python.dir/rosidl_generator_py/ros2_data/action/_move_r_s.c.o[0m
[27.427s] [ 92%] [32mBuilding C object CMakeFiles/ros2_data__python.dir/rosidl_generator_py/ros2_data/action/_move_xyz_s.c.o[0m
[27.442s] [ 93%] [32mBuilding C object CMakeFiles/ros2_data__python.dir/rosidl_generator_py/ros2_data/action/_move_ypr_s.c.o[0m
[27.468s] [ 93%] [32mBuilding C object CMakeFiles/ros2_data__python.dir/rosidl_generator_py/ros2_data/action/_move_rot_s.c.o[0m
[27.490s] [ 94%] [32mBuilding C object CMakeFiles/ros2_data__python.dir/rosidl_generator_py/ros2_data/action/_move_rp_s.c.o[0m
[27.654s] [ 95%] [32m[1mLinking C shared library rosidl_generator_py/ros2_data/libros2_data__python.so[0m
[27.705s] [ 95%] Built target ros2_data__python
[27.716s] [35m[1mScanning dependencies of target ros2_data__rosidl_typesupport_introspection_c__pyext[0m
[27.716s] [35m[1mScanning dependencies of target ros2_data__rosidl_typesupport_c__pyext[0m
[27.716s] [35m[1mScanning dependencies of target ros2_data__rosidl_typesupport_fastrtps_c__pyext[0m
[27.742s] [ 96%] [32mBuilding C object CMakeFiles/ros2_data__rosidl_typesupport_introspection_c__pyext.dir/rosidl_generator_py/ros2_data/_ros2_data_s.ep.rosidl_typesupport_introspection_c.c.o[0m
[27.745s] [ 97%] [32mBuilding C object CMakeFiles/ros2_data__rosidl_typesupport_fastrtps_c__pyext.dir/rosidl_generator_py/ros2_data/_ros2_data_s.ep.rosidl_typesupport_fastrtps_c.c.o[0m
[27.748s] [ 97%] [32mBuilding C object CMakeFiles/ros2_data__rosidl_typesupport_c__pyext.dir/rosidl_generator_py/ros2_data/_ros2_data_s.ep.rosidl_typesupport_c.c.o[0m
[28.102s] [ 98%] [32m[1mLinking C shared library rosidl_generator_py/ros2_data/ros2_data_s__rosidl_typesupport_introspection_c.cpython-38-x86_64-linux-gnu.so[0m
[28.114s] [ 99%] [32m[1mLinking CXX shared library rosidl_generator_py/ros2_data/ros2_data_s__rosidl_typesupport_fastrtps_c.cpython-38-x86_64-linux-gnu.so[0m
[28.131s] [100%] [32m[1mLinking C shared library rosidl_generator_py/ros2_data/ros2_data_s__rosidl_typesupport_c.cpython-38-x86_64-linux-gnu.so[0m
[28.159s] [100%] Built target ros2_data__rosidl_typesupport_introspection_c__pyext
[28.184s] [100%] Built target ros2_data__rosidl_typesupport_c__pyext
[28.205s] [100%] Built target ros2_data__rosidl_typesupport_fastrtps_c__pyext
[28.218s] Invoked command in '/home/daniel/dev_ws/build/ros2_data' returned '0': CMAKE_PREFIX_PATH=${CMAKE_PREFIX_PATH}:/home/daniel/dev_ws/install/robot_description:/home/daniel/dev_ws/install/my_doosan_pkg:/home/daniel/dev_ws/install/mobile_manipulator:/home/daniel/dev_ws/install/doosan_description:/home/daniel/dev_ws/install/bulldog_description:/opt/ros/foxy /usr/bin/cmake --build /home/daniel/dev_ws/build/ros2_data -- -j8 -l8
[28.466s] Invoking command in '/home/daniel/dev_ws/build/ros2_data': CMAKE_PREFIX_PATH=${CMAKE_PREFIX_PATH}:/home/daniel/dev_ws/install/robot_description:/home/daniel/dev_ws/install/my_doosan_pkg:/home/daniel/dev_ws/install/mobile_manipulator:/home/daniel/dev_ws/install/doosan_description:/home/daniel/dev_ws/install/bulldog_description:/opt/ros/foxy /usr/bin/cmake --install /home/daniel/dev_ws/build/ros2_data
[28.475s] -- Install configuration: ""
[28.475s] -- Installing: /home/daniel/dev_ws/install/ros2_data/share/ament_index/resource_index/rosidl_interfaces/ros2_data
[28.476s] -- Installing: /home/daniel/dev_ws/install/ros2_data/include/ros2_data
[28.476s] -- Installing: /home/daniel/dev_ws/install/ros2_data/include/ros2_data/msg
[28.476s] -- Installing: /home/daniel/dev_ws/install/ros2_data/include/ros2_data/msg/rosidl_generator_c__visibility_control.h
[28.476s] -- Installing: /home/daniel/dev_ws/install/ros2_data/include/ros2_data/msg/joint_pose_s.h
[28.476s] -- Installing: /home/daniel/dev_ws/install/ros2_data/include/ros2_data/msg/joint_pose.h
[28.476s] -- Installing: /home/daniel/dev_ws/install/ros2_data/include/ros2_data/msg/detail
[28.477s] -- Installing: /home/daniel/dev_ws/install/ros2_data/include/ros2_data/msg/detail/joint_pose__type_support.h
[28.477s] -- Installing: /home/daniel/dev_ws/install/ros2_data/include/ros2_data/msg/detail/joint_pose__functions.h
[28.477s] -- Installing: /home/daniel/dev_ws/install/ros2_data/include/ros2_data/msg/detail/joint_pose_s__functions.h
[28.477s] -- Installing: /home/daniel/dev_ws/install/ros2_data/include/ros2_data/msg/detail/joint_pose__functions.c
[28.477s] -- Installing: /home/daniel/dev_ws/install/ros2_data/include/ros2_data/msg/detail/joint_pose__struct.h
[28.477s] -- Installing: /home/daniel/dev_ws/install/ros2_data/include/ros2_data/msg/detail/joint_pose_s__struct.h
[28.478s] -- Installing: /home/daniel/dev_ws/install/ros2_data/include/ros2_data/msg/detail/joint_pose_s__type_support.h
[28.478s] -- Installing: /home/daniel/dev_ws/install/ros2_data/include/ros2_data/msg/detail/joint_pose_s__functions.c
[28.478s] -- Installing: /home/daniel/dev_ws/install/ros2_data/include/ros2_data/action
[28.478s] -- Installing: /home/daniel/dev_ws/install/ros2_data/include/ros2_data/action/move_js.h
[28.478s] -- Installing: /home/daniel/dev_ws/install/ros2_data/include/ros2_data/action/move_xyz.h
[28.478s] -- Installing: /home/daniel/dev_ws/install/ros2_data/include/ros2_data/action/move_j.h
[28.478s] -- Installing: /home/daniel/dev_ws/install/ros2_data/include/ros2_data/action/move_xyzw.h
[28.479s] -- Installing: /home/daniel/dev_ws/install/ros2_data/include/ros2_data/action/move_rot.h
[28.479s] -- Installing: /home/daniel/dev_ws/install/ros2_data/include/ros2_data/action/move_g.h
[28.479s] -- Installing: /home/daniel/dev_ws/install/ros2_data/include/ros2_data/action/move_rp.h
[28.479s] -- Installing: /home/daniel/dev_ws/install/ros2_data/include/ros2_data/action/move_r.h
[28.479s] -- Installing: /home/daniel/dev_ws/install/ros2_data/include/ros2_data/action/move_l.h
[28.479s] -- Installing: /home/daniel/dev_ws/install/ros2_data/include/ros2_data/action/detail
[28.480s] -- Installing: /home/daniel/dev_ws/install/ros2_data/include/ros2_data/action/detail/move_g__functions.h
[28.480s] -- Installing: /home/daniel/dev_ws/install/ros2_data/include/ros2_data/action/detail/move_rp__functions.c
[28.480s] -- Installing: /home/daniel/dev_ws/install/ros2_data/include/ros2_data/action/detail/move_r__functions.c
[28.480s] -- Installing: /home/daniel/dev_ws/install/ros2_data/include/ros2_data/action/detail/move_r__functions.h
[28.480s] -- Installing: /home/daniel/dev_ws/install/ros2_data/include/ros2_data/action/detail/move_ypr__functions.c
[28.480s] -- Installing: /home/daniel/dev_ws/install/ros2_data/include/ros2_data/action/detail/move_rp__type_support.h
[28.480s] -- Installing: /home/daniel/dev_ws/install/ros2_data/include/ros2_data/action/detail/move_rot__functions.c
[28.480s] -- Installing: /home/daniel/dev_ws/install/ros2_data/include/ros2_data/action/detail/move_rot__type_support.h
[28.481s] -- Installing: /home/daniel/dev_ws/install/ros2_data/include/ros2_data/action/detail/move_xyz__functions.c
[28.481s] -- Installing: /home/daniel/dev_ws/install/ros2_data/include/ros2_data/action/detail/move_rp__functions.h
[28.481s] -- Installing: /home/daniel/dev_ws/install/ros2_data/include/ros2_data/action/detail/move_xyz__struct.h
[28.481s] -- Installing: /home/daniel/dev_ws/install/ros2_data/include/ros2_data/action/detail/move_js__functions.c
[28.481s] -- Installing: /home/daniel/dev_ws/install/ros2_data/include/ros2_data/action/detail/move_j__type_support.h
[28.481s] -- Installing: /home/daniel/dev_ws/install/ros2_data/include/ros2_data/action/detail/move_j__functions.c
[28.482s] -- Installing: /home/daniel/dev_ws/install/ros2_data/include/ros2_data/action/detail/move_g__type_support.h
[28.482s] -- Installing: /home/daniel/dev_ws/install/ros2_data/include/ros2_data/action/detail/move_ypr__functions.h
[28.482s] -- Installing: /home/daniel/dev_ws/install/ros2_data/include/ros2_data/action/detail/move_js__functions.h
[28.482s] -- Installing: /home/daniel/dev_ws/install/ros2_data/include/ros2_data/action/detail/move_l__type_support.h
[28.482s] -- Installing: /home/daniel/dev_ws/install/ros2_data/include/ros2_data/action/detail/move_l__struct.h
[28.482s] -- Installing: /home/daniel/dev_ws/install/ros2_data/include/ros2_data/action/detail/move_xyzw__functions.h
[28.482s] -- Installing: /home/daniel/dev_ws/install/ros2_data/include/ros2_data/action/detail/move_xyz__functions.h
[28.483s] -- Installing: /home/daniel/dev_ws/install/ros2_data/include/ros2_data/action/detail/move_g__struct.h
[28.483s] -- Installing: /home/daniel/dev_ws/install/ros2_data/include/ros2_data/action/detail/move_l__functions.h
[28.483s] -- Installing: /home/daniel/dev_ws/install/ros2_data/include/ros2_data/action/detail/move_ypr__type_support.h
[28.483s] -- Installing: /home/daniel/dev_ws/install/ros2_data/include/ros2_data/action/detail/move_j__struct.h
[28.483s] -- Installing: /home/daniel/dev_ws/install/ros2_data/include/ros2_data/action/detail/move_xyzw__struct.h
[28.483s] -- Installing: /home/daniel/dev_ws/install/ros2_data/include/ros2_data/action/detail/move_xyzw__functions.c
[28.483s] -- Installing: /home/daniel/dev_ws/install/ros2_data/include/ros2_data/action/detail/move_rot__functions.h
[28.484s] -- Installing: /home/daniel/dev_ws/install/ros2_data/include/ros2_data/action/detail/move_r__type_support.h
[28.484s] -- Installing: /home/daniel/dev_ws/install/ros2_data/include/ros2_data/action/detail/move_r__struct.h
[28.484s] -- Installing: /home/daniel/dev_ws/install/ros2_data/include/ros2_data/action/detail/move_ypr__struct.h
[28.484s] -- Installing: /home/daniel/dev_ws/install/ros2_data/include/ros2_data/action/detail/move_g__functions.c
[28.484s] -- Installing: /home/daniel/dev_ws/install/ros2_data/include/ros2_data/action/detail/move_rot__struct.h
[28.484s] -- Installing: /home/daniel/dev_ws/install/ros2_data/include/ros2_data/action/detail/move_xyzw__type_support.h
[28.484s] -- Installing: /home/daniel/dev_ws/install/ros2_data/include/ros2_data/action/detail/move_xyz__type_support.h
[28.484s] -- Installing: /home/daniel/dev_ws/install/ros2_data/include/ros2_data/action/detail/move_rp__struct.h
[28.485s] -- Installing: /home/daniel/dev_ws/install/ros2_data/include/ros2_data/action/detail/move_j__functions.h
[28.485s] -- Installing: /home/daniel/dev_ws/install/ros2_data/include/ros2_data/action/detail/move_l__functions.c
[28.485s] -- Installing: /home/daniel/dev_ws/install/ros2_data/include/ros2_data/action/detail/move_js__type_support.h
[28.485s] -- Installing: /home/daniel/dev_ws/install/ros2_data/include/ros2_data/action/detail/move_js__struct.h
[28.485s] -- Installing: /home/daniel/dev_ws/install/ros2_data/include/ros2_data/action/move_ypr.h
[28.485s] -- Installing: /home/daniel/dev_ws/install/ros2_data/share/ros2_data/environment/library_path.sh
[28.485s] -- Installing: /home/daniel/dev_ws/install/ros2_data/share/ros2_data/environment/library_path.dsv
[28.486s] -- Installing: /home/daniel/dev_ws/install/ros2_data/lib/libros2_data__rosidl_generator_c.so
[28.486s] -- Set runtime path of "/home/daniel/dev_ws/install/ros2_data/lib/libros2_data__rosidl_generator_c.so" to ""
[28.486s] -- Up-to-date: /home/daniel/dev_ws/install/ros2_data/include/ros2_data
[28.486s] -- Up-to-date: /home/daniel/dev_ws/install/ros2_data/include/ros2_data/msg
[28.486s] -- Installing: /home/daniel/dev_ws/install/ros2_data/include/ros2_data/msg/rosidl_typesupport_fastrtps_c__visibility_control.h
[28.486s] -- Up-to-date: /home/daniel/dev_ws/install/ros2_data/include/ros2_data/msg/detail
[28.487s] -- Installing: /home/daniel/dev_ws/install/ros2_data/include/ros2_data/msg/detail/joint_pose__rosidl_typesupport_fastrtps_c.h
[28.487s] -- Installing: /home/daniel/dev_ws/install/ros2_data/include/ros2_data/msg/detail/joint_pose_s__rosidl_typesupport_fastrtps_c.h
[28.487s] -- Up-to-date: /home/daniel/dev_ws/install/ros2_data/include/ros2_data/action
[28.487s] -- Up-to-date: /home/daniel/dev_ws/install/ros2_data/include/ros2_data/action/detail
[28.487s] -- Installing: /home/daniel/dev_ws/install/ros2_data/include/ros2_data/action/detail/move_xyz__rosidl_typesupport_fastrtps_c.h
[28.487s] -- Installing: /home/daniel/dev_ws/install/ros2_data/include/ros2_data/action/detail/move_ypr__rosidl_typesupport_fastrtps_c.h
[28.487s] -- Installing: /home/daniel/dev_ws/install/ros2_data/include/ros2_data/action/detail/move_r__rosidl_typesupport_fastrtps_c.h
[28.487s] -- Installing: /home/daniel/dev_ws/install/ros2_data/include/ros2_data/action/detail/move_j__rosidl_typesupport_fastrtps_c.h
[28.488s] -- Installing: /home/daniel/dev_ws/install/ros2_data/include/ros2_data/action/detail/move_g__rosidl_typesupport_fastrtps_c.h
[28.488s] -- Installing: /home/daniel/dev_ws/install/ros2_data/include/ros2_data/action/detail/move_xyzw__rosidl_typesupport_fastrtps_c.h
[28.488s] -- Installing: /home/daniel/dev_ws/install/ros2_data/include/ros2_data/action/detail/move_js__rosidl_typesupport_fastrtps_c.h
[28.488s] -- Installing: /home/daniel/dev_ws/install/ros2_data/include/ros2_data/action/detail/move_l__rosidl_typesupport_fastrtps_c.h
[28.488s] -- Installing: /home/daniel/dev_ws/install/ros2_data/include/ros2_data/action/detail/move_rot__rosidl_typesupport_fastrtps_c.h
[28.488s] -- Installing: /home/daniel/dev_ws/install/ros2_data/include/ros2_data/action/detail/move_rp__rosidl_typesupport_fastrtps_c.h
[28.488s] -- Installing: /home/daniel/dev_ws/install/ros2_data/lib/libros2_data__rosidl_typesupport_fastrtps_c.so
[28.489s] -- Set runtime path of "/home/daniel/dev_ws/install/ros2_data/lib/libros2_data__rosidl_typesupport_fastrtps_c.so" to ""
[28.489s] -- Up-to-date: /home/daniel/dev_ws/install/ros2_data/include/ros2_data
[28.489s] -- Up-to-date: /home/daniel/dev_ws/install/ros2_data/include/ros2_data/msg
[28.489s] -- Installing: /home/daniel/dev_ws/install/ros2_data/include/ros2_data/msg/rosidl_typesupport_fastrtps_cpp__visibility_control.h
[28.489s] -- Up-to-date: /home/daniel/dev_ws/install/ros2_data/include/ros2_data/msg/detail
[28.489s] -- Installing: /home/daniel/dev_ws/install/ros2_data/include/ros2_data/msg/detail/joint_pose_s__rosidl_typesupport_fastrtps_cpp.hpp
[28.490s] -- Installing: /home/daniel/dev_ws/install/ros2_data/include/ros2_data/msg/detail/dds_fastrtps
[28.490s] -- Installing: /home/daniel/dev_ws/install/ros2_data/include/ros2_data/msg/detail/joint_pose__rosidl_typesupport_fastrtps_cpp.hpp
[28.490s] -- Up-to-date: /home/daniel/dev_ws/install/ros2_data/include/ros2_data/action
[28.490s] -- Up-to-date: /home/daniel/dev_ws/install/ros2_data/include/ros2_data/action/detail
[28.490s] -- Installing: /home/daniel/dev_ws/install/ros2_data/include/ros2_data/action/detail/move_rot__rosidl_typesupport_fastrtps_cpp.hpp
[28.490s] -- Installing: /home/daniel/dev_ws/install/ros2_data/include/ros2_data/action/detail/move_rp__rosidl_typesupport_fastrtps_cpp.hpp
[28.490s] -- Installing: /home/daniel/dev_ws/install/ros2_data/include/ros2_data/action/detail/move_j__rosidl_typesupport_fastrtps_cpp.hpp
[28.490s] -- Installing: /home/daniel/dev_ws/install/ros2_data/include/ros2_data/action/detail/move_ypr__rosidl_typesupport_fastrtps_cpp.hpp
[28.491s] -- Installing: /home/daniel/dev_ws/install/ros2_data/include/ros2_data/action/detail/move_g__rosidl_typesupport_fastrtps_cpp.hpp
[28.491s] -- Installing: /home/daniel/dev_ws/install/ros2_data/include/ros2_data/action/detail/move_js__rosidl_typesupport_fastrtps_cpp.hpp
[28.491s] -- Installing: /home/daniel/dev_ws/install/ros2_data/include/ros2_data/action/detail/move_xyzw__rosidl_typesupport_fastrtps_cpp.hpp
[28.491s] -- Installing: /home/daniel/dev_ws/install/ros2_data/include/ros2_data/action/detail/move_l__rosidl_typesupport_fastrtps_cpp.hpp
[28.491s] -- Installing: /home/daniel/dev_ws/install/ros2_data/include/ros2_data/action/detail/move_xyz__rosidl_typesupport_fastrtps_cpp.hpp
[28.491s] -- Installing: /home/daniel/dev_ws/install/ros2_data/include/ros2_data/action/detail/dds_fastrtps
[28.491s] -- Installing: /home/daniel/dev_ws/install/ros2_data/include/ros2_data/action/detail/move_r__rosidl_typesupport_fastrtps_cpp.hpp
[28.491s] -- Installing: /home/daniel/dev_ws/install/ros2_data/lib/libros2_data__rosidl_typesupport_fastrtps_cpp.so
[28.492s] -- Set runtime path of "/home/daniel/dev_ws/install/ros2_data/lib/libros2_data__rosidl_typesupport_fastrtps_cpp.so" to ""
[28.492s] -- Up-to-date: /home/daniel/dev_ws/install/ros2_data/include/ros2_data
[28.492s] -- Up-to-date: /home/daniel/dev_ws/install/ros2_data/include/ros2_data/msg
[28.492s] -- Installing: /home/daniel/dev_ws/install/ros2_data/include/ros2_data/msg/rosidl_typesupport_introspection_c__visibility_control.h
[28.492s] -- Up-to-date: /home/daniel/dev_ws/install/ros2_data/include/ros2_data/msg/detail
[28.492s] -- Installing: /home/daniel/dev_ws/install/ros2_data/include/ros2_data/msg/detail/joint_pose__rosidl_typesupport_introspection_c.h
[28.493s] -- Installing: /home/daniel/dev_ws/install/ros2_data/include/ros2_data/msg/detail/joint_pose__type_support.c
[28.493s] -- Installing: /home/daniel/dev_ws/install/ros2_data/include/ros2_data/msg/detail/joint_pose_s__type_support.c
[28.493s] -- Installing: /home/daniel/dev_ws/install/ros2_data/include/ros2_data/msg/detail/joint_pose_s__rosidl_typesupport_introspection_c.h
[28.493s] -- Up-to-date: /home/daniel/dev_ws/install/ros2_data/include/ros2_data/action
[28.493s] -- Up-to-date: /home/daniel/dev_ws/install/ros2_data/include/ros2_data/action/detail
[28.493s] -- Installing: /home/daniel/dev_ws/install/ros2_data/include/ros2_data/action/detail/move_js__type_support.c
[28.493s] -- Installing: /home/daniel/dev_ws/install/ros2_data/include/ros2_data/action/detail/move_j__type_support.c
[28.494s] -- Installing: /home/daniel/dev_ws/install/ros2_data/include/ros2_data/action/detail/move_g__type_support.c
[28.494s] -- Installing: /home/daniel/dev_ws/install/ros2_data/include/ros2_data/action/detail/move_l__rosidl_typesupport_introspection_c.h
[28.494s] -- Installing: /home/daniel/dev_ws/install/ros2_data/include/ros2_data/action/detail/move_xyz__type_support.c
[28.494s] -- Installing: /home/daniel/dev_ws/install/ros2_data/include/ros2_data/action/detail/move_j__rosidl_typesupport_introspection_c.h
[28.494s] -- Installing: /home/daniel/dev_ws/install/ros2_data/include/ros2_data/action/detail/move_rot__rosidl_typesupport_introspection_c.h
[28.494s] -- Installing: /home/daniel/dev_ws/install/ros2_data/include/ros2_data/action/detail/move_xyzw__rosidl_typesupport_introspection_c.h
[28.494s] -- Installing: /home/daniel/dev_ws/install/ros2_data/include/ros2_data/action/detail/move_js__rosidl_typesupport_introspection_c.h
[28.495s] -- Installing: /home/daniel/dev_ws/install/ros2_data/include/ros2_data/action/detail/move_xyz__rosidl_typesupport_introspection_c.h
[28.495s] -- Installing: /home/daniel/dev_ws/install/ros2_data/include/ros2_data/action/detail/move_l__type_support.c
[28.495s] -- Installing: /home/daniel/dev_ws/install/ros2_data/include/ros2_data/action/detail/move_r__type_support.c
[28.495s] -- Installing: /home/daniel/dev_ws/install/ros2_data/include/ros2_data/action/detail/move_g__rosidl_typesupport_introspection_c.h
[28.495s] -- Installing: /home/daniel/dev_ws/install/ros2_data/include/ros2_data/action/detail/move_xyzw__type_support.c
[28.495s] -- Installing: /home/daniel/dev_ws/install/ros2_data/include/ros2_data/action/detail/move_r__rosidl_typesupport_introspection_c.h
[28.495s] -- Installing: /home/daniel/dev_ws/install/ros2_data/include/ros2_data/action/detail/move_rp__rosidl_typesupport_introspection_c.h
[28.495s] -- Installing: /home/daniel/dev_ws/install/ros2_data/include/ros2_data/action/detail/move_ypr__type_support.c
[28.495s] -- Installing: /home/daniel/dev_ws/install/ros2_data/include/ros2_data/action/detail/move_ypr__rosidl_typesupport_introspection_c.h
[28.496s] -- Installing: /home/daniel/dev_ws/install/ros2_data/include/ros2_data/action/detail/move_rp__type_support.c
[28.496s] -- Installing: /home/daniel/dev_ws/install/ros2_data/include/ros2_data/action/detail/move_rot__type_support.c
[28.496s] -- Installing: /home/daniel/dev_ws/install/ros2_data/lib/libros2_data__rosidl_typesupport_introspection_c.so
[28.496s] -- Set runtime path of "/home/daniel/dev_ws/install/ros2_data/lib/libros2_data__rosidl_typesupport_introspection_c.so" to ""
[28.496s] -- Installing: /home/daniel/dev_ws/install/ros2_data/lib/libros2_data__rosidl_typesupport_c.so
[28.496s] -- Set runtime path of "/home/daniel/dev_ws/install/ros2_data/lib/libros2_data__rosidl_typesupport_c.so" to ""
[28.496s] -- Up-to-date: /home/daniel/dev_ws/install/ros2_data/include/ros2_data
[28.497s] -- Up-to-date: /home/daniel/dev_ws/install/ros2_data/include/ros2_data/msg
[28.497s] -- Installing: /home/daniel/dev_ws/install/ros2_data/include/ros2_data/msg/joint_pose.hpp
[28.497s] -- Installing: /home/daniel/dev_ws/install/ros2_data/include/ros2_data/msg/joint_pose_s.hpp
[28.497s] -- Up-to-date: /home/daniel/dev_ws/install/ros2_data/include/ros2_data/msg/detail
[28.497s] -- Installing: /home/daniel/dev_ws/install/ros2_data/include/ros2_data/msg/detail/joint_pose_s__struct.hpp
[28.497s] -- Installing: /home/daniel/dev_ws/install/ros2_data/include/ros2_data/msg/detail/joint_pose__builder.hpp
[28.497s] -- Installing: /home/daniel/dev_ws/install/ros2_data/include/ros2_data/msg/detail/joint_pose__traits.hpp
[28.498s] -- Installing: /home/daniel/dev_ws/install/ros2_data/include/ros2_data/msg/detail/joint_pose__struct.hpp
[28.498s] -- Installing: /home/daniel/dev_ws/install/ros2_data/include/ros2_data/msg/detail/joint_pose_s__builder.hpp
[28.498s] -- Installing: /home/daniel/dev_ws/install/ros2_data/include/ros2_data/msg/detail/joint_pose__type_support.hpp
[28.498s] -- Installing: /home/daniel/dev_ws/install/ros2_data/include/ros2_data/msg/detail/joint_pose_s__traits.hpp
[28.498s] -- Installing: /home/daniel/dev_ws/install/ros2_data/include/ros2_data/msg/detail/joint_pose_s__type_support.hpp
[28.498s] -- Installing: /home/daniel/dev_ws/install/ros2_data/include/ros2_data/msg/rosidl_generator_cpp__visibility_control.hpp
[28.498s] -- Up-to-date: /home/daniel/dev_ws/install/ros2_data/include/ros2_data/action
[28.499s] -- Installing: /home/daniel/dev_ws/install/ros2_data/include/ros2_data/action/move_g.hpp
[28.499s] -- Installing: /home/daniel/dev_ws/install/ros2_data/include/ros2_data/action/move_r.hpp
[28.499s] -- Installing: /home/daniel/dev_ws/install/ros2_data/include/ros2_data/action/move_l.hpp
[28.499s] -- Installing: /home/daniel/dev_ws/install/ros2_data/include/ros2_data/action/move_js.hpp
[28.499s] -- Installing: /home/daniel/dev_ws/install/ros2_data/include/ros2_data/action/move_ypr.hpp
[28.499s] -- Installing: /home/daniel/dev_ws/install/ros2_data/include/ros2_data/action/move_xyzw.hpp
[28.499s] -- Installing: /home/daniel/dev_ws/install/ros2_data/include/ros2_data/action/move_rot.hpp
[28.499s] -- Installing: /home/daniel/dev_ws/install/ros2_data/include/ros2_data/action/move_j.hpp
[28.500s] -- Installing: /home/daniel/dev_ws/install/ros2_data/include/ros2_data/action/move_xyz.hpp
[28.500s] -- Up-to-date: /home/daniel/dev_ws/install/ros2_data/include/ros2_data/action/detail
[28.500s] -- Installing: /home/daniel/dev_ws/install/ros2_data/include/ros2_data/action/detail/move_ypr__struct.hpp
[28.500s] -- Installing: /home/daniel/dev_ws/install/ros2_data/include/ros2_data/action/detail/move_r__traits.hpp
[28.500s] -- Installing: /home/daniel/dev_ws/install/ros2_data/include/ros2_data/action/detail/move_l__traits.hpp
[28.500s] -- Installing: /home/daniel/dev_ws/install/ros2_data/include/ros2_data/action/detail/move_ypr__type_support.hpp
[28.500s] -- Installing: /home/daniel/dev_ws/install/ros2_data/include/ros2_data/action/detail/move_js__struct.hpp
[28.501s] -- Installing: /home/daniel/dev_ws/install/ros2_data/include/ros2_data/action/detail/move_l__type_support.hpp
[28.501s] -- Installing: /home/daniel/dev_ws/install/ros2_data/include/ros2_data/action/detail/move_xyzw__builder.hpp
[28.501s] -- Installing: /home/daniel/dev_ws/install/ros2_data/include/ros2_data/action/detail/move_r__builder.hpp
[28.501s] -- Installing: /home/daniel/dev_ws/install/ros2_data/include/ros2_data/action/detail/move_js__traits.hpp
[28.501s] -- Installing: /home/daniel/dev_ws/install/ros2_data/include/ros2_data/action/detail/move_j__traits.hpp
[28.501s] -- Installing: /home/daniel/dev_ws/install/ros2_data/include/ros2_data/action/detail/move_g__struct.hpp
[28.501s] -- Installing: /home/daniel/dev_ws/install/ros2_data/include/ros2_data/action/detail/move_l__builder.hpp
[28.501s] -- Installing: /home/daniel/dev_ws/install/ros2_data/include/ros2_data/action/detail/move_rot__type_support.hpp
[28.502s] -- Installing: /home/daniel/dev_ws/install/ros2_data/include/ros2_data/action/detail/move_rp__type_support.hpp
[28.502s] -- Installing: /home/daniel/dev_ws/install/ros2_data/include/ros2_data/action/detail/move_rot__traits.hpp
[28.502s] -- Installing: /home/daniel/dev_ws/install/ros2_data/include/ros2_data/action/detail/move_xyzw__type_support.hpp
[28.502s] -- Installing: /home/daniel/dev_ws/install/ros2_data/include/ros2_data/action/detail/move_l__struct.hpp
[28.502s] -- Installing: /home/daniel/dev_ws/install/ros2_data/include/ros2_data/action/detail/move_xyzw__struct.hpp
[28.502s] -- Installing: /home/daniel/dev_ws/install/ros2_data/include/ros2_data/action/detail/move_xyz__builder.hpp
[28.502s] -- Installing: /home/daniel/dev_ws/install/ros2_data/include/ros2_data/action/detail/move_xyz__struct.hpp
[28.502s] -- Installing: /home/daniel/dev_ws/install/ros2_data/include/ros2_data/action/detail/move_rp__builder.hpp
[28.503s] -- Installing: /home/daniel/dev_ws/install/ros2_data/include/ros2_data/action/detail/move_j__builder.hpp
[28.503s] -- Installing: /home/daniel/dev_ws/install/ros2_data/include/ros2_data/action/detail/move_rot__builder.hpp
[28.503s] -- Installing: /home/daniel/dev_ws/install/ros2_data/include/ros2_data/action/detail/move_js__builder.hpp
[28.503s] -- Installing: /home/daniel/dev_ws/install/ros2_data/include/ros2_data/action/detail/move_r__type_support.hpp
[28.503s] -- Installing: /home/daniel/dev_ws/install/ros2_data/include/ros2_data/action/detail/move_xyzw__traits.hpp
[28.503s] -- Installing: /home/daniel/dev_ws/install/ros2_data/include/ros2_data/action/detail/move_rp__struct.hpp
[28.503s] -- Installing: /home/daniel/dev_ws/install/ros2_data/include/ros2_data/action/detail/move_js__type_support.hpp
[28.504s] -- Installing: /home/daniel/dev_ws/install/ros2_data/include/ros2_data/action/detail/move_rp__traits.hpp
[28.504s] -- Installing: /home/daniel/dev_ws/install/ros2_data/include/ros2_data/action/detail/move_g__builder.hpp
[28.504s] -- Installing: /home/daniel/dev_ws/install/ros2_data/include/ros2_data/action/detail/move_xyz__traits.hpp
[28.504s] -- Installing: /home/daniel/dev_ws/install/ros2_data/include/ros2_data/action/detail/move_j__struct.hpp
[28.504s] -- Installing: /home/daniel/dev_ws/install/ros2_data/include/ros2_data/action/detail/move_j__type_support.hpp
[28.504s] -- Installing: /home/daniel/dev_ws/install/ros2_data/include/ros2_data/action/detail/move_r__struct.hpp
[28.505s] -- Installing: /home/daniel/dev_ws/install/ros2_data/include/ros2_data/action/detail/move_rot__struct.hpp
[28.505s] -- Installing: /home/daniel/dev_ws/install/ros2_data/include/ros2_data/action/detail/move_g__type_support.hpp
[28.505s] -- Installing: /home/daniel/dev_ws/install/ros2_data/include/ros2_data/action/detail/move_ypr__traits.hpp
[28.505s] -- Installing: /home/daniel/dev_ws/install/ros2_data/include/ros2_data/action/detail/move_g__traits.hpp
[28.505s] -- Installing: /home/daniel/dev_ws/install/ros2_data/include/ros2_data/action/detail/move_ypr__builder.hpp
[28.505s] -- Installing: /home/daniel/dev_ws/install/ros2_data/include/ros2_data/action/detail/move_xyz__type_support.hpp
[28.505s] -- Installing: /home/daniel/dev_ws/install/ros2_data/include/ros2_data/action/move_rp.hpp
[28.506s] -- Up-to-date: /home/daniel/dev_ws/install/ros2_data/include/ros2_data
[28.506s] -- Up-to-date: /home/daniel/dev_ws/install/ros2_data/include/ros2_data/msg
[28.506s] -- Up-to-date: /home/daniel/dev_ws/install/ros2_data/include/ros2_data/msg/detail
[28.506s] -- Installing: /home/daniel/dev_ws/install/ros2_data/include/ros2_data/msg/detail/joint_pose__type_support.cpp
[28.506s] -- Installing: /home/daniel/dev_ws/install/ros2_data/include/ros2_data/msg/detail/joint_pose_s__type_support.cpp
[28.506s] -- Installing: /home/daniel/dev_ws/install/ros2_data/include/ros2_data/msg/detail/joint_pose_s__rosidl_typesupport_introspection_cpp.hpp
[28.506s] -- Installing: /home/daniel/dev_ws/install/ros2_data/include/ros2_data/msg/detail/joint_pose__rosidl_typesupport_introspection_cpp.hpp
[28.506s] -- Up-to-date: /home/daniel/dev_ws/install/ros2_data/include/ros2_data/action
[28.506s] -- Up-to-date: /home/daniel/dev_ws/install/ros2_data/include/ros2_data/action/detail
[28.506s] -- Installing: /home/daniel/dev_ws/install/ros2_data/include/ros2_data/action/detail/move_ypr__type_support.cpp
[28.507s] -- Installing: /home/daniel/dev_ws/install/ros2_data/include/ros2_data/action/detail/move_l__rosidl_typesupport_introspection_cpp.hpp
[28.507s] -- Installing: /home/daniel/dev_ws/install/ros2_data/include/ros2_data/action/detail/move_j__rosidl_typesupport_introspection_cpp.hpp
[28.507s] -- Installing: /home/daniel/dev_ws/install/ros2_data/include/ros2_data/action/detail/move_rot__type_support.cpp
[28.507s] -- Installing: /home/daniel/dev_ws/install/ros2_data/include/ros2_data/action/detail/move_g__rosidl_typesupport_introspection_cpp.hpp
[28.507s] -- Installing: /home/daniel/dev_ws/install/ros2_data/include/ros2_data/action/detail/move_rp__rosidl_typesupport_introspection_cpp.hpp
[28.507s] -- Installing: /home/daniel/dev_ws/install/ros2_data/include/ros2_data/action/detail/move_js__rosidl_typesupport_introspection_cpp.hpp
[28.507s] -- Installing: /home/daniel/dev_ws/install/ros2_data/include/ros2_data/action/detail/move_rot__rosidl_typesupport_introspection_cpp.hpp
[28.507s] -- Installing: /home/daniel/dev_ws/install/ros2_data/include/ros2_data/action/detail/move_r__rosidl_typesupport_introspection_cpp.hpp
[28.507s] -- Installing: /home/daniel/dev_ws/install/ros2_data/include/ros2_data/action/detail/move_js__type_support.cpp
[28.507s] -- Installing: /home/daniel/dev_ws/install/ros2_data/include/ros2_data/action/detail/move_xyzw__type_support.cpp
[28.507s] -- Installing: /home/daniel/dev_ws/install/ros2_data/include/ros2_data/action/detail/move_xyzw__rosidl_typesupport_introspection_cpp.hpp
[28.507s] -- Installing: /home/daniel/dev_ws/install/ros2_data/include/ros2_data/action/detail/move_l__type_support.cpp
[28.507s] -- Installing: /home/daniel/dev_ws/install/ros2_data/include/ros2_data/action/detail/move_r__type_support.cpp
[28.508s] -- Installing: /home/daniel/dev_ws/install/ros2_data/include/ros2_data/action/detail/move_g__type_support.cpp
[28.508s] -- Installing: /home/daniel/dev_ws/install/ros2_data/include/ros2_data/action/detail/move_xyz__type_support.cpp
[28.508s] -- Installing: /home/daniel/dev_ws/install/ros2_data/include/ros2_data/action/detail/move_rp__type_support.cpp
[28.508s] -- Installing: /home/daniel/dev_ws/install/ros2_data/include/ros2_data/action/detail/move_ypr__rosidl_typesupport_introspection_cpp.hpp
[28.508s] -- Installing: /home/daniel/dev_ws/install/ros2_data/include/ros2_data/action/detail/move_j__type_support.cpp
[28.508s] -- Installing: /home/daniel/dev_ws/install/ros2_data/include/ros2_data/action/detail/move_xyz__rosidl_typesupport_introspection_cpp.hpp
[28.508s] -- Installing: /home/daniel/dev_ws/install/ros2_data/lib/libros2_data__rosidl_typesupport_introspection_cpp.so
[28.508s] -- Set runtime path of "/home/daniel/dev_ws/install/ros2_data/lib/libros2_data__rosidl_typesupport_introspection_cpp.so" to ""
[28.508s] -- Installing: /home/daniel/dev_ws/install/ros2_data/lib/libros2_data__rosidl_typesupport_cpp.so
[28.509s] -- Set runtime path of "/home/daniel/dev_ws/install/ros2_data/lib/libros2_data__rosidl_typesupport_cpp.so" to ""
[28.509s] -- Installing: /home/daniel/dev_ws/install/ros2_data/share/ros2_data/environment/pythonpath.sh
[28.509s] -- Installing: /home/daniel/dev_ws/install/ros2_data/share/ros2_data/environment/pythonpath.dsv
[28.509s] -- Installing: /home/daniel/dev_ws/install/ros2_data/lib/python3.8/site-packages/ros2_data/__init__.py
[28.557s] Compiling '/home/daniel/dev_ws/install/ros2_data/lib/python3.8/site-packages/ros2_data/__init__.py'...
[28.561s] -- Installing: /home/daniel/dev_ws/install/ros2_data/lib/python3.8/site-packages/ros2_data/msg
[28.562s] -- Installing: /home/daniel/dev_ws/install/ros2_data/lib/python3.8/site-packages/ros2_data/msg/__init__.py
[28.562s] -- Installing: /home/daniel/dev_ws/install/ros2_data/lib/python3.8/site-packages/ros2_data/msg/_joint_pose_s.c
[28.562s] -- Installing: /home/daniel/dev_ws/install/ros2_data/lib/python3.8/site-packages/ros2_data/msg/_joint_pose.py
[28.562s] -- Installing: /home/daniel/dev_ws/install/ros2_data/lib/python3.8/site-packages/ros2_data/msg/_joint_pose_s_s.c
[28.562s] -- Installing: /home/daniel/dev_ws/install/ros2_data/lib/python3.8/site-packages/ros2_data/msg/_joint_pose_s.py
[28.562s] -- Installing: /home/daniel/dev_ws/install/ros2_data/lib/python3.8/site-packages/ros2_data/action
[28.562s] -- Installing: /home/daniel/dev_ws/install/ros2_data/lib/python3.8/site-packages/ros2_data/action/_move_ypr.py
[28.562s] -- Installing: /home/daniel/dev_ws/install/ros2_data/lib/python3.8/site-packages/ros2_data/action/_move_xyzw_s.c
[28.563s] -- Installing: /home/daniel/dev_ws/install/ros2_data/lib/python3.8/site-packages/ros2_data/action/_move_g_s.c
[28.563s] -- Installing: /home/daniel/dev_ws/install/ros2_data/lib/python3.8/site-packages/ros2_data/action/_move_rp.py
[28.563s] -- Installing: /home/daniel/dev_ws/install/ros2_data/lib/python3.8/site-packages/ros2_data/action/_move_js.py
[28.563s] -- Installing: /home/daniel/dev_ws/install/ros2_data/lib/python3.8/site-packages/ros2_data/action/_move_r_s.c
[28.563s] -- Installing: /home/daniel/dev_ws/install/ros2_data/lib/python3.8/site-packages/ros2_data/action/_move_xyz_s.c
[28.563s] -- Installing: /home/daniel/dev_ws/install/ros2_data/lib/python3.8/site-packages/ros2_data/action/_move_rot_s.c
[28.563s] -- Installing: /home/daniel/dev_ws/install/ros2_data/lib/python3.8/site-packages/ros2_data/action/_move_xyzw.py
[28.563s] -- Installing: /home/daniel/dev_ws/install/ros2_data/lib/python3.8/site-packages/ros2_data/action/__init__.py
[28.563s] -- Installing: /home/daniel/dev_ws/install/ros2_data/lib/python3.8/site-packages/ros2_data/action/_move_js_s.c
[28.564s] -- Installing: /home/daniel/dev_ws/install/ros2_data/lib/python3.8/site-packages/ros2_data/action/_move_rot.py
[28.564s] -- Installing: /home/daniel/dev_ws/install/ros2_data/lib/python3.8/site-packages/ros2_data/action/_move_r.py
[28.564s] -- Installing: /home/daniel/dev_ws/install/ros2_data/lib/python3.8/site-packages/ros2_data/action/_move_g.py
[28.564s] -- Installing: /home/daniel/dev_ws/install/ros2_data/lib/python3.8/site-packages/ros2_data/action/_move_rp_s.c
[28.564s] -- Installing: /home/daniel/dev_ws/install/ros2_data/lib/python3.8/site-packages/ros2_data/action/_move_j.py
[28.564s] -- Installing: /home/daniel/dev_ws/install/ros2_data/lib/python3.8/site-packages/ros2_data/action/_move_j_s.c
[28.564s] -- Installing: /home/daniel/dev_ws/install/ros2_data/lib/python3.8/site-packages/ros2_data/action/_move_l_s.c
[28.564s] -- Installing: /home/daniel/dev_ws/install/ros2_data/lib/python3.8/site-packages/ros2_data/action/_move_l.py
[28.565s] -- Installing: /home/daniel/dev_ws/install/ros2_data/lib/python3.8/site-packages/ros2_data/action/_move_xyz.py
[28.565s] -- Installing: /home/daniel/dev_ws/install/ros2_data/lib/python3.8/site-packages/ros2_data/action/_move_ypr_s.c
[28.565s] -- Installing: /home/daniel/dev_ws/install/ros2_data/lib/python3.8/site-packages/ros2_data/ros2_data_s__rosidl_typesupport_fastrtps_c.cpython-38-x86_64-linux-gnu.so
[28.566s] -- Set runtime path of "/home/daniel/dev_ws/install/ros2_data/lib/python3.8/site-packages/ros2_data/ros2_data_s__rosidl_typesupport_fastrtps_c.cpython-38-x86_64-linux-gnu.so" to ""
[28.566s] -- Installing: /home/daniel/dev_ws/install/ros2_data/lib/python3.8/site-packages/ros2_data/ros2_data_s__rosidl_typesupport_introspection_c.cpython-38-x86_64-linux-gnu.so
[28.567s] -- Set runtime path of "/home/daniel/dev_ws/install/ros2_data/lib/python3.8/site-packages/ros2_data/ros2_data_s__rosidl_typesupport_introspection_c.cpython-38-x86_64-linux-gnu.so" to ""
[28.567s] -- Installing: /home/daniel/dev_ws/install/ros2_data/lib/python3.8/site-packages/ros2_data/ros2_data_s__rosidl_typesupport_c.cpython-38-x86_64-linux-gnu.so
[28.568s] -- Set runtime path of "/home/daniel/dev_ws/install/ros2_data/lib/python3.8/site-packages/ros2_data/ros2_data_s__rosidl_typesupport_c.cpython-38-x86_64-linux-gnu.so" to ""
[28.568s] -- Installing: /home/daniel/dev_ws/install/ros2_data/lib/libros2_data__python.so
[28.569s] -- Set runtime path of "/home/daniel/dev_ws/install/ros2_data/lib/libros2_data__python.so" to ""
[28.569s] -- Installing: /home/daniel/dev_ws/install/ros2_data/share/ros2_data/msg/JointPose.idl
[28.569s] -- Installing: /home/daniel/dev_ws/install/ros2_data/share/ros2_data/msg/JointPoseS.idl
[28.569s] -- Installing: /home/daniel/dev_ws/install/ros2_data/share/ros2_data/action/MoveJ.idl
[28.569s] -- Installing: /home/daniel/dev_ws/install/ros2_data/share/ros2_data/action/MoveJs.idl
[28.570s] -- Installing: /home/daniel/dev_ws/install/ros2_data/share/ros2_data/action/MoveG.idl
[28.570s] -- Installing: /home/daniel/dev_ws/install/ros2_data/share/ros2_data/action/MoveXYZW.idl
[28.570s] -- Installing: /home/daniel/dev_ws/install/ros2_data/share/ros2_data/action/MoveL.idl
[28.570s] -- Installing: /home/daniel/dev_ws/install/ros2_data/share/ros2_data/action/MoveR.idl
[28.570s] -- Installing: /home/daniel/dev_ws/install/ros2_data/share/ros2_data/action/MoveXYZ.idl
[28.570s] -- Installing: /home/daniel/dev_ws/install/ros2_data/share/ros2_data/action/MoveYPR.idl
[28.570s] -- Installing: /home/daniel/dev_ws/install/ros2_data/share/ros2_data/action/MoveROT.idl
[28.571s] -- Installing: /home/daniel/dev_ws/install/ros2_data/share/ros2_data/action/MoveRP.idl
[28.571s] -- Installing: /home/daniel/dev_ws/install/ros2_data/share/ros2_data/msg/JointPose.msg
[28.571s] -- Installing: /home/daniel/dev_ws/install/ros2_data/share/ros2_data/msg/JointPoseS.msg
[28.571s] -- Installing: /home/daniel/dev_ws/install/ros2_data/share/ros2_data/action/MoveJ.action
[28.571s] -- Installing: /home/daniel/dev_ws/install/ros2_data/share/ros2_data/action/MoveJs.action
[28.571s] -- Installing: /home/daniel/dev_ws/install/ros2_data/share/ros2_data/action/MoveG.action
[28.571s] -- Installing: /home/daniel/dev_ws/install/ros2_data/share/ros2_data/action/MoveXYZW.action
[28.571s] -- Installing: /home/daniel/dev_ws/install/ros2_data/share/ros2_data/action/MoveL.action
[28.572s] -- Installing: /home/daniel/dev_ws/install/ros2_data/share/ros2_data/action/MoveR.action
[28.572s] -- Installing: /home/daniel/dev_ws/install/ros2_data/share/ros2_data/action/MoveXYZ.action
[28.572s] -- Installing: /home/daniel/dev_ws/install/ros2_data/share/ros2_data/action/MoveYPR.action
[28.572s] -- Installing: /home/daniel/dev_ws/install/ros2_data/share/ros2_data/action/MoveROT.action
[28.572s] -- Installing: /home/daniel/dev_ws/install/ros2_data/share/ros2_data/action/MoveRP.action
[28.572s] -- Installing: /home/daniel/dev_ws/install/ros2_data/share/ament_index/resource_index/package_run_dependencies/ros2_data
[28.572s] -- Installing: /home/daniel/dev_ws/install/ros2_data/share/ament_index/resource_index/parent_prefix_path/ros2_data
[28.573s] -- Installing: /home/daniel/dev_ws/install/ros2_data/share/ros2_data/environment/ament_prefix_path.sh
[28.573s] -- Installing: /home/daniel/dev_ws/install/ros2_data/share/ros2_data/environment/ament_prefix_path.dsv
[28.573s] -- Installing: /home/daniel/dev_ws/install/ros2_data/share/ros2_data/environment/path.sh
[28.573s] -- Installing: /home/daniel/dev_ws/install/ros2_data/share/ros2_data/environment/path.dsv
[28.573s] -- Installing: /home/daniel/dev_ws/install/ros2_data/share/ros2_data/local_setup.bash
[28.573s] -- Installing: /home/daniel/dev_ws/install/ros2_data/share/ros2_data/local_setup.sh
[28.573s] -- Installing: /home/daniel/dev_ws/install/ros2_data/share/ros2_data/local_setup.zsh
[28.574s] -- Installing: /home/daniel/dev_ws/install/ros2_data/share/ros2_data/local_setup.dsv
[28.574s] -- Installing: /home/daniel/dev_ws/install/ros2_data/share/ros2_data/package.dsv
[28.574s] -- Installing: /home/daniel/dev_ws/install/ros2_data/share/ament_index/resource_index/packages/ros2_data
[28.574s] -- Installing: /home/daniel/dev_ws/install/ros2_data/share/ros2_data/cmake/ros2_data__rosidl_generator_cExport.cmake
[28.574s] -- Installing: /home/daniel/dev_ws/install/ros2_data/share/ros2_data/cmake/ros2_data__rosidl_generator_cExport-noconfig.cmake
[28.574s] -- Installing: /home/daniel/dev_ws/install/ros2_data/share/ros2_data/cmake/ros2_data__rosidl_typesupport_introspection_cExport.cmake
[28.575s] -- Installing: /home/daniel/dev_ws/install/ros2_data/share/ros2_data/cmake/ros2_data__rosidl_typesupport_introspection_cExport-noconfig.cmake
[28.575s] -- Installing: /home/daniel/dev_ws/install/ros2_data/share/ros2_data/cmake/ros2_data__rosidl_typesupport_cExport.cmake
[28.575s] -- Installing: /home/daniel/dev_ws/install/ros2_data/share/ros2_data/cmake/ros2_data__rosidl_typesupport_cExport-noconfig.cmake
[28.575s] -- Installing: /home/daniel/dev_ws/install/ros2_data/share/ros2_data/cmake/ros2_data__rosidl_generator_cppExport.cmake
[28.575s] -- Installing: /home/daniel/dev_ws/install/ros2_data/share/ros2_data/cmake/ros2_data__rosidl_typesupport_introspection_cppExport.cmake
[28.575s] -- Installing: /home/daniel/dev_ws/install/ros2_data/share/ros2_data/cmake/ros2_data__rosidl_typesupport_introspection_cppExport-noconfig.cmake
[28.576s] -- Installing: /home/daniel/dev_ws/install/ros2_data/share/ros2_data/cmake/ros2_data__rosidl_typesupport_cppExport.cmake
[28.576s] -- Installing: /home/daniel/dev_ws/install/ros2_data/share/ros2_data/cmake/ros2_data__rosidl_typesupport_cppExport-noconfig.cmake
[28.576s] -- Installing: /home/daniel/dev_ws/install/ros2_data/share/ros2_data/cmake/rosidl_cmake-extras.cmake
[28.576s] -- Installing: /home/daniel/dev_ws/install/ros2_data/share/ros2_data/cmake/ament_cmake_export_dependencies-extras.cmake
[28.576s] -- Installing: /home/daniel/dev_ws/install/ros2_data/share/ros2_data/cmake/ament_cmake_export_libraries-extras.cmake
[28.576s] -- Installing: /home/daniel/dev_ws/install/ros2_data/share/ros2_data/cmake/ament_cmake_export_targets-extras.cmake
[28.577s] -- Installing: /home/daniel/dev_ws/install/ros2_data/share/ros2_data/cmake/ament_cmake_export_include_directories-extras.cmake
[28.577s] -- Installing: /home/daniel/dev_ws/install/ros2_data/share/ros2_data/cmake/rosidl_cmake_export_typesupport_libraries-extras.cmake
[28.577s] -- Installing: /home/daniel/dev_ws/install/ros2_data/share/ros2_data/cmake/rosidl_cmake_export_typesupport_targets-extras.cmake
[28.577s] -- Installing: /home/daniel/dev_ws/install/ros2_data/share/ros2_data/cmake/ros2_dataConfig.cmake
[28.577s] -- Installing: /home/daniel/dev_ws/install/ros2_data/share/ros2_data/cmake/ros2_dataConfig-version.cmake
[28.577s] -- Installing: /home/daniel/dev_ws/install/ros2_data/share/ros2_data/package.xml
[28.580s] Invoked command in '/home/daniel/dev_ws/build/ros2_data' returned '0': CMAKE_PREFIX_PATH=${CMAKE_PREFIX_PATH}:/home/daniel/dev_ws/install/robot_description:/home/daniel/dev_ws/install/my_doosan_pkg:/home/daniel/dev_ws/install/mobile_manipulator:/home/daniel/dev_ws/install/doosan_description:/home/daniel/dev_ws/install/bulldog_description:/opt/ros/foxy /usr/bin/cmake --install /home/daniel/dev_ws/build/ros2_data
